<?xml version="1.0" encoding="utf-8"?>
<TestRun id="8078f733-4485-4607-b5c8-6258ff1d7fd7" name="prasanth.tg@PIC4100 2025-09-27 13:15:13" runUser="PITSOLUTION\prasanth.tg" xmlns="http://microsoft.com/schemas/VisualStudio/TeamTest/2010">
  <Times creation="2025-09-27T13:15:13.1921182+05:30" queuing="2025-09-27T13:15:13.1921186+05:30" start="2025-09-27T13:15:08.3085141+05:30" finish="2025-09-27T13:15:54.3782212+05:30" />
  <TestSettings name="default" id="70f15f8f-5bb2-4a93-accc-468431c5c3c7">
    <Deployment runDeploymentRoot="prasanth.tg_PIC4100_2025-09-27_13_15_13" />
  </TestSettings>
  <Results>
    <UnitTestResult executionId="78e0e92e-c094-4b2f-8d7e-d9cb1d68b853" testId="a54395f3-905e-91ba-9cdb-aaccc9fd36c0" testName="TempleApi.Tests.AuthenticationTests.AuthService_RegisterAsync_ShouldCreateNewUser" computerName="PIC4100" duration="00:00:00.1808838" startTime="2025-09-27T13:15:17.5307461+05:30" endTime="2025-09-27T13:15:17.5307466+05:30" testType="13cdc9d9-ddb5-4fa4-a97d-d965ccfc6d4b" outcome="Passed" testListId="8c84fa94-04c1-424b-9868-57a2d4851a1d" relativeResultsDirectory="78e0e92e-c094-4b2f-8d7e-d9cb1d68b853" />
    <UnitTestResult executionId="c370dc51-e85c-4d04-8496-865b287d29d8" testId="0458ab75-f031-59dc-f4e1-8b7aa96e5c50" testName="TempleApi.Tests.SortingTests.GetAllEventTypesAsync_ReturnsEventTypesInDescendingOrder" computerName="PIC4100" duration="00:00:00.0552116" startTime="2025-09-27T13:15:16.9471672+05:30" endTime="2025-09-27T13:15:16.9471674+05:30" testType="13cdc9d9-ddb5-4fa4-a97d-d965ccfc6d4b" outcome="Passed" testListId="8c84fa94-04c1-424b-9868-57a2d4851a1d" relativeResultsDirectory="c370dc51-e85c-4d04-8496-865b287d29d8" />
    <UnitTestResult executionId="50f852fb-ac50-4706-b727-6d7249024a38" testId="47706686-622c-d66c-f351-f46f051ca0e5" testName="TempleApi.Tests.ProductServiceTests.GetAllProductsAsync_ShouldReturnAllActiveProducts" computerName="PIC4100" duration="00:00:00.0132049" startTime="2025-09-27T13:15:17.0620781+05:30" endTime="2025-09-27T13:15:17.0620782+05:30" testType="13cdc9d9-ddb5-4fa4-a97d-d965ccfc6d4b" outcome="Passed" testListId="8c84fa94-04c1-424b-9868-57a2d4851a1d" relativeResultsDirectory="50f852fb-ac50-4706-b727-6d7249024a38" />
    <UnitTestResult executionId="e5504b30-52f4-46da-9948-642ec4559312" testId="2fc9b8cf-307a-ae11-7258-fc052f000dd0" testName="TempleApi.Tests.ProductServiceTests.UpdateProductQuantityAsync_ShouldReturnFalse_WhenProductDoesNotExist" computerName="PIC4100" duration="00:00:00.0019987" startTime="2025-09-27T13:15:17.0678248+05:30" endTime="2025-09-27T13:15:17.0678254+05:30" testType="13cdc9d9-ddb5-4fa4-a97d-d965ccfc6d4b" outcome="Passed" testListId="8c84fa94-04c1-424b-9868-57a2d4851a1d" relativeResultsDirectory="e5504b30-52f4-46da-9948-642ec4559312" />
    <UnitTestResult executionId="7fa5002b-bb54-413a-bdda-5c4345b65efa" testId="e9243436-a77c-5f70-06d2-2ea09368e07c" testName="TempleApi.Tests.ExpenseServiceTests.GetExpenseByIdAsync_ShouldReturnExpense_WhenExists" computerName="PIC4100" duration="00:00:00.0043375" startTime="2025-09-27T13:15:13.0648228+05:30" endTime="2025-09-27T13:15:13.0648233+05:30" testType="13cdc9d9-ddb5-4fa4-a97d-d965ccfc6d4b" outcome="Passed" testListId="8c84fa94-04c1-424b-9868-57a2d4851a1d" relativeResultsDirectory="7fa5002b-bb54-413a-bdda-5c4345b65efa" />
    <UnitTestResult executionId="bd1ef5ec-df40-4458-972a-f31fb3646966" testId="f4c06a7b-6f31-9351-cfad-54d0a6ec0aa7" testName="TempleApi.Tests.UserManagementFeatureTests.CreateUser_ShouldHandleNull_NakshatraAndDOB" computerName="PIC4100" duration="00:00:00.0032727" startTime="2025-09-27T13:15:17.2471786+05:30" endTime="2025-09-27T13:15:17.2471788+05:30" testType="13cdc9d9-ddb5-4fa4-a97d-d965ccfc6d4b" outcome="Passed" testListId="8c84fa94-04c1-424b-9868-57a2d4851a1d" relativeResultsDirectory="bd1ef5ec-df40-4458-972a-f31fb3646966" />
    <UnitTestResult executionId="85cbd4bf-8678-4a7f-b475-ef896586c671" testId="77c72d7a-0209-9328-e487-74ad1654263f" testName="TempleApi.Tests.SaleServiceTests.UpdateSaleStatusAsync_ShouldReturnFalse_WhenSaleDoesNotExist" computerName="PIC4100" duration="00:00:00.0051978" startTime="2025-09-27T13:15:17.4072107+05:30" endTime="2025-09-27T13:15:17.4072110+05:30" testType="13cdc9d9-ddb5-4fa4-a97d-d965ccfc6d4b" outcome="Passed" testListId="8c84fa94-04c1-424b-9868-57a2d4851a1d" relativeResultsDirectory="85cbd4bf-8678-4a7f-b475-ef896586c671" />
    <UnitTestResult executionId="407e36f0-f384-45ec-9706-e3116f916cf2" testId="1d726efb-0c3d-f957-98b1-acaff535bf90" testName="TempleApi.Tests.SaleServiceTests.UpdateSaleAsync_ShouldUpdateSale_WhenSaleExists" computerName="PIC4100" duration="00:00:00.0073112" startTime="2025-09-27T13:15:17.6405228+05:30" endTime="2025-09-27T13:15:17.6405230+05:30" testType="13cdc9d9-ddb5-4fa4-a97d-d965ccfc6d4b" outcome="Passed" testListId="8c84fa94-04c1-424b-9868-57a2d4851a1d" relativeResultsDirectory="407e36f0-f384-45ec-9706-e3116f916cf2" />
    <UnitTestResult executionId="fc7c0400-2fb9-4df9-8041-04f73558138f" testId="c09e937d-82c5-bb22-0b37-d79848ec9599" testName="TempleApi.Tests.SaleServiceTests.CreateSaleAsync_ShouldCreateSale_WhenValidData" computerName="PIC4100" duration="00:00:00.0502573" startTime="2025-09-27T13:15:17.6330389+05:30" endTime="2025-09-27T13:15:17.6330390+05:30" testType="13cdc9d9-ddb5-4fa4-a97d-d965ccfc6d4b" outcome="Passed" testListId="8c84fa94-04c1-424b-9868-57a2d4851a1d" relativeResultsDirectory="fc7c0400-2fb9-4df9-8041-04f73558138f" />
    <UnitTestResult executionId="41cf4a54-28ac-45ff-abdc-2fafa56de804" testId="e6935054-f31e-01e4-a5e6-b6c9b26f8032" testName="TempleApi.Tests.AuthServiceVerificationTests.VerifyAsync_ShouldReturnFalse_WhenCodeInvalid" computerName="PIC4100" duration="00:00:03.4896579" startTime="2025-09-27T13:15:16.0392509+05:30" endTime="2025-09-27T13:15:16.0392513+05:30" testType="13cdc9d9-ddb5-4fa4-a97d-d965ccfc6d4b" outcome="Passed" testListId="8c84fa94-04c1-424b-9868-57a2d4851a1d" relativeResultsDirectory="41cf4a54-28ac-45ff-abdc-2fafa56de804" />
    <UnitTestResult executionId="8b1852c3-c90b-4cbb-895c-0f68389edf5a" testId="3984a37d-4858-e111-6dbe-58c3630ca63c" testName="TempleApi.Tests.SaleServiceTests.GetSalesByCustomerAsync_ShouldReturnCustomerSales" computerName="PIC4100" duration="00:00:00.0339446" startTime="2025-09-27T13:15:17.5173990+05:30" endTime="2025-09-27T13:15:17.5173995+05:30" testType="13cdc9d9-ddb5-4fa4-a97d-d965ccfc6d4b" outcome="Passed" testListId="8c84fa94-04c1-424b-9868-57a2d4851a1d" relativeResultsDirectory="8b1852c3-c90b-4cbb-895c-0f68389edf5a" />
    <UnitTestResult executionId="80fad5a4-1a87-4483-b343-d3f43e7fde31" testId="1f2d3a91-c279-a791-0bf9-4b95c4aa0b49" testName="TempleApi.Tests.SortingTests.GetAreasByTempleAsync_ReturnsAreasInDescendingOrder" computerName="PIC4100" duration="00:00:03.4159382" startTime="2025-09-27T13:15:16.4848262+05:30" endTime="2025-09-27T13:15:16.4848266+05:30" testType="13cdc9d9-ddb5-4fa4-a97d-d965ccfc6d4b" outcome="Passed" testListId="8c84fa94-04c1-424b-9868-57a2d4851a1d" relativeResultsDirectory="80fad5a4-1a87-4483-b343-d3f43e7fde31" />
    <UnitTestResult executionId="d095fe7c-3f26-40d7-804a-47b49e3e6aac" testId="35178701-d963-0669-66bd-7ce317876cc7" testName="TempleApi.Tests.AuthenticationTests.AuthService_GetUserRolesAndPermissions_ShouldReturnCorrectData" computerName="PIC4100" duration="00:00:00.3558663" startTime="2025-09-27T13:15:17.2070008+05:30" endTime="2025-09-27T13:15:17.2070014+05:30" testType="13cdc9d9-ddb5-4fa4-a97d-d965ccfc6d4b" outcome="Passed" testListId="8c84fa94-04c1-424b-9868-57a2d4851a1d" relativeResultsDirectory="d095fe7c-3f26-40d7-804a-47b49e3e6aac" />
    <UnitTestResult executionId="02374cd4-c68d-40c9-9633-0d3e5096ba85" testId="b50e2f02-31d9-2c6f-d4db-f265c3056800" testName="TempleApi.Tests.UserServiceTests.CreateUserAsync_ShouldCreateUser_WhenValidData" computerName="PIC4100" duration="00:00:00.0591952" startTime="2025-09-27T13:15:17.4633665+05:30" endTime="2025-09-27T13:15:17.4633668+05:30" testType="13cdc9d9-ddb5-4fa4-a97d-d965ccfc6d4b" outcome="Passed" testListId="8c84fa94-04c1-424b-9868-57a2d4851a1d" relativeResultsDirectory="02374cd4-c68d-40c9-9633-0d3e5096ba85" />
    <UnitTestResult executionId="98098926-2250-4ca6-9067-095dfd70a37e" testId="9144a1ad-c2cc-135c-af0e-923f7cc47503" testName="TempleApi.Tests.SaleServiceTests.SearchSalesAsync_ShouldReturnMatchingSales" computerName="PIC4100" duration="00:00:00.0179042" startTime="2025-09-27T13:15:17.6655336+05:30" endTime="2025-09-27T13:15:17.6655338+05:30" testType="13cdc9d9-ddb5-4fa4-a97d-d965ccfc6d4b" outcome="Passed" testListId="8c84fa94-04c1-424b-9868-57a2d4851a1d" relativeResultsDirectory="98098926-2250-4ca6-9067-095dfd70a37e" />
    <UnitTestResult executionId="bea19309-5bc3-48b9-9f2a-c81828a80e9d" testId="3d9c6260-16c9-3761-df38-8050b9e4e31f" testName="TempleApi.Tests.TempleServiceTests.CreateTempleAsync_ShouldCreateTemple_WhenValidData" computerName="PIC4100" duration="00:00:00.0076643" startTime="2025-09-27T13:15:16.9675711+05:30" endTime="2025-09-27T13:15:16.9675714+05:30" testType="13cdc9d9-ddb5-4fa4-a97d-d965ccfc6d4b" outcome="Passed" testListId="8c84fa94-04c1-424b-9868-57a2d4851a1d" relativeResultsDirectory="bea19309-5bc3-48b9-9f2a-c81828a80e9d" />
    <UnitTestResult executionId="199b4316-b225-4aa1-8b85-c1f3744e47c0" testId="22736036-7d7c-195a-d3f4-cd1371b4a768" testName="TempleApi.Tests.ProductServiceTests.DeleteProductAsync_ShouldDeactivateProduct_WhenProductExists" computerName="PIC4100" duration="00:00:00.0168574" startTime="2025-09-27T13:15:16.9667461+05:30" endTime="2025-09-27T13:15:16.9667464+05:30" testType="13cdc9d9-ddb5-4fa4-a97d-d965ccfc6d4b" outcome="Passed" testListId="8c84fa94-04c1-424b-9868-57a2d4851a1d" relativeResultsDirectory="199b4316-b225-4aa1-8b85-c1f3744e47c0" />
    <UnitTestResult executionId="0f41d925-bf43-44c6-94ea-5bdd76dc5554" testId="61479b2f-f36c-54ca-2bb6-66e0a75f1c76" testName="TempleApi.Tests.VoucherServiceTests.GetVouchersByEventAsync_ShouldReturnVouchers_ForEvent" computerName="PIC4100" duration="00:00:00.0575941" startTime="2025-09-27T13:15:17.2399340+05:30" endTime="2025-09-27T13:15:17.2399344+05:30" testType="13cdc9d9-ddb5-4fa4-a97d-d965ccfc6d4b" outcome="Passed" testListId="8c84fa94-04c1-424b-9868-57a2d4851a1d" relativeResultsDirectory="0f41d925-bf43-44c6-94ea-5bdd76dc5554" />
    <UnitTestResult executionId="05e1ce4a-19a2-4f51-b598-fb49071c3a0b" testId="1570ae63-9996-976c-f701-72e2709e43b9" testName="TempleApi.Tests.UserServiceTests.ValidateUserCredentialsAsync_ShouldReturnFalse_WhenCredentialsAreInvalid" computerName="PIC4100" duration="00:00:00.0379350" startTime="2025-09-27T13:15:17.5402908+05:30" endTime="2025-09-27T13:15:17.5402913+05:30" testType="13cdc9d9-ddb5-4fa4-a97d-d965ccfc6d4b" outcome="Passed" testListId="8c84fa94-04c1-424b-9868-57a2d4851a1d" relativeResultsDirectory="05e1ce4a-19a2-4f51-b598-fb49071c3a0b" />
    <UnitTestResult executionId="247576d2-a79e-45f3-b4fb-afeb4fd4b2f2" testId="b469c357-73b3-9d74-4709-d33f3022f580" testName="TempleApi.Tests.UserManagementFeatureTests.CreateUser_ShouldAccept_VariousNakshatrasAndDates(nakshatra: &quot;Ashwini&quot;, dateTimeStr: &quot;1990-05-15 10:30:00&quot;)" computerName="PIC4100" duration="00:00:00.0016459" startTime="2025-09-27T13:15:17.2859926+05:30" endTime="2025-09-27T13:15:17.2859931+05:30" testType="13cdc9d9-ddb5-4fa4-a97d-d965ccfc6d4b" outcome="Passed" testListId="8c84fa94-04c1-424b-9868-57a2d4851a1d" relativeResultsDirectory="247576d2-a79e-45f3-b4fb-afeb4fd4b2f2" />
    <UnitTestResult executionId="3e740fa9-30b5-47ef-8e48-0b60ac268959" testId="4698dc09-e29f-4c31-faa4-3ceea7adb52d" testName="TempleApi.Tests.DevoteeServiceTests.CreateDevoteeWithUserAsync_ShouldCreateUser_AndReturnPassword_WhenEmailPresent" computerName="PIC4100" duration="00:00:00.5273427" startTime="2025-09-27T13:15:16.8173606+05:30" endTime="2025-09-27T13:15:16.8173611+05:30" testType="13cdc9d9-ddb5-4fa4-a97d-d965ccfc6d4b" outcome="Passed" testListId="8c84fa94-04c1-424b-9868-57a2d4851a1d" relativeResultsDirectory="3e740fa9-30b5-47ef-8e48-0b60ac268959" />
    <UnitTestResult executionId="fece3102-a794-4db2-990b-224e2931c3ec" testId="e4283c56-de9f-578a-0c4b-320206079df3" testName="TempleApi.Tests.AuthenticationIntegrationTests.GetRoles_ShouldReturnUserRoles_WithValidAuth" computerName="PIC4100" duration="00:00:01.3259768" startTime="2025-09-27T13:15:49.9742908+05:30" endTime="2025-09-27T13:15:49.9742914+05:30" testType="13cdc9d9-ddb5-4fa4-a97d-d965ccfc6d4b" outcome="Failed" testListId="8c84fa94-04c1-424b-9868-57a2d4851a1d" relativeResultsDirectory="fece3102-a794-4db2-990b-224e2931c3ec">
      <Output>
        <ErrorInfo>
          <Message>Expected response.StatusCode to be HttpStatusCode.OK {value: 200}, but found HttpStatusCode.Unauthorized {value: 401}.</Message>
          <StackTrace>   at FluentAssertions.Execution.XUnit2TestFramework.Throw(String message)&#xD;
   at FluentAssertions.Execution.TestFrameworkProvider.Throw(String message)&#xD;
   at FluentAssertions.Execution.DefaultAssertionStrategy.HandleFailure(String message)&#xD;
   at FluentAssertions.Execution.AssertionScope.FailWith(Func`1 failReasonFunc)&#xD;
   at FluentAssertions.Execution.AssertionScope.FailWith(Func`1 failReasonFunc)&#xD;
   at FluentAssertions.Execution.AssertionScope.FailWith(String message, Object[] args)&#xD;
   at FluentAssertions.Primitives.EnumAssertions`2.Be(TEnum expected, String because, Object[] becauseArgs)&#xD;
   at TempleApi.Tests.AuthenticationIntegrationTests.GetRoles_ShouldReturnUserRoles_WithValidAuth() in D:\prasanth\Personal\source\temple\temple-management-app\temple-api\Tests\AuthenticationIntegrationTests.cs:line 208&#xD;
--- End of stack trace from previous location ---</StackTrace>
        </ErrorInfo>
      </Output>
    </UnitTestResult>
    <UnitTestResult executionId="28070338-ba22-48e1-98c7-b5e03485e232" testId="c4af5b66-4154-9ce8-3194-c392f5b74e3c" testName="TempleApi.Tests.EventServiceTests.UpdateEventStatusAsync_ShouldUpdateStatus" computerName="PIC4100" duration="00:00:00.0104009" startTime="2025-09-27T13:15:17.1747266+05:30" endTime="2025-09-27T13:15:17.1747278+05:30" testType="13cdc9d9-ddb5-4fa4-a97d-d965ccfc6d4b" outcome="Passed" testListId="8c84fa94-04c1-424b-9868-57a2d4851a1d" relativeResultsDirectory="28070338-ba22-48e1-98c7-b5e03485e232" />
    <UnitTestResult executionId="f4571e27-3655-42b3-974a-e1b6579c81d4" testId="2167bcfa-8005-6cd2-aaa6-9ef4adabd9a8" testName="TempleApi.Tests.AuthenticationIntegrationTests.Login_ShouldReturn401_WithoutCredentials" computerName="PIC4100" duration="00:00:01.3165134" startTime="2025-09-27T13:15:24.5252440+05:30" endTime="2025-09-27T13:15:24.5252452+05:30" testType="13cdc9d9-ddb5-4fa4-a97d-d965ccfc6d4b" outcome="Passed" testListId="8c84fa94-04c1-424b-9868-57a2d4851a1d" relativeResultsDirectory="f4571e27-3655-42b3-974a-e1b6579c81d4" />
    <UnitTestResult executionId="a9dc0e28-12fa-4664-8d55-de603d8fe0fc" testId="3da075bc-02e5-c197-facb-b91da5e36527" testName="TempleApi.Tests.RoleServiceTests.UpdateRoleAsync_ShouldUpdateRole" computerName="PIC4100" duration="00:00:00.1342275" startTime="2025-09-27T13:15:16.3977386+05:30" endTime="2025-09-27T13:15:16.3977392+05:30" testType="13cdc9d9-ddb5-4fa4-a97d-d965ccfc6d4b" outcome="Passed" testListId="8c84fa94-04c1-424b-9868-57a2d4851a1d" relativeResultsDirectory="a9dc0e28-12fa-4664-8d55-de603d8fe0fc" />
    <UnitTestResult executionId="bd7b0e64-791c-4bea-b532-86b1abe2d9a4" testId="d2235795-d055-4484-4cc8-2f3fe800c45a" testName="TempleApi.Tests.AuthenticationTests.AuthService_LoginAsync_ShouldReturnSuccess_WithValidCredentials" computerName="PIC4100" duration="00:00:00.0055928" startTime="2025-09-27T13:15:17.3019118+05:30" endTime="2025-09-27T13:15:17.3019120+05:30" testType="13cdc9d9-ddb5-4fa4-a97d-d965ccfc6d4b" outcome="Passed" testListId="8c84fa94-04c1-424b-9868-57a2d4851a1d" relativeResultsDirectory="bd7b0e64-791c-4bea-b532-86b1abe2d9a4" />
    <UnitTestResult executionId="96fe3ab2-bf12-41e0-b720-037258746d4c" testId="dc060bdc-7ea0-2fdd-52a1-7c7f23e58b1d" testName="TempleApi.Tests.UserServiceTests.CreateUserAsync_ShouldThrowException_WhenEmailExists" computerName="PIC4100" duration="00:00:00.0048078" startTime="2025-09-27T13:15:17.6317350+05:30" endTime="2025-09-27T13:15:17.6317351+05:30" testType="13cdc9d9-ddb5-4fa4-a97d-d965ccfc6d4b" outcome="Passed" testListId="8c84fa94-04c1-424b-9868-57a2d4851a1d" relativeResultsDirectory="96fe3ab2-bf12-41e0-b720-037258746d4c" />
    <UnitTestResult executionId="c03f62a2-96ba-4161-a2b3-4bb39ad5cc92" testId="11d0f0fe-0328-5d66-c3dd-14ae6bf3f580" testName="TempleApi.Tests.PoojaServiceTests.UpdatePoojaAsync_ShouldUpdatePooja_WhenPoojaExists" computerName="PIC4100" duration="00:00:00.0066803" startTime="2025-09-27T13:15:16.1071615+05:30" endTime="2025-09-27T13:15:16.1071620+05:30" testType="13cdc9d9-ddb5-4fa4-a97d-d965ccfc6d4b" outcome="Passed" testListId="8c84fa94-04c1-424b-9868-57a2d4851a1d" relativeResultsDirectory="c03f62a2-96ba-4161-a2b3-4bb39ad5cc92" />
    <UnitTestResult executionId="3dc00f1b-10df-469c-9375-bbbbca726d69" testId="0d2dd6a9-cdda-6a30-8812-16d9d9726bb1" testName="TempleApi.Tests.DonationServiceTests.GetDonationByIdAsync_ShouldReturnNull_WhenNotFound" computerName="PIC4100" duration="00:00:00.0024982" startTime="2025-09-27T13:15:16.9813435+05:30" endTime="2025-09-27T13:15:16.9813437+05:30" testType="13cdc9d9-ddb5-4fa4-a97d-d965ccfc6d4b" outcome="Passed" testListId="8c84fa94-04c1-424b-9868-57a2d4851a1d" relativeResultsDirectory="3dc00f1b-10df-469c-9375-bbbbca726d69" />
    <UnitTestResult executionId="93c1a937-d6d0-4f21-a27a-2e25ea33739b" testId="3952722e-733b-7ed5-be94-ffb4ae81bee0" testName="TempleApi.Tests.TempleServiceTests.UpdateTempleAsync_ShouldUpdate_WhenExists" computerName="PIC4100" duration="00:00:00.0362420" startTime="2025-09-27T13:15:16.6332610+05:30" endTime="2025-09-27T13:15:16.6332618+05:30" testType="13cdc9d9-ddb5-4fa4-a97d-d965ccfc6d4b" outcome="Passed" testListId="8c84fa94-04c1-424b-9868-57a2d4851a1d" relativeResultsDirectory="93c1a937-d6d0-4f21-a27a-2e25ea33739b" />
    <UnitTestResult executionId="75489f97-e2a9-4337-a61a-427ef2f18c6f" testId="0b117344-855f-0872-496a-9bec1ee1ffc6" testName="TempleApi.Tests.UserServiceTests.GetUserByIdAsync_ShouldReturnNull_WhenUserDoesNotExist" computerName="PIC4100" duration="00:00:00.0113781" startTime="2025-09-27T13:15:17.5831395+05:30" endTime="2025-09-27T13:15:17.5831396+05:30" testType="13cdc9d9-ddb5-4fa4-a97d-d965ccfc6d4b" outcome="Passed" testListId="8c84fa94-04c1-424b-9868-57a2d4851a1d" relativeResultsDirectory="75489f97-e2a9-4337-a61a-427ef2f18c6f" />
    <UnitTestResult executionId="8ebba1e6-fc60-481f-be41-aa702982e464" testId="2f34b363-3e86-f793-5054-d67cc174d976" testName="TempleApi.Tests.AuthenticationTests.BasicAuthenticationHandler_ShouldFail_WithInvalidPassword" computerName="PIC4100" duration="00:00:00.0054827" startTime="2025-09-27T13:15:17.3145509+05:30" endTime="2025-09-27T13:15:17.3145512+05:30" testType="13cdc9d9-ddb5-4fa4-a97d-d965ccfc6d4b" outcome="Passed" testListId="8c84fa94-04c1-424b-9868-57a2d4851a1d" relativeResultsDirectory="8ebba1e6-fc60-481f-be41-aa702982e464" />
    <UnitTestResult executionId="a64d0bff-400e-4641-af8b-db1c441bf234" testId="094dc1bd-429a-8876-53c2-245bd7671a4c" testName="TempleApi.Tests.AuthenticationFeatureTests.Login_ShouldSucceed_ForVerifiedUser_WithNakshatraAndDOB" computerName="PIC4100" duration="00:00:00.2331276" startTime="2025-09-27T13:15:17.2010660+05:30" endTime="2025-09-27T13:15:17.2010665+05:30" testType="13cdc9d9-ddb5-4fa4-a97d-d965ccfc6d4b" outcome="Passed" testListId="8c84fa94-04c1-424b-9868-57a2d4851a1d" relativeResultsDirectory="a64d0bff-400e-4641-af8b-db1c441bf234" />
    <UnitTestResult executionId="b94db658-9ced-431b-b622-e1f7f17fc16f" testId="3b999dc2-65bc-7e70-80ea-6f8ab5d7ec81" testName="TempleApi.Tests.UserServiceTests.DeleteUserAsync_ShouldReturnFalse_WhenUserDoesNotExist" computerName="PIC4100" duration="00:00:00.0018334" startTime="2025-09-27T13:15:17.6339407+05:30" endTime="2025-09-27T13:15:17.6339409+05:30" testType="13cdc9d9-ddb5-4fa4-a97d-d965ccfc6d4b" outcome="Passed" testListId="8c84fa94-04c1-424b-9868-57a2d4851a1d" relativeResultsDirectory="b94db658-9ced-431b-b622-e1f7f17fc16f" />
    <UnitTestResult executionId="0308e68f-1892-4884-959f-a73c8dc2574e" testId="a338127a-f430-e81e-e53e-6c5e94542f3c" testName="TempleApi.Tests.CategoryServiceTests.CreateCategoryAsync_ShouldCreate_WhenValid" computerName="PIC4100" duration="00:00:00.0399102" startTime="2025-09-27T13:15:17.3849315+05:30" endTime="2025-09-27T13:15:17.3849318+05:30" testType="13cdc9d9-ddb5-4fa4-a97d-d965ccfc6d4b" outcome="Passed" testListId="8c84fa94-04c1-424b-9868-57a2d4851a1d" relativeResultsDirectory="0308e68f-1892-4884-959f-a73c8dc2574e" />
    <UnitTestResult executionId="0fb7cacd-caf5-46e4-9720-88cf40e0a4ad" testId="362be764-c6d6-316c-0303-ac1b4b90b0c7" testName="TempleApi.Tests.PoojaBookingServiceTests.GetBookingsByDateRangeAsync_ShouldReturnWithinRange" computerName="PIC4100" duration="00:00:00.1404063" startTime="2025-09-27T13:15:18.1184803+05:30" endTime="2025-09-27T13:15:18.1184807+05:30" testType="13cdc9d9-ddb5-4fa4-a97d-d965ccfc6d4b" outcome="Passed" testListId="8c84fa94-04c1-424b-9868-57a2d4851a1d" relativeResultsDirectory="0fb7cacd-caf5-46e4-9720-88cf40e0a4ad" />
    <UnitTestResult executionId="34ce8a13-d493-4796-84be-3cf5b3a5fade" testId="c75b9336-1aa7-9e47-875a-f4e400489d36" testName="TempleApi.Tests.CategoryServiceTests.UpdateCategoryAsync_ShouldThrow_WhenDuplicateName" computerName="PIC4100" duration="00:00:00.0141498" startTime="2025-09-27T13:15:17.6853918+05:30" endTime="2025-09-27T13:15:17.6853922+05:30" testType="13cdc9d9-ddb5-4fa4-a97d-d965ccfc6d4b" outcome="Passed" testListId="8c84fa94-04c1-424b-9868-57a2d4851a1d" relativeResultsDirectory="34ce8a13-d493-4796-84be-3cf5b3a5fade" />
    <UnitTestResult executionId="eec303e8-5151-44df-b5d3-a181fb8f7821" testId="d500a7de-874f-ae68-1211-06aa66b001f7" testName="TempleApi.Tests.UserServiceTests.GetUserByIdAsync_ShouldReturnUser_WhenUserExists" computerName="PIC4100" duration="00:00:00.0026972" startTime="2025-09-27T13:15:17.6481387+05:30" endTime="2025-09-27T13:15:17.6481391+05:30" testType="13cdc9d9-ddb5-4fa4-a97d-d965ccfc6d4b" outcome="Passed" testListId="8c84fa94-04c1-424b-9868-57a2d4851a1d" relativeResultsDirectory="eec303e8-5151-44df-b5d3-a181fb8f7821" />
    <UnitTestResult executionId="9b0ed18d-94bd-41fd-a229-7870a654838c" testId="24c1007d-9938-3b49-36f6-c7459a6ed99f" testName="TempleApi.Tests.PoojaServiceTests.GetPoojaByIdAsync_ShouldReturnPooja_WhenPoojaExists" computerName="PIC4100" duration="00:00:00.0130775" startTime="2025-09-27T13:15:16.1487246+05:30" endTime="2025-09-27T13:15:16.1487250+05:30" testType="13cdc9d9-ddb5-4fa4-a97d-d965ccfc6d4b" outcome="Passed" testListId="8c84fa94-04c1-424b-9868-57a2d4851a1d" relativeResultsDirectory="9b0ed18d-94bd-41fd-a229-7870a654838c" />
    <UnitTestResult executionId="ca1d5c45-ed43-40d7-bfa8-bf0d4c54470e" testId="480e9a5e-2bf3-af7c-8997-e20360e84543" testName="TempleApi.Tests.RoleServiceTests.DeleteRoleAsync_ShouldDeleteRole" computerName="PIC4100" duration="00:00:00.0139930" startTime="2025-09-27T13:15:16.4115634+05:30" endTime="2025-09-27T13:15:16.4115640+05:30" testType="13cdc9d9-ddb5-4fa4-a97d-d965ccfc6d4b" outcome="Passed" testListId="8c84fa94-04c1-424b-9868-57a2d4851a1d" relativeResultsDirectory="ca1d5c45-ed43-40d7-bfa8-bf0d4c54470e" />
    <UnitTestResult executionId="90e78a8e-22e3-4da5-bdac-d5a58b552281" testId="22fb72e1-788e-aa75-c632-5eeb0eac858a" testName="TempleApi.Tests.CategoryServiceTests.ToggleCategoryStatusAsync_ShouldToggle" computerName="PIC4100" duration="00:00:00.0168872" startTime="2025-09-27T13:15:17.6406134+05:30" endTime="2025-09-27T13:15:17.6406134+05:30" testType="13cdc9d9-ddb5-4fa4-a97d-d965ccfc6d4b" outcome="Passed" testListId="8c84fa94-04c1-424b-9868-57a2d4851a1d" relativeResultsDirectory="90e78a8e-22e3-4da5-bdac-d5a58b552281" />
    <UnitTestResult executionId="b3cab9e4-8d91-4c25-b167-39aa79fcb3ca" testId="b26eee93-4d8c-cd01-d35c-d1143e66bb56" testName="TempleApi.Tests.AuthenticationIntegrationTests.Register_ShouldCreateNewUser" computerName="PIC4100" duration="00:00:06.3645364" startTime="2025-09-27T13:15:30.8910389+05:30" endTime="2025-09-27T13:15:30.8910394+05:30" testType="13cdc9d9-ddb5-4fa4-a97d-d965ccfc6d4b" outcome="Passed" testListId="8c84fa94-04c1-424b-9868-57a2d4851a1d" relativeResultsDirectory="b3cab9e4-8d91-4c25-b167-39aa79fcb3ca" />
    <UnitTestResult executionId="835eb2ee-39f0-4048-baa0-671481c4bc1f" testId="bf706f12-9014-deaa-f07e-148a649d2b42" testName="TempleApi.Tests.UserServiceTests.UpdateUserAsync_ShouldThrowException_WhenUserDoesNotExist" computerName="PIC4100" duration="00:00:00.0025780" startTime="2025-09-27T13:15:17.5835406+05:30" endTime="2025-09-27T13:15:17.5835407+05:30" testType="13cdc9d9-ddb5-4fa4-a97d-d965ccfc6d4b" outcome="Passed" testListId="8c84fa94-04c1-424b-9868-57a2d4851a1d" relativeResultsDirectory="835eb2ee-39f0-4048-baa0-671481c4bc1f" />
    <UnitTestResult executionId="ac8650cf-c068-4cdf-a66d-070566fe001e" testId="e36f5a7f-c183-f164-0426-1e05666ff512" testName="TempleApi.Tests.AuthenticationIntegrationTests.Register_ShouldFail_WithInvalidPhone" computerName="PIC4100" duration="00:00:01.5108195" startTime="2025-09-27T13:15:53.0581939+05:30" endTime="2025-09-27T13:15:53.0581957+05:30" testType="13cdc9d9-ddb5-4fa4-a97d-d965ccfc6d4b" outcome="Passed" testListId="8c84fa94-04c1-424b-9868-57a2d4851a1d" relativeResultsDirectory="ac8650cf-c068-4cdf-a66d-070566fe001e" />
    <UnitTestResult executionId="0c182e8e-6ba2-4b4e-90e9-dd78c62367b0" testId="ee4cb1f2-1835-9ad5-7791-b30e25ab4aaa" testName="TempleApi.Tests.ExpenseServiceTests.CreateExpenseAsync_ShouldThrowException_WhenEventExpenseNotFound" computerName="PIC4100" duration="00:00:00.2990807" startTime="2025-09-27T13:15:12.8627065+05:30" endTime="2025-09-27T13:15:12.8627068+05:30" testType="13cdc9d9-ddb5-4fa4-a97d-d965ccfc6d4b" outcome="Passed" testListId="8c84fa94-04c1-424b-9868-57a2d4851a1d" relativeResultsDirectory="0c182e8e-6ba2-4b4e-90e9-dd78c62367b0" />
    <UnitTestResult executionId="8b577e33-4300-496d-9c44-06316ea6b8de" testId="be33b2a8-11c7-7f0b-aa8f-b2c67952b1fb" testName="TempleApi.Tests.AuthenticationFeatureTests.GetUserById_ShouldReturn_NakshatraAndDOB" computerName="PIC4100" duration="00:00:00.1640726" startTime="2025-09-27T13:15:17.3850833+05:30" endTime="2025-09-27T13:15:17.3850834+05:30" testType="13cdc9d9-ddb5-4fa4-a97d-d965ccfc6d4b" outcome="Passed" testListId="8c84fa94-04c1-424b-9868-57a2d4851a1d" relativeResultsDirectory="8b577e33-4300-496d-9c44-06316ea6b8de" />
    <UnitTestResult executionId="c7bf28f5-7ceb-4e82-847d-c4a0e1894aee" testId="69eb3baf-31fc-0590-7d8b-3256ee9cdcfd" testName="TempleApi.Tests.ProductServiceTests.UpdateProductAsync_ShouldUpdateProduct_WhenProductExists" computerName="PIC4100" duration="00:00:00.0116074" startTime="2025-09-27T13:15:17.0812574+05:30" endTime="2025-09-27T13:15:17.0812576+05:30" testType="13cdc9d9-ddb5-4fa4-a97d-d965ccfc6d4b" outcome="Passed" testListId="8c84fa94-04c1-424b-9868-57a2d4851a1d" relativeResultsDirectory="c7bf28f5-7ceb-4e82-847d-c4a0e1894aee" />
    <UnitTestResult executionId="97716481-0d56-461e-8968-1875b6dfa0e9" testId="9faa2a64-62f2-5086-c7f5-c6f834c52712" testName="TempleApi.Tests.RoleServiceTests.CreateRoleAsync_ShouldAddRole" computerName="PIC4100" duration="00:00:00.0124127" startTime="2025-09-27T13:15:16.5973225+05:30" endTime="2025-09-27T13:15:16.5973228+05:30" testType="13cdc9d9-ddb5-4fa4-a97d-d965ccfc6d4b" outcome="Passed" testListId="8c84fa94-04c1-424b-9868-57a2d4851a1d" relativeResultsDirectory="97716481-0d56-461e-8968-1875b6dfa0e9" />
    <UnitTestResult executionId="a0ac7a2e-5496-425c-af05-c2a40ed2fc05" testId="27618b1e-f361-09ad-ba2a-99516e9fcec8" testName="TempleApi.Tests.DonationServiceTests.GetTotalDonationsByTempleAsync_ShouldSumCompleted" computerName="PIC4100" duration="00:00:00.0640947" startTime="2025-09-27T13:15:16.1904595+05:30" endTime="2025-09-27T13:15:16.1904607+05:30" testType="13cdc9d9-ddb5-4fa4-a97d-d965ccfc6d4b" outcome="Passed" testListId="8c84fa94-04c1-424b-9868-57a2d4851a1d" relativeResultsDirectory="a0ac7a2e-5496-425c-af05-c2a40ed2fc05" />
    <UnitTestResult executionId="a00aebfd-b2ee-4485-a62c-32413f78c4f6" testId="a1a67ca8-d6c9-3f95-e223-223850e04a90" testName="TempleApi.Tests.PoojaBookingServiceTests.GetBookingsByStatusAsync_ShouldReturnOnlySpecifiedStatus" computerName="PIC4100" duration="00:00:00.2262268" startTime="2025-09-27T13:15:17.8231181+05:30" endTime="2025-09-27T13:15:17.8231195+05:30" testType="13cdc9d9-ddb5-4fa4-a97d-d965ccfc6d4b" outcome="Passed" testListId="8c84fa94-04c1-424b-9868-57a2d4851a1d" relativeResultsDirectory="a00aebfd-b2ee-4485-a62c-32413f78c4f6" />
    <UnitTestResult executionId="058ef6e3-7531-492f-a748-d484bb025038" testId="a81d37b1-33da-aaf6-655d-52bf7617fbac" testName="TempleApi.Tests.EventServiceTests.DeleteEventAsync_ShouldSoftDelete" computerName="PIC4100" duration="00:00:00.0114251" startTime="2025-09-27T13:15:17.7254976+05:30" endTime="2025-09-27T13:15:17.7254980+05:30" testType="13cdc9d9-ddb5-4fa4-a97d-d965ccfc6d4b" outcome="Passed" testListId="8c84fa94-04c1-424b-9868-57a2d4851a1d" relativeResultsDirectory="058ef6e3-7531-492f-a748-d484bb025038" />
    <UnitTestResult executionId="ee1ec7b1-3d3e-4c05-ac32-698c47a25550" testId="4b862328-a70a-e50a-75a9-b2fac7978b7e" testName="TempleApi.Tests.RepositorySortingTests.GetAllAsync_WithIncludes_ReturnsInDescendingOrder" computerName="PIC4100" duration="00:00:00.1455350" startTime="2025-09-27T13:15:17.4808870+05:30" endTime="2025-09-27T13:15:17.4808875+05:30" testType="13cdc9d9-ddb5-4fa4-a97d-d965ccfc6d4b" outcome="Passed" testListId="8c84fa94-04c1-424b-9868-57a2d4851a1d" relativeResultsDirectory="ee1ec7b1-3d3e-4c05-ac32-698c47a25550" />
    <UnitTestResult executionId="471f1df5-a985-4c55-880b-059bf2e21237" testId="7d918a12-8678-6263-f425-7314b603134d" testName="TempleApi.Tests.AuthenticationIntegrationTests.ProtectedEndpoint_ShouldReturn401_WithoutAuth" computerName="PIC4100" duration="00:00:01.5402094" startTime="2025-09-27T13:15:23.2075729+05:30" endTime="2025-09-27T13:15:23.2075735+05:30" testType="13cdc9d9-ddb5-4fa4-a97d-d965ccfc6d4b" outcome="Passed" testListId="8c84fa94-04c1-424b-9868-57a2d4851a1d" relativeResultsDirectory="471f1df5-a985-4c55-880b-059bf2e21237" />
    <UnitTestResult executionId="74bd9cae-4f41-44c1-bb42-eacdca8b937c" testId="9466a05f-08b2-99bd-957c-624888e16dd1" testName="TempleApi.Tests.UserServiceTests.DeleteUserAsync_ShouldReturnTrue_WhenUserExists" computerName="PIC4100" duration="00:00:00.0244228" startTime="2025-09-27T13:15:17.5641293+05:30" endTime="2025-09-27T13:15:17.5641297+05:30" testType="13cdc9d9-ddb5-4fa4-a97d-d965ccfc6d4b" outcome="Passed" testListId="8c84fa94-04c1-424b-9868-57a2d4851a1d" relativeResultsDirectory="74bd9cae-4f41-44c1-bb42-eacdca8b937c" />
    <UnitTestResult executionId="b05f0c7a-008a-43c3-ab5d-0d7823a8c14f" testId="588f923c-f5b2-6203-a441-f8f10f017f82" testName="TempleApi.Tests.EventExpenseServiceTests.DeleteEventExpenseAsync_ShouldReturnTrue_WhenExists" computerName="PIC4100" duration="00:00:00.0078411" startTime="2025-09-27T13:15:13.0299768+05:30" endTime="2025-09-27T13:15:13.0299769+05:30" testType="13cdc9d9-ddb5-4fa4-a97d-d965ccfc6d4b" outcome="Passed" testListId="8c84fa94-04c1-424b-9868-57a2d4851a1d" relativeResultsDirectory="b05f0c7a-008a-43c3-ab5d-0d7823a8c14f" />
    <UnitTestResult executionId="7a8d16cf-5279-42cb-a1b2-b2e5cffcedd6" testId="8f92ab9b-8de4-cce0-035e-6b142097d0ce" testName="TempleApi.Tests.SaleServiceTests.GetSaleByIdAsync_ShouldReturnSale_WhenSaleExists" computerName="PIC4100" duration="00:00:00.0181912" startTime="2025-09-27T13:15:17.5358065+05:30" endTime="2025-09-27T13:15:17.5358068+05:30" testType="13cdc9d9-ddb5-4fa4-a97d-d965ccfc6d4b" outcome="Passed" testListId="8c84fa94-04c1-424b-9868-57a2d4851a1d" relativeResultsDirectory="7a8d16cf-5279-42cb-a1b2-b2e5cffcedd6" />
    <UnitTestResult executionId="7b237c1a-0e8f-45f5-8f8e-1fc952cbab76" testId="c617c58e-32b2-9b1c-00f9-31c5f63d5df8" testName="TempleApi.Tests.SaleServiceTests.CreateSaleAsync_ShouldThrowException_WhenStaffNotFound" computerName="PIC4100" duration="00:00:00.0030893" startTime="2025-09-27T13:15:17.5836410+05:30" endTime="2025-09-27T13:15:17.5836411+05:30" testType="13cdc9d9-ddb5-4fa4-a97d-d965ccfc6d4b" outcome="Passed" testListId="8c84fa94-04c1-424b-9868-57a2d4851a1d" relativeResultsDirectory="7b237c1a-0e8f-45f5-8f8e-1fc952cbab76" />
    <UnitTestResult executionId="e1c8cccb-42aa-4b17-a7d1-a1d0f5ea7208" testId="fed2732f-218e-b28e-391b-9293e51d433c" testName="TempleApi.Tests.UserManagementFeatureTests.GetAllUsers_ShouldReturn_UsersWithNakshatraAndDOB" computerName="PIC4100" duration="00:00:00.0463464" startTime="2025-09-27T13:15:17.1285603+05:30" endTime="2025-09-27T13:15:17.1285606+05:30" testType="13cdc9d9-ddb5-4fa4-a97d-d965ccfc6d4b" outcome="Passed" testListId="8c84fa94-04c1-424b-9868-57a2d4851a1d" relativeResultsDirectory="e1c8cccb-42aa-4b17-a7d1-a1d0f5ea7208" />
    <UnitTestResult executionId="e7c067ba-e5b2-47b0-ab8a-47e2badd38ea" testId="3d4f0d9e-dc9a-1f4e-08b2-88da545dbc9a" testName="TempleApi.Tests.EventExpenseServiceTests.GetEventExpenseByIdAsync_ShouldReturnItem_WhenExists" computerName="PIC4100" duration="00:00:00.2920487" startTime="2025-09-27T13:15:12.8407498+05:30" endTime="2025-09-27T13:15:12.8408031+05:30" testType="13cdc9d9-ddb5-4fa4-a97d-d965ccfc6d4b" outcome="Passed" testListId="8c84fa94-04c1-424b-9868-57a2d4851a1d" relativeResultsDirectory="e7c067ba-e5b2-47b0-ab8a-47e2badd38ea" />
    <UnitTestResult executionId="f5de7c1c-5ddc-4676-9877-2551638c1d0d" testId="f7dd0744-33e2-6490-3aa4-ab03e52e373c" testName="TempleApi.Tests.AuthenticationIntegrationTests.GetMe_ShouldReturnUserInfo_WithValidAuth" computerName="PIC4100" duration="00:00:08.5929404" startTime="2025-09-27T13:15:21.6816030+05:30" endTime="2025-09-27T13:15:21.6816037+05:30" testType="13cdc9d9-ddb5-4fa4-a97d-d965ccfc6d4b" outcome="Failed" testListId="8c84fa94-04c1-424b-9868-57a2d4851a1d" relativeResultsDirectory="f5de7c1c-5ddc-4676-9877-2551638c1d0d">
      <Output>
        <ErrorInfo>
          <Message>Expected response.StatusCode to be HttpStatusCode.OK {value: 200}, but found HttpStatusCode.Unauthorized {value: 401}.</Message>
          <StackTrace>   at FluentAssertions.Execution.XUnit2TestFramework.Throw(String message)&#xD;
   at FluentAssertions.Execution.TestFrameworkProvider.Throw(String message)&#xD;
   at FluentAssertions.Execution.DefaultAssertionStrategy.HandleFailure(String message)&#xD;
   at FluentAssertions.Execution.AssertionScope.FailWith(Func`1 failReasonFunc)&#xD;
   at FluentAssertions.Execution.AssertionScope.FailWith(Func`1 failReasonFunc)&#xD;
   at FluentAssertions.Execution.AssertionScope.FailWith(String message, Object[] args)&#xD;
   at FluentAssertions.Primitives.EnumAssertions`2.Be(TEnum expected, String because, Object[] becauseArgs)&#xD;
   at TempleApi.Tests.AuthenticationIntegrationTests.GetMe_ShouldReturnUserInfo_WithValidAuth() in D:\prasanth\Personal\source\temple\temple-management-app\temple-api\Tests\AuthenticationIntegrationTests.cs:line 177&#xD;
--- End of stack trace from previous location ---</StackTrace>
        </ErrorInfo>
      </Output>
    </UnitTestResult>
    <UnitTestResult executionId="f607db71-cfc5-4c2f-a461-3864bd10bc3f" testId="b1a83a25-cf01-1634-cc57-23bb07a6b79d" testName="TempleApi.Tests.AuthenticationFeatureTests.Register_ShouldCreateUser_WithNakshatraAndDOB" computerName="PIC4100" duration="00:00:00.7232756" startTime="2025-09-27T13:15:16.9185247+05:30" endTime="2025-09-27T13:15:16.9185251+05:30" testType="13cdc9d9-ddb5-4fa4-a97d-d965ccfc6d4b" outcome="Passed" testListId="8c84fa94-04c1-424b-9868-57a2d4851a1d" relativeResultsDirectory="f607db71-cfc5-4c2f-a461-3864bd10bc3f" />
    <UnitTestResult executionId="5431b208-c855-4e6d-b522-ae7b2e955367" testId="be9e8e27-d066-8971-4999-fdebb760fd44" testName="TempleApi.Tests.AuthenticationFeatureTests.Register_ShouldHandleNull_NakshatraAndDOB" computerName="PIC4100" duration="00:00:00.0123587" startTime="2025-09-27T13:15:17.4016966+05:30" endTime="2025-09-27T13:15:17.4016968+05:30" testType="13cdc9d9-ddb5-4fa4-a97d-d965ccfc6d4b" outcome="Passed" testListId="8c84fa94-04c1-424b-9868-57a2d4851a1d" relativeResultsDirectory="5431b208-c855-4e6d-b522-ae7b2e955367" />
    <UnitTestResult executionId="0bd29afb-0eb9-4818-98a4-54cb9e4179a6" testId="b3554229-9d35-65bf-8bb1-b6a89ee0126e" testName="TempleApi.Tests.AuthenticationTests.BasicAuthenticationHandler_ShouldFail_WithUnverifiedUser" computerName="PIC4100" duration="00:00:00.3982802" startTime="2025-09-27T13:15:16.5800139+05:30" endTime="2025-09-27T13:15:16.5800140+05:30" testType="13cdc9d9-ddb5-4fa4-a97d-d965ccfc6d4b" outcome="Passed" testListId="8c84fa94-04c1-424b-9868-57a2d4851a1d" relativeResultsDirectory="0bd29afb-0eb9-4818-98a4-54cb9e4179a6" />
    <UnitTestResult executionId="563ba7ff-3348-4d26-819e-56425581408b" testId="2f096ac3-43b8-4a1c-4d0a-447d6dd81057" testName="TempleApi.Tests.AuthenticationIntegrationTests.Verify_ShouldActivateUser_WithValidCode" computerName="PIC4100" duration="00:00:01.5779063" startTime="2025-09-27T13:15:51.5489913+05:30" endTime="2025-09-27T13:15:51.5489918+05:30" testType="13cdc9d9-ddb5-4fa4-a97d-d965ccfc6d4b" outcome="Failed" testListId="8c84fa94-04c1-424b-9868-57a2d4851a1d" relativeResultsDirectory="563ba7ff-3348-4d26-819e-56425581408b">
      <Output>
        <ErrorInfo>
          <Message>Expected response.StatusCode to be HttpStatusCode.OK {value: 200}, but found HttpStatusCode.BadRequest {value: 400}.</Message>
          <StackTrace>   at FluentAssertions.Execution.XUnit2TestFramework.Throw(String message)&#xD;
   at FluentAssertions.Execution.TestFrameworkProvider.Throw(String message)&#xD;
   at FluentAssertions.Execution.DefaultAssertionStrategy.HandleFailure(String message)&#xD;
   at FluentAssertions.Execution.AssertionScope.FailWith(Func`1 failReasonFunc)&#xD;
   at FluentAssertions.Execution.AssertionScope.FailWith(Func`1 failReasonFunc)&#xD;
   at FluentAssertions.Execution.AssertionScope.FailWith(String message, Object[] args)&#xD;
   at FluentAssertions.Primitives.EnumAssertions`2.Be(TEnum expected, String because, Object[] becauseArgs)&#xD;
   at TempleApi.Tests.AuthenticationIntegrationTests.Verify_ShouldActivateUser_WithValidCode() in D:\prasanth\Personal\source\temple\temple-management-app\temple-api\Tests\AuthenticationIntegrationTests.cs:line 339&#xD;
--- End of stack trace from previous location ---</StackTrace>
        </ErrorInfo>
      </Output>
    </UnitTestResult>
    <UnitTestResult executionId="b20d4731-b4c8-49fb-85a0-8e557060587f" testId="cd22b392-def2-c198-4b3f-0dbf22e6813f" testName="TempleApi.Tests.SaleServiceTests.DeleteSaleAsync_ShouldDeleteSaleAndRestoreInventory_WhenSaleExists" computerName="PIC4100" duration="00:00:00.0228201" startTime="2025-09-27T13:15:17.5829411+05:30" endTime="2025-09-27T13:15:17.5829414+05:30" testType="13cdc9d9-ddb5-4fa4-a97d-d965ccfc6d4b" outcome="Passed" testListId="8c84fa94-04c1-424b-9868-57a2d4851a1d" relativeResultsDirectory="b20d4731-b4c8-49fb-85a0-8e557060587f" />
    <UnitTestResult executionId="9472ca7a-5c76-45db-8e06-cbe4f6d98d5a" testId="c558154f-7a17-0aaa-62d8-c3634079f843" testName="TempleApi.Tests.PoojaServiceTests.GetPoojaByIdAsync_ShouldReturnNull_WhenPoojaDoesNotExist" computerName="PIC4100" duration="00:00:00.0498113" startTime="2025-09-27T13:15:16.0951236+05:30" endTime="2025-09-27T13:15:16.0951241+05:30" testType="13cdc9d9-ddb5-4fa4-a97d-d965ccfc6d4b" outcome="Passed" testListId="8c84fa94-04c1-424b-9868-57a2d4851a1d" relativeResultsDirectory="9472ca7a-5c76-45db-8e06-cbe4f6d98d5a" />
    <UnitTestResult executionId="6fbaa13c-6040-47c0-8d53-650bd6d6fcb2" testId="92630f08-d19b-ebba-ffa7-340a1b14080a" testName="TempleApi.Tests.CategoryServiceTests.CreateCategoryAsync_ShouldValidate_DescriptionMaxLength" computerName="PIC4100" duration="00:00:00.1026133" startTime="2025-09-27T13:15:17.4826731+05:30" endTime="2025-09-27T13:15:17.4826734+05:30" testType="13cdc9d9-ddb5-4fa4-a97d-d965ccfc6d4b" outcome="Passed" testListId="8c84fa94-04c1-424b-9868-57a2d4851a1d" relativeResultsDirectory="6fbaa13c-6040-47c0-8d53-650bd6d6fcb2" />
    <UnitTestResult executionId="17292f69-174f-4e2e-a8f1-9d85920a57bd" testId="c759a6db-b36b-c529-dd5d-087380a41a37" testName="TempleApi.Tests.ProductServiceTests.CheckProductAvailabilityAsync_ShouldReturnFalse_WhenProductIsInactive" computerName="PIC4100" duration="00:00:00.0048636" startTime="2025-09-27T13:15:17.0466836+05:30" endTime="2025-09-27T13:15:17.0466838+05:30" testType="13cdc9d9-ddb5-4fa4-a97d-d965ccfc6d4b" outcome="Passed" testListId="8c84fa94-04c1-424b-9868-57a2d4851a1d" relativeResultsDirectory="17292f69-174f-4e2e-a8f1-9d85920a57bd" />
    <UnitTestResult executionId="27e27b08-7d5f-40ab-8da7-00eac7d76561" testId="b1c812f8-3f84-d854-8bfe-0e4e8246f94e" testName="TempleApi.Tests.PoojaServiceTests.DeletePoojaAsync_ShouldDeactivatePooja_WhenPoojaExists" computerName="PIC4100" duration="00:00:03.3630246" startTime="2025-09-27T13:15:15.8993600+05:30" endTime="2025-09-27T13:15:15.8993607+05:30" testType="13cdc9d9-ddb5-4fa4-a97d-d965ccfc6d4b" outcome="Passed" testListId="8c84fa94-04c1-424b-9868-57a2d4851a1d" relativeResultsDirectory="27e27b08-7d5f-40ab-8da7-00eac7d76561" />
    <UnitTestResult executionId="c965d9a0-6e89-410a-812a-889427bcc7cf" testId="c4ac6931-e843-1030-3143-fc0def200171" testName="TempleApi.Tests.TempleServiceTests.DeleteTempleAsync_ShouldReturnFalse_WhenNotFound" computerName="PIC4100" duration="00:00:00.0896414" startTime="2025-09-27T13:15:17.0727614+05:30" endTime="2025-09-27T13:15:17.0727622+05:30" testType="13cdc9d9-ddb5-4fa4-a97d-d965ccfc6d4b" outcome="Passed" testListId="8c84fa94-04c1-424b-9868-57a2d4851a1d" relativeResultsDirectory="c965d9a0-6e89-410a-812a-889427bcc7cf" />
    <UnitTestResult executionId="13f36837-3b2f-4a2b-90d7-606cb8d4d6b8" testId="af8b8168-a37c-3800-679f-c562b5178824" testName="TempleApi.Tests.AuthenticationIntegrationTests.UsersMe_Get_ShouldReturnUnauthorizedWithoutAuth" computerName="PIC4100" duration="00:00:01.4318183" startTime="2025-09-27T13:15:35.2178961+05:30" endTime="2025-09-27T13:15:35.2178964+05:30" testType="13cdc9d9-ddb5-4fa4-a97d-d965ccfc6d4b" outcome="Passed" testListId="8c84fa94-04c1-424b-9868-57a2d4851a1d" relativeResultsDirectory="13f36837-3b2f-4a2b-90d7-606cb8d4d6b8" />
    <UnitTestResult executionId="7571145f-5252-4ead-b331-2ccc7c042616" testId="c3ea3489-98da-e412-c7e5-f68c3951beb7" testName="TempleApi.Tests.EventExpenseServiceTests.CreateEventExpenseAsync_ShouldCreateEventExpense_WhenValidData" computerName="PIC4100" duration="00:00:00.0859706" startTime="2025-09-27T13:15:13.0298612+05:30" endTime="2025-09-27T13:15:13.0298616+05:30" testType="13cdc9d9-ddb5-4fa4-a97d-d965ccfc6d4b" outcome="Passed" testListId="8c84fa94-04c1-424b-9868-57a2d4851a1d" relativeResultsDirectory="7571145f-5252-4ead-b331-2ccc7c042616" />
    <UnitTestResult executionId="164791c0-1ca2-4753-8d12-ad95cfc6adaa" testId="5f328188-82d4-9f08-039e-aa91bb77e231" testName="TempleApi.Tests.SaleServiceTests.DeleteSaleAsync_ShouldReturnFalse_WhenSaleDoesNotExist" computerName="PIC4100" duration="00:00:00.0095046" startTime="2025-09-27T13:15:17.5455789+05:30" endTime="2025-09-27T13:15:17.5455793+05:30" testType="13cdc9d9-ddb5-4fa4-a97d-d965ccfc6d4b" outcome="Passed" testListId="8c84fa94-04c1-424b-9868-57a2d4851a1d" relativeResultsDirectory="164791c0-1ca2-4753-8d12-ad95cfc6adaa" />
    <UnitTestResult executionId="5397d3c9-525d-4d53-a04d-dcbb55a33cb7" testId="d023fb5f-0bb6-cf66-973e-616cfac03ce5" testName="TempleApi.Tests.PoojaBookingServiceTests.AssignStaffToBookingAsync_ShouldThrow_WhenBookingNotFound" computerName="PIC4100" duration="00:00:00.0090815" startTime="2025-09-27T13:15:18.3951804+05:30" endTime="2025-09-27T13:15:18.3951812+05:30" testType="13cdc9d9-ddb5-4fa4-a97d-d965ccfc6d4b" outcome="Passed" testListId="8c84fa94-04c1-424b-9868-57a2d4851a1d" relativeResultsDirectory="5397d3c9-525d-4d53-a04d-dcbb55a33cb7" />
    <UnitTestResult executionId="00ad5d65-af7b-4a97-997a-32fb41b3d18a" testId="352c82e1-fd73-6ea6-4c15-ce4482eee7be" testName="TempleApi.Tests.DevoteeServiceTests.UpdateDevoteeAsync_ShouldUpdate_WhenExists" computerName="PIC4100" duration="00:00:00.0110848" startTime="2025-09-27T13:15:16.9074538+05:30" endTime="2025-09-27T13:15:16.9074545+05:30" testType="13cdc9d9-ddb5-4fa4-a97d-d965ccfc6d4b" outcome="Passed" testListId="8c84fa94-04c1-424b-9868-57a2d4851a1d" relativeResultsDirectory="00ad5d65-af7b-4a97-997a-32fb41b3d18a" />
    <UnitTestResult executionId="fe55334d-f4cf-4e41-bdaf-b6e1cd2dbf46" testId="0cb870eb-52e9-0ac4-540f-a726af3b0d96" testName="TempleApi.Tests.ProductServiceTests.CreateProductAsync_ShouldCreateInactiveProduct_WhenStatusIsInactive" computerName="PIC4100" duration="00:00:00.0140765" startTime="2025-09-27T13:15:17.0470398+05:30" endTime="2025-09-27T13:15:17.0470399+05:30" testType="13cdc9d9-ddb5-4fa4-a97d-d965ccfc6d4b" outcome="Passed" testListId="8c84fa94-04c1-424b-9868-57a2d4851a1d" relativeResultsDirectory="fe55334d-f4cf-4e41-bdaf-b6e1cd2dbf46" />
    <UnitTestResult executionId="6b36a809-bf15-48b6-b0ac-fc41a7f5286e" testId="b1bc0a56-2028-9c0a-17d9-245b2fce2b4b" testName="TempleApi.Tests.AuthenticationTests.AuthService_RegisterAsync_ShouldHandleNullOptionalFields" computerName="PIC4100" duration="00:00:00.2389557" startTime="2025-09-27T13:15:16.8181624+05:30" endTime="2025-09-27T13:15:16.8181627+05:30" testType="13cdc9d9-ddb5-4fa4-a97d-d965ccfc6d4b" outcome="Passed" testListId="8c84fa94-04c1-424b-9868-57a2d4851a1d" relativeResultsDirectory="6b36a809-bf15-48b6-b0ac-fc41a7f5286e" />
    <UnitTestResult executionId="fc7688d2-f728-4b58-a956-aa2979b4b877" testId="180d2e31-adff-5530-fc77-2e16c477b01c" testName="TempleApi.Tests.DonationServiceTests.UpdateDonationStatusAsync_ShouldUpdateStatus_WhenExists" computerName="PIC4100" duration="00:00:00.0418260" startTime="2025-09-27T13:15:16.9808317+05:30" endTime="2025-09-27T13:15:16.9808319+05:30" testType="13cdc9d9-ddb5-4fa4-a97d-d965ccfc6d4b" outcome="Passed" testListId="8c84fa94-04c1-424b-9868-57a2d4851a1d" relativeResultsDirectory="fc7688d2-f728-4b58-a956-aa2979b4b877" />
    <UnitTestResult executionId="d2a86f89-e49c-4524-913a-53ff348bcdd0" testId="5c7725c4-5cf3-ee33-7cdd-4a31a718ae5f" testName="TempleApi.Tests.DonationServiceTests.CreateDonationAsync_ShouldCreateDonation_Anonymous" computerName="PIC4100" duration="00:00:00.0040476" startTime="2025-09-27T13:15:16.6503787+05:30" endTime="2025-09-27T13:15:16.6503790+05:30" testType="13cdc9d9-ddb5-4fa4-a97d-d965ccfc6d4b" outcome="Passed" testListId="8c84fa94-04c1-424b-9868-57a2d4851a1d" relativeResultsDirectory="d2a86f89-e49c-4524-913a-53ff348bcdd0" />
    <UnitTestResult executionId="bfbbecad-02b8-4029-879c-e6ccbdd1449d" testId="91e355de-5779-d964-23b1-71a866fe4279" testName="TempleApi.Tests.DevoteeServiceTests.GetDevoteeByIdAsync_ShouldReturnNull_WhenNotFound" computerName="PIC4100" duration="00:00:03.4998030" startTime="2025-09-27T13:15:16.0395842+05:30" endTime="2025-09-27T13:15:16.0395844+05:30" testType="13cdc9d9-ddb5-4fa4-a97d-d965ccfc6d4b" outcome="Passed" testListId="8c84fa94-04c1-424b-9868-57a2d4851a1d" relativeResultsDirectory="bfbbecad-02b8-4029-879c-e6ccbdd1449d" />
    <UnitTestResult executionId="476f5405-f01d-47d6-8db1-9536ae7d9574" testId="c93aca7a-3ed9-4956-e74e-5d0bd23295d1" testName="TempleApi.Tests.TempleServiceTests.GetTempleByIdAsync_ShouldReturnNull_WhenTempleDoesNotExist" computerName="PIC4100" duration="00:00:00.2336301" startTime="2025-09-27T13:15:16.8673825+05:30" endTime="2025-09-27T13:15:16.8673829+05:30" testType="13cdc9d9-ddb5-4fa4-a97d-d965ccfc6d4b" outcome="Passed" testListId="8c84fa94-04c1-424b-9868-57a2d4851a1d" relativeResultsDirectory="476f5405-f01d-47d6-8db1-9536ae7d9574" />
    <UnitTestResult executionId="206eaf50-445f-46e9-8e8b-9abe61bc6068" testId="381a6e3a-5a0d-2059-7f7c-ca876cb7ca03" testName="TempleApi.Tests.UserServiceTests.GetUserByEmailAsync_ShouldReturnNull_WhenUserDoesNotExist" computerName="PIC4100" duration="00:00:00.0027940" startTime="2025-09-27T13:15:17.6328386+05:30" endTime="2025-09-27T13:15:17.6328388+05:30" testType="13cdc9d9-ddb5-4fa4-a97d-d965ccfc6d4b" outcome="Passed" testListId="8c84fa94-04c1-424b-9868-57a2d4851a1d" relativeResultsDirectory="206eaf50-445f-46e9-8e8b-9abe61bc6068" />
    <UnitTestResult executionId="fe2621ae-9b4b-4d6e-b518-7b8c6edb355a" testId="b025220a-46ad-8c20-46df-17ea443acfdb" testName="TempleApi.Tests.EventServiceTests.UpdateEventAsync_ShouldReturnNull_WhenNotFound" computerName="PIC4100" duration="00:00:00.0396477" startTime="2025-09-27T13:15:17.2148878+05:30" endTime="2025-09-27T13:15:17.2148879+05:30" testType="13cdc9d9-ddb5-4fa4-a97d-d965ccfc6d4b" outcome="Passed" testListId="8c84fa94-04c1-424b-9868-57a2d4851a1d" relativeResultsDirectory="fe2621ae-9b4b-4d6e-b518-7b8c6edb355a" />
    <UnitTestResult executionId="ac40bfa0-5460-455f-a147-a192a06ed02a" testId="1a8857a6-51a1-b070-393d-9735c211d32c" testName="TempleApi.Tests.SaleServiceTests.GetSalesByStaffAsync_ShouldReturnStaffSales" computerName="PIC4100" duration="00:00:00.0066920" startTime="2025-09-27T13:15:17.6473924+05:30" endTime="2025-09-27T13:15:17.6473930+05:30" testType="13cdc9d9-ddb5-4fa4-a97d-d965ccfc6d4b" outcome="Passed" testListId="8c84fa94-04c1-424b-9868-57a2d4851a1d" relativeResultsDirectory="ac40bfa0-5460-455f-a147-a192a06ed02a" />
    <UnitTestResult executionId="0d1ab35c-31e4-4540-8c1c-0db1330eb89e" testId="20809f28-9cf3-3437-524f-fa0d1d9d2e5b" testName="TempleApi.Tests.SortingTests.SearchTemplesAsync_ReturnsResultsInDescendingOrder" computerName="PIC4100" duration="00:00:00.0517571" startTime="2025-09-27T13:15:16.7490276+05:30" endTime="2025-09-27T13:15:16.7490282+05:30" testType="13cdc9d9-ddb5-4fa4-a97d-d965ccfc6d4b" outcome="Passed" testListId="8c84fa94-04c1-424b-9868-57a2d4851a1d" relativeResultsDirectory="0d1ab35c-31e4-4540-8c1c-0db1330eb89e" />
    <UnitTestResult executionId="828853fd-9667-4a23-be26-5840f7f1ed5f" testId="79802dd2-d825-cdbd-2271-f75874229944" testName="TempleApi.Tests.AuthenticationIntegrationTests.GetPermissions_ShouldReturnUserPermissions_WithValidAuth" computerName="PIC4100" duration="00:00:01.0179278" startTime="2025-09-27T13:15:54.0787224+05:30" endTime="2025-09-27T13:15:54.0787226+05:30" testType="13cdc9d9-ddb5-4fa4-a97d-d965ccfc6d4b" outcome="Failed" testListId="8c84fa94-04c1-424b-9868-57a2d4851a1d" relativeResultsDirectory="828853fd-9667-4a23-be26-5840f7f1ed5f">
      <Output>
        <ErrorInfo>
          <Message>Expected response.StatusCode to be HttpStatusCode.OK {value: 200}, but found HttpStatusCode.Unauthorized {value: 401}.</Message>
          <StackTrace>   at FluentAssertions.Execution.XUnit2TestFramework.Throw(String message)&#xD;
   at FluentAssertions.Execution.TestFrameworkProvider.Throw(String message)&#xD;
   at FluentAssertions.Execution.DefaultAssertionStrategy.HandleFailure(String message)&#xD;
   at FluentAssertions.Execution.AssertionScope.FailWith(Func`1 failReasonFunc)&#xD;
   at FluentAssertions.Execution.AssertionScope.FailWith(Func`1 failReasonFunc)&#xD;
   at FluentAssertions.Execution.AssertionScope.FailWith(String message, Object[] args)&#xD;
   at FluentAssertions.Primitives.EnumAssertions`2.Be(TEnum expected, String because, Object[] becauseArgs)&#xD;
   at TempleApi.Tests.AuthenticationIntegrationTests.GetPermissions_ShouldReturnUserPermissions_WithValidAuth() in D:\prasanth\Personal\source\temple\temple-management-app\temple-api\Tests\AuthenticationIntegrationTests.cs:line 226&#xD;
--- End of stack trace from previous location ---</StackTrace>
        </ErrorInfo>
      </Output>
    </UnitTestResult>
    <UnitTestResult executionId="55730ff1-4677-46a7-9866-c65cd282e84d" testId="82ce313c-f1e0-c2db-606d-2888a88e6cee" testName="TempleApi.Tests.AuthenticationTests.AuthService_RegisterAsync_ShouldFail_WithTooLongPhone" computerName="PIC4100" duration="00:00:00.1302187" startTime="2025-09-27T13:15:16.1808456+05:30" endTime="2025-09-27T13:15:16.1808460+05:30" testType="13cdc9d9-ddb5-4fa4-a97d-d965ccfc6d4b" outcome="Passed" testListId="8c84fa94-04c1-424b-9868-57a2d4851a1d" relativeResultsDirectory="55730ff1-4677-46a7-9866-c65cd282e84d" />
    <UnitTestResult executionId="50f28df0-fe52-40ee-b5de-819ca708912f" testId="d20bb350-cca3-bb21-b73a-f6b4af2aac6a" testName="TempleApi.Tests.CategoryServiceTests.CreateCategoryAsync_ShouldValidate_SortOrderNonNegative" computerName="PIC4100" duration="00:00:00.0045160" startTime="2025-09-27T13:15:17.6709561+05:30" endTime="2025-09-27T13:15:17.6709576+05:30" testType="13cdc9d9-ddb5-4fa4-a97d-d965ccfc6d4b" outcome="Passed" testListId="8c84fa94-04c1-424b-9868-57a2d4851a1d" relativeResultsDirectory="50f28df0-fe52-40ee-b5de-819ca708912f" />
    <UnitTestResult executionId="fbb495ee-e599-4522-8741-2d10c206bccd" testId="e01ab663-f8f3-514b-a616-06e6f0f0d251" testName="TempleApi.Tests.SaleServiceTests.GetAllSalesAsync_ShouldReturnAllSales" computerName="PIC4100" duration="00:00:00.0053901" startTime="2025-09-27T13:15:17.5511085+05:30" endTime="2025-09-27T13:15:17.5511090+05:30" testType="13cdc9d9-ddb5-4fa4-a97d-d965ccfc6d4b" outcome="Passed" testListId="8c84fa94-04c1-424b-9868-57a2d4851a1d" relativeResultsDirectory="fbb495ee-e599-4522-8741-2d10c206bccd" />
    <UnitTestResult executionId="e410e6e1-efec-4e7f-9ee7-5271a3af0f36" testId="4c3eb3c5-4896-64ea-2f8f-fee82287c95d" testName="TempleApi.Tests.PoojaBookingServiceTests.GetAllBookingsAsync_ShouldReturnOnlyActiveBookings" computerName="PIC4100" duration="00:00:00.1440192" startTime="2025-09-27T13:15:17.9778703+05:30" endTime="2025-09-27T13:15:17.9778712+05:30" testType="13cdc9d9-ddb5-4fa4-a97d-d965ccfc6d4b" outcome="Passed" testListId="8c84fa94-04c1-424b-9868-57a2d4851a1d" relativeResultsDirectory="e410e6e1-efec-4e7f-9ee7-5271a3af0f36" />
    <UnitTestResult executionId="df627abb-1b8a-4761-b097-f0b1056d1572" testId="91b87b7e-3904-e3f6-94cc-1afc4d71b3f3" testName="TempleApi.Tests.TempleServiceTests.UpdateTempleAsync_ShouldReturnNull_WhenNotFound" computerName="PIC4100" duration="00:00:00.0058897" startTime="2025-09-27T13:15:17.0808684+05:30" endTime="2025-09-27T13:15:17.0808687+05:30" testType="13cdc9d9-ddb5-4fa4-a97d-d965ccfc6d4b" outcome="Passed" testListId="8c84fa94-04c1-424b-9868-57a2d4851a1d" relativeResultsDirectory="df627abb-1b8a-4761-b097-f0b1056d1572" />
    <UnitTestResult executionId="fea02d8f-542f-47c7-8fcb-6757b48f682a" testId="1372f59a-5854-811b-17e0-28fa95f4366d" testName="TempleApi.Tests.UserServiceTests.ResetPasswordAsync_ShouldThrow_WhenUserNotFound" computerName="PIC4100" duration="00:00:00.0246163" startTime="2025-09-27T13:15:17.4894121+05:30" endTime="2025-09-27T13:15:17.4894125+05:30" testType="13cdc9d9-ddb5-4fa4-a97d-d965ccfc6d4b" outcome="Passed" testListId="8c84fa94-04c1-424b-9868-57a2d4851a1d" relativeResultsDirectory="fea02d8f-542f-47c7-8fcb-6757b48f682a" />
    <UnitTestResult executionId="027c13c7-9bd7-4672-9b9b-eb8daa18e6b6" testId="e76015ad-4560-f322-0bb5-8daef7b0124f" testName="TempleApi.Tests.SaleServiceTests.CreateSaleAsync_ShouldThrowException_WhenProductNotAvailable" computerName="PIC4100" duration="00:00:00.0268157" startTime="2025-09-27T13:15:17.4830371+05:30" endTime="2025-09-27T13:15:17.4830373+05:30" testType="13cdc9d9-ddb5-4fa4-a97d-d965ccfc6d4b" outcome="Passed" testListId="8c84fa94-04c1-424b-9868-57a2d4851a1d" relativeResultsDirectory="027c13c7-9bd7-4672-9b9b-eb8daa18e6b6" />
    <UnitTestResult executionId="a7d22fd5-0a17-44b9-9c63-289e4cb45c3a" testId="c3eff8c0-032f-e47c-f64c-6712d4e4a96e" testName="TempleApi.Tests.AuthenticationTests.BasicAuthenticationHandler_ShouldAuthenticate_WithEmail" computerName="PIC4100" duration="00:00:00.0259801" startTime="2025-09-27T13:15:17.3494651+05:30" endTime="2025-09-27T13:15:17.3494656+05:30" testType="13cdc9d9-ddb5-4fa4-a97d-d965ccfc6d4b" outcome="Passed" testListId="8c84fa94-04c1-424b-9868-57a2d4851a1d" relativeResultsDirectory="a7d22fd5-0a17-44b9-9c63-289e4cb45c3a" />
    <UnitTestResult executionId="45da92cf-7f82-41c5-9cb0-ac9021b86c51" testId="7c29086b-559c-cd42-5577-408a9afe0b47" testName="TempleApi.Tests.ProductServiceTests.CheckProductAvailabilityAsync_ShouldReturnTrue_WhenProductHasEnoughQuantity" computerName="PIC4100" duration="00:00:03.5991502" startTime="2025-09-27T13:15:16.1349955+05:30" endTime="2025-09-27T13:15:16.1349957+05:30" testType="13cdc9d9-ddb5-4fa4-a97d-d965ccfc6d4b" outcome="Passed" testListId="8c84fa94-04c1-424b-9868-57a2d4851a1d" relativeResultsDirectory="45da92cf-7f82-41c5-9cb0-ac9021b86c51" />
    <UnitTestResult executionId="2996b116-989f-4d73-8473-4823ce74ac62" testId="2fbd0562-8a53-f615-e1ab-6f7174f59fff" testName="TempleApi.Tests.DevoteeServiceTests.GetDevoteeByIdAsync_ShouldReturnDevotee_WhenExists" computerName="PIC4100" duration="00:00:00.0295515" startTime="2025-09-27T13:15:17.0448062+05:30" endTime="2025-09-27T13:15:17.0448083+05:30" testType="13cdc9d9-ddb5-4fa4-a97d-d965ccfc6d4b" outcome="Passed" testListId="8c84fa94-04c1-424b-9868-57a2d4851a1d" relativeResultsDirectory="2996b116-989f-4d73-8473-4823ce74ac62" />
    <UnitTestResult executionId="0b427413-6e69-42cd-8995-97212b6af205" testId="f7302d4d-e862-46e0-7497-e5e2c430e743" testName="TempleApi.Tests.AuthenticationTests.BasicAuthenticationHandler_ShouldAuthenticate_WithValidCredentials" computerName="PIC4100" duration="00:00:00.0154424" startTime="2025-09-27T13:15:17.5504909+05:30" endTime="2025-09-27T13:15:17.5504913+05:30" testType="13cdc9d9-ddb5-4fa4-a97d-d965ccfc6d4b" outcome="Passed" testListId="8c84fa94-04c1-424b-9868-57a2d4851a1d" relativeResultsDirectory="0b427413-6e69-42cd-8995-97212b6af205" />
    <UnitTestResult executionId="39ec3ab7-e330-4068-8ad2-0d16edff7252" testId="900b65c5-4711-ff3f-0810-d7e45ef37999" testName="TempleApi.Tests.ProductServiceTests.UpdateProductStatusAsync_ShouldUpdateStatus_WhenProductExists" computerName="PIC4100" duration="00:00:00.1124999" startTime="2025-09-27T13:15:16.8235725+05:30" endTime="2025-09-27T13:15:16.8235728+05:30" testType="13cdc9d9-ddb5-4fa4-a97d-d965ccfc6d4b" outcome="Passed" testListId="8c84fa94-04c1-424b-9868-57a2d4851a1d" relativeResultsDirectory="39ec3ab7-e330-4068-8ad2-0d16edff7252" />
    <UnitTestResult executionId="d92392af-c397-4824-a498-987f8f4b2026" testId="d81b7279-93bf-d67f-51a0-a629cb3493ad" testName="TempleApi.Tests.PoojaBookingServiceTests.DeleteBookingAsync_ShouldDeactivateBooking_WhenBookingExists" computerName="PIC4100" duration="00:00:00.0042758" startTime="2025-09-27T13:15:18.1316033+05:30" endTime="2025-09-27T13:15:18.1316037+05:30" testType="13cdc9d9-ddb5-4fa4-a97d-d965ccfc6d4b" outcome="Passed" testListId="8c84fa94-04c1-424b-9868-57a2d4851a1d" relativeResultsDirectory="d92392af-c397-4824-a498-987f8f4b2026" />
    <UnitTestResult executionId="2b7f362b-cc9b-4de0-8292-4be84568c782" testId="63863f5b-4178-0069-8865-1e7f3a9bc85f" testName="TempleApi.Tests.TempleServiceTests.GetTemplesByLocationAsync_ShouldFilterByCityAndOptionalState" computerName="PIC4100" duration="00:00:00.0893781" startTime="2025-09-27T13:15:17.1816160+05:30" endTime="2025-09-27T13:15:17.1816163+05:30" testType="13cdc9d9-ddb5-4fa4-a97d-d965ccfc6d4b" outcome="Passed" testListId="8c84fa94-04c1-424b-9868-57a2d4851a1d" relativeResultsDirectory="2b7f362b-cc9b-4de0-8292-4be84568c782" />
    <UnitTestResult executionId="26c5070f-480b-482d-825f-bcd2fde19385" testId="dd151a23-2f73-bd6a-29f0-a2e88eb55652" testName="TempleApi.Tests.PoojaServiceTests.UpdatePoojaAsync_ShouldThrowException_WhenPoojaDoesNotExist" computerName="PIC4100" duration="00:00:00.0162144" startTime="2025-09-27T13:15:16.1349456+05:30" endTime="2025-09-27T13:15:16.1349460+05:30" testType="13cdc9d9-ddb5-4fa4-a97d-d965ccfc6d4b" outcome="Passed" testListId="8c84fa94-04c1-424b-9868-57a2d4851a1d" relativeResultsDirectory="26c5070f-480b-482d-825f-bcd2fde19385" />
    <UnitTestResult executionId="51284ed5-b9ef-44b7-8c8c-64d1d60d4407" testId="3d4c171f-0e84-2082-e391-55f1c7c5a6bb" testName="TempleApi.Tests.AuthenticationIntegrationTests.UsersMe_Put_ShouldUpdateProfile" computerName="PIC4100" duration="00:00:01.0259069" startTime="2025-09-27T13:15:40.0907522+05:30" endTime="2025-09-27T13:15:40.0907528+05:30" testType="13cdc9d9-ddb5-4fa4-a97d-d965ccfc6d4b" outcome="Failed" testListId="8c84fa94-04c1-424b-9868-57a2d4851a1d" relativeResultsDirectory="51284ed5-b9ef-44b7-8c8c-64d1d60d4407">
      <Output>
        <ErrorInfo>
          <Message>Expected response.StatusCode to be HttpStatusCode.OK {value: 200}, but found HttpStatusCode.Unauthorized {value: 401}.</Message>
          <StackTrace>   at FluentAssertions.Execution.XUnit2TestFramework.Throw(String message)&#xD;
   at FluentAssertions.Execution.TestFrameworkProvider.Throw(String message)&#xD;
   at FluentAssertions.Execution.DefaultAssertionStrategy.HandleFailure(String message)&#xD;
   at FluentAssertions.Execution.AssertionScope.FailWith(Func`1 failReasonFunc)&#xD;
   at FluentAssertions.Execution.AssertionScope.FailWith(Func`1 failReasonFunc)&#xD;
   at FluentAssertions.Execution.AssertionScope.FailWith(String message, Object[] args)&#xD;
   at FluentAssertions.Primitives.EnumAssertions`2.Be(TEnum expected, String because, Object[] becauseArgs)&#xD;
   at TempleApi.Tests.AuthenticationIntegrationTests.UsersMe_Put_ShouldUpdateProfile() in D:\prasanth\Personal\source\temple\temple-management-app\temple-api\Tests\AuthenticationIntegrationTests.cs:line 428&#xD;
--- End of stack trace from previous location ---</StackTrace>
        </ErrorInfo>
      </Output>
    </UnitTestResult>
    <UnitTestResult executionId="6789329b-2feb-4b66-a9e6-76a38c274583" testId="4afced7b-7914-d191-9fea-f9ba5ed1b596" testName="TempleApi.Tests.PoojaBookingServiceTests.CreateBookingAsync_ShouldThrowException_WhenCustomerDoesNotExist" computerName="PIC4100" duration="00:00:00.0081994" startTime="2025-09-27T13:15:18.1271824+05:30" endTime="2025-09-27T13:15:18.1271856+05:30" testType="13cdc9d9-ddb5-4fa4-a97d-d965ccfc6d4b" outcome="Passed" testListId="8c84fa94-04c1-424b-9868-57a2d4851a1d" relativeResultsDirectory="6789329b-2feb-4b66-a9e6-76a38c274583" />
    <UnitTestResult executionId="f668c817-ee19-408a-b159-2f6f2f72e3d4" testId="68861163-2e52-ed9f-c2fd-e97261c6923d" testName="TempleApi.Tests.AuthenticationFeatureTests.Login_ShouldFail_ForUnverifiedUser" computerName="PIC4100" duration="00:00:00.0123308" startTime="2025-09-27T13:15:17.2148375+05:30" endTime="2025-09-27T13:15:17.2148379+05:30" testType="13cdc9d9-ddb5-4fa4-a97d-d965ccfc6d4b" outcome="Passed" testListId="8c84fa94-04c1-424b-9868-57a2d4851a1d" relativeResultsDirectory="f668c817-ee19-408a-b159-2f6f2f72e3d4" />
    <UnitTestResult executionId="b462310e-c0f5-461e-9bfc-de6d2cd7490b" testId="1cfb9b11-15ef-a42f-0471-9113184838cf" testName="TempleApi.Tests.ProductServiceTests.CheckProductAvailabilityAsync_ShouldReturnFalse_WhenProductHasInsufficientQuantity" computerName="PIC4100" duration="00:00:00.0089544" startTime="2025-09-27T13:15:16.7103335+05:30" endTime="2025-09-27T13:15:16.7103341+05:30" testType="13cdc9d9-ddb5-4fa4-a97d-d965ccfc6d4b" outcome="Passed" testListId="8c84fa94-04c1-424b-9868-57a2d4851a1d" relativeResultsDirectory="b462310e-c0f5-461e-9bfc-de6d2cd7490b" />
    <UnitTestResult executionId="de5cdf44-b6bc-4341-ba09-dbd580ae0f59" testId="af3d53e6-f8d8-f6b9-1571-a054bf07be27" testName="TempleApi.Tests.UserManagementFeatureTests.UpdateUser_ShouldClear_NakshatraAndDOB_WhenNull" computerName="PIC4100" duration="00:00:00.0068365" startTime="2025-09-27T13:15:17.2938359+05:30" endTime="2025-09-27T13:15:17.2938379+05:30" testType="13cdc9d9-ddb5-4fa4-a97d-d965ccfc6d4b" outcome="Passed" testListId="8c84fa94-04c1-424b-9868-57a2d4851a1d" relativeResultsDirectory="de5cdf44-b6bc-4341-ba09-dbd580ae0f59" />
    <UnitTestResult executionId="bcba5785-7cc7-4a74-bb25-f68c5b543171" testId="601f5f0d-9451-8057-8b2d-cd1fcf2f20fc" testName="TempleApi.Tests.SaleServiceTests.UpdateSaleAsync_ShouldThrowException_WhenSaleDoesNotExist" computerName="PIC4100" duration="00:00:00.0184275" startTime="2025-09-27T13:15:17.4248564+05:30" endTime="2025-09-27T13:15:17.4248572+05:30" testType="13cdc9d9-ddb5-4fa4-a97d-d965ccfc6d4b" outcome="Passed" testListId="8c84fa94-04c1-424b-9868-57a2d4851a1d" relativeResultsDirectory="bcba5785-7cc7-4a74-bb25-f68c5b543171" />
    <UnitTestResult executionId="f355d79b-b461-46b4-ba6d-3a5b8128590a" testId="87f6752c-a0fd-bb45-9516-aaba68c313e6" testName="TempleApi.Tests.CategoryServiceTests.CreateCategoryAsync_ShouldThrow_WhenDuplicateName" computerName="PIC4100" duration="00:00:00.0105065" startTime="2025-09-27T13:15:17.6513039+05:30" endTime="2025-09-27T13:15:17.6513042+05:30" testType="13cdc9d9-ddb5-4fa4-a97d-d965ccfc6d4b" outcome="Passed" testListId="8c84fa94-04c1-424b-9868-57a2d4851a1d" relativeResultsDirectory="f355d79b-b461-46b4-ba6d-3a5b8128590a" />
    <UnitTestResult executionId="030b3284-b22f-45ff-88ad-562b6302f8f8" testId="f39849e2-1039-89b1-4b6e-d6550cb4eed8" testName="TempleApi.Tests.DonationServiceTests.GetDonationByIdAsync_ShouldReturnDonation_WhenExists" computerName="PIC4100" duration="00:00:00.3906628" startTime="2025-09-27T13:15:16.5798965+05:30" endTime="2025-09-27T13:15:16.5798968+05:30" testType="13cdc9d9-ddb5-4fa4-a97d-d965ccfc6d4b" outcome="Passed" testListId="8c84fa94-04c1-424b-9868-57a2d4851a1d" relativeResultsDirectory="030b3284-b22f-45ff-88ad-562b6302f8f8" />
    <UnitTestResult executionId="71028795-09a0-468f-8218-87b6e15f62cf" testId="6e3b1f2b-6cc9-6f2a-6420-acff5733bd98" testName="TempleApi.Tests.AuthenticationFeatureTests.Verify_ShouldActivateUser" computerName="PIC4100" duration="00:00:00.0441922" startTime="2025-09-27T13:15:16.9677309+05:30" endTime="2025-09-27T13:15:16.9677311+05:30" testType="13cdc9d9-ddb5-4fa4-a97d-d965ccfc6d4b" outcome="Passed" testListId="8c84fa94-04c1-424b-9868-57a2d4851a1d" relativeResultsDirectory="71028795-09a0-468f-8218-87b6e15f62cf" />
    <UnitTestResult executionId="c1311d0d-4a89-46c3-b542-9e74006edc71" testId="97e857d1-6a95-830e-33e5-8c725f66fb5d" testName="TempleApi.Tests.RepositorySortingTests.FindAsync_ReturnsFilteredResultsInDescendingOrder" computerName="PIC4100" duration="00:00:00.0284170" startTime="2025-09-27T13:15:17.7176111+05:30" endTime="2025-09-27T13:15:17.7176113+05:30" testType="13cdc9d9-ddb5-4fa4-a97d-d965ccfc6d4b" outcome="Passed" testListId="8c84fa94-04c1-424b-9868-57a2d4851a1d" relativeResultsDirectory="c1311d0d-4a89-46c3-b542-9e74006edc71" />
    <UnitTestResult executionId="55ef2d59-d4d2-4bba-bbae-ea62f4553fe2" testId="5a00aed5-5f5b-198f-72a6-30da962e4f03" testName="TempleApi.Tests.DonationServiceTests.GetAllDonationsAsync_ShouldReturnOnlyActive" computerName="PIC4100" duration="00:00:00.1970878" startTime="2025-09-27T13:15:16.8476227+05:30" endTime="2025-09-27T13:15:16.8476232+05:30" testType="13cdc9d9-ddb5-4fa4-a97d-d965ccfc6d4b" outcome="Passed" testListId="8c84fa94-04c1-424b-9868-57a2d4851a1d" relativeResultsDirectory="55ef2d59-d4d2-4bba-bbae-ea62f4553fe2" />
    <UnitTestResult executionId="54d3c911-b4cd-48c7-946e-a97e188467f6" testId="09fa646b-09d4-211f-b1bd-5a4970599727" testName="TempleApi.Tests.UserServiceTests.ValidateUserCredentialsAsync_ShouldReturnTrue_WhenCredentialsAreValid" computerName="PIC4100" duration="00:00:00.0055959" startTime="2025-09-27T13:15:17.6399090+05:30" endTime="2025-09-27T13:15:17.6399095+05:30" testType="13cdc9d9-ddb5-4fa4-a97d-d965ccfc6d4b" outcome="Passed" testListId="8c84fa94-04c1-424b-9868-57a2d4851a1d" relativeResultsDirectory="54d3c911-b4cd-48c7-946e-a97e188467f6" />
    <UnitTestResult executionId="66ca3bb5-7d48-4fc8-98a8-ccad8496ed91" testId="98d2d5e2-b3ae-7ca0-525f-0a1f09d0fd5d" testName="TempleApi.Tests.PoojaBookingServiceTests.CreateBookingAsync_ShouldCreateBooking_WhenValidData" computerName="PIC4100" duration="00:00:00.0067079" startTime="2025-09-27T13:15:18.6180777+05:30" endTime="2025-09-27T13:15:18.6180780+05:30" testType="13cdc9d9-ddb5-4fa4-a97d-d965ccfc6d4b" outcome="Passed" testListId="8c84fa94-04c1-424b-9868-57a2d4851a1d" relativeResultsDirectory="66ca3bb5-7d48-4fc8-98a8-ccad8496ed91" />
    <UnitTestResult executionId="ca2e99cc-3366-4ba5-bffa-1b254f502e9c" testId="f9b280a3-2f9f-caae-df14-ece674749b67" testName="TempleApi.Tests.AuthenticationIntegrationTests.UsersMe_Put_ShouldReturnUnauthorizedWithoutAuth" computerName="PIC4100" duration="00:00:01.5302839" startTime="2025-09-27T13:15:39.0578887+05:30" endTime="2025-09-27T13:15:39.0578901+05:30" testType="13cdc9d9-ddb5-4fa4-a97d-d965ccfc6d4b" outcome="Passed" testListId="8c84fa94-04c1-424b-9868-57a2d4851a1d" relativeResultsDirectory="ca2e99cc-3366-4ba5-bffa-1b254f502e9c" />
    <UnitTestResult executionId="a04b28c5-a39a-46d6-8d89-bb79b3172f01" testId="8c16369b-46c5-be12-df14-66acfa9f232d" testName="TempleApi.Tests.UserManagementFeatureTests.UpdateUser_ShouldUpdate_NakshatraAndDOB" computerName="PIC4100" duration="00:00:00.0105977" startTime="2025-09-27T13:15:17.2590380+05:30" endTime="2025-09-27T13:15:17.2590383+05:30" testType="13cdc9d9-ddb5-4fa4-a97d-d965ccfc6d4b" outcome="Passed" testListId="8c84fa94-04c1-424b-9868-57a2d4851a1d" relativeResultsDirectory="a04b28c5-a39a-46d6-8d89-bb79b3172f01" />
    <UnitTestResult executionId="b1907f6e-bfa6-4951-b1ef-a20f90eca573" testId="425149a8-98da-7b70-a19b-a437dbb73a55" testName="TempleApi.Tests.UserManagementFeatureTests.CreateUser_ShouldInclude_NakshatraAndDOB" computerName="PIC4100" duration="00:00:00.1166331" startTime="2025-09-27T13:15:17.2436727+05:30" endTime="2025-09-27T13:15:17.2436734+05:30" testType="13cdc9d9-ddb5-4fa4-a97d-d965ccfc6d4b" outcome="Passed" testListId="8c84fa94-04c1-424b-9868-57a2d4851a1d" relativeResultsDirectory="b1907f6e-bfa6-4951-b1ef-a20f90eca573" />
    <UnitTestResult executionId="26508ae9-d01c-41f2-b468-124022d9f10a" testId="11bbe710-a08d-98f1-1ac2-9a6397cf3416" testName="TempleApi.Tests.UserManagementFeatureTests.CreateUser_ShouldAccept_VariousNakshatrasAndDates(nakshatra: &quot;Krittika&quot;, dateTimeStr: &quot;1992-07-10 08:15:00&quot;)" computerName="PIC4100" duration="00:00:00.0180529" startTime="2025-09-27T13:15:17.2841819+05:30" endTime="2025-09-27T13:15:17.2841821+05:30" testType="13cdc9d9-ddb5-4fa4-a97d-d965ccfc6d4b" outcome="Passed" testListId="8c84fa94-04c1-424b-9868-57a2d4851a1d" relativeResultsDirectory="26508ae9-d01c-41f2-b468-124022d9f10a" />
    <UnitTestResult executionId="d3f2f9b6-a05e-4c0a-a70d-53953ce9d87c" testId="e1dbd725-1762-e032-fe7a-2aa2996b82f4" testName="TempleApi.Tests.AuthenticationIntegrationTests.UsersMe_Put_ShouldUpdatePassword" computerName="PIC4100" duration="00:00:01.8498314" startTime="2025-09-27T13:15:32.7460105+05:30" endTime="2025-09-27T13:15:32.7460108+05:30" testType="13cdc9d9-ddb5-4fa4-a97d-d965ccfc6d4b" outcome="Failed" testListId="8c84fa94-04c1-424b-9868-57a2d4851a1d" relativeResultsDirectory="d3f2f9b6-a05e-4c0a-a70d-53953ce9d87c">
      <Output>
        <ErrorInfo>
          <Message>Expected response.StatusCode to be HttpStatusCode.OK {value: 200}, but found HttpStatusCode.Unauthorized {value: 401}.</Message>
          <StackTrace>   at FluentAssertions.Execution.XUnit2TestFramework.Throw(String message)&#xD;
   at FluentAssertions.Execution.TestFrameworkProvider.Throw(String message)&#xD;
   at FluentAssertions.Execution.DefaultAssertionStrategy.HandleFailure(String message)&#xD;
   at FluentAssertions.Execution.AssertionScope.FailWith(Func`1 failReasonFunc)&#xD;
   at FluentAssertions.Execution.AssertionScope.FailWith(Func`1 failReasonFunc)&#xD;
   at FluentAssertions.Execution.AssertionScope.FailWith(String message, Object[] args)&#xD;
   at FluentAssertions.Primitives.EnumAssertions`2.Be(TEnum expected, String because, Object[] becauseArgs)&#xD;
   at TempleApi.Tests.AuthenticationIntegrationTests.UsersMe_Put_ShouldUpdatePassword() in D:\prasanth\Personal\source\temple\temple-management-app\temple-api\Tests\AuthenticationIntegrationTests.cs:line 453&#xD;
--- End of stack trace from previous location ---</StackTrace>
        </ErrorInfo>
      </Output>
    </UnitTestResult>
    <UnitTestResult executionId="38926b80-3e23-4322-b023-559cec8c0a27" testId="f1af5e52-711f-1ff0-9426-c1461d5da4a6" testName="TempleApi.Tests.TempleServiceTests.GetAllTemplesAsync_ShouldReturnOnlyActiveTemples" computerName="PIC4100" duration="00:00:00.0099065" startTime="2025-09-27T13:15:17.0849923+05:30" endTime="2025-09-27T13:15:17.0849927+05:30" testType="13cdc9d9-ddb5-4fa4-a97d-d965ccfc6d4b" outcome="Passed" testListId="8c84fa94-04c1-424b-9868-57a2d4851a1d" relativeResultsDirectory="38926b80-3e23-4322-b023-559cec8c0a27" />
    <UnitTestResult executionId="c2302fe7-499b-4c5c-9eba-c2740ef1a085" testId="930d998f-051a-6d7f-4dcd-2ab6649e8df1" testName="TempleApi.Tests.PoojaBookingServiceTests.AssignStaffToBookingAsync_ShouldAssignStaff_WhenValidData" computerName="PIC4100" duration="00:00:00.0169954" startTime="2025-09-27T13:15:18.6356399+05:30" endTime="2025-09-27T13:15:18.6356409+05:30" testType="13cdc9d9-ddb5-4fa4-a97d-d965ccfc6d4b" outcome="Passed" testListId="8c84fa94-04c1-424b-9868-57a2d4851a1d" relativeResultsDirectory="c2302fe7-499b-4c5c-9eba-c2740ef1a085" />
    <UnitTestResult executionId="eab29327-35a6-444e-91ac-e5e98c21b38a" testId="132d23d0-f432-7a14-6faf-ff3d5003284b" testName="TempleApi.Tests.EventServiceTests.GetUpcomingEventsAsync_ShouldFilterByFutureAndScheduled" computerName="PIC4100" duration="00:00:00.1917652" startTime="2025-09-27T13:15:17.6420673+05:30" endTime="2025-09-27T13:15:17.6420675+05:30" testType="13cdc9d9-ddb5-4fa4-a97d-d965ccfc6d4b" outcome="Passed" testListId="8c84fa94-04c1-424b-9868-57a2d4851a1d" relativeResultsDirectory="eab29327-35a6-444e-91ac-e5e98c21b38a" />
    <UnitTestResult executionId="fe86416f-c626-497d-97f3-330fdd2fc692" testId="8c23965d-a7d4-681e-ae4e-a19d50cd74bc" testName="TempleApi.Tests.RoleServiceTests.GetAllRolesAsync_ShouldReturnAllRoles" computerName="PIC4100" duration="00:00:00.1719674" startTime="2025-09-27T13:15:16.5889948+05:30" endTime="2025-09-27T13:15:16.5889958+05:30" testType="13cdc9d9-ddb5-4fa4-a97d-d965ccfc6d4b" outcome="Passed" testListId="8c84fa94-04c1-424b-9868-57a2d4851a1d" relativeResultsDirectory="fe86416f-c626-497d-97f3-330fdd2fc692" />
    <UnitTestResult executionId="86b24405-a4d3-4097-8fb8-d437ee5f6c03" testId="96b51f8e-6fda-905f-9ab7-16cff7914612" testName="TempleApi.Tests.ExpenseServiceTests.CreateExpenseAsync_ShouldCreateExpense_WhenValidData" computerName="PIC4100" duration="00:00:00.0697675" startTime="2025-09-27T13:15:13.0576896+05:30" endTime="2025-09-27T13:15:13.0576908+05:30" testType="13cdc9d9-ddb5-4fa4-a97d-d965ccfc6d4b" outcome="Passed" testListId="8c84fa94-04c1-424b-9868-57a2d4851a1d" relativeResultsDirectory="86b24405-a4d3-4097-8fb8-d437ee5f6c03" />
    <UnitTestResult executionId="5d057b04-c323-4a82-9f61-48b72d4f603a" testId="3d4ae942-6b07-eda7-bbcd-f77204b9e973" testName="TempleApi.Tests.RepositorySortingTests.GetPagedAsync_ReturnsPagedResultsInDescendingOrder" computerName="PIC4100" duration="00:00:00.0568099" startTime="2025-09-27T13:15:17.6890105+05:30" endTime="2025-09-27T13:15:17.6890136+05:30" testType="13cdc9d9-ddb5-4fa4-a97d-d965ccfc6d4b" outcome="Passed" testListId="8c84fa94-04c1-424b-9868-57a2d4851a1d" relativeResultsDirectory="5d057b04-c323-4a82-9f61-48b72d4f603a" />
    <UnitTestResult executionId="0f9a6941-9ea4-4c72-842e-94a298ef45b6" testId="25753285-070a-7233-72a9-a5c4cd56f5a3" testName="TempleApi.Tests.EventExpenseServiceTests.UpdateEventExpenseAsync_ShouldUpdateItem_WhenExists" computerName="PIC4100" duration="00:00:00.0280303" startTime="2025-09-27T13:15:13.0302652+05:30" endTime="2025-09-27T13:15:13.0302653+05:30" testType="13cdc9d9-ddb5-4fa4-a97d-d965ccfc6d4b" outcome="Passed" testListId="8c84fa94-04c1-424b-9868-57a2d4851a1d" relativeResultsDirectory="0f9a6941-9ea4-4c72-842e-94a298ef45b6" />
    <UnitTestResult executionId="2088adad-a850-4ae7-8f56-db4969efbabe" testId="7ca996aa-9f2c-be78-a538-1ab52476a360" testName="TempleApi.Tests.PoojaServiceTests.CreatePoojaAsync_ShouldCreatePooja_WhenValidData" computerName="PIC4100" duration="00:00:00.1118017" startTime="2025-09-27T13:15:16.2826825+05:30" endTime="2025-09-27T13:15:16.2826832+05:30" testType="13cdc9d9-ddb5-4fa4-a97d-d965ccfc6d4b" outcome="Passed" testListId="8c84fa94-04c1-424b-9868-57a2d4851a1d" relativeResultsDirectory="2088adad-a850-4ae7-8f56-db4969efbabe" />
    <UnitTestResult executionId="a44d891c-5db4-4ba9-a4cd-af92139119f8" testId="9e9c93aa-0b28-8aa5-bf61-ab8defc05ea5" testName="TempleApi.Tests.UserServiceTests.GetUserByEmailAsync_ShouldReturnUser_WhenUserExists" computerName="PIC4100" duration="00:00:00.0052021" startTime="2025-09-27T13:15:17.6452987+05:30" endTime="2025-09-27T13:15:17.6452990+05:30" testType="13cdc9d9-ddb5-4fa4-a97d-d965ccfc6d4b" outcome="Passed" testListId="8c84fa94-04c1-424b-9868-57a2d4851a1d" relativeResultsDirectory="a44d891c-5db4-4ba9-a4cd-af92139119f8" />
    <UnitTestResult executionId="0065ac8b-1da4-4954-b53a-e94613d9bc03" testId="8fbcdd41-4230-99ed-d2eb-916b9d2de109" testName="TempleApi.Tests.CategoryServiceTests.CreateCategoryAsync_ShouldValidate_NameRequired(name: &quot;&quot;)" computerName="PIC4100" duration="00:00:00.0048626" startTime="2025-09-27T13:15:17.6315120+05:30" endTime="2025-09-27T13:15:17.6315121+05:30" testType="13cdc9d9-ddb5-4fa4-a97d-d965ccfc6d4b" outcome="Passed" testListId="8c84fa94-04c1-424b-9868-57a2d4851a1d" relativeResultsDirectory="0065ac8b-1da4-4954-b53a-e94613d9bc03" />
    <UnitTestResult executionId="9a14ada4-257d-4e35-b8ae-3e2e402b61e1" testId="da26529d-6b14-1094-1525-1380a0cec028" testName="TempleApi.Tests.TempleServiceTests.DeleteTempleAsync_ShouldSoftDelete_WhenExists" computerName="PIC4100" duration="00:00:00.0053348" startTime="2025-09-27T13:15:16.9809925+05:30" endTime="2025-09-27T13:15:16.9809927+05:30" testType="13cdc9d9-ddb5-4fa4-a97d-d965ccfc6d4b" outcome="Passed" testListId="8c84fa94-04c1-424b-9868-57a2d4851a1d" relativeResultsDirectory="9a14ada4-257d-4e35-b8ae-3e2e402b61e1" />
    <UnitTestResult executionId="3038744f-e69d-4223-a375-686d5ad613cb" testId="f21dd84f-97c2-fd18-c852-9555dbd45a19" testName="TempleApi.Tests.CategoryServiceTests.UpdateCategoryAsync_ShouldReturnNull_WhenNotFound" computerName="PIC4100" duration="00:00:00.0100018" startTime="2025-09-27T13:15:17.6615146+05:30" endTime="2025-09-27T13:15:17.6615148+05:30" testType="13cdc9d9-ddb5-4fa4-a97d-d965ccfc6d4b" outcome="Passed" testListId="8c84fa94-04c1-424b-9868-57a2d4851a1d" relativeResultsDirectory="3038744f-e69d-4223-a375-686d5ad613cb" />
    <UnitTestResult executionId="2ff764ec-dfbc-4df7-ad73-6453c2b4f47d" testId="6af39dee-e40a-9b12-55da-b05c5a9e0442" testName="TempleApi.Tests.SortingTests.GetAllEventsAsync_ReturnsEventsInDescendingOrder" computerName="PIC4100" duration="00:00:00.2177616" startTime="2025-09-27T13:15:16.6975395+05:30" endTime="2025-09-27T13:15:16.6975402+05:30" testType="13cdc9d9-ddb5-4fa4-a97d-d965ccfc6d4b" outcome="Passed" testListId="8c84fa94-04c1-424b-9868-57a2d4851a1d" relativeResultsDirectory="2ff764ec-dfbc-4df7-ad73-6453c2b4f47d" />
    <UnitTestResult executionId="d0341dbf-708a-4e69-95dc-908c4c69b0e4" testId="135f042c-a116-80c0-4f4c-c2b2d82e56c4" testName="TempleApi.Tests.AuthenticationIntegrationTests.Register_ShouldFail_WithDuplicateEmail" computerName="PIC4100" duration="00:00:05.0108622" startTime="2025-09-27T13:15:45.0986535+05:30" endTime="2025-09-27T13:15:45.0986537+05:30" testType="13cdc9d9-ddb5-4fa4-a97d-d965ccfc6d4b" outcome="Failed" testListId="8c84fa94-04c1-424b-9868-57a2d4851a1d" relativeResultsDirectory="d0341dbf-708a-4e69-95dc-908c4c69b0e4">
      <Output>
        <ErrorInfo>
          <Message>Expected response.StatusCode to be HttpStatusCode.BadRequest {value: 400}, but found HttpStatusCode.OK {value: 200}.</Message>
          <StackTrace>   at FluentAssertions.Execution.XUnit2TestFramework.Throw(String message)&#xD;
   at FluentAssertions.Execution.TestFrameworkProvider.Throw(String message)&#xD;
   at FluentAssertions.Execution.DefaultAssertionStrategy.HandleFailure(String message)&#xD;
   at FluentAssertions.Execution.AssertionScope.FailWith(Func`1 failReasonFunc)&#xD;
   at FluentAssertions.Execution.AssertionScope.FailWith(Func`1 failReasonFunc)&#xD;
   at FluentAssertions.Execution.AssertionScope.FailWith(String message, Object[] args)&#xD;
   at FluentAssertions.Primitives.EnumAssertions`2.Be(TEnum expected, String because, Object[] becauseArgs)&#xD;
   at TempleApi.Tests.AuthenticationIntegrationTests.Register_ShouldFail_WithDuplicateEmail() in D:\prasanth\Personal\source\temple\temple-management-app\temple-api\Tests\AuthenticationIntegrationTests.cs:line 301&#xD;
--- End of stack trace from previous location ---</StackTrace>
        </ErrorInfo>
      </Output>
    </UnitTestResult>
    <UnitTestResult executionId="39b46666-7de0-4a2b-a874-c3cba168f875" testId="a1956043-14b8-17b3-e11b-b8ef9f1a3b34" testName="TempleApi.Tests.ProductServiceTests.CreateProductAsync_ShouldCreateProduct_WhenValidData" computerName="PIC4100" duration="00:00:00.0034629" startTime="2025-09-27T13:15:17.0656790+05:30" endTime="2025-09-27T13:15:17.0656792+05:30" testType="13cdc9d9-ddb5-4fa4-a97d-d965ccfc6d4b" outcome="Passed" testListId="8c84fa94-04c1-424b-9868-57a2d4851a1d" relativeResultsDirectory="39b46666-7de0-4a2b-a874-c3cba168f875" />
    <UnitTestResult executionId="3475ebea-b5fb-4436-8ea9-d9e440c9cd95" testId="59db7bdf-1eb9-f627-44d4-ec79f036613d" testName="TempleApi.Tests.CategoryServiceTests.CreateCategoryAsync_ShouldValidate_NameMaxLength" computerName="PIC4100" duration="00:00:00.0040302" startTime="2025-09-27T13:15:17.6656880+05:30" endTime="2025-09-27T13:15:17.6656882+05:30" testType="13cdc9d9-ddb5-4fa4-a97d-d965ccfc6d4b" outcome="Passed" testListId="8c84fa94-04c1-424b-9868-57a2d4851a1d" relativeResultsDirectory="3475ebea-b5fb-4436-8ea9-d9e440c9cd95" />
    <UnitTestResult executionId="17461248-9a94-4ef7-a894-c454abcdc7b9" testId="02fba3fa-db3d-9da5-7b74-a0529a8a0759" testName="TempleApi.Tests.ProductServiceTests.SearchProductsAsync_ShouldReturnEmptyList_WhenNoMatches" computerName="PIC4100" duration="00:00:00.0287447" startTime="2025-09-27T13:15:17.0451301+05:30" endTime="2025-09-27T13:15:17.0451302+05:30" testType="13cdc9d9-ddb5-4fa4-a97d-d965ccfc6d4b" outcome="Passed" testListId="8c84fa94-04c1-424b-9868-57a2d4851a1d" relativeResultsDirectory="17461248-9a94-4ef7-a894-c454abcdc7b9" />
    <UnitTestResult executionId="6db636eb-a847-4071-8aa3-79dc77d11ab0" testId="90d77bc9-d4d8-fd48-8997-69b4cedf0c29" testName="TempleApi.Tests.RepositorySortingTests.FindAsync_WithIncludes_ReturnsFilteredResultsInDescendingOrder" computerName="PIC4100" duration="00:00:00.1506116" startTime="2025-09-27T13:15:17.6318347+05:30" endTime="2025-09-27T13:15:17.6318348+05:30" testType="13cdc9d9-ddb5-4fa4-a97d-d965ccfc6d4b" outcome="Passed" testListId="8c84fa94-04c1-424b-9868-57a2d4851a1d" relativeResultsDirectory="6db636eb-a847-4071-8aa3-79dc77d11ab0" />
    <UnitTestResult executionId="0dc985b3-2259-4fa6-8f37-d0a8a592555a" testId="db7821e1-4448-775e-689a-b80f22f264aa" testName="TempleApi.Tests.ProductServiceTests.GetProductByIdAsync_ShouldReturnNull_WhenProductDoesNotExist" computerName="PIC4100" duration="00:00:00.0030844" startTime="2025-09-27T13:15:17.0469327+05:30" endTime="2025-09-27T13:15:17.0469328+05:30" testType="13cdc9d9-ddb5-4fa4-a97d-d965ccfc6d4b" outcome="Passed" testListId="8c84fa94-04c1-424b-9868-57a2d4851a1d" relativeResultsDirectory="0dc985b3-2259-4fa6-8f37-d0a8a592555a" />
    <UnitTestResult executionId="b5f951a7-e5cb-4960-a1a1-24869edf7eb1" testId="71c71e0c-5ff5-04a0-568b-2ccc59f4f1d7" testName="TempleApi.Tests.DonationServiceTests.GetDonationsByTempleAsync_ShouldFilterByTemple" computerName="PIC4100" duration="00:00:00.0872668" startTime="2025-09-27T13:15:16.9362510+05:30" endTime="2025-09-27T13:15:16.9362523+05:30" testType="13cdc9d9-ddb5-4fa4-a97d-d965ccfc6d4b" outcome="Passed" testListId="8c84fa94-04c1-424b-9868-57a2d4851a1d" relativeResultsDirectory="b5f951a7-e5cb-4960-a1a1-24869edf7eb1" />
    <UnitTestResult executionId="f8158995-9a05-4089-ad59-703bc1e28407" testId="df0f1e33-b625-dcf8-f806-f4b4ec6337a6" testName="TempleApi.Tests.AuthenticationIntegrationTests.GetMe_ShouldReturn401_WithoutAuth" computerName="PIC4100" duration="00:00:01.0516154" startTime="2025-09-27T13:15:37.5270465+05:30" endTime="2025-09-27T13:15:37.5270469+05:30" testType="13cdc9d9-ddb5-4fa4-a97d-d965ccfc6d4b" outcome="Passed" testListId="8c84fa94-04c1-424b-9868-57a2d4851a1d" relativeResultsDirectory="f8158995-9a05-4089-ad59-703bc1e28407" />
    <UnitTestResult executionId="951bca9d-6b75-4838-960b-9c802145e2ba" testId="2e093dac-ecba-e6a1-e5aa-52afcfb276ec" testName="TempleApi.Tests.DonationServiceTests.DeleteDonationAsync_ShouldSoftDelete_WhenExists" computerName="PIC4100" duration="00:00:03.4998847" startTime="2025-09-27T13:15:16.0394067+05:30" endTime="2025-09-27T13:15:16.0394068+05:30" testType="13cdc9d9-ddb5-4fa4-a97d-d965ccfc6d4b" outcome="Passed" testListId="8c84fa94-04c1-424b-9868-57a2d4851a1d" relativeResultsDirectory="951bca9d-6b75-4838-960b-9c802145e2ba" />
    <UnitTestResult executionId="4863cebd-e2b2-4974-b511-19764a32071c" testId="9855382c-ec59-a4a0-f115-78276d25db46" testName="TempleApi.Tests.DevoteeServiceTests.DeleteDevoteeAsync_ShouldSoftDelete_WhenExists" computerName="PIC4100" duration="00:00:00.0441461" startTime="2025-09-27T13:15:16.9481132+05:30" endTime="2025-09-27T13:15:16.9481138+05:30" testType="13cdc9d9-ddb5-4fa4-a97d-d965ccfc6d4b" outcome="Passed" testListId="8c84fa94-04c1-424b-9868-57a2d4851a1d" relativeResultsDirectory="4863cebd-e2b2-4974-b511-19764a32071c" />
    <UnitTestResult executionId="b1fedc78-0d27-4dd1-bb59-ff9575be9552" testId="c3a8a851-aa64-43bc-f86d-c88f64d14e1b" testName="TempleApi.Tests.EventServiceTests.CreateEventAsync_ShouldCreateEvent_WhenValidData" computerName="PIC4100" duration="00:00:00.0110976" startTime="2025-09-27T13:15:17.1352869+05:30" endTime="2025-09-27T13:15:17.1352873+05:30" testType="13cdc9d9-ddb5-4fa4-a97d-d965ccfc6d4b" outcome="Passed" testListId="8c84fa94-04c1-424b-9868-57a2d4851a1d" relativeResultsDirectory="b1fedc78-0d27-4dd1-bb59-ff9575be9552" />
    <UnitTestResult executionId="8c5e1d2f-828b-47b3-9649-8b4404c49cf3" testId="8a191434-911b-e3f1-d0b7-4cb291881834" testName="TempleApi.Tests.ProductServiceTests.UpdateProductAsync_ShouldThrowException_WhenProductDoesNotExist" computerName="PIC4100" duration="00:00:00.0073667" startTime="2025-09-27T13:15:16.9811174+05:30" endTime="2025-09-27T13:15:16.9811175+05:30" testType="13cdc9d9-ddb5-4fa4-a97d-d965ccfc6d4b" outcome="Passed" testListId="8c84fa94-04c1-424b-9868-57a2d4851a1d" relativeResultsDirectory="8c5e1d2f-828b-47b3-9649-8b4404c49cf3" />
    <UnitTestResult executionId="1a55e56c-3b1f-4402-8b42-c37d1aa72571" testId="ec4b38e8-1925-ab8e-9601-be8b2abe5512" testName="TempleApi.Tests.AuthenticationIntegrationTests.Verify_ShouldFail_WithInvalidCode" computerName="PIC4100" duration="00:00:01.0423507" startTime="2025-09-27T13:15:33.7863880+05:30" endTime="2025-09-27T13:15:33.7863911+05:30" testType="13cdc9d9-ddb5-4fa4-a97d-d965ccfc6d4b" outcome="Passed" testListId="8c84fa94-04c1-424b-9868-57a2d4851a1d" relativeResultsDirectory="1a55e56c-3b1f-4402-8b42-c37d1aa72571" />
    <UnitTestResult executionId="4910eb0a-699f-4a3b-9044-a69d5231ed03" testId="682fa3f3-e182-671d-79d5-05d94f5b5703" testName="TempleApi.Tests.DevoteeServiceTests.UpdateDevoteeAsync_ShouldReturnNull_WhenNotFound" computerName="PIC4100" duration="00:00:00.0505733" startTime="2025-09-27T13:15:17.0614536+05:30" endTime="2025-09-27T13:15:17.0614542+05:30" testType="13cdc9d9-ddb5-4fa4-a97d-d965ccfc6d4b" outcome="Passed" testListId="8c84fa94-04c1-424b-9868-57a2d4851a1d" relativeResultsDirectory="4910eb0a-699f-4a3b-9044-a69d5231ed03" />
    <UnitTestResult executionId="f603f9ba-f774-4e1e-87c1-62b00e5f4a09" testId="a4978765-145c-e655-9d5e-9b1a51a04371" testName="TempleApi.Tests.TempleServiceTests.CreateTempleAsync_ShouldSetDefaults_WhenOptionalFieldsMissing" computerName="PIC4100" duration="00:00:00.0054572" startTime="2025-09-27T13:15:16.9734209+05:30" endTime="2025-09-27T13:15:16.9734211+05:30" testType="13cdc9d9-ddb5-4fa4-a97d-d965ccfc6d4b" outcome="Passed" testListId="8c84fa94-04c1-424b-9868-57a2d4851a1d" relativeResultsDirectory="f603f9ba-f774-4e1e-87c1-62b00e5f4a09" />
    <UnitTestResult executionId="5f693bc1-c4da-4e96-84da-82460a279e1c" testId="ae81c800-d6cb-608d-21e3-3a9ee3e86204" testName="TempleApi.Tests.PoojaBookingServiceTests.UpdateBookingStatusAsync_ShouldUpdateStatus_WhenBookingExists" computerName="PIC4100" duration="00:00:00.4929483" startTime="2025-09-27T13:15:17.5558441+05:30" endTime="2025-09-27T13:15:17.5558443+05:30" testType="13cdc9d9-ddb5-4fa4-a97d-d965ccfc6d4b" outcome="Passed" testListId="8c84fa94-04c1-424b-9868-57a2d4851a1d" relativeResultsDirectory="5f693bc1-c4da-4e96-84da-82460a279e1c" />
    <UnitTestResult executionId="6409bbfe-fc8c-431e-b43e-2f1760031de3" testId="6f138f98-21db-f16a-111e-d542eb8428b0" testName="TempleApi.Tests.AuthenticationTests.AuthService_VerifyAsync_ShouldReturnFalse_WithInvalidCode" computerName="PIC4100" duration="00:00:00.0049527" startTime="2025-09-27T13:15:17.3232812+05:30" endTime="2025-09-27T13:15:17.3232815+05:30" testType="13cdc9d9-ddb5-4fa4-a97d-d965ccfc6d4b" outcome="Passed" testListId="8c84fa94-04c1-424b-9868-57a2d4851a1d" relativeResultsDirectory="6409bbfe-fc8c-431e-b43e-2f1760031de3" />
    <UnitTestResult executionId="b67ce4a7-0d59-41dc-bb64-438c186197f6" testId="ab19c925-15ca-f154-dc9a-b4480cd66190" testName="TempleApi.Tests.PoojaBookingServiceTests.GetBookingByIdAsync_ShouldReturnBooking_WhenBookingExists" computerName="PIC4100" duration="00:00:00.0100930" startTime="2025-09-27T13:15:17.6312715+05:30" endTime="2025-09-27T13:15:17.6312717+05:30" testType="13cdc9d9-ddb5-4fa4-a97d-d965ccfc6d4b" outcome="Passed" testListId="8c84fa94-04c1-424b-9868-57a2d4851a1d" relativeResultsDirectory="b67ce4a7-0d59-41dc-bb64-438c186197f6" />
    <UnitTestResult executionId="0f3f00c6-aca3-421c-9d4e-b4fabd75a942" testId="48a76050-590b-40fe-fb58-b193cd67e960" testName="TempleApi.Tests.UserManagementFeatureTests.CreateUser_ShouldAccept_VariousNakshatrasAndDates(nakshatra: &quot;Rohini&quot;, dateTimeStr: &quot;1988-12-25 06:30:00&quot;)" computerName="PIC4100" duration="00:00:00.0057855" startTime="2025-09-27T13:15:17.2652100+05:30" endTime="2025-09-27T13:15:17.2652103+05:30" testType="13cdc9d9-ddb5-4fa4-a97d-d965ccfc6d4b" outcome="Passed" testListId="8c84fa94-04c1-424b-9868-57a2d4851a1d" relativeResultsDirectory="0f3f00c6-aca3-421c-9d4e-b4fabd75a942" />
    <UnitTestResult executionId="ce692ede-d0ea-4794-a735-b3f4b7b3c8c5" testId="32d4041d-f61d-2f52-b209-51bc68ca1477" testName="TempleApi.Tests.SaleServiceTests.GetSalesByDateRangeAsync_ShouldReturnSalesInDateRange" computerName="PIC4100" duration="00:00:00.0186050" startTime="2025-09-27T13:15:17.4563710+05:30" endTime="2025-09-27T13:15:17.4563714+05:30" testType="13cdc9d9-ddb5-4fa4-a97d-d965ccfc6d4b" outcome="Passed" testListId="8c84fa94-04c1-424b-9868-57a2d4851a1d" relativeResultsDirectory="ce692ede-d0ea-4794-a735-b3f4b7b3c8c5" />
    <UnitTestResult executionId="0fc989de-8420-4609-9751-f1bd4d01cc6a" testId="a83f9b94-33e9-2320-8644-6412ade3fc71" testName="TempleApi.Tests.ProductServiceTests.GetProductByIdAsync_ShouldReturnProduct_WhenProductExists" computerName="PIC4100" duration="00:00:00.0062030" startTime="2025-09-27T13:15:16.8300777+05:30" endTime="2025-09-27T13:15:16.8300784+05:30" testType="13cdc9d9-ddb5-4fa4-a97d-d965ccfc6d4b" outcome="Passed" testListId="8c84fa94-04c1-424b-9868-57a2d4851a1d" relativeResultsDirectory="0fc989de-8420-4609-9751-f1bd4d01cc6a" />
    <UnitTestResult executionId="241f9037-c601-4e2d-b4a4-ec8710b96ff2" testId="76892cf8-9342-f9ba-10f2-23157b912af8" testName="TempleApi.Tests.AuthenticationIntegrationTests.UsersMe_Get_ShouldReturnCurrentUser" computerName="PIC4100" duration="00:00:01.0654435" startTime="2025-09-27T13:15:47.3485214+05:30" endTime="2025-09-27T13:15:47.3485216+05:30" testType="13cdc9d9-ddb5-4fa4-a97d-d965ccfc6d4b" outcome="Failed" testListId="8c84fa94-04c1-424b-9868-57a2d4851a1d" relativeResultsDirectory="241f9037-c601-4e2d-b4a4-ec8710b96ff2">
      <Output>
        <ErrorInfo>
          <Message>Expected response.StatusCode to be HttpStatusCode.OK {value: 200}, but found HttpStatusCode.Unauthorized {value: 401}.</Message>
          <StackTrace>   at FluentAssertions.Execution.XUnit2TestFramework.Throw(String message)&#xD;
   at FluentAssertions.Execution.TestFrameworkProvider.Throw(String message)&#xD;
   at FluentAssertions.Execution.DefaultAssertionStrategy.HandleFailure(String message)&#xD;
   at FluentAssertions.Execution.AssertionScope.FailWith(Func`1 failReasonFunc)&#xD;
   at FluentAssertions.Execution.AssertionScope.FailWith(Func`1 failReasonFunc)&#xD;
   at FluentAssertions.Execution.AssertionScope.FailWith(String message, Object[] args)&#xD;
   at FluentAssertions.Primitives.EnumAssertions`2.Be(TEnum expected, String because, Object[] becauseArgs)&#xD;
   at TempleApi.Tests.AuthenticationIntegrationTests.UsersMe_Get_ShouldReturnCurrentUser() in D:\prasanth\Personal\source\temple\temple-management-app\temple-api\Tests\AuthenticationIntegrationTests.cs:line 402&#xD;
--- End of stack trace from previous location ---</StackTrace>
        </ErrorInfo>
      </Output>
    </UnitTestResult>
    <UnitTestResult executionId="3215ca75-b169-4e2e-ad80-a957c85e8cca" testId="038d0718-fd75-41ad-142b-c24fe6756cdd" testName="TempleApi.Tests.ProductServiceTests.UpdateProductQuantityAsync_ShouldUpdateQuantity_WhenProductExists" computerName="PIC4100" duration="00:00:00.0119744" startTime="2025-09-27T13:15:17.0468170+05:30" endTime="2025-09-27T13:15:17.0468171+05:30" testType="13cdc9d9-ddb5-4fa4-a97d-d965ccfc6d4b" outcome="Passed" testListId="8c84fa94-04c1-424b-9868-57a2d4851a1d" relativeResultsDirectory="3215ca75-b169-4e2e-ad80-a957c85e8cca" />
    <UnitTestResult executionId="4dc17f95-093a-42ed-b749-c5dab3f5da93" testId="01df420f-349f-9099-4398-40539a526051" testName="TempleApi.Tests.CategoryServiceTests.CreateCategoryAsync_ShouldValidate_NameRequired(name: &quot; &quot;)" computerName="PIC4100" duration="00:00:00.0526025" startTime="2025-09-27T13:15:17.6314130+05:30" endTime="2025-09-27T13:15:17.6314131+05:30" testType="13cdc9d9-ddb5-4fa4-a97d-d965ccfc6d4b" outcome="Passed" testListId="8c84fa94-04c1-424b-9868-57a2d4851a1d" relativeResultsDirectory="4dc17f95-093a-42ed-b749-c5dab3f5da93" />
    <UnitTestResult executionId="a061f987-92d6-47e5-8e1a-60f01bde4e6e" testId="d5e7b889-010a-b0b6-8716-737e962d1878" testName="TempleApi.Tests.AuthenticationTests.AuthService_RegisterAsync_ShouldFail_WithInvalidPhone" computerName="PIC4100" duration="00:00:00.0942774" startTime="2025-09-27T13:15:17.2961776+05:30" endTime="2025-09-27T13:15:17.2961781+05:30" testType="13cdc9d9-ddb5-4fa4-a97d-d965ccfc6d4b" outcome="Passed" testListId="8c84fa94-04c1-424b-9868-57a2d4851a1d" relativeResultsDirectory="a061f987-92d6-47e5-8e1a-60f01bde4e6e" />
    <UnitTestResult executionId="92f70f5b-a6fd-4f06-b430-ec3a6398fa05" testId="c082b9fc-9abf-1fc3-cc55-a76e34ae5818" testName="TempleApi.Tests.ProductServiceTests.DeleteProductAsync_ShouldReturnFalse_WhenProductDoesNotExist" computerName="PIC4100" duration="00:00:00.0632427" startTime="2025-09-27T13:15:16.8939474+05:30" endTime="2025-09-27T13:15:16.8939486+05:30" testType="13cdc9d9-ddb5-4fa4-a97d-d965ccfc6d4b" outcome="Passed" testListId="8c84fa94-04c1-424b-9868-57a2d4851a1d" relativeResultsDirectory="92f70f5b-a6fd-4f06-b430-ec3a6398fa05" />
    <UnitTestResult executionId="9cc38af5-e9e7-44c8-b2a4-3db1a7655b12" testId="22a7481a-2dae-ce35-46e7-dadee6f6e9e3" testName="TempleApi.Tests.DonationServiceTests.CreateDonationAsync_ShouldCreateDonation_WithDevotee" computerName="PIC4100" duration="00:00:00.0860631" startTime="2025-09-27T13:15:16.1225896+05:30" endTime="2025-09-27T13:15:16.1225905+05:30" testType="13cdc9d9-ddb5-4fa4-a97d-d965ccfc6d4b" outcome="Passed" testListId="8c84fa94-04c1-424b-9868-57a2d4851a1d" relativeResultsDirectory="9cc38af5-e9e7-44c8-b2a4-3db1a7655b12" />
    <UnitTestResult executionId="7ddde60e-76b3-4af8-a28e-7979115ef226" testId="8b4ba6eb-90ac-dcb7-8673-8ba9bf169f19" testName="TempleApi.Tests.DevoteeServiceTests.CreateDevoteeAsync_ShouldCreateDevotee_WhenValidData" computerName="PIC4100" duration="00:00:00.0113799" startTime="2025-09-27T13:15:16.9599283+05:30" endTime="2025-09-27T13:15:16.9599298+05:30" testType="13cdc9d9-ddb5-4fa4-a97d-d965ccfc6d4b" outcome="Passed" testListId="8c84fa94-04c1-424b-9868-57a2d4851a1d" relativeResultsDirectory="7ddde60e-76b3-4af8-a28e-7979115ef226" />
    <UnitTestResult executionId="446e6641-1323-47b1-bec4-06e5f0317f4e" testId="10d6be56-4fb1-4377-e818-0f09889a5b5d" testName="TempleApi.Tests.DevoteeServiceTests.GetAllDevoteesAsync_ShouldReturnOnlyActive" computerName="PIC4100" duration="00:00:00.0321406" startTime="2025-09-27T13:15:16.8916311+05:30" endTime="2025-09-27T13:15:16.8916320+05:30" testType="13cdc9d9-ddb5-4fa4-a97d-d965ccfc6d4b" outcome="Passed" testListId="8c84fa94-04c1-424b-9868-57a2d4851a1d" relativeResultsDirectory="446e6641-1323-47b1-bec4-06e5f0317f4e" />
    <UnitTestResult executionId="8e9e093f-480d-4afb-8196-0cb6674808e8" testId="ab7eb18f-f922-865f-51c6-1538529536e5" testName="TempleApi.Tests.AuthenticationTests.BasicAuthenticationHandler_ShouldFail_WithInactiveUser" computerName="PIC4100" duration="00:00:00.0039826" startTime="2025-09-27T13:15:17.5348836+05:30" endTime="2025-09-27T13:15:17.5348841+05:30" testType="13cdc9d9-ddb5-4fa4-a97d-d965ccfc6d4b" outcome="Passed" testListId="8c84fa94-04c1-424b-9868-57a2d4851a1d" relativeResultsDirectory="8e9e093f-480d-4afb-8196-0cb6674808e8" />
    <UnitTestResult executionId="d8af6bc0-49b3-4208-9822-7c503eeede35" testId="5f4440a7-4842-4c67-6142-52d01848c848" testName="TempleApi.Tests.ExpenseServiceTests.GetAllExpensesAsync_ShouldReturnAllExpenses" computerName="PIC4100" duration="00:00:00.1141788" startTime="2025-09-27T13:15:13.0300982+05:30" endTime="2025-09-27T13:15:13.0300984+05:30" testType="13cdc9d9-ddb5-4fa4-a97d-d965ccfc6d4b" outcome="Passed" testListId="8c84fa94-04c1-424b-9868-57a2d4851a1d" relativeResultsDirectory="d8af6bc0-49b3-4208-9822-7c503eeede35" />
    <UnitTestResult executionId="5464e7ab-2f35-4517-a4fe-0472146ffc1f" testId="73a7baf4-1a0e-2dcc-5577-76a21e2be4c0" testName="TempleApi.Tests.DonationServiceTests.GetTotalDonationsByDateRangeAsync_ShouldSumWithinRange" computerName="PIC4100" duration="00:00:00.0671722" startTime="2025-09-27T13:15:16.6461491+05:30" endTime="2025-09-27T13:15:16.6461494+05:30" testType="13cdc9d9-ddb5-4fa4-a97d-d965ccfc6d4b" outcome="Passed" testListId="8c84fa94-04c1-424b-9868-57a2d4851a1d" relativeResultsDirectory="5464e7ab-2f35-4517-a4fe-0472146ffc1f" />
    <UnitTestResult executionId="2d43c9e6-a568-4376-b639-d480c6e8e3db" testId="6cea4941-1f53-506d-ba59-c0ed5d596e4f" testName="TempleApi.Tests.EventServiceTests.GetEventsByTempleAsync_ShouldFilterByTemple" computerName="PIC4100" duration="00:00:00.0724499" startTime="2025-09-27T13:15:17.7137369+05:30" endTime="2025-09-27T13:15:17.7137372+05:30" testType="13cdc9d9-ddb5-4fa4-a97d-d965ccfc6d4b" outcome="Passed" testListId="8c84fa94-04c1-424b-9868-57a2d4851a1d" relativeResultsDirectory="2d43c9e6-a568-4376-b639-d480c6e8e3db" />
    <UnitTestResult executionId="0caa6d7c-70c1-427e-a95a-ca6833a3e187" testId="df765f66-d36d-b0b6-ad9f-10de509646e9" testName="TempleApi.Tests.TempleServiceTests.SearchTemplesAsync_ShouldMatchByNameCityStateOrDeity" computerName="PIC4100" duration="00:00:00.0065809" startTime="2025-09-27T13:15:17.0920573+05:30" endTime="2025-09-27T13:15:17.0920576+05:30" testType="13cdc9d9-ddb5-4fa4-a97d-d965ccfc6d4b" outcome="Passed" testListId="8c84fa94-04c1-424b-9868-57a2d4851a1d" relativeResultsDirectory="0caa6d7c-70c1-427e-a95a-ca6833a3e187" />
    <UnitTestResult executionId="e9a7cba4-6734-4c21-9af9-0eef6a9ab5e7" testId="93e2bb0a-7f12-efbc-9dfb-b06cb2a434bf" testName="TempleApi.Tests.EventExpenseServiceTests.GetAllEventExpensesAsync_ShouldReturnAllItems" computerName="PIC4100" duration="00:00:00.0526514" startTime="2025-09-27T13:15:13.0301214+05:30" endTime="2025-09-27T13:15:13.0301214+05:30" testType="13cdc9d9-ddb5-4fa4-a97d-d965ccfc6d4b" outcome="Passed" testListId="8c84fa94-04c1-424b-9868-57a2d4851a1d" relativeResultsDirectory="e9a7cba4-6734-4c21-9af9-0eef6a9ab5e7" />
    <UnitTestResult executionId="047ab849-c901-4455-b001-7a7910b625e7" testId="51e26de4-799d-5318-c52a-e1fe0053da02" testName="TempleApi.Tests.DevoteeServiceTests.GetDevoteesByTempleAsync_ShouldFilterByTemple" computerName="PIC4100" duration="00:00:00.0337804" startTime="2025-09-27T13:15:16.8604459+05:30" endTime="2025-09-27T13:15:16.8604471+05:30" testType="13cdc9d9-ddb5-4fa4-a97d-d965ccfc6d4b" outcome="Passed" testListId="8c84fa94-04c1-424b-9868-57a2d4851a1d" relativeResultsDirectory="047ab849-c901-4455-b001-7a7910b625e7" />
    <UnitTestResult executionId="4f0de52a-e271-4c4a-afa5-34b400e24a3f" testId="adad3db3-bf20-54c2-30e3-60997b180e7d" testName="TempleApi.Tests.CategoryServiceTests.GetAllCategoriesAsync_ShouldReturnAll" computerName="PIC4100" duration="00:00:00.1848429" startTime="2025-09-27T13:15:17.2653124+05:30" endTime="2025-09-27T13:15:17.2653125+05:30" testType="13cdc9d9-ddb5-4fa4-a97d-d965ccfc6d4b" outcome="Passed" testListId="8c84fa94-04c1-424b-9868-57a2d4851a1d" relativeResultsDirectory="4f0de52a-e271-4c4a-afa5-34b400e24a3f" />
    <UnitTestResult executionId="a9d81c5b-42a1-4173-aa37-068d5c6eff47" testId="b7b288c5-9680-c74b-18a3-3e7a2df84c34" testName="TempleApi.Tests.CategoryServiceTests.GetActiveCategoriesAsync_ShouldReturnOnlyActive" computerName="PIC4100" duration="00:00:00.0636816" startTime="2025-09-27T13:15:17.5466482+05:30" endTime="2025-09-27T13:15:17.5466484+05:30" testType="13cdc9d9-ddb5-4fa4-a97d-d965ccfc6d4b" outcome="Passed" testListId="8c84fa94-04c1-424b-9868-57a2d4851a1d" relativeResultsDirectory="a9d81c5b-42a1-4173-aa37-068d5c6eff47" />
    <UnitTestResult executionId="aaa45cca-f4f9-404f-af3e-3220247ed987" testId="7f19d318-33b6-fd01-8520-a54dd5b3f5af" testName="TempleApi.Tests.RepositorySortingTests.GetPagedAsync_WithPredicate_ReturnsFilteredPagedResultsInDescendingOrder" computerName="PIC4100" duration="00:00:00.0320612" startTime="2025-09-27T13:15:17.7499274+05:30" endTime="2025-09-27T13:15:17.7499276+05:30" testType="13cdc9d9-ddb5-4fa4-a97d-d965ccfc6d4b" outcome="Passed" testListId="8c84fa94-04c1-424b-9868-57a2d4851a1d" relativeResultsDirectory="aaa45cca-f4f9-404f-af3e-3220247ed987" />
    <UnitTestResult executionId="106ffb0b-cd8f-41ea-a3b3-3aaea084acbb" testId="aa64a45c-bb78-59c6-2e6c-415ecde97f7d" testName="TempleApi.Tests.SaleServiceTests.UpdateSaleStatusAsync_ShouldUpdateStatus_WhenSaleExists" computerName="PIC4100" duration="00:00:00.1393980" startTime="2025-09-27T13:15:17.4007094+05:30" endTime="2025-09-27T13:15:17.4007096+05:30" testType="13cdc9d9-ddb5-4fa4-a97d-d965ccfc6d4b" outcome="Passed" testListId="8c84fa94-04c1-424b-9868-57a2d4851a1d" relativeResultsDirectory="106ffb0b-cd8f-41ea-a3b3-3aaea084acbb" />
    <UnitTestResult executionId="63707558-1241-43de-b0dd-e1704d373b42" testId="c161e88d-2707-06ce-604b-4e4cb99c5c69" testName="TempleApi.Tests.UserServiceTests.UpdateUserAsync_ShouldUpdateUser_WhenUserExists" computerName="PIC4100" duration="00:00:00.0271653" startTime="2025-09-27T13:15:17.6316261+05:30" endTime="2025-09-27T13:15:17.6316262+05:30" testType="13cdc9d9-ddb5-4fa4-a97d-d965ccfc6d4b" outcome="Passed" testListId="8c84fa94-04c1-424b-9868-57a2d4851a1d" relativeResultsDirectory="63707558-1241-43de-b0dd-e1704d373b42" />
    <UnitTestResult executionId="cabfc417-0f2b-43cb-b9b5-849658dcf49d" testId="89b33323-d2a6-fed8-85fa-6fd2ad8dd3ab" testName="TempleApi.Tests.CategoryServiceTests.DeleteCategoryAsync_ShouldDelete_WhenExists" computerName="PIC4100" duration="00:00:00.0747746" startTime="2025-09-27T13:15:17.3397713+05:30" endTime="2025-09-27T13:15:17.3397718+05:30" testType="13cdc9d9-ddb5-4fa4-a97d-d965ccfc6d4b" outcome="Passed" testListId="8c84fa94-04c1-424b-9868-57a2d4851a1d" relativeResultsDirectory="cabfc417-0f2b-43cb-b9b5-849658dcf49d" />
    <UnitTestResult executionId="2085d22e-b2d5-4079-82cb-c5d6c93c7897" testId="358cb6e1-f12e-3c59-2d79-f9dca53114c8" testName="TempleApi.Tests.UserManagementFeatureTests.CreateUser_ShouldAccept_VariousNakshatrasAndDates(nakshatra: &quot;Bharani&quot;, dateTimeStr: &quot;1985-03-20 14:45:00&quot;)" computerName="PIC4100" duration="00:00:00.0017894" startTime="2025-09-27T13:15:17.2665542+05:30" endTime="2025-09-27T13:15:17.2665544+05:30" testType="13cdc9d9-ddb5-4fa4-a97d-d965ccfc6d4b" outcome="Passed" testListId="8c84fa94-04c1-424b-9868-57a2d4851a1d" relativeResultsDirectory="2085d22e-b2d5-4079-82cb-c5d6c93c7897" />
    <UnitTestResult executionId="a4189b64-9e4d-455e-8b37-1e4d81693273" testId="f133ec8b-9dc9-8e92-1f23-c8cef1764494" testName="TempleApi.Tests.SortingTests.GetAllAreasAsync_ReturnsAreasInDescendingOrder" computerName="PIC4100" duration="00:00:00.0982151" startTime="2025-09-27T13:15:17.0471463+05:30" endTime="2025-09-27T13:15:17.0471463+05:30" testType="13cdc9d9-ddb5-4fa4-a97d-d965ccfc6d4b" outcome="Passed" testListId="8c84fa94-04c1-424b-9868-57a2d4851a1d" relativeResultsDirectory="a4189b64-9e4d-455e-8b37-1e4d81693273" />
    <UnitTestResult executionId="fa2fdd6e-8af2-4048-86ca-27ce8d448810" testId="0e691113-2244-76bc-81de-413a8aaa277e" testName="TempleApi.Tests.AuthenticationIntegrationTests.Login_ShouldReturnSuccess_WithValidCredentials" computerName="PIC4100" duration="00:00:01.2560017" startTime="2025-09-27T13:15:36.4788982+05:30" endTime="2025-09-27T13:15:36.4788985+05:30" testType="13cdc9d9-ddb5-4fa4-a97d-d965ccfc6d4b" outcome="Failed" testListId="8c84fa94-04c1-424b-9868-57a2d4851a1d" relativeResultsDirectory="fa2fdd6e-8af2-4048-86ca-27ce8d448810">
      <Output>
        <ErrorInfo>
          <Message>Expected response.StatusCode to be HttpStatusCode.OK {value: 200}, but found HttpStatusCode.Unauthorized {value: 401}.</Message>
          <StackTrace>   at FluentAssertions.Execution.XUnit2TestFramework.Throw(String message)&#xD;
   at FluentAssertions.Execution.TestFrameworkProvider.Throw(String message)&#xD;
   at FluentAssertions.Execution.DefaultAssertionStrategy.HandleFailure(String message)&#xD;
   at FluentAssertions.Execution.AssertionScope.FailWith(Func`1 failReasonFunc)&#xD;
   at FluentAssertions.Execution.AssertionScope.FailWith(Func`1 failReasonFunc)&#xD;
   at FluentAssertions.Execution.AssertionScope.FailWith(String message, Object[] args)&#xD;
   at FluentAssertions.Primitives.EnumAssertions`2.Be(TEnum expected, String because, Object[] becauseArgs)&#xD;
   at TempleApi.Tests.AuthenticationIntegrationTests.Login_ShouldReturnSuccess_WithValidCredentials() in D:\prasanth\Personal\source\temple\temple-management-app\temple-api\Tests\AuthenticationIntegrationTests.cs:line 128&#xD;
--- End of stack trace from previous location ---</StackTrace>
        </ErrorInfo>
      </Output>
    </UnitTestResult>
    <UnitTestResult executionId="227aadc0-8ac8-425d-8756-223976e8c1c7" testId="ffb6e91c-a9a0-b28f-1785-60675ee50efb" testName="TempleApi.Tests.DevoteeServiceTests.CreateDevoteeAsync_ShouldHandleMinimalData" computerName="PIC4100" duration="00:00:00.0073862" startTime="2025-09-27T13:15:16.8250679+05:30" endTime="2025-09-27T13:15:16.8250681+05:30" testType="13cdc9d9-ddb5-4fa4-a97d-d965ccfc6d4b" outcome="Passed" testListId="8c84fa94-04c1-424b-9868-57a2d4851a1d" relativeResultsDirectory="227aadc0-8ac8-425d-8756-223976e8c1c7" />
    <UnitTestResult executionId="e06fe554-c06c-4775-8092-f985fd670f7f" testId="681528a8-b20c-3cae-b038-dee7ca544f46" testName="TempleApi.Tests.AuthenticationFeatureTests.Login_ShouldFail_ForInactiveUser" computerName="PIC4100" duration="00:00:00.0038130" startTime="2025-09-27T13:15:17.2235696+05:30" endTime="2025-09-27T13:15:17.2235700+05:30" testType="13cdc9d9-ddb5-4fa4-a97d-d965ccfc6d4b" outcome="Passed" testListId="8c84fa94-04c1-424b-9868-57a2d4851a1d" relativeResultsDirectory="e06fe554-c06c-4775-8092-f985fd670f7f" />
    <UnitTestResult executionId="52b4bc75-d875-4c65-bbbd-d74eee25713b" testId="67cf14de-32ad-e68d-2294-898480003f75" testName="TempleApi.Tests.AuthenticationTests.AuthService_VerifyAsync_ShouldActivateUser" computerName="PIC4100" duration="00:00:00.0273082" startTime="2025-09-27T13:15:16.8456867+05:30" endTime="2025-09-27T13:15:16.8456874+05:30" testType="13cdc9d9-ddb5-4fa4-a97d-d965ccfc6d4b" outcome="Passed" testListId="8c84fa94-04c1-424b-9868-57a2d4851a1d" relativeResultsDirectory="52b4bc75-d875-4c65-bbbd-d74eee25713b" />
    <UnitTestResult executionId="43cb1a0b-8ed8-405a-8465-08ff0084f139" testId="ff23f0d0-29ef-d617-957b-433885c49cd1" testName="TempleApi.Tests.ProductServiceTests.SearchProductsAsync_ShouldReturnMatchingProducts_WhenSearchTermMatches" computerName="PIC4100" duration="00:00:00.3045247" startTime="2025-09-27T13:15:16.4402670+05:30" endTime="2025-09-27T13:15:16.4402689+05:30" testType="13cdc9d9-ddb5-4fa4-a97d-d965ccfc6d4b" outcome="Passed" testListId="8c84fa94-04c1-424b-9868-57a2d4851a1d" relativeResultsDirectory="43cb1a0b-8ed8-405a-8465-08ff0084f139" />
    <UnitTestResult executionId="feb743fd-6d0f-4b07-9bfa-c8ac2b84776f" testId="04e17875-89c2-e4d8-522d-a9ef5fb0feea" testName="TempleApi.Tests.CategoryServiceTests.UpdateCategoryAsync_ShouldUpdateFields_WhenExists" computerName="PIC4100" duration="00:00:00.0191128" startTime="2025-09-27T13:15:17.5657573+05:30" endTime="2025-09-27T13:15:17.5657575+05:30" testType="13cdc9d9-ddb5-4fa4-a97d-d965ccfc6d4b" outcome="Passed" testListId="8c84fa94-04c1-424b-9868-57a2d4851a1d" relativeResultsDirectory="feb743fd-6d0f-4b07-9bfa-c8ac2b84776f" />
    <UnitTestResult executionId="9cb085b9-b714-4e16-aa3e-50721d242ca7" testId="ac61143e-fd31-efbe-f66e-11454538cc39" testName="TempleApi.Tests.AuthenticationFeatureTests.BasicAuth_ShouldFail_ForUnverifiedUser" computerName="PIC4100" duration="00:00:00.0071599" startTime="2025-09-27T13:15:17.3981204+05:30" endTime="2025-09-27T13:15:17.3981213+05:30" testType="13cdc9d9-ddb5-4fa4-a97d-d965ccfc6d4b" outcome="Passed" testListId="8c84fa94-04c1-424b-9868-57a2d4851a1d" relativeResultsDirectory="9cb085b9-b714-4e16-aa3e-50721d242ca7" />
    <UnitTestResult executionId="f3cee641-68ea-455c-9d09-d5d25546dc30" testId="cd84865a-5158-8e61-e904-f9eafd81cfcd" testName="TempleApi.Tests.SortingTests.GetAllDevoteesAsync_ReturnsDevoteesInDescendingOrder" computerName="PIC4100" duration="00:00:00.1425449" startTime="2025-09-27T13:15:16.8919237+05:30" endTime="2025-09-27T13:15:16.8919251+05:30" testType="13cdc9d9-ddb5-4fa4-a97d-d965ccfc6d4b" outcome="Passed" testListId="8c84fa94-04c1-424b-9868-57a2d4851a1d" relativeResultsDirectory="f3cee641-68ea-455c-9d09-d5d25546dc30" />
    <UnitTestResult executionId="2116c559-5fec-4b06-bcda-6be7eb6fb84b" testId="f7261ab1-596e-1514-86de-38231e90ae76" testName="TempleApi.Tests.UserServiceTests.ResetPasswordAsync_ShouldGenerateNewPassword_AndAllowLogin" computerName="PIC4100" duration="00:00:00.0141922" startTime="2025-09-27T13:15:17.6311719+05:30" endTime="2025-09-27T13:15:17.6311723+05:30" testType="13cdc9d9-ddb5-4fa4-a97d-d965ccfc6d4b" outcome="Passed" testListId="8c84fa94-04c1-424b-9868-57a2d4851a1d" relativeResultsDirectory="2116c559-5fec-4b06-bcda-6be7eb6fb84b" />
    <UnitTestResult executionId="d291f448-2992-41e4-b675-6cd3755bba61" testId="38720946-3ce6-efa5-cae0-dbc4529fbd9d" testName="TempleApi.Tests.AuthenticationTests.AuthService_LoginAsync_ShouldFail_WithInactiveUser" computerName="PIC4100" duration="00:00:00.0033943" startTime="2025-09-27T13:15:17.3180834+05:30" endTime="2025-09-27T13:15:17.3180837+05:30" testType="13cdc9d9-ddb5-4fa4-a97d-d965ccfc6d4b" outcome="Passed" testListId="8c84fa94-04c1-424b-9868-57a2d4851a1d" relativeResultsDirectory="d291f448-2992-41e4-b675-6cd3755bba61" />
    <UnitTestResult executionId="8bbd74da-ede2-499f-b1c5-7aa6bee5422d" testId="86d9d5b2-f87c-b63f-84b8-3cdbc97a27c4" testName="TempleApi.Tests.DonationServiceTests.GetDonationsByDevoteeAsync_ShouldFilterByDevotee" computerName="PIC4100" duration="00:00:00.0988554" startTime="2025-09-27T13:15:17.0811475+05:30" endTime="2025-09-27T13:15:17.0811476+05:30" testType="13cdc9d9-ddb5-4fa4-a97d-d965ccfc6d4b" outcome="Passed" testListId="8c84fa94-04c1-424b-9868-57a2d4851a1d" relativeResultsDirectory="8bbd74da-ede2-499f-b1c5-7aa6bee5422d" />
    <UnitTestResult executionId="5676e738-9265-416a-8ce6-90fe8cc0c512" testId="a5fa6dda-3007-743e-6db4-7847e58c59d9" testName="TempleApi.Tests.SaleServiceTests.GetSaleByIdAsync_ShouldReturnNull_WhenSaleDoesNotExist" computerName="PIC4100" duration="00:00:00.0045310" startTime="2025-09-27T13:15:17.5833272+05:30" endTime="2025-09-27T13:15:17.5833273+05:30" testType="13cdc9d9-ddb5-4fa4-a97d-d965ccfc6d4b" outcome="Passed" testListId="8c84fa94-04c1-424b-9868-57a2d4851a1d" relativeResultsDirectory="5676e738-9265-416a-8ce6-90fe8cc0c512" />
    <UnitTestResult executionId="695545cf-1887-420b-b0f5-cb1202284349" testId="dfef669b-6257-dd1a-4c07-1588814b5491" testName="TempleApi.Tests.ProductServiceTests.GetProductsByCategoryAsync_ShouldReturnProductsInCategory" computerName="PIC4100" duration="00:00:00.2610254" startTime="2025-09-27T13:15:16.7010826+05:30" endTime="2025-09-27T13:15:16.7010830+05:30" testType="13cdc9d9-ddb5-4fa4-a97d-d965ccfc6d4b" outcome="Passed" testListId="8c84fa94-04c1-424b-9868-57a2d4851a1d" relativeResultsDirectory="695545cf-1887-420b-b0f5-cb1202284349" />
    <UnitTestResult executionId="3d72922c-38bf-4504-b279-e0d14942d380" testId="a728fea7-d914-1714-14c5-f344943999eb" testName="TempleApi.Tests.AuthServiceVerificationTests.VerifyAsync_ShouldActivateAndClearCode_WhenValid" computerName="PIC4100" duration="00:00:00.1580798" startTime="2025-09-27T13:15:16.1955833+05:30" endTime="2025-09-27T13:15:16.1955838+05:30" testType="13cdc9d9-ddb5-4fa4-a97d-d965ccfc6d4b" outcome="Passed" testListId="8c84fa94-04c1-424b-9868-57a2d4851a1d" relativeResultsDirectory="3d72922c-38bf-4504-b279-e0d14942d380" />
    <UnitTestResult executionId="1f5fe74b-43a0-484a-bec6-c56795a55256" testId="38dd4e3c-2c52-dbff-d6a1-b5df0ea81e6b" testName="TempleApi.Tests.TempleServiceTests.GetTempleByIdAsync_ShouldReturnTemple_WhenTempleExists" computerName="PIC4100" duration="00:00:00.0451041" startTime="2025-09-27T13:15:16.9224591+05:30" endTime="2025-09-27T13:15:16.9224596+05:30" testType="13cdc9d9-ddb5-4fa4-a97d-d965ccfc6d4b" outcome="Passed" testListId="8c84fa94-04c1-424b-9868-57a2d4851a1d" relativeResultsDirectory="1f5fe74b-43a0-484a-bec6-c56795a55256" />
    <UnitTestResult executionId="9bf860b9-5cde-464c-8156-4f94917d3c7c" testId="a1f9439d-3f9c-a585-9b8c-2210f24e909b" testName="TempleApi.Tests.ProductServiceTests.UpdateProductStatusAsync_ShouldReturnFalse_WhenProductDoesNotExist" computerName="PIC4100" duration="00:00:00.0050120" startTime="2025-09-27T13:15:16.9724548+05:30" endTime="2025-09-27T13:15:16.9724552+05:30" testType="13cdc9d9-ddb5-4fa4-a97d-d965ccfc6d4b" outcome="Passed" testListId="8c84fa94-04c1-424b-9868-57a2d4851a1d" relativeResultsDirectory="9bf860b9-5cde-464c-8156-4f94917d3c7c" />
    <UnitTestResult executionId="e3442723-b57a-4d51-987f-72dab6719224" testId="d37eb175-377b-3461-71b0-08f5797bd193" testName="TempleApi.Tests.PoojaBookingServiceTests.UpdateBookingStatusAsync_ShouldThrow_WhenBookingNotFound" computerName="PIC4100" duration="00:00:00.0299837" startTime="2025-09-27T13:15:17.5890700+05:30" endTime="2025-09-27T13:15:17.5890703+05:30" testType="13cdc9d9-ddb5-4fa4-a97d-d965ccfc6d4b" outcome="Passed" testListId="8c84fa94-04c1-424b-9868-57a2d4851a1d" relativeResultsDirectory="e3442723-b57a-4d51-987f-72dab6719224" />
    <UnitTestResult executionId="d789c41c-109e-4ebf-bcc3-84d74222a110" testId="04fc2fc0-05d3-7b1b-4dad-f97ba0b2aca7" testName="TempleApi.Tests.DevoteeServiceTests.SearchDevoteesAsync_ShouldSearchMultipleFields" computerName="PIC4100" duration="00:00:00.2502437" startTime="2025-09-27T13:15:16.2964412+05:30" endTime="2025-09-27T13:15:16.2964418+05:30" testType="13cdc9d9-ddb5-4fa4-a97d-d965ccfc6d4b" outcome="Passed" testListId="8c84fa94-04c1-424b-9868-57a2d4851a1d" relativeResultsDirectory="d789c41c-109e-4ebf-bcc3-84d74222a110" />
    <UnitTestResult executionId="e1f4b8f4-e3ae-4046-b547-5d41750336b9" testId="07f85d1f-80e4-3eb5-45a1-8e9063a4edd7" testName="TempleApi.Tests.TempleServiceTests.DeleteTempleAsync_ShouldReturnFalse_WhenAlreadyInactive" computerName="PIC4100" duration="00:00:00.0368747" startTime="2025-09-27T13:15:16.9574735+05:30" endTime="2025-09-27T13:15:16.9574740+05:30" testType="13cdc9d9-ddb5-4fa4-a97d-d965ccfc6d4b" outcome="Passed" testListId="8c84fa94-04c1-424b-9868-57a2d4851a1d" relativeResultsDirectory="e1f4b8f4-e3ae-4046-b547-5d41750336b9" />
    <UnitTestResult executionId="d6a6ef91-22c8-43c6-b1c6-8836ab7fc996" testId="6d4eb708-4a12-d9d0-72ae-4ce0e9476a61" testName="TempleApi.Tests.UserServiceTests.GetAllUsersAsync_ShouldReturnAllUsers" computerName="PIC4100" duration="00:00:00.0034308" startTime="2025-09-27T13:15:17.5011866+05:30" endTime="2025-09-27T13:15:17.5011868+05:30" testType="13cdc9d9-ddb5-4fa4-a97d-d965ccfc6d4b" outcome="Passed" testListId="8c84fa94-04c1-424b-9868-57a2d4851a1d" relativeResultsDirectory="d6a6ef91-22c8-43c6-b1c6-8836ab7fc996" />
    <UnitTestResult executionId="f00e5013-f73e-40e2-88a9-cffd52fbcc29" testId="ffc51072-149a-0c77-a0d3-d777e7d03129" testName="TempleApi.Tests.SaleServiceTests.CreateSaleAsync_ShouldThrowException_WhenCustomerNotFound" computerName="PIC4100" duration="00:00:00.0109474" startTime="2025-09-27T13:15:17.4371037+05:30" endTime="2025-09-27T13:15:17.4371063+05:30" testType="13cdc9d9-ddb5-4fa4-a97d-d965ccfc6d4b" outcome="Passed" testListId="8c84fa94-04c1-424b-9868-57a2d4851a1d" relativeResultsDirectory="f00e5013-f73e-40e2-88a9-cffd52fbcc29" />
    <UnitTestResult executionId="7e5e8968-ae32-4530-adda-c7058ee9bb6a" testId="fe79593b-e98a-16c2-43c3-2f9ccf1bdc7d" testName="TempleApi.Tests.PoojaServiceTests.DeletePoojaAsync_ShouldReturnFalse_WhenPoojaDoesNotExist" computerName="PIC4100" duration="00:00:00.0161013" startTime="2025-09-27T13:15:16.1185099+05:30" endTime="2025-09-27T13:15:16.1185102+05:30" testType="13cdc9d9-ddb5-4fa4-a97d-d965ccfc6d4b" outcome="Passed" testListId="8c84fa94-04c1-424b-9868-57a2d4851a1d" relativeResultsDirectory="7e5e8968-ae32-4530-adda-c7058ee9bb6a" />
    <UnitTestResult executionId="fa6c7247-2fa3-4153-a4f0-fe2f48ed447a" testId="bb7b95e7-c990-da68-6188-6cb2636cbb57" testName="TempleApi.Tests.PoojaServiceTests.GetAllPoojasAsync_ShouldReturnAllActivePoojas" computerName="PIC4100" duration="00:00:00.1456151" startTime="2025-09-27T13:15:16.0450829+05:30" endTime="2025-09-27T13:15:16.0450834+05:30" testType="13cdc9d9-ddb5-4fa4-a97d-d965ccfc6d4b" outcome="Passed" testListId="8c84fa94-04c1-424b-9868-57a2d4851a1d" relativeResultsDirectory="fa6c7247-2fa3-4153-a4f0-fe2f48ed447a" />
    <UnitTestResult executionId="6a741090-01da-448d-bdb2-bbe6c1724f0f" testId="414abe47-36ea-a71b-002c-2c46996a2a95" testName="TempleApi.Tests.PoojaBookingServiceTests.CreateBookingAsync_ShouldThrowException_WhenPoojaDoesNotExist" computerName="PIC4100" duration="00:00:00.0101527" startTime="2025-09-27T13:15:17.8336745+05:30" endTime="2025-09-27T13:15:17.8336747+05:30" testType="13cdc9d9-ddb5-4fa4-a97d-d965ccfc6d4b" outcome="Passed" testListId="8c84fa94-04c1-424b-9868-57a2d4851a1d" relativeResultsDirectory="6a741090-01da-448d-bdb2-bbe6c1724f0f" />
    <UnitTestResult executionId="aaff8bf8-7dd3-4d81-a31a-347f964f8df4" testId="a3f50b73-feae-f100-6a3e-8fb3e2082e76" testName="TempleApi.Tests.EventServiceTests.UpdateEventAsync_ShouldUpdate_WhenExists" computerName="PIC4100" duration="00:00:00.0444362" startTime="2025-09-27T13:15:17.1237046+05:30" endTime="2025-09-27T13:15:17.1237049+05:30" testType="13cdc9d9-ddb5-4fa4-a97d-d965ccfc6d4b" outcome="Passed" testListId="8c84fa94-04c1-424b-9868-57a2d4851a1d" relativeResultsDirectory="aaff8bf8-7dd3-4d81-a31a-347f964f8df4" />
    <UnitTestResult executionId="da30f412-5498-4295-bf13-1d295baa488a" testId="1be3bdb9-8354-acdd-844a-d85dff435254" testName="TempleApi.Tests.PoojaBookingServiceTests.GetBookingsByCustomerAsync_ShouldReturnCustomerBookings" computerName="PIC4100" duration="00:00:00.2155867" startTime="2025-09-27T13:15:18.6110695+05:30" endTime="2025-09-27T13:15:18.6110702+05:30" testType="13cdc9d9-ddb5-4fa4-a97d-d965ccfc6d4b" outcome="Passed" testListId="8c84fa94-04c1-424b-9868-57a2d4851a1d" relativeResultsDirectory="da30f412-5498-4295-bf13-1d295baa488a" />
    <UnitTestResult executionId="4c2678b5-7eee-40b3-963e-c8b564a2715a" testId="df46bfed-05ca-d6b8-5bd5-67a193e5adde" testName="TempleApi.Tests.UserServiceTests.ValidateUserCredentialsAsync_ShouldReturnFalse_WhenUserDoesNotExist" computerName="PIC4100" duration="00:00:00.0035825" startTime="2025-09-27T13:15:17.5834298+05:30" endTime="2025-09-27T13:15:17.5834298+05:30" testType="13cdc9d9-ddb5-4fa4-a97d-d965ccfc6d4b" outcome="Passed" testListId="8c84fa94-04c1-424b-9868-57a2d4851a1d" relativeResultsDirectory="4c2678b5-7eee-40b3-963e-c8b564a2715a" />
    <UnitTestResult executionId="411ad183-b24d-440d-ac2e-f58b4c85ce7e" testId="913f0165-ef10-9c15-00e1-9552f669ef65" testName="TempleApi.Tests.AuthenticationTests.AuthService_LoginAsync_ShouldFail_WithUnverifiedUser" computerName="PIC4100" duration="00:00:03.5039110" startTime="2025-09-27T13:15:16.0513583+05:30" endTime="2025-09-27T13:15:16.0513587+05:30" testType="13cdc9d9-ddb5-4fa4-a97d-d965ccfc6d4b" outcome="Passed" testListId="8c84fa94-04c1-424b-9868-57a2d4851a1d" relativeResultsDirectory="411ad183-b24d-440d-ac2e-f58b4c85ce7e" />
    <UnitTestResult executionId="038bf797-f57a-428b-a96c-c00d33d56fbb" testId="99446548-ee83-2247-3f07-c86440f51871" testName="TempleApi.Tests.AuthenticationIntegrationTests.ProtectedEndpoint_ShouldReturn200_WithValidAuth" computerName="PIC4100" duration="00:00:01.1828684" startTime="2025-09-27T13:15:46.2830281+05:30" endTime="2025-09-27T13:15:46.2830285+05:30" testType="13cdc9d9-ddb5-4fa4-a97d-d965ccfc6d4b" outcome="Failed" testListId="8c84fa94-04c1-424b-9868-57a2d4851a1d" relativeResultsDirectory="038bf797-f57a-428b-a96c-c00d33d56fbb">
      <Output>
        <ErrorInfo>
          <Message>Expected response.StatusCode to be HttpStatusCode.OK {value: 200}, but found HttpStatusCode.Unauthorized {value: 401}.</Message>
          <StackTrace>   at FluentAssertions.Execution.XUnit2TestFramework.Throw(String message)&#xD;
   at FluentAssertions.Execution.TestFrameworkProvider.Throw(String message)&#xD;
   at FluentAssertions.Execution.DefaultAssertionStrategy.HandleFailure(String message)&#xD;
   at FluentAssertions.Execution.AssertionScope.FailWith(Func`1 failReasonFunc)&#xD;
   at FluentAssertions.Execution.AssertionScope.FailWith(Func`1 failReasonFunc)&#xD;
   at FluentAssertions.Execution.AssertionScope.FailWith(String message, Object[] args)&#xD;
   at FluentAssertions.Primitives.EnumAssertions`2.Be(TEnum expected, String because, Object[] becauseArgs)&#xD;
   at TempleApi.Tests.AuthenticationIntegrationTests.ProtectedEndpoint_ShouldReturn200_WithValidAuth() in D:\prasanth\Personal\source\temple\temple-management-app\temple-api\Tests\AuthenticationIntegrationTests.cs:line 391&#xD;
--- End of stack trace from previous location ---</StackTrace>
        </ErrorInfo>
      </Output>
    </UnitTestResult>
    <UnitTestResult executionId="16361c2e-ace8-4731-b23c-1b3588384ad6" testId="d60e46da-1c0f-99d0-7a25-41b6afdcae2b" testName="TempleApi.Tests.SortingTests.GetAllTemplesAsync_ReturnsTemplesInDescendingOrder" computerName="PIC4100" duration="00:00:00.0328375" startTime="2025-09-27T13:15:17.0810113+05:30" endTime="2025-09-27T13:15:17.0810114+05:30" testType="13cdc9d9-ddb5-4fa4-a97d-d965ccfc6d4b" outcome="Passed" testListId="8c84fa94-04c1-424b-9868-57a2d4851a1d" relativeResultsDirectory="16361c2e-ace8-4731-b23c-1b3588384ad6" />
    <UnitTestResult executionId="bd6f41b1-15ec-4b6a-bf84-8863608f8293" testId="9649d126-05c8-f4e5-6d24-0582adbb34a1" testName="TempleApi.Tests.VoucherServiceTests.GetVouchersByExpenseAsync_ShouldReturnVouchers_ForExpense" computerName="PIC4100" duration="00:00:00.0201303" startTime="2025-09-27T13:15:17.2622232+05:30" endTime="2025-09-27T13:15:17.2622238+05:30" testType="13cdc9d9-ddb5-4fa4-a97d-d965ccfc6d4b" outcome="Passed" testListId="8c84fa94-04c1-424b-9868-57a2d4851a1d" relativeResultsDirectory="bd6f41b1-15ec-4b6a-bf84-8863608f8293" />
    <UnitTestResult executionId="50558905-582f-40c4-841b-c4fb37d4cf19" testId="e6e92570-4600-2e4e-0393-6cdabc635eb5" testName="TempleApi.Tests.AuthenticationTests.AuthService_LoginAsync_ShouldFail_WithInvalidPassword" computerName="PIC4100" duration="00:00:00.0066890" startTime="2025-09-27T13:15:17.3088717+05:30" endTime="2025-09-27T13:15:17.3088723+05:30" testType="13cdc9d9-ddb5-4fa4-a97d-d965ccfc6d4b" outcome="Passed" testListId="8c84fa94-04c1-424b-9868-57a2d4851a1d" relativeResultsDirectory="50558905-582f-40c4-841b-c4fb37d4cf19" />
    <UnitTestResult executionId="7d592e8f-acab-4b1c-acff-2c5b82a9c129" testId="6699cda2-32f7-4294-0ddc-96b210350b3b" testName="TempleApi.Tests.ProductServiceTests.CheckProductAvailabilityAsync_ShouldReturnFalse_WhenProductDoesNotExist" computerName="PIC4100" duration="00:00:00.0549505" startTime="2025-09-27T13:15:16.9494896+05:30" endTime="2025-09-27T13:15:16.9494899+05:30" testType="13cdc9d9-ddb5-4fa4-a97d-d965ccfc6d4b" outcome="Passed" testListId="8c84fa94-04c1-424b-9868-57a2d4851a1d" relativeResultsDirectory="7d592e8f-acab-4b1c-acff-2c5b82a9c129" />
    <UnitTestResult executionId="19347a51-8a9e-429b-8be9-15401f56e3ca" testId="214196df-bff0-806a-bff6-8d9fe379ee5e" testName="TempleApi.Tests.EventServiceTests.GetAllEventsAsync_ShouldReturnOnlyActive" computerName="PIC4100" duration="00:00:00.0280006" startTime="2025-09-27T13:15:17.1645327+05:30" endTime="2025-09-27T13:15:17.1645329+05:30" testType="13cdc9d9-ddb5-4fa4-a97d-d965ccfc6d4b" outcome="Passed" testListId="8c84fa94-04c1-424b-9868-57a2d4851a1d" relativeResultsDirectory="19347a51-8a9e-429b-8be9-15401f56e3ca" />
    <UnitTestResult executionId="d23eab3a-3d14-450f-8b43-490d2980b13f" testId="73245d49-507d-4f11-267c-105bd83d3c2d" testName="TempleApi.Tests.EventServiceTests.GetEventByIdAsync_ShouldReturnEvent_WhenExists" computerName="PIC4100" duration="00:00:00.2354105" startTime="2025-09-27T13:15:17.4491773+05:30" endTime="2025-09-27T13:15:17.4491782+05:30" testType="13cdc9d9-ddb5-4fa4-a97d-d965ccfc6d4b" outcome="Passed" testListId="8c84fa94-04c1-424b-9868-57a2d4851a1d" relativeResultsDirectory="d23eab3a-3d14-450f-8b43-490d2980b13f" />
    <UnitTestResult executionId="009fa185-904a-44da-8dd8-6e1da73e52c1" testId="da77dfd7-e200-033f-55fb-728d790e83b6" testName="TempleApi.Tests.ExpenseServiceTests.GetExpenseByIdAsync_ShouldReturnNull_WhenNotExists" computerName="PIC4100" duration="00:00:00.0326445" startTime="2025-09-27T13:15:13.0254356+05:30" endTime="2025-09-27T13:15:13.0254358+05:30" testType="13cdc9d9-ddb5-4fa4-a97d-d965ccfc6d4b" outcome="Passed" testListId="8c84fa94-04c1-424b-9868-57a2d4851a1d" relativeResultsDirectory="009fa185-904a-44da-8dd8-6e1da73e52c1" />
    <UnitTestResult executionId="f74de4cb-6f95-4ed7-8dfa-8c31fb1bf401" testId="16b659ef-9486-dc17-d3f6-b16705a03065" testName="TempleApi.Tests.AuthenticationIntegrationTests.Login_ShouldReturn401_WithInvalidCredentials" computerName="PIC4100" duration="00:00:01.2927453" startTime="2025-09-27T13:15:48.6404752+05:30" endTime="2025-09-27T13:15:48.6404755+05:30" testType="13cdc9d9-ddb5-4fa4-a97d-d965ccfc6d4b" outcome="Passed" testListId="8c84fa94-04c1-424b-9868-57a2d4851a1d" relativeResultsDirectory="f74de4cb-6f95-4ed7-8dfa-8c31fb1bf401" />
    <UnitTestResult executionId="495566c0-e150-4319-88b9-db6184938d02" testId="b0ab6224-21d1-142d-a535-52a62a391074" testName="TempleApi.Tests.PoojaBookingServiceTests.GetBookingsByStaffAsync_ShouldReturnStaffBookings" computerName="PIC4100" duration="00:00:00.2538827" startTime="2025-09-27T13:15:18.3858610+05:30" endTime="2025-09-27T13:15:18.3858627+05:30" testType="13cdc9d9-ddb5-4fa4-a97d-d965ccfc6d4b" outcome="Passed" testListId="8c84fa94-04c1-424b-9868-57a2d4851a1d" relativeResultsDirectory="495566c0-e150-4319-88b9-db6184938d02" />
    <UnitTestResult executionId="d207b38b-512d-41ab-b4b0-1cb850a39fbc" testId="a0a6044e-518d-4fe3-24fd-09b59f75fd7b" testName="TempleApi.Tests.RepositorySortingTests.GetAllAsync_ReturnsActiveEntitiesInDescendingOrder" computerName="PIC4100" duration="00:00:00.0404746" startTime="2025-09-27T13:15:17.3351804+05:30" endTime="2025-09-27T13:15:17.3351809+05:30" testType="13cdc9d9-ddb5-4fa4-a97d-d965ccfc6d4b" outcome="Passed" testListId="8c84fa94-04c1-424b-9868-57a2d4851a1d" relativeResultsDirectory="d207b38b-512d-41ab-b4b0-1cb850a39fbc" />
  </Results>
  <TestDefinitions>
    <UnitTest name="TempleApi.Tests.UserManagementFeatureTests.UpdateUser_ShouldUpdate_NakshatraAndDOB" storage="d:\prasanth\personal\source\temple\temple-management-app\temple-api\tests\bin\debug\net8.0\templeapi.tests.dll" id="8c16369b-46c5-be12-df14-66acfa9f232d">
      <Execution id="a04b28c5-a39a-46d6-8d89-bb79b3172f01" />
      <TestMethod codeBase="D:\prasanth\Personal\source\temple\temple-management-app\temple-api\Tests\bin\Debug\net8.0\TempleApi.Tests.dll" adapterTypeName="executor://xunit/VsTestRunner2/netcoreapp" className="TempleApi.Tests.UserManagementFeatureTests" name="UpdateUser_ShouldUpdate_NakshatraAndDOB" />
    </UnitTest>
    <UnitTest name="TempleApi.Tests.AuthenticationIntegrationTests.UsersMe_Put_ShouldUpdatePassword" storage="d:\prasanth\personal\source\temple\temple-management-app\temple-api\tests\bin\debug\net8.0\templeapi.tests.dll" id="e1dbd725-1762-e032-fe7a-2aa2996b82f4">
      <Execution id="d3f2f9b6-a05e-4c0a-a70d-53953ce9d87c" />
      <TestMethod codeBase="D:\prasanth\Personal\source\temple\temple-management-app\temple-api\Tests\bin\Debug\net8.0\TempleApi.Tests.dll" adapterTypeName="executor://xunit/VsTestRunner2/netcoreapp" className="TempleApi.Tests.AuthenticationIntegrationTests" name="UsersMe_Put_ShouldUpdatePassword" />
    </UnitTest>
    <UnitTest name="TempleApi.Tests.DonationServiceTests.GetTotalDonationsByDateRangeAsync_ShouldSumWithinRange" storage="d:\prasanth\personal\source\temple\temple-management-app\temple-api\tests\bin\debug\net8.0\templeapi.tests.dll" id="73a7baf4-1a0e-2dcc-5577-76a21e2be4c0">
      <Execution id="5464e7ab-2f35-4517-a4fe-0472146ffc1f" />
      <TestMethod codeBase="D:\prasanth\Personal\source\temple\temple-management-app\temple-api\Tests\bin\Debug\net8.0\TempleApi.Tests.dll" adapterTypeName="executor://xunit/VsTestRunner2/netcoreapp" className="TempleApi.Tests.DonationServiceTests" name="GetTotalDonationsByDateRangeAsync_ShouldSumWithinRange" />
    </UnitTest>
    <UnitTest name="TempleApi.Tests.SaleServiceTests.DeleteSaleAsync_ShouldReturnFalse_WhenSaleDoesNotExist" storage="d:\prasanth\personal\source\temple\temple-management-app\temple-api\tests\bin\debug\net8.0\templeapi.tests.dll" id="5f328188-82d4-9f08-039e-aa91bb77e231">
      <Execution id="164791c0-1ca2-4753-8d12-ad95cfc6adaa" />
      <TestMethod codeBase="D:\prasanth\Personal\source\temple\temple-management-app\temple-api\Tests\bin\Debug\net8.0\TempleApi.Tests.dll" adapterTypeName="executor://xunit/VsTestRunner2/netcoreapp" className="TempleApi.Tests.SaleServiceTests" name="DeleteSaleAsync_ShouldReturnFalse_WhenSaleDoesNotExist" />
    </UnitTest>
    <UnitTest name="TempleApi.Tests.AuthenticationTests.AuthService_GetUserRolesAndPermissions_ShouldReturnCorrectData" storage="d:\prasanth\personal\source\temple\temple-management-app\temple-api\tests\bin\debug\net8.0\templeapi.tests.dll" id="35178701-d963-0669-66bd-7ce317876cc7">
      <Execution id="d095fe7c-3f26-40d7-804a-47b49e3e6aac" />
      <TestMethod codeBase="D:\prasanth\Personal\source\temple\temple-management-app\temple-api\Tests\bin\Debug\net8.0\TempleApi.Tests.dll" adapterTypeName="executor://xunit/VsTestRunner2/netcoreapp" className="TempleApi.Tests.AuthenticationTests" name="AuthService_GetUserRolesAndPermissions_ShouldReturnCorrectData" />
    </UnitTest>
    <UnitTest name="TempleApi.Tests.ProductServiceTests.CheckProductAvailabilityAsync_ShouldReturnFalse_WhenProductHasInsufficientQuantity" storage="d:\prasanth\personal\source\temple\temple-management-app\temple-api\tests\bin\debug\net8.0\templeapi.tests.dll" id="1cfb9b11-15ef-a42f-0471-9113184838cf">
      <Execution id="b462310e-c0f5-461e-9bfc-de6d2cd7490b" />
      <TestMethod codeBase="D:\prasanth\Personal\source\temple\temple-management-app\temple-api\Tests\bin\Debug\net8.0\TempleApi.Tests.dll" adapterTypeName="executor://xunit/VsTestRunner2/netcoreapp" className="TempleApi.Tests.ProductServiceTests" name="CheckProductAvailabilityAsync_ShouldReturnFalse_WhenProductHasInsufficientQuantity" />
    </UnitTest>
    <UnitTest name="TempleApi.Tests.DevoteeServiceTests.CreateDevoteeWithUserAsync_ShouldCreateUser_AndReturnPassword_WhenEmailPresent" storage="d:\prasanth\personal\source\temple\temple-management-app\temple-api\tests\bin\debug\net8.0\templeapi.tests.dll" id="4698dc09-e29f-4c31-faa4-3ceea7adb52d">
      <Execution id="3e740fa9-30b5-47ef-8e48-0b60ac268959" />
      <TestMethod codeBase="D:\prasanth\Personal\source\temple\temple-management-app\temple-api\Tests\bin\Debug\net8.0\TempleApi.Tests.dll" adapterTypeName="executor://xunit/VsTestRunner2/netcoreapp" className="TempleApi.Tests.DevoteeServiceTests" name="CreateDevoteeWithUserAsync_ShouldCreateUser_AndReturnPassword_WhenEmailPresent" />
    </UnitTest>
    <UnitTest name="TempleApi.Tests.PoojaServiceTests.DeletePoojaAsync_ShouldReturnFalse_WhenPoojaDoesNotExist" storage="d:\prasanth\personal\source\temple\temple-management-app\temple-api\tests\bin\debug\net8.0\templeapi.tests.dll" id="fe79593b-e98a-16c2-43c3-2f9ccf1bdc7d">
      <Execution id="7e5e8968-ae32-4530-adda-c7058ee9bb6a" />
      <TestMethod codeBase="D:\prasanth\Personal\source\temple\temple-management-app\temple-api\Tests\bin\Debug\net8.0\TempleApi.Tests.dll" adapterTypeName="executor://xunit/VsTestRunner2/netcoreapp" className="TempleApi.Tests.PoojaServiceTests" name="DeletePoojaAsync_ShouldReturnFalse_WhenPoojaDoesNotExist" />
    </UnitTest>
    <UnitTest name="TempleApi.Tests.ProductServiceTests.UpdateProductStatusAsync_ShouldUpdateStatus_WhenProductExists" storage="d:\prasanth\personal\source\temple\temple-management-app\temple-api\tests\bin\debug\net8.0\templeapi.tests.dll" id="900b65c5-4711-ff3f-0810-d7e45ef37999">
      <Execution id="39ec3ab7-e330-4068-8ad2-0d16edff7252" />
      <TestMethod codeBase="D:\prasanth\Personal\source\temple\temple-management-app\temple-api\Tests\bin\Debug\net8.0\TempleApi.Tests.dll" adapterTypeName="executor://xunit/VsTestRunner2/netcoreapp" className="TempleApi.Tests.ProductServiceTests" name="UpdateProductStatusAsync_ShouldUpdateStatus_WhenProductExists" />
    </UnitTest>
    <UnitTest name="TempleApi.Tests.PoojaServiceTests.CreatePoojaAsync_ShouldCreatePooja_WhenValidData" storage="d:\prasanth\personal\source\temple\temple-management-app\temple-api\tests\bin\debug\net8.0\templeapi.tests.dll" id="7ca996aa-9f2c-be78-a538-1ab52476a360">
      <Execution id="2088adad-a850-4ae7-8f56-db4969efbabe" />
      <TestMethod codeBase="D:\prasanth\Personal\source\temple\temple-management-app\temple-api\Tests\bin\Debug\net8.0\TempleApi.Tests.dll" adapterTypeName="executor://xunit/VsTestRunner2/netcoreapp" className="TempleApi.Tests.PoojaServiceTests" name="CreatePoojaAsync_ShouldCreatePooja_WhenValidData" />
    </UnitTest>
    <UnitTest name="TempleApi.Tests.DonationServiceTests.GetDonationByIdAsync_ShouldReturnDonation_WhenExists" storage="d:\prasanth\personal\source\temple\temple-management-app\temple-api\tests\bin\debug\net8.0\templeapi.tests.dll" id="f39849e2-1039-89b1-4b6e-d6550cb4eed8">
      <Execution id="030b3284-b22f-45ff-88ad-562b6302f8f8" />
      <TestMethod codeBase="D:\prasanth\Personal\source\temple\temple-management-app\temple-api\Tests\bin\Debug\net8.0\TempleApi.Tests.dll" adapterTypeName="executor://xunit/VsTestRunner2/netcoreapp" className="TempleApi.Tests.DonationServiceTests" name="GetDonationByIdAsync_ShouldReturnDonation_WhenExists" />
    </UnitTest>
    <UnitTest name="TempleApi.Tests.PoojaBookingServiceTests.GetBookingsByStatusAsync_ShouldReturnOnlySpecifiedStatus" storage="d:\prasanth\personal\source\temple\temple-management-app\temple-api\tests\bin\debug\net8.0\templeapi.tests.dll" id="a1a67ca8-d6c9-3f95-e223-223850e04a90">
      <Execution id="a00aebfd-b2ee-4485-a62c-32413f78c4f6" />
      <TestMethod codeBase="D:\prasanth\Personal\source\temple\temple-management-app\temple-api\Tests\bin\Debug\net8.0\TempleApi.Tests.dll" adapterTypeName="executor://xunit/VsTestRunner2/netcoreapp" className="TempleApi.Tests.PoojaBookingServiceTests" name="GetBookingsByStatusAsync_ShouldReturnOnlySpecifiedStatus" />
    </UnitTest>
    <UnitTest name="TempleApi.Tests.AuthenticationTests.AuthService_RegisterAsync_ShouldFail_WithTooLongPhone" storage="d:\prasanth\personal\source\temple\temple-management-app\temple-api\tests\bin\debug\net8.0\templeapi.tests.dll" id="82ce313c-f1e0-c2db-606d-2888a88e6cee">
      <Execution id="55730ff1-4677-46a7-9866-c65cd282e84d" />
      <TestMethod codeBase="D:\prasanth\Personal\source\temple\temple-management-app\temple-api\Tests\bin\Debug\net8.0\TempleApi.Tests.dll" adapterTypeName="executor://xunit/VsTestRunner2/netcoreapp" className="TempleApi.Tests.AuthenticationTests" name="AuthService_RegisterAsync_ShouldFail_WithTooLongPhone" />
    </UnitTest>
    <UnitTest name="TempleApi.Tests.PoojaServiceTests.GetPoojaByIdAsync_ShouldReturnPooja_WhenPoojaExists" storage="d:\prasanth\personal\source\temple\temple-management-app\temple-api\tests\bin\debug\net8.0\templeapi.tests.dll" id="24c1007d-9938-3b49-36f6-c7459a6ed99f">
      <Execution id="9b0ed18d-94bd-41fd-a229-7870a654838c" />
      <TestMethod codeBase="D:\prasanth\Personal\source\temple\temple-management-app\temple-api\Tests\bin\Debug\net8.0\TempleApi.Tests.dll" adapterTypeName="executor://xunit/VsTestRunner2/netcoreapp" className="TempleApi.Tests.PoojaServiceTests" name="GetPoojaByIdAsync_ShouldReturnPooja_WhenPoojaExists" />
    </UnitTest>
    <UnitTest name="TempleApi.Tests.AuthenticationFeatureTests.Login_ShouldFail_ForInactiveUser" storage="d:\prasanth\personal\source\temple\temple-management-app\temple-api\tests\bin\debug\net8.0\templeapi.tests.dll" id="681528a8-b20c-3cae-b038-dee7ca544f46">
      <Execution id="e06fe554-c06c-4775-8092-f985fd670f7f" />
      <TestMethod codeBase="D:\prasanth\Personal\source\temple\temple-management-app\temple-api\Tests\bin\Debug\net8.0\TempleApi.Tests.dll" adapterTypeName="executor://xunit/VsTestRunner2/netcoreapp" className="TempleApi.Tests.AuthenticationFeatureTests" name="Login_ShouldFail_ForInactiveUser" />
    </UnitTest>
    <UnitTest name="TempleApi.Tests.AuthenticationTests.BasicAuthenticationHandler_ShouldFail_WithUnverifiedUser" storage="d:\prasanth\personal\source\temple\temple-management-app\temple-api\tests\bin\debug\net8.0\templeapi.tests.dll" id="b3554229-9d35-65bf-8bb1-b6a89ee0126e">
      <Execution id="0bd29afb-0eb9-4818-98a4-54cb9e4179a6" />
      <TestMethod codeBase="D:\prasanth\Personal\source\temple\temple-management-app\temple-api\Tests\bin\Debug\net8.0\TempleApi.Tests.dll" adapterTypeName="executor://xunit/VsTestRunner2/netcoreapp" className="TempleApi.Tests.AuthenticationTests" name="BasicAuthenticationHandler_ShouldFail_WithUnverifiedUser" />
    </UnitTest>
    <UnitTest name="TempleApi.Tests.AuthenticationIntegrationTests.Register_ShouldFail_WithDuplicateEmail" storage="d:\prasanth\personal\source\temple\temple-management-app\temple-api\tests\bin\debug\net8.0\templeapi.tests.dll" id="135f042c-a116-80c0-4f4c-c2b2d82e56c4">
      <Execution id="d0341dbf-708a-4e69-95dc-908c4c69b0e4" />
      <TestMethod codeBase="D:\prasanth\Personal\source\temple\temple-management-app\temple-api\Tests\bin\Debug\net8.0\TempleApi.Tests.dll" adapterTypeName="executor://xunit/VsTestRunner2/netcoreapp" className="TempleApi.Tests.AuthenticationIntegrationTests" name="Register_ShouldFail_WithDuplicateEmail" />
    </UnitTest>
    <UnitTest name="TempleApi.Tests.DonationServiceTests.CreateDonationAsync_ShouldCreateDonation_Anonymous" storage="d:\prasanth\personal\source\temple\temple-management-app\temple-api\tests\bin\debug\net8.0\templeapi.tests.dll" id="5c7725c4-5cf3-ee33-7cdd-4a31a718ae5f">
      <Execution id="d2a86f89-e49c-4524-913a-53ff348bcdd0" />
      <TestMethod codeBase="D:\prasanth\Personal\source\temple\temple-management-app\temple-api\Tests\bin\Debug\net8.0\TempleApi.Tests.dll" adapterTypeName="executor://xunit/VsTestRunner2/netcoreapp" className="TempleApi.Tests.DonationServiceTests" name="CreateDonationAsync_ShouldCreateDonation_Anonymous" />
    </UnitTest>
    <UnitTest name="TempleApi.Tests.CategoryServiceTests.CreateCategoryAsync_ShouldValidate_NameRequired(name: &quot;&quot;)" storage="d:\prasanth\personal\source\temple\temple-management-app\temple-api\tests\bin\debug\net8.0\templeapi.tests.dll" id="8fbcdd41-4230-99ed-d2eb-916b9d2de109">
      <Execution id="0065ac8b-1da4-4954-b53a-e94613d9bc03" />
      <TestMethod codeBase="D:\prasanth\Personal\source\temple\temple-management-app\temple-api\Tests\bin\Debug\net8.0\TempleApi.Tests.dll" adapterTypeName="executor://xunit/VsTestRunner2/netcoreapp" className="TempleApi.Tests.CategoryServiceTests" name="CreateCategoryAsync_ShouldValidate_NameRequired" />
    </UnitTest>
    <UnitTest name="TempleApi.Tests.TempleServiceTests.GetTemplesByLocationAsync_ShouldFilterByCityAndOptionalState" storage="d:\prasanth\personal\source\temple\temple-management-app\temple-api\tests\bin\debug\net8.0\templeapi.tests.dll" id="63863f5b-4178-0069-8865-1e7f3a9bc85f">
      <Execution id="2b7f362b-cc9b-4de0-8292-4be84568c782" />
      <TestMethod codeBase="D:\prasanth\Personal\source\temple\temple-management-app\temple-api\Tests\bin\Debug\net8.0\TempleApi.Tests.dll" adapterTypeName="executor://xunit/VsTestRunner2/netcoreapp" className="TempleApi.Tests.TempleServiceTests" name="GetTemplesByLocationAsync_ShouldFilterByCityAndOptionalState" />
    </UnitTest>
    <UnitTest name="TempleApi.Tests.DevoteeServiceTests.SearchDevoteesAsync_ShouldSearchMultipleFields" storage="d:\prasanth\personal\source\temple\temple-management-app\temple-api\tests\bin\debug\net8.0\templeapi.tests.dll" id="04fc2fc0-05d3-7b1b-4dad-f97ba0b2aca7">
      <Execution id="d789c41c-109e-4ebf-bcc3-84d74222a110" />
      <TestMethod codeBase="D:\prasanth\Personal\source\temple\temple-management-app\temple-api\Tests\bin\Debug\net8.0\TempleApi.Tests.dll" adapterTypeName="executor://xunit/VsTestRunner2/netcoreapp" className="TempleApi.Tests.DevoteeServiceTests" name="SearchDevoteesAsync_ShouldSearchMultipleFields" />
    </UnitTest>
    <UnitTest name="TempleApi.Tests.AuthenticationFeatureTests.Register_ShouldCreateUser_WithNakshatraAndDOB" storage="d:\prasanth\personal\source\temple\temple-management-app\temple-api\tests\bin\debug\net8.0\templeapi.tests.dll" id="b1a83a25-cf01-1634-cc57-23bb07a6b79d">
      <Execution id="f607db71-cfc5-4c2f-a461-3864bd10bc3f" />
      <TestMethod codeBase="D:\prasanth\Personal\source\temple\temple-management-app\temple-api\Tests\bin\Debug\net8.0\TempleApi.Tests.dll" adapterTypeName="executor://xunit/VsTestRunner2/netcoreapp" className="TempleApi.Tests.AuthenticationFeatureTests" name="Register_ShouldCreateUser_WithNakshatraAndDOB" />
    </UnitTest>
    <UnitTest name="TempleApi.Tests.UserServiceTests.ValidateUserCredentialsAsync_ShouldReturnTrue_WhenCredentialsAreValid" storage="d:\prasanth\personal\source\temple\temple-management-app\temple-api\tests\bin\debug\net8.0\templeapi.tests.dll" id="09fa646b-09d4-211f-b1bd-5a4970599727">
      <Execution id="54d3c911-b4cd-48c7-946e-a97e188467f6" />
      <TestMethod codeBase="D:\prasanth\Personal\source\temple\temple-management-app\temple-api\Tests\bin\Debug\net8.0\TempleApi.Tests.dll" adapterTypeName="executor://xunit/VsTestRunner2/netcoreapp" className="TempleApi.Tests.UserServiceTests" name="ValidateUserCredentialsAsync_ShouldReturnTrue_WhenCredentialsAreValid" />
    </UnitTest>
    <UnitTest name="TempleApi.Tests.DonationServiceTests.GetTotalDonationsByTempleAsync_ShouldSumCompleted" storage="d:\prasanth\personal\source\temple\temple-management-app\temple-api\tests\bin\debug\net8.0\templeapi.tests.dll" id="27618b1e-f361-09ad-ba2a-99516e9fcec8">
      <Execution id="a0ac7a2e-5496-425c-af05-c2a40ed2fc05" />
      <TestMethod codeBase="D:\prasanth\Personal\source\temple\temple-management-app\temple-api\Tests\bin\Debug\net8.0\TempleApi.Tests.dll" adapterTypeName="executor://xunit/VsTestRunner2/netcoreapp" className="TempleApi.Tests.DonationServiceTests" name="GetTotalDonationsByTempleAsync_ShouldSumCompleted" />
    </UnitTest>
    <UnitTest name="TempleApi.Tests.ProductServiceTests.CheckProductAvailabilityAsync_ShouldReturnFalse_WhenProductDoesNotExist" storage="d:\prasanth\personal\source\temple\temple-management-app\temple-api\tests\bin\debug\net8.0\templeapi.tests.dll" id="6699cda2-32f7-4294-0ddc-96b210350b3b">
      <Execution id="7d592e8f-acab-4b1c-acff-2c5b82a9c129" />
      <TestMethod codeBase="D:\prasanth\Personal\source\temple\temple-management-app\temple-api\Tests\bin\Debug\net8.0\TempleApi.Tests.dll" adapterTypeName="executor://xunit/VsTestRunner2/netcoreapp" className="TempleApi.Tests.ProductServiceTests" name="CheckProductAvailabilityAsync_ShouldReturnFalse_WhenProductDoesNotExist" />
    </UnitTest>
    <UnitTest name="TempleApi.Tests.SortingTests.GetAreasByTempleAsync_ReturnsAreasInDescendingOrder" storage="d:\prasanth\personal\source\temple\temple-management-app\temple-api\tests\bin\debug\net8.0\templeapi.tests.dll" id="1f2d3a91-c279-a791-0bf9-4b95c4aa0b49">
      <Execution id="80fad5a4-1a87-4483-b343-d3f43e7fde31" />
      <TestMethod codeBase="D:\prasanth\Personal\source\temple\temple-management-app\temple-api\Tests\bin\Debug\net8.0\TempleApi.Tests.dll" adapterTypeName="executor://xunit/VsTestRunner2/netcoreapp" className="TempleApi.Tests.SortingTests" name="GetAreasByTempleAsync_ReturnsAreasInDescendingOrder" />
    </UnitTest>
    <UnitTest name="TempleApi.Tests.CategoryServiceTests.CreateCategoryAsync_ShouldThrow_WhenDuplicateName" storage="d:\prasanth\personal\source\temple\temple-management-app\temple-api\tests\bin\debug\net8.0\templeapi.tests.dll" id="87f6752c-a0fd-bb45-9516-aaba68c313e6">
      <Execution id="f355d79b-b461-46b4-ba6d-3a5b8128590a" />
      <TestMethod codeBase="D:\prasanth\Personal\source\temple\temple-management-app\temple-api\Tests\bin\Debug\net8.0\TempleApi.Tests.dll" adapterTypeName="executor://xunit/VsTestRunner2/netcoreapp" className="TempleApi.Tests.CategoryServiceTests" name="CreateCategoryAsync_ShouldThrow_WhenDuplicateName" />
    </UnitTest>
    <UnitTest name="TempleApi.Tests.AuthenticationTests.AuthService_LoginAsync_ShouldReturnSuccess_WithValidCredentials" storage="d:\prasanth\personal\source\temple\temple-management-app\temple-api\tests\bin\debug\net8.0\templeapi.tests.dll" id="d2235795-d055-4484-4cc8-2f3fe800c45a">
      <Execution id="bd7b0e64-791c-4bea-b532-86b1abe2d9a4" />
      <TestMethod codeBase="D:\prasanth\Personal\source\temple\temple-management-app\temple-api\Tests\bin\Debug\net8.0\TempleApi.Tests.dll" adapterTypeName="executor://xunit/VsTestRunner2/netcoreapp" className="TempleApi.Tests.AuthenticationTests" name="AuthService_LoginAsync_ShouldReturnSuccess_WithValidCredentials" />
    </UnitTest>
    <UnitTest name="TempleApi.Tests.ProductServiceTests.UpdateProductAsync_ShouldThrowException_WhenProductDoesNotExist" storage="d:\prasanth\personal\source\temple\temple-management-app\temple-api\tests\bin\debug\net8.0\templeapi.tests.dll" id="8a191434-911b-e3f1-d0b7-4cb291881834">
      <Execution id="8c5e1d2f-828b-47b3-9649-8b4404c49cf3" />
      <TestMethod codeBase="D:\prasanth\Personal\source\temple\temple-management-app\temple-api\Tests\bin\Debug\net8.0\TempleApi.Tests.dll" adapterTypeName="executor://xunit/VsTestRunner2/netcoreapp" className="TempleApi.Tests.ProductServiceTests" name="UpdateProductAsync_ShouldThrowException_WhenProductDoesNotExist" />
    </UnitTest>
    <UnitTest name="TempleApi.Tests.AuthenticationTests.AuthService_VerifyAsync_ShouldActivateUser" storage="d:\prasanth\personal\source\temple\temple-management-app\temple-api\tests\bin\debug\net8.0\templeapi.tests.dll" id="67cf14de-32ad-e68d-2294-898480003f75">
      <Execution id="52b4bc75-d875-4c65-bbbd-d74eee25713b" />
      <TestMethod codeBase="D:\prasanth\Personal\source\temple\temple-management-app\temple-api\Tests\bin\Debug\net8.0\TempleApi.Tests.dll" adapterTypeName="executor://xunit/VsTestRunner2/netcoreapp" className="TempleApi.Tests.AuthenticationTests" name="AuthService_VerifyAsync_ShouldActivateUser" />
    </UnitTest>
    <UnitTest name="TempleApi.Tests.AuthenticationIntegrationTests.UsersMe_Put_ShouldUpdateProfile" storage="d:\prasanth\personal\source\temple\temple-management-app\temple-api\tests\bin\debug\net8.0\templeapi.tests.dll" id="3d4c171f-0e84-2082-e391-55f1c7c5a6bb">
      <Execution id="51284ed5-b9ef-44b7-8c8c-64d1d60d4407" />
      <TestMethod codeBase="D:\prasanth\Personal\source\temple\temple-management-app\temple-api\Tests\bin\Debug\net8.0\TempleApi.Tests.dll" adapterTypeName="executor://xunit/VsTestRunner2/netcoreapp" className="TempleApi.Tests.AuthenticationIntegrationTests" name="UsersMe_Put_ShouldUpdateProfile" />
    </UnitTest>
    <UnitTest name="TempleApi.Tests.RepositorySortingTests.FindAsync_ReturnsFilteredResultsInDescendingOrder" storage="d:\prasanth\personal\source\temple\temple-management-app\temple-api\tests\bin\debug\net8.0\templeapi.tests.dll" id="97e857d1-6a95-830e-33e5-8c725f66fb5d">
      <Execution id="c1311d0d-4a89-46c3-b542-9e74006edc71" />
      <TestMethod codeBase="D:\prasanth\Personal\source\temple\temple-management-app\temple-api\Tests\bin\Debug\net8.0\TempleApi.Tests.dll" adapterTypeName="executor://xunit/VsTestRunner2/netcoreapp" className="TempleApi.Tests.RepositorySortingTests" name="FindAsync_ReturnsFilteredResultsInDescendingOrder" />
    </UnitTest>
    <UnitTest name="TempleApi.Tests.EventExpenseServiceTests.GetAllEventExpensesAsync_ShouldReturnAllItems" storage="d:\prasanth\personal\source\temple\temple-management-app\temple-api\tests\bin\debug\net8.0\templeapi.tests.dll" id="93e2bb0a-7f12-efbc-9dfb-b06cb2a434bf">
      <Execution id="e9a7cba4-6734-4c21-9af9-0eef6a9ab5e7" />
      <TestMethod codeBase="D:\prasanth\Personal\source\temple\temple-management-app\temple-api\Tests\bin\Debug\net8.0\TempleApi.Tests.dll" adapterTypeName="executor://xunit/VsTestRunner2/netcoreapp" className="TempleApi.Tests.EventExpenseServiceTests" name="GetAllEventExpensesAsync_ShouldReturnAllItems" />
    </UnitTest>
    <UnitTest name="TempleApi.Tests.PoojaBookingServiceTests.GetBookingsByStaffAsync_ShouldReturnStaffBookings" storage="d:\prasanth\personal\source\temple\temple-management-app\temple-api\tests\bin\debug\net8.0\templeapi.tests.dll" id="b0ab6224-21d1-142d-a535-52a62a391074">
      <Execution id="495566c0-e150-4319-88b9-db6184938d02" />
      <TestMethod codeBase="D:\prasanth\Personal\source\temple\temple-management-app\temple-api\Tests\bin\Debug\net8.0\TempleApi.Tests.dll" adapterTypeName="executor://xunit/VsTestRunner2/netcoreapp" className="TempleApi.Tests.PoojaBookingServiceTests" name="GetBookingsByStaffAsync_ShouldReturnStaffBookings" />
    </UnitTest>
    <UnitTest name="TempleApi.Tests.AuthenticationIntegrationTests.Verify_ShouldActivateUser_WithValidCode" storage="d:\prasanth\personal\source\temple\temple-management-app\temple-api\tests\bin\debug\net8.0\templeapi.tests.dll" id="2f096ac3-43b8-4a1c-4d0a-447d6dd81057">
      <Execution id="563ba7ff-3348-4d26-819e-56425581408b" />
      <TestMethod codeBase="D:\prasanth\Personal\source\temple\temple-management-app\temple-api\Tests\bin\Debug\net8.0\TempleApi.Tests.dll" adapterTypeName="executor://xunit/VsTestRunner2/netcoreapp" className="TempleApi.Tests.AuthenticationIntegrationTests" name="Verify_ShouldActivateUser_WithValidCode" />
    </UnitTest>
    <UnitTest name="TempleApi.Tests.TempleServiceTests.DeleteTempleAsync_ShouldReturnFalse_WhenAlreadyInactive" storage="d:\prasanth\personal\source\temple\temple-management-app\temple-api\tests\bin\debug\net8.0\templeapi.tests.dll" id="07f85d1f-80e4-3eb5-45a1-8e9063a4edd7">
      <Execution id="e1f4b8f4-e3ae-4046-b547-5d41750336b9" />
      <TestMethod codeBase="D:\prasanth\Personal\source\temple\temple-management-app\temple-api\Tests\bin\Debug\net8.0\TempleApi.Tests.dll" adapterTypeName="executor://xunit/VsTestRunner2/netcoreapp" className="TempleApi.Tests.TempleServiceTests" name="DeleteTempleAsync_ShouldReturnFalse_WhenAlreadyInactive" />
    </UnitTest>
    <UnitTest name="TempleApi.Tests.SaleServiceTests.UpdateSaleStatusAsync_ShouldReturnFalse_WhenSaleDoesNotExist" storage="d:\prasanth\personal\source\temple\temple-management-app\temple-api\tests\bin\debug\net8.0\templeapi.tests.dll" id="77c72d7a-0209-9328-e487-74ad1654263f">
      <Execution id="85cbd4bf-8678-4a7f-b475-ef896586c671" />
      <TestMethod codeBase="D:\prasanth\Personal\source\temple\temple-management-app\temple-api\Tests\bin\Debug\net8.0\TempleApi.Tests.dll" adapterTypeName="executor://xunit/VsTestRunner2/netcoreapp" className="TempleApi.Tests.SaleServiceTests" name="UpdateSaleStatusAsync_ShouldReturnFalse_WhenSaleDoesNotExist" />
    </UnitTest>
    <UnitTest name="TempleApi.Tests.EventServiceTests.GetUpcomingEventsAsync_ShouldFilterByFutureAndScheduled" storage="d:\prasanth\personal\source\temple\temple-management-app\temple-api\tests\bin\debug\net8.0\templeapi.tests.dll" id="132d23d0-f432-7a14-6faf-ff3d5003284b">
      <Execution id="eab29327-35a6-444e-91ac-e5e98c21b38a" />
      <TestMethod codeBase="D:\prasanth\Personal\source\temple\temple-management-app\temple-api\Tests\bin\Debug\net8.0\TempleApi.Tests.dll" adapterTypeName="executor://xunit/VsTestRunner2/netcoreapp" className="TempleApi.Tests.EventServiceTests" name="GetUpcomingEventsAsync_ShouldFilterByFutureAndScheduled" />
    </UnitTest>
    <UnitTest name="TempleApi.Tests.SaleServiceTests.GetSalesByCustomerAsync_ShouldReturnCustomerSales" storage="d:\prasanth\personal\source\temple\temple-management-app\temple-api\tests\bin\debug\net8.0\templeapi.tests.dll" id="3984a37d-4858-e111-6dbe-58c3630ca63c">
      <Execution id="8b1852c3-c90b-4cbb-895c-0f68389edf5a" />
      <TestMethod codeBase="D:\prasanth\Personal\source\temple\temple-management-app\temple-api\Tests\bin\Debug\net8.0\TempleApi.Tests.dll" adapterTypeName="executor://xunit/VsTestRunner2/netcoreapp" className="TempleApi.Tests.SaleServiceTests" name="GetSalesByCustomerAsync_ShouldReturnCustomerSales" />
    </UnitTest>
    <UnitTest name="TempleApi.Tests.AuthenticationTests.BasicAuthenticationHandler_ShouldAuthenticate_WithValidCredentials" storage="d:\prasanth\personal\source\temple\temple-management-app\temple-api\tests\bin\debug\net8.0\templeapi.tests.dll" id="f7302d4d-e862-46e0-7497-e5e2c430e743">
      <Execution id="0b427413-6e69-42cd-8995-97212b6af205" />
      <TestMethod codeBase="D:\prasanth\Personal\source\temple\temple-management-app\temple-api\Tests\bin\Debug\net8.0\TempleApi.Tests.dll" adapterTypeName="executor://xunit/VsTestRunner2/netcoreapp" className="TempleApi.Tests.AuthenticationTests" name="BasicAuthenticationHandler_ShouldAuthenticate_WithValidCredentials" />
    </UnitTest>
    <UnitTest name="TempleApi.Tests.ExpenseServiceTests.GetExpenseByIdAsync_ShouldReturnExpense_WhenExists" storage="d:\prasanth\personal\source\temple\temple-management-app\temple-api\tests\bin\debug\net8.0\templeapi.tests.dll" id="e9243436-a77c-5f70-06d2-2ea09368e07c">
      <Execution id="7fa5002b-bb54-413a-bdda-5c4345b65efa" />
      <TestMethod codeBase="D:\prasanth\Personal\source\temple\temple-management-app\temple-api\Tests\bin\Debug\net8.0\TempleApi.Tests.dll" adapterTypeName="executor://xunit/VsTestRunner2/netcoreapp" className="TempleApi.Tests.ExpenseServiceTests" name="GetExpenseByIdAsync_ShouldReturnExpense_WhenExists" />
    </UnitTest>
    <UnitTest name="TempleApi.Tests.ExpenseServiceTests.CreateExpenseAsync_ShouldThrowException_WhenEventExpenseNotFound" storage="d:\prasanth\personal\source\temple\temple-management-app\temple-api\tests\bin\debug\net8.0\templeapi.tests.dll" id="ee4cb1f2-1835-9ad5-7791-b30e25ab4aaa">
      <Execution id="0c182e8e-6ba2-4b4e-90e9-dd78c62367b0" />
      <TestMethod codeBase="D:\prasanth\Personal\source\temple\temple-management-app\temple-api\Tests\bin\Debug\net8.0\TempleApi.Tests.dll" adapterTypeName="executor://xunit/VsTestRunner2/netcoreapp" className="TempleApi.Tests.ExpenseServiceTests" name="CreateExpenseAsync_ShouldThrowException_WhenEventExpenseNotFound" />
    </UnitTest>
    <UnitTest name="TempleApi.Tests.UserManagementFeatureTests.CreateUser_ShouldAccept_VariousNakshatrasAndDates(nakshatra: &quot;Bharani&quot;, dateTimeStr: &quot;1985-03-20 14:45:00&quot;)" storage="d:\prasanth\personal\source\temple\temple-management-app\temple-api\tests\bin\debug\net8.0\templeapi.tests.dll" id="358cb6e1-f12e-3c59-2d79-f9dca53114c8">
      <Execution id="2085d22e-b2d5-4079-82cb-c5d6c93c7897" />
      <TestMethod codeBase="D:\prasanth\Personal\source\temple\temple-management-app\temple-api\Tests\bin\Debug\net8.0\TempleApi.Tests.dll" adapterTypeName="executor://xunit/VsTestRunner2/netcoreapp" className="TempleApi.Tests.UserManagementFeatureTests" name="CreateUser_ShouldAccept_VariousNakshatrasAndDates" />
    </UnitTest>
    <UnitTest name="TempleApi.Tests.SaleServiceTests.GetAllSalesAsync_ShouldReturnAllSales" storage="d:\prasanth\personal\source\temple\temple-management-app\temple-api\tests\bin\debug\net8.0\templeapi.tests.dll" id="e01ab663-f8f3-514b-a616-06e6f0f0d251">
      <Execution id="fbb495ee-e599-4522-8741-2d10c206bccd" />
      <TestMethod codeBase="D:\prasanth\Personal\source\temple\temple-management-app\temple-api\Tests\bin\Debug\net8.0\TempleApi.Tests.dll" adapterTypeName="executor://xunit/VsTestRunner2/netcoreapp" className="TempleApi.Tests.SaleServiceTests" name="GetAllSalesAsync_ShouldReturnAllSales" />
    </UnitTest>
    <UnitTest name="TempleApi.Tests.ExpenseServiceTests.GetAllExpensesAsync_ShouldReturnAllExpenses" storage="d:\prasanth\personal\source\temple\temple-management-app\temple-api\tests\bin\debug\net8.0\templeapi.tests.dll" id="5f4440a7-4842-4c67-6142-52d01848c848">
      <Execution id="d8af6bc0-49b3-4208-9822-7c503eeede35" />
      <TestMethod codeBase="D:\prasanth\Personal\source\temple\temple-management-app\temple-api\Tests\bin\Debug\net8.0\TempleApi.Tests.dll" adapterTypeName="executor://xunit/VsTestRunner2/netcoreapp" className="TempleApi.Tests.ExpenseServiceTests" name="GetAllExpensesAsync_ShouldReturnAllExpenses" />
    </UnitTest>
    <UnitTest name="TempleApi.Tests.TempleServiceTests.GetTempleByIdAsync_ShouldReturnTemple_WhenTempleExists" storage="d:\prasanth\personal\source\temple\temple-management-app\temple-api\tests\bin\debug\net8.0\templeapi.tests.dll" id="38dd4e3c-2c52-dbff-d6a1-b5df0ea81e6b">
      <Execution id="1f5fe74b-43a0-484a-bec6-c56795a55256" />
      <TestMethod codeBase="D:\prasanth\Personal\source\temple\temple-management-app\temple-api\Tests\bin\Debug\net8.0\TempleApi.Tests.dll" adapterTypeName="executor://xunit/VsTestRunner2/netcoreapp" className="TempleApi.Tests.TempleServiceTests" name="GetTempleByIdAsync_ShouldReturnTemple_WhenTempleExists" />
    </UnitTest>
    <UnitTest name="TempleApi.Tests.RepositorySortingTests.GetAllAsync_ReturnsActiveEntitiesInDescendingOrder" storage="d:\prasanth\personal\source\temple\temple-management-app\temple-api\tests\bin\debug\net8.0\templeapi.tests.dll" id="a0a6044e-518d-4fe3-24fd-09b59f75fd7b">
      <Execution id="d207b38b-512d-41ab-b4b0-1cb850a39fbc" />
      <TestMethod codeBase="D:\prasanth\Personal\source\temple\temple-management-app\temple-api\Tests\bin\Debug\net8.0\TempleApi.Tests.dll" adapterTypeName="executor://xunit/VsTestRunner2/netcoreapp" className="TempleApi.Tests.RepositorySortingTests" name="GetAllAsync_ReturnsActiveEntitiesInDescendingOrder" />
    </UnitTest>
    <UnitTest name="TempleApi.Tests.RoleServiceTests.DeleteRoleAsync_ShouldDeleteRole" storage="d:\prasanth\personal\source\temple\temple-management-app\temple-api\tests\bin\debug\net8.0\templeapi.tests.dll" id="480e9a5e-2bf3-af7c-8997-e20360e84543">
      <Execution id="ca1d5c45-ed43-40d7-bfa8-bf0d4c54470e" />
      <TestMethod codeBase="D:\prasanth\Personal\source\temple\temple-management-app\temple-api\Tests\bin\Debug\net8.0\TempleApi.Tests.dll" adapterTypeName="executor://xunit/VsTestRunner2/netcoreapp" className="TempleApi.Tests.RoleServiceTests" name="DeleteRoleAsync_ShouldDeleteRole" />
    </UnitTest>
    <UnitTest name="TempleApi.Tests.AuthenticationIntegrationTests.Register_ShouldCreateNewUser" storage="d:\prasanth\personal\source\temple\temple-management-app\temple-api\tests\bin\debug\net8.0\templeapi.tests.dll" id="b26eee93-4d8c-cd01-d35c-d1143e66bb56">
      <Execution id="b3cab9e4-8d91-4c25-b167-39aa79fcb3ca" />
      <TestMethod codeBase="D:\prasanth\Personal\source\temple\temple-management-app\temple-api\Tests\bin\Debug\net8.0\TempleApi.Tests.dll" adapterTypeName="executor://xunit/VsTestRunner2/netcoreapp" className="TempleApi.Tests.AuthenticationIntegrationTests" name="Register_ShouldCreateNewUser" />
    </UnitTest>
    <UnitTest name="TempleApi.Tests.AuthenticationTests.AuthService_VerifyAsync_ShouldReturnFalse_WithInvalidCode" storage="d:\prasanth\personal\source\temple\temple-management-app\temple-api\tests\bin\debug\net8.0\templeapi.tests.dll" id="6f138f98-21db-f16a-111e-d542eb8428b0">
      <Execution id="6409bbfe-fc8c-431e-b43e-2f1760031de3" />
      <TestMethod codeBase="D:\prasanth\Personal\source\temple\temple-management-app\temple-api\Tests\bin\Debug\net8.0\TempleApi.Tests.dll" adapterTypeName="executor://xunit/VsTestRunner2/netcoreapp" className="TempleApi.Tests.AuthenticationTests" name="AuthService_VerifyAsync_ShouldReturnFalse_WithInvalidCode" />
    </UnitTest>
    <UnitTest name="TempleApi.Tests.DonationServiceTests.GetDonationsByDevoteeAsync_ShouldFilterByDevotee" storage="d:\prasanth\personal\source\temple\temple-management-app\temple-api\tests\bin\debug\net8.0\templeapi.tests.dll" id="86d9d5b2-f87c-b63f-84b8-3cdbc97a27c4">
      <Execution id="8bbd74da-ede2-499f-b1c5-7aa6bee5422d" />
      <TestMethod codeBase="D:\prasanth\Personal\source\temple\temple-management-app\temple-api\Tests\bin\Debug\net8.0\TempleApi.Tests.dll" adapterTypeName="executor://xunit/VsTestRunner2/netcoreapp" className="TempleApi.Tests.DonationServiceTests" name="GetDonationsByDevoteeAsync_ShouldFilterByDevotee" />
    </UnitTest>
    <UnitTest name="TempleApi.Tests.AuthenticationIntegrationTests.GetRoles_ShouldReturnUserRoles_WithValidAuth" storage="d:\prasanth\personal\source\temple\temple-management-app\temple-api\tests\bin\debug\net8.0\templeapi.tests.dll" id="e4283c56-de9f-578a-0c4b-320206079df3">
      <Execution id="fece3102-a794-4db2-990b-224e2931c3ec" />
      <TestMethod codeBase="D:\prasanth\Personal\source\temple\temple-management-app\temple-api\Tests\bin\Debug\net8.0\TempleApi.Tests.dll" adapterTypeName="executor://xunit/VsTestRunner2/netcoreapp" className="TempleApi.Tests.AuthenticationIntegrationTests" name="GetRoles_ShouldReturnUserRoles_WithValidAuth" />
    </UnitTest>
    <UnitTest name="TempleApi.Tests.AuthServiceVerificationTests.VerifyAsync_ShouldActivateAndClearCode_WhenValid" storage="d:\prasanth\personal\source\temple\temple-management-app\temple-api\tests\bin\debug\net8.0\templeapi.tests.dll" id="a728fea7-d914-1714-14c5-f344943999eb">
      <Execution id="3d72922c-38bf-4504-b279-e0d14942d380" />
      <TestMethod codeBase="D:\prasanth\Personal\source\temple\temple-management-app\temple-api\Tests\bin\Debug\net8.0\TempleApi.Tests.dll" adapterTypeName="executor://xunit/VsTestRunner2/netcoreapp" className="TempleApi.Tests.AuthServiceVerificationTests" name="VerifyAsync_ShouldActivateAndClearCode_WhenValid" />
    </UnitTest>
    <UnitTest name="TempleApi.Tests.RepositorySortingTests.GetAllAsync_WithIncludes_ReturnsInDescendingOrder" storage="d:\prasanth\personal\source\temple\temple-management-app\temple-api\tests\bin\debug\net8.0\templeapi.tests.dll" id="4b862328-a70a-e50a-75a9-b2fac7978b7e">
      <Execution id="ee1ec7b1-3d3e-4c05-ac32-698c47a25550" />
      <TestMethod codeBase="D:\prasanth\Personal\source\temple\temple-management-app\temple-api\Tests\bin\Debug\net8.0\TempleApi.Tests.dll" adapterTypeName="executor://xunit/VsTestRunner2/netcoreapp" className="TempleApi.Tests.RepositorySortingTests" name="GetAllAsync_WithIncludes_ReturnsInDescendingOrder" />
    </UnitTest>
    <UnitTest name="TempleApi.Tests.SortingTests.GetAllEventsAsync_ReturnsEventsInDescendingOrder" storage="d:\prasanth\personal\source\temple\temple-management-app\temple-api\tests\bin\debug\net8.0\templeapi.tests.dll" id="6af39dee-e40a-9b12-55da-b05c5a9e0442">
      <Execution id="2ff764ec-dfbc-4df7-ad73-6453c2b4f47d" />
      <TestMethod codeBase="D:\prasanth\Personal\source\temple\temple-management-app\temple-api\Tests\bin\Debug\net8.0\TempleApi.Tests.dll" adapterTypeName="executor://xunit/VsTestRunner2/netcoreapp" className="TempleApi.Tests.SortingTests" name="GetAllEventsAsync_ReturnsEventsInDescendingOrder" />
    </UnitTest>
    <UnitTest name="TempleApi.Tests.ProductServiceTests.GetProductByIdAsync_ShouldReturnProduct_WhenProductExists" storage="d:\prasanth\personal\source\temple\temple-management-app\temple-api\tests\bin\debug\net8.0\templeapi.tests.dll" id="a83f9b94-33e9-2320-8644-6412ade3fc71">
      <Execution id="0fc989de-8420-4609-9751-f1bd4d01cc6a" />
      <TestMethod codeBase="D:\prasanth\Personal\source\temple\temple-management-app\temple-api\Tests\bin\Debug\net8.0\TempleApi.Tests.dll" adapterTypeName="executor://xunit/VsTestRunner2/netcoreapp" className="TempleApi.Tests.ProductServiceTests" name="GetProductByIdAsync_ShouldReturnProduct_WhenProductExists" />
    </UnitTest>
    <UnitTest name="TempleApi.Tests.AuthenticationTests.AuthService_RegisterAsync_ShouldFail_WithInvalidPhone" storage="d:\prasanth\personal\source\temple\temple-management-app\temple-api\tests\bin\debug\net8.0\templeapi.tests.dll" id="d5e7b889-010a-b0b6-8716-737e962d1878">
      <Execution id="a061f987-92d6-47e5-8e1a-60f01bde4e6e" />
      <TestMethod codeBase="D:\prasanth\Personal\source\temple\temple-management-app\temple-api\Tests\bin\Debug\net8.0\TempleApi.Tests.dll" adapterTypeName="executor://xunit/VsTestRunner2/netcoreapp" className="TempleApi.Tests.AuthenticationTests" name="AuthService_RegisterAsync_ShouldFail_WithInvalidPhone" />
    </UnitTest>
    <UnitTest name="TempleApi.Tests.AuthenticationFeatureTests.Login_ShouldFail_ForUnverifiedUser" storage="d:\prasanth\personal\source\temple\temple-management-app\temple-api\tests\bin\debug\net8.0\templeapi.tests.dll" id="68861163-2e52-ed9f-c2fd-e97261c6923d">
      <Execution id="f668c817-ee19-408a-b159-2f6f2f72e3d4" />
      <TestMethod codeBase="D:\prasanth\Personal\source\temple\temple-management-app\temple-api\Tests\bin\Debug\net8.0\TempleApi.Tests.dll" adapterTypeName="executor://xunit/VsTestRunner2/netcoreapp" className="TempleApi.Tests.AuthenticationFeatureTests" name="Login_ShouldFail_ForUnverifiedUser" />
    </UnitTest>
    <UnitTest name="TempleApi.Tests.DevoteeServiceTests.GetAllDevoteesAsync_ShouldReturnOnlyActive" storage="d:\prasanth\personal\source\temple\temple-management-app\temple-api\tests\bin\debug\net8.0\templeapi.tests.dll" id="10d6be56-4fb1-4377-e818-0f09889a5b5d">
      <Execution id="446e6641-1323-47b1-bec4-06e5f0317f4e" />
      <TestMethod codeBase="D:\prasanth\Personal\source\temple\temple-management-app\temple-api\Tests\bin\Debug\net8.0\TempleApi.Tests.dll" adapterTypeName="executor://xunit/VsTestRunner2/netcoreapp" className="TempleApi.Tests.DevoteeServiceTests" name="GetAllDevoteesAsync_ShouldReturnOnlyActive" />
    </UnitTest>
    <UnitTest name="TempleApi.Tests.EventServiceTests.GetEventByIdAsync_ShouldReturnEvent_WhenExists" storage="d:\prasanth\personal\source\temple\temple-management-app\temple-api\tests\bin\debug\net8.0\templeapi.tests.dll" id="73245d49-507d-4f11-267c-105bd83d3c2d">
      <Execution id="d23eab3a-3d14-450f-8b43-490d2980b13f" />
      <TestMethod codeBase="D:\prasanth\Personal\source\temple\temple-management-app\temple-api\Tests\bin\Debug\net8.0\TempleApi.Tests.dll" adapterTypeName="executor://xunit/VsTestRunner2/netcoreapp" className="TempleApi.Tests.EventServiceTests" name="GetEventByIdAsync_ShouldReturnEvent_WhenExists" />
    </UnitTest>
    <UnitTest name="TempleApi.Tests.SaleServiceTests.GetSalesByStaffAsync_ShouldReturnStaffSales" storage="d:\prasanth\personal\source\temple\temple-management-app\temple-api\tests\bin\debug\net8.0\templeapi.tests.dll" id="1a8857a6-51a1-b070-393d-9735c211d32c">
      <Execution id="ac40bfa0-5460-455f-a147-a192a06ed02a" />
      <TestMethod codeBase="D:\prasanth\Personal\source\temple\temple-management-app\temple-api\Tests\bin\Debug\net8.0\TempleApi.Tests.dll" adapterTypeName="executor://xunit/VsTestRunner2/netcoreapp" className="TempleApi.Tests.SaleServiceTests" name="GetSalesByStaffAsync_ShouldReturnStaffSales" />
    </UnitTest>
    <UnitTest name="TempleApi.Tests.SortingTests.GetAllAreasAsync_ReturnsAreasInDescendingOrder" storage="d:\prasanth\personal\source\temple\temple-management-app\temple-api\tests\bin\debug\net8.0\templeapi.tests.dll" id="f133ec8b-9dc9-8e92-1f23-c8cef1764494">
      <Execution id="a4189b64-9e4d-455e-8b37-1e4d81693273" />
      <TestMethod codeBase="D:\prasanth\Personal\source\temple\temple-management-app\temple-api\Tests\bin\Debug\net8.0\TempleApi.Tests.dll" adapterTypeName="executor://xunit/VsTestRunner2/netcoreapp" className="TempleApi.Tests.SortingTests" name="GetAllAreasAsync_ReturnsAreasInDescendingOrder" />
    </UnitTest>
    <UnitTest name="TempleApi.Tests.DevoteeServiceTests.GetDevoteeByIdAsync_ShouldReturnDevotee_WhenExists" storage="d:\prasanth\personal\source\temple\temple-management-app\temple-api\tests\bin\debug\net8.0\templeapi.tests.dll" id="2fbd0562-8a53-f615-e1ab-6f7174f59fff">
      <Execution id="2996b116-989f-4d73-8473-4823ce74ac62" />
      <TestMethod codeBase="D:\prasanth\Personal\source\temple\temple-management-app\temple-api\Tests\bin\Debug\net8.0\TempleApi.Tests.dll" adapterTypeName="executor://xunit/VsTestRunner2/netcoreapp" className="TempleApi.Tests.DevoteeServiceTests" name="GetDevoteeByIdAsync_ShouldReturnDevotee_WhenExists" />
    </UnitTest>
    <UnitTest name="TempleApi.Tests.SaleServiceTests.CreateSaleAsync_ShouldThrowException_WhenCustomerNotFound" storage="d:\prasanth\personal\source\temple\temple-management-app\temple-api\tests\bin\debug\net8.0\templeapi.tests.dll" id="ffc51072-149a-0c77-a0d3-d777e7d03129">
      <Execution id="f00e5013-f73e-40e2-88a9-cffd52fbcc29" />
      <TestMethod codeBase="D:\prasanth\Personal\source\temple\temple-management-app\temple-api\Tests\bin\Debug\net8.0\TempleApi.Tests.dll" adapterTypeName="executor://xunit/VsTestRunner2/netcoreapp" className="TempleApi.Tests.SaleServiceTests" name="CreateSaleAsync_ShouldThrowException_WhenCustomerNotFound" />
    </UnitTest>
    <UnitTest name="TempleApi.Tests.ProductServiceTests.UpdateProductQuantityAsync_ShouldUpdateQuantity_WhenProductExists" storage="d:\prasanth\personal\source\temple\temple-management-app\temple-api\tests\bin\debug\net8.0\templeapi.tests.dll" id="038d0718-fd75-41ad-142b-c24fe6756cdd">
      <Execution id="3215ca75-b169-4e2e-ad80-a957c85e8cca" />
      <TestMethod codeBase="D:\prasanth\Personal\source\temple\temple-management-app\temple-api\Tests\bin\Debug\net8.0\TempleApi.Tests.dll" adapterTypeName="executor://xunit/VsTestRunner2/netcoreapp" className="TempleApi.Tests.ProductServiceTests" name="UpdateProductQuantityAsync_ShouldUpdateQuantity_WhenProductExists" />
    </UnitTest>
    <UnitTest name="TempleApi.Tests.AuthenticationIntegrationTests.GetMe_ShouldReturnUserInfo_WithValidAuth" storage="d:\prasanth\personal\source\temple\temple-management-app\temple-api\tests\bin\debug\net8.0\templeapi.tests.dll" id="f7dd0744-33e2-6490-3aa4-ab03e52e373c">
      <Execution id="f5de7c1c-5ddc-4676-9877-2551638c1d0d" />
      <TestMethod codeBase="D:\prasanth\Personal\source\temple\temple-management-app\temple-api\Tests\bin\Debug\net8.0\TempleApi.Tests.dll" adapterTypeName="executor://xunit/VsTestRunner2/netcoreapp" className="TempleApi.Tests.AuthenticationIntegrationTests" name="GetMe_ShouldReturnUserInfo_WithValidAuth" />
    </UnitTest>
    <UnitTest name="TempleApi.Tests.UserServiceTests.ResetPasswordAsync_ShouldGenerateNewPassword_AndAllowLogin" storage="d:\prasanth\personal\source\temple\temple-management-app\temple-api\tests\bin\debug\net8.0\templeapi.tests.dll" id="f7261ab1-596e-1514-86de-38231e90ae76">
      <Execution id="2116c559-5fec-4b06-bcda-6be7eb6fb84b" />
      <TestMethod codeBase="D:\prasanth\Personal\source\temple\temple-management-app\temple-api\Tests\bin\Debug\net8.0\TempleApi.Tests.dll" adapterTypeName="executor://xunit/VsTestRunner2/netcoreapp" className="TempleApi.Tests.UserServiceTests" name="ResetPasswordAsync_ShouldGenerateNewPassword_AndAllowLogin" />
    </UnitTest>
    <UnitTest name="TempleApi.Tests.AuthenticationIntegrationTests.Register_ShouldFail_WithInvalidPhone" storage="d:\prasanth\personal\source\temple\temple-management-app\temple-api\tests\bin\debug\net8.0\templeapi.tests.dll" id="e36f5a7f-c183-f164-0426-1e05666ff512">
      <Execution id="ac8650cf-c068-4cdf-a66d-070566fe001e" />
      <TestMethod codeBase="D:\prasanth\Personal\source\temple\temple-management-app\temple-api\Tests\bin\Debug\net8.0\TempleApi.Tests.dll" adapterTypeName="executor://xunit/VsTestRunner2/netcoreapp" className="TempleApi.Tests.AuthenticationIntegrationTests" name="Register_ShouldFail_WithInvalidPhone" />
    </UnitTest>
    <UnitTest name="TempleApi.Tests.DevoteeServiceTests.UpdateDevoteeAsync_ShouldUpdate_WhenExists" storage="d:\prasanth\personal\source\temple\temple-management-app\temple-api\tests\bin\debug\net8.0\templeapi.tests.dll" id="352c82e1-fd73-6ea6-4c15-ce4482eee7be">
      <Execution id="00ad5d65-af7b-4a97-997a-32fb41b3d18a" />
      <TestMethod codeBase="D:\prasanth\Personal\source\temple\temple-management-app\temple-api\Tests\bin\Debug\net8.0\TempleApi.Tests.dll" adapterTypeName="executor://xunit/VsTestRunner2/netcoreapp" className="TempleApi.Tests.DevoteeServiceTests" name="UpdateDevoteeAsync_ShouldUpdate_WhenExists" />
    </UnitTest>
    <UnitTest name="TempleApi.Tests.EventExpenseServiceTests.CreateEventExpenseAsync_ShouldCreateEventExpense_WhenValidData" storage="d:\prasanth\personal\source\temple\temple-management-app\temple-api\tests\bin\debug\net8.0\templeapi.tests.dll" id="c3ea3489-98da-e412-c7e5-f68c3951beb7">
      <Execution id="7571145f-5252-4ead-b331-2ccc7c042616" />
      <TestMethod codeBase="D:\prasanth\Personal\source\temple\temple-management-app\temple-api\Tests\bin\Debug\net8.0\TempleApi.Tests.dll" adapterTypeName="executor://xunit/VsTestRunner2/netcoreapp" className="TempleApi.Tests.EventExpenseServiceTests" name="CreateEventExpenseAsync_ShouldCreateEventExpense_WhenValidData" />
    </UnitTest>
    <UnitTest name="TempleApi.Tests.EventServiceTests.UpdateEventStatusAsync_ShouldUpdateStatus" storage="d:\prasanth\personal\source\temple\temple-management-app\temple-api\tests\bin\debug\net8.0\templeapi.tests.dll" id="c4af5b66-4154-9ce8-3194-c392f5b74e3c">
      <Execution id="28070338-ba22-48e1-98c7-b5e03485e232" />
      <TestMethod codeBase="D:\prasanth\Personal\source\temple\temple-management-app\temple-api\Tests\bin\Debug\net8.0\TempleApi.Tests.dll" adapterTypeName="executor://xunit/VsTestRunner2/netcoreapp" className="TempleApi.Tests.EventServiceTests" name="UpdateEventStatusAsync_ShouldUpdateStatus" />
    </UnitTest>
    <UnitTest name="TempleApi.Tests.UserManagementFeatureTests.CreateUser_ShouldInclude_NakshatraAndDOB" storage="d:\prasanth\personal\source\temple\temple-management-app\temple-api\tests\bin\debug\net8.0\templeapi.tests.dll" id="425149a8-98da-7b70-a19b-a437dbb73a55">
      <Execution id="b1907f6e-bfa6-4951-b1ef-a20f90eca573" />
      <TestMethod codeBase="D:\prasanth\Personal\source\temple\temple-management-app\temple-api\Tests\bin\Debug\net8.0\TempleApi.Tests.dll" adapterTypeName="executor://xunit/VsTestRunner2/netcoreapp" className="TempleApi.Tests.UserManagementFeatureTests" name="CreateUser_ShouldInclude_NakshatraAndDOB" />
    </UnitTest>
    <UnitTest name="TempleApi.Tests.CategoryServiceTests.DeleteCategoryAsync_ShouldDelete_WhenExists" storage="d:\prasanth\personal\source\temple\temple-management-app\temple-api\tests\bin\debug\net8.0\templeapi.tests.dll" id="89b33323-d2a6-fed8-85fa-6fd2ad8dd3ab">
      <Execution id="cabfc417-0f2b-43cb-b9b5-849658dcf49d" />
      <TestMethod codeBase="D:\prasanth\Personal\source\temple\temple-management-app\temple-api\Tests\bin\Debug\net8.0\TempleApi.Tests.dll" adapterTypeName="executor://xunit/VsTestRunner2/netcoreapp" className="TempleApi.Tests.CategoryServiceTests" name="DeleteCategoryAsync_ShouldDelete_WhenExists" />
    </UnitTest>
    <UnitTest name="TempleApi.Tests.SaleServiceTests.UpdateSaleAsync_ShouldThrowException_WhenSaleDoesNotExist" storage="d:\prasanth\personal\source\temple\temple-management-app\temple-api\tests\bin\debug\net8.0\templeapi.tests.dll" id="601f5f0d-9451-8057-8b2d-cd1fcf2f20fc">
      <Execution id="bcba5785-7cc7-4a74-bb25-f68c5b543171" />
      <TestMethod codeBase="D:\prasanth\Personal\source\temple\temple-management-app\temple-api\Tests\bin\Debug\net8.0\TempleApi.Tests.dll" adapterTypeName="executor://xunit/VsTestRunner2/netcoreapp" className="TempleApi.Tests.SaleServiceTests" name="UpdateSaleAsync_ShouldThrowException_WhenSaleDoesNotExist" />
    </UnitTest>
    <UnitTest name="TempleApi.Tests.ProductServiceTests.SearchProductsAsync_ShouldReturnEmptyList_WhenNoMatches" storage="d:\prasanth\personal\source\temple\temple-management-app\temple-api\tests\bin\debug\net8.0\templeapi.tests.dll" id="02fba3fa-db3d-9da5-7b74-a0529a8a0759">
      <Execution id="17461248-9a94-4ef7-a894-c454abcdc7b9" />
      <TestMethod codeBase="D:\prasanth\Personal\source\temple\temple-management-app\temple-api\Tests\bin\Debug\net8.0\TempleApi.Tests.dll" adapterTypeName="executor://xunit/VsTestRunner2/netcoreapp" className="TempleApi.Tests.ProductServiceTests" name="SearchProductsAsync_ShouldReturnEmptyList_WhenNoMatches" />
    </UnitTest>
    <UnitTest name="TempleApi.Tests.UserServiceTests.GetAllUsersAsync_ShouldReturnAllUsers" storage="d:\prasanth\personal\source\temple\temple-management-app\temple-api\tests\bin\debug\net8.0\templeapi.tests.dll" id="6d4eb708-4a12-d9d0-72ae-4ce0e9476a61">
      <Execution id="d6a6ef91-22c8-43c6-b1c6-8836ab7fc996" />
      <TestMethod codeBase="D:\prasanth\Personal\source\temple\temple-management-app\temple-api\Tests\bin\Debug\net8.0\TempleApi.Tests.dll" adapterTypeName="executor://xunit/VsTestRunner2/netcoreapp" className="TempleApi.Tests.UserServiceTests" name="GetAllUsersAsync_ShouldReturnAllUsers" />
    </UnitTest>
    <UnitTest name="TempleApi.Tests.TempleServiceTests.UpdateTempleAsync_ShouldUpdate_WhenExists" storage="d:\prasanth\personal\source\temple\temple-management-app\temple-api\tests\bin\debug\net8.0\templeapi.tests.dll" id="3952722e-733b-7ed5-be94-ffb4ae81bee0">
      <Execution id="93c1a937-d6d0-4f21-a27a-2e25ea33739b" />
      <TestMethod codeBase="D:\prasanth\Personal\source\temple\temple-management-app\temple-api\Tests\bin\Debug\net8.0\TempleApi.Tests.dll" adapterTypeName="executor://xunit/VsTestRunner2/netcoreapp" className="TempleApi.Tests.TempleServiceTests" name="UpdateTempleAsync_ShouldUpdate_WhenExists" />
    </UnitTest>
    <UnitTest name="TempleApi.Tests.ProductServiceTests.UpdateProductAsync_ShouldUpdateProduct_WhenProductExists" storage="d:\prasanth\personal\source\temple\temple-management-app\temple-api\tests\bin\debug\net8.0\templeapi.tests.dll" id="69eb3baf-31fc-0590-7d8b-3256ee9cdcfd">
      <Execution id="c7bf28f5-7ceb-4e82-847d-c4a0e1894aee" />
      <TestMethod codeBase="D:\prasanth\Personal\source\temple\temple-management-app\temple-api\Tests\bin\Debug\net8.0\TempleApi.Tests.dll" adapterTypeName="executor://xunit/VsTestRunner2/netcoreapp" className="TempleApi.Tests.ProductServiceTests" name="UpdateProductAsync_ShouldUpdateProduct_WhenProductExists" />
    </UnitTest>
    <UnitTest name="TempleApi.Tests.AuthenticationFeatureTests.Register_ShouldHandleNull_NakshatraAndDOB" storage="d:\prasanth\personal\source\temple\temple-management-app\temple-api\tests\bin\debug\net8.0\templeapi.tests.dll" id="be9e8e27-d066-8971-4999-fdebb760fd44">
      <Execution id="5431b208-c855-4e6d-b522-ae7b2e955367" />
      <TestMethod codeBase="D:\prasanth\Personal\source\temple\temple-management-app\temple-api\Tests\bin\Debug\net8.0\TempleApi.Tests.dll" adapterTypeName="executor://xunit/VsTestRunner2/netcoreapp" className="TempleApi.Tests.AuthenticationFeatureTests" name="Register_ShouldHandleNull_NakshatraAndDOB" />
    </UnitTest>
    <UnitTest name="TempleApi.Tests.DevoteeServiceTests.CreateDevoteeAsync_ShouldHandleMinimalData" storage="d:\prasanth\personal\source\temple\temple-management-app\temple-api\tests\bin\debug\net8.0\templeapi.tests.dll" id="ffb6e91c-a9a0-b28f-1785-60675ee50efb">
      <Execution id="227aadc0-8ac8-425d-8756-223976e8c1c7" />
      <TestMethod codeBase="D:\prasanth\Personal\source\temple\temple-management-app\temple-api\Tests\bin\Debug\net8.0\TempleApi.Tests.dll" adapterTypeName="executor://xunit/VsTestRunner2/netcoreapp" className="TempleApi.Tests.DevoteeServiceTests" name="CreateDevoteeAsync_ShouldHandleMinimalData" />
    </UnitTest>
    <UnitTest name="TempleApi.Tests.EventServiceTests.UpdateEventAsync_ShouldReturnNull_WhenNotFound" storage="d:\prasanth\personal\source\temple\temple-management-app\temple-api\tests\bin\debug\net8.0\templeapi.tests.dll" id="b025220a-46ad-8c20-46df-17ea443acfdb">
      <Execution id="fe2621ae-9b4b-4d6e-b518-7b8c6edb355a" />
      <TestMethod codeBase="D:\prasanth\Personal\source\temple\temple-management-app\temple-api\Tests\bin\Debug\net8.0\TempleApi.Tests.dll" adapterTypeName="executor://xunit/VsTestRunner2/netcoreapp" className="TempleApi.Tests.EventServiceTests" name="UpdateEventAsync_ShouldReturnNull_WhenNotFound" />
    </UnitTest>
    <UnitTest name="TempleApi.Tests.SaleServiceTests.GetSaleByIdAsync_ShouldReturnSale_WhenSaleExists" storage="d:\prasanth\personal\source\temple\temple-management-app\temple-api\tests\bin\debug\net8.0\templeapi.tests.dll" id="8f92ab9b-8de4-cce0-035e-6b142097d0ce">
      <Execution id="7a8d16cf-5279-42cb-a1b2-b2e5cffcedd6" />
      <TestMethod codeBase="D:\prasanth\Personal\source\temple\temple-management-app\temple-api\Tests\bin\Debug\net8.0\TempleApi.Tests.dll" adapterTypeName="executor://xunit/VsTestRunner2/netcoreapp" className="TempleApi.Tests.SaleServiceTests" name="GetSaleByIdAsync_ShouldReturnSale_WhenSaleExists" />
    </UnitTest>
    <UnitTest name="TempleApi.Tests.AuthenticationIntegrationTests.GetMe_ShouldReturn401_WithoutAuth" storage="d:\prasanth\personal\source\temple\temple-management-app\temple-api\tests\bin\debug\net8.0\templeapi.tests.dll" id="df0f1e33-b625-dcf8-f806-f4b4ec6337a6">
      <Execution id="f8158995-9a05-4089-ad59-703bc1e28407" />
      <TestMethod codeBase="D:\prasanth\Personal\source\temple\temple-management-app\temple-api\Tests\bin\Debug\net8.0\TempleApi.Tests.dll" adapterTypeName="executor://xunit/VsTestRunner2/netcoreapp" className="TempleApi.Tests.AuthenticationIntegrationTests" name="GetMe_ShouldReturn401_WithoutAuth" />
    </UnitTest>
    <UnitTest name="TempleApi.Tests.CategoryServiceTests.CreateCategoryAsync_ShouldCreate_WhenValid" storage="d:\prasanth\personal\source\temple\temple-management-app\temple-api\tests\bin\debug\net8.0\templeapi.tests.dll" id="a338127a-f430-e81e-e53e-6c5e94542f3c">
      <Execution id="0308e68f-1892-4884-959f-a73c8dc2574e" />
      <TestMethod codeBase="D:\prasanth\Personal\source\temple\temple-management-app\temple-api\Tests\bin\Debug\net8.0\TempleApi.Tests.dll" adapterTypeName="executor://xunit/VsTestRunner2/netcoreapp" className="TempleApi.Tests.CategoryServiceTests" name="CreateCategoryAsync_ShouldCreate_WhenValid" />
    </UnitTest>
    <UnitTest name="TempleApi.Tests.ProductServiceTests.GetProductByIdAsync_ShouldReturnNull_WhenProductDoesNotExist" storage="d:\prasanth\personal\source\temple\temple-management-app\temple-api\tests\bin\debug\net8.0\templeapi.tests.dll" id="db7821e1-4448-775e-689a-b80f22f264aa">
      <Execution id="0dc985b3-2259-4fa6-8f37-d0a8a592555a" />
      <TestMethod codeBase="D:\prasanth\Personal\source\temple\temple-management-app\temple-api\Tests\bin\Debug\net8.0\TempleApi.Tests.dll" adapterTypeName="executor://xunit/VsTestRunner2/netcoreapp" className="TempleApi.Tests.ProductServiceTests" name="GetProductByIdAsync_ShouldReturnNull_WhenProductDoesNotExist" />
    </UnitTest>
    <UnitTest name="TempleApi.Tests.CategoryServiceTests.UpdateCategoryAsync_ShouldThrow_WhenDuplicateName" storage="d:\prasanth\personal\source\temple\temple-management-app\temple-api\tests\bin\debug\net8.0\templeapi.tests.dll" id="c75b9336-1aa7-9e47-875a-f4e400489d36">
      <Execution id="34ce8a13-d493-4796-84be-3cf5b3a5fade" />
      <TestMethod codeBase="D:\prasanth\Personal\source\temple\temple-management-app\temple-api\Tests\bin\Debug\net8.0\TempleApi.Tests.dll" adapterTypeName="executor://xunit/VsTestRunner2/netcoreapp" className="TempleApi.Tests.CategoryServiceTests" name="UpdateCategoryAsync_ShouldThrow_WhenDuplicateName" />
    </UnitTest>
    <UnitTest name="TempleApi.Tests.PoojaBookingServiceTests.GetAllBookingsAsync_ShouldReturnOnlyActiveBookings" storage="d:\prasanth\personal\source\temple\temple-management-app\temple-api\tests\bin\debug\net8.0\templeapi.tests.dll" id="4c3eb3c5-4896-64ea-2f8f-fee82287c95d">
      <Execution id="e410e6e1-efec-4e7f-9ee7-5271a3af0f36" />
      <TestMethod codeBase="D:\prasanth\Personal\source\temple\temple-management-app\temple-api\Tests\bin\Debug\net8.0\TempleApi.Tests.dll" adapterTypeName="executor://xunit/VsTestRunner2/netcoreapp" className="TempleApi.Tests.PoojaBookingServiceTests" name="GetAllBookingsAsync_ShouldReturnOnlyActiveBookings" />
    </UnitTest>
    <UnitTest name="TempleApi.Tests.AuthenticationIntegrationTests.UsersMe_Get_ShouldReturnUnauthorizedWithoutAuth" storage="d:\prasanth\personal\source\temple\temple-management-app\temple-api\tests\bin\debug\net8.0\templeapi.tests.dll" id="af8b8168-a37c-3800-679f-c562b5178824">
      <Execution id="13f36837-3b2f-4a2b-90d7-606cb8d4d6b8" />
      <TestMethod codeBase="D:\prasanth\Personal\source\temple\temple-management-app\temple-api\Tests\bin\Debug\net8.0\TempleApi.Tests.dll" adapterTypeName="executor://xunit/VsTestRunner2/netcoreapp" className="TempleApi.Tests.AuthenticationIntegrationTests" name="UsersMe_Get_ShouldReturnUnauthorizedWithoutAuth" />
    </UnitTest>
    <UnitTest name="TempleApi.Tests.AuthenticationFeatureTests.Login_ShouldSucceed_ForVerifiedUser_WithNakshatraAndDOB" storage="d:\prasanth\personal\source\temple\temple-management-app\temple-api\tests\bin\debug\net8.0\templeapi.tests.dll" id="094dc1bd-429a-8876-53c2-245bd7671a4c">
      <Execution id="a64d0bff-400e-4641-af8b-db1c441bf234" />
      <TestMethod codeBase="D:\prasanth\Personal\source\temple\temple-management-app\temple-api\Tests\bin\Debug\net8.0\TempleApi.Tests.dll" adapterTypeName="executor://xunit/VsTestRunner2/netcoreapp" className="TempleApi.Tests.AuthenticationFeatureTests" name="Login_ShouldSucceed_ForVerifiedUser_WithNakshatraAndDOB" />
    </UnitTest>
    <UnitTest name="TempleApi.Tests.PoojaServiceTests.UpdatePoojaAsync_ShouldThrowException_WhenPoojaDoesNotExist" storage="d:\prasanth\personal\source\temple\temple-management-app\temple-api\tests\bin\debug\net8.0\templeapi.tests.dll" id="dd151a23-2f73-bd6a-29f0-a2e88eb55652">
      <Execution id="26c5070f-480b-482d-825f-bcd2fde19385" />
      <TestMethod codeBase="D:\prasanth\Personal\source\temple\temple-management-app\temple-api\Tests\bin\Debug\net8.0\TempleApi.Tests.dll" adapterTypeName="executor://xunit/VsTestRunner2/netcoreapp" className="TempleApi.Tests.PoojaServiceTests" name="UpdatePoojaAsync_ShouldThrowException_WhenPoojaDoesNotExist" />
    </UnitTest>
    <UnitTest name="TempleApi.Tests.SaleServiceTests.CreateSaleAsync_ShouldCreateSale_WhenValidData" storage="d:\prasanth\personal\source\temple\temple-management-app\temple-api\tests\bin\debug\net8.0\templeapi.tests.dll" id="c09e937d-82c5-bb22-0b37-d79848ec9599">
      <Execution id="fc7c0400-2fb9-4df9-8041-04f73558138f" />
      <TestMethod codeBase="D:\prasanth\Personal\source\temple\temple-management-app\temple-api\Tests\bin\Debug\net8.0\TempleApi.Tests.dll" adapterTypeName="executor://xunit/VsTestRunner2/netcoreapp" className="TempleApi.Tests.SaleServiceTests" name="CreateSaleAsync_ShouldCreateSale_WhenValidData" />
    </UnitTest>
    <UnitTest name="TempleApi.Tests.DonationServiceTests.GetDonationByIdAsync_ShouldReturnNull_WhenNotFound" storage="d:\prasanth\personal\source\temple\temple-management-app\temple-api\tests\bin\debug\net8.0\templeapi.tests.dll" id="0d2dd6a9-cdda-6a30-8812-16d9d9726bb1">
      <Execution id="3dc00f1b-10df-469c-9375-bbbbca726d69" />
      <TestMethod codeBase="D:\prasanth\Personal\source\temple\temple-management-app\temple-api\Tests\bin\Debug\net8.0\TempleApi.Tests.dll" adapterTypeName="executor://xunit/VsTestRunner2/netcoreapp" className="TempleApi.Tests.DonationServiceTests" name="GetDonationByIdAsync_ShouldReturnNull_WhenNotFound" />
    </UnitTest>
    <UnitTest name="TempleApi.Tests.UserServiceTests.DeleteUserAsync_ShouldReturnTrue_WhenUserExists" storage="d:\prasanth\personal\source\temple\temple-management-app\temple-api\tests\bin\debug\net8.0\templeapi.tests.dll" id="9466a05f-08b2-99bd-957c-624888e16dd1">
      <Execution id="74bd9cae-4f41-44c1-bb42-eacdca8b937c" />
      <TestMethod codeBase="D:\prasanth\Personal\source\temple\temple-management-app\temple-api\Tests\bin\Debug\net8.0\TempleApi.Tests.dll" adapterTypeName="executor://xunit/VsTestRunner2/netcoreapp" className="TempleApi.Tests.UserServiceTests" name="DeleteUserAsync_ShouldReturnTrue_WhenUserExists" />
    </UnitTest>
    <UnitTest name="TempleApi.Tests.AuthenticationIntegrationTests.UsersMe_Get_ShouldReturnCurrentUser" storage="d:\prasanth\personal\source\temple\temple-management-app\temple-api\tests\bin\debug\net8.0\templeapi.tests.dll" id="76892cf8-9342-f9ba-10f2-23157b912af8">
      <Execution id="241f9037-c601-4e2d-b4a4-ec8710b96ff2" />
      <TestMethod codeBase="D:\prasanth\Personal\source\temple\temple-management-app\temple-api\Tests\bin\Debug\net8.0\TempleApi.Tests.dll" adapterTypeName="executor://xunit/VsTestRunner2/netcoreapp" className="TempleApi.Tests.AuthenticationIntegrationTests" name="UsersMe_Get_ShouldReturnCurrentUser" />
    </UnitTest>
    <UnitTest name="TempleApi.Tests.ProductServiceTests.GetAllProductsAsync_ShouldReturnAllActiveProducts" storage="d:\prasanth\personal\source\temple\temple-management-app\temple-api\tests\bin\debug\net8.0\templeapi.tests.dll" id="47706686-622c-d66c-f351-f46f051ca0e5">
      <Execution id="50f852fb-ac50-4706-b727-6d7249024a38" />
      <TestMethod codeBase="D:\prasanth\Personal\source\temple\temple-management-app\temple-api\Tests\bin\Debug\net8.0\TempleApi.Tests.dll" adapterTypeName="executor://xunit/VsTestRunner2/netcoreapp" className="TempleApi.Tests.ProductServiceTests" name="GetAllProductsAsync_ShouldReturnAllActiveProducts" />
    </UnitTest>
    <UnitTest name="TempleApi.Tests.AuthenticationTests.AuthService_LoginAsync_ShouldFail_WithUnverifiedUser" storage="d:\prasanth\personal\source\temple\temple-management-app\temple-api\tests\bin\debug\net8.0\templeapi.tests.dll" id="913f0165-ef10-9c15-00e1-9552f669ef65">
      <Execution id="411ad183-b24d-440d-ac2e-f58b4c85ce7e" />
      <TestMethod codeBase="D:\prasanth\Personal\source\temple\temple-management-app\temple-api\Tests\bin\Debug\net8.0\TempleApi.Tests.dll" adapterTypeName="executor://xunit/VsTestRunner2/netcoreapp" className="TempleApi.Tests.AuthenticationTests" name="AuthService_LoginAsync_ShouldFail_WithUnverifiedUser" />
    </UnitTest>
    <UnitTest name="TempleApi.Tests.CategoryServiceTests.GetActiveCategoriesAsync_ShouldReturnOnlyActive" storage="d:\prasanth\personal\source\temple\temple-management-app\temple-api\tests\bin\debug\net8.0\templeapi.tests.dll" id="b7b288c5-9680-c74b-18a3-3e7a2df84c34">
      <Execution id="a9d81c5b-42a1-4173-aa37-068d5c6eff47" />
      <TestMethod codeBase="D:\prasanth\Personal\source\temple\temple-management-app\temple-api\Tests\bin\Debug\net8.0\TempleApi.Tests.dll" adapterTypeName="executor://xunit/VsTestRunner2/netcoreapp" className="TempleApi.Tests.CategoryServiceTests" name="GetActiveCategoriesAsync_ShouldReturnOnlyActive" />
    </UnitTest>
    <UnitTest name="TempleApi.Tests.DonationServiceTests.DeleteDonationAsync_ShouldSoftDelete_WhenExists" storage="d:\prasanth\personal\source\temple\temple-management-app\temple-api\tests\bin\debug\net8.0\templeapi.tests.dll" id="2e093dac-ecba-e6a1-e5aa-52afcfb276ec">
      <Execution id="951bca9d-6b75-4838-960b-9c802145e2ba" />
      <TestMethod codeBase="D:\prasanth\Personal\source\temple\temple-management-app\temple-api\Tests\bin\Debug\net8.0\TempleApi.Tests.dll" adapterTypeName="executor://xunit/VsTestRunner2/netcoreapp" className="TempleApi.Tests.DonationServiceTests" name="DeleteDonationAsync_ShouldSoftDelete_WhenExists" />
    </UnitTest>
    <UnitTest name="TempleApi.Tests.RoleServiceTests.UpdateRoleAsync_ShouldUpdateRole" storage="d:\prasanth\personal\source\temple\temple-management-app\temple-api\tests\bin\debug\net8.0\templeapi.tests.dll" id="3da075bc-02e5-c197-facb-b91da5e36527">
      <Execution id="a9dc0e28-12fa-4664-8d55-de603d8fe0fc" />
      <TestMethod codeBase="D:\prasanth\Personal\source\temple\temple-management-app\temple-api\Tests\bin\Debug\net8.0\TempleApi.Tests.dll" adapterTypeName="executor://xunit/VsTestRunner2/netcoreapp" className="TempleApi.Tests.RoleServiceTests" name="UpdateRoleAsync_ShouldUpdateRole" />
    </UnitTest>
    <UnitTest name="TempleApi.Tests.UserServiceTests.ResetPasswordAsync_ShouldThrow_WhenUserNotFound" storage="d:\prasanth\personal\source\temple\temple-management-app\temple-api\tests\bin\debug\net8.0\templeapi.tests.dll" id="1372f59a-5854-811b-17e0-28fa95f4366d">
      <Execution id="fea02d8f-542f-47c7-8fcb-6757b48f682a" />
      <TestMethod codeBase="D:\prasanth\Personal\source\temple\temple-management-app\temple-api\Tests\bin\Debug\net8.0\TempleApi.Tests.dll" adapterTypeName="executor://xunit/VsTestRunner2/netcoreapp" className="TempleApi.Tests.UserServiceTests" name="ResetPasswordAsync_ShouldThrow_WhenUserNotFound" />
    </UnitTest>
    <UnitTest name="TempleApi.Tests.EventExpenseServiceTests.DeleteEventExpenseAsync_ShouldReturnTrue_WhenExists" storage="d:\prasanth\personal\source\temple\temple-management-app\temple-api\tests\bin\debug\net8.0\templeapi.tests.dll" id="588f923c-f5b2-6203-a441-f8f10f017f82">
      <Execution id="b05f0c7a-008a-43c3-ab5d-0d7823a8c14f" />
      <TestMethod codeBase="D:\prasanth\Personal\source\temple\temple-management-app\temple-api\Tests\bin\Debug\net8.0\TempleApi.Tests.dll" adapterTypeName="executor://xunit/VsTestRunner2/netcoreapp" className="TempleApi.Tests.EventExpenseServiceTests" name="DeleteEventExpenseAsync_ShouldReturnTrue_WhenExists" />
    </UnitTest>
    <UnitTest name="TempleApi.Tests.AuthenticationTests.AuthService_LoginAsync_ShouldFail_WithInactiveUser" storage="d:\prasanth\personal\source\temple\temple-management-app\temple-api\tests\bin\debug\net8.0\templeapi.tests.dll" id="38720946-3ce6-efa5-cae0-dbc4529fbd9d">
      <Execution id="d291f448-2992-41e4-b675-6cd3755bba61" />
      <TestMethod codeBase="D:\prasanth\Personal\source\temple\temple-management-app\temple-api\Tests\bin\Debug\net8.0\TempleApi.Tests.dll" adapterTypeName="executor://xunit/VsTestRunner2/netcoreapp" className="TempleApi.Tests.AuthenticationTests" name="AuthService_LoginAsync_ShouldFail_WithInactiveUser" />
    </UnitTest>
    <UnitTest name="TempleApi.Tests.SortingTests.GetAllDevoteesAsync_ReturnsDevoteesInDescendingOrder" storage="d:\prasanth\personal\source\temple\temple-management-app\temple-api\tests\bin\debug\net8.0\templeapi.tests.dll" id="cd84865a-5158-8e61-e904-f9eafd81cfcd">
      <Execution id="f3cee641-68ea-455c-9d09-d5d25546dc30" />
      <TestMethod codeBase="D:\prasanth\Personal\source\temple\temple-management-app\temple-api\Tests\bin\Debug\net8.0\TempleApi.Tests.dll" adapterTypeName="executor://xunit/VsTestRunner2/netcoreapp" className="TempleApi.Tests.SortingTests" name="GetAllDevoteesAsync_ReturnsDevoteesInDescendingOrder" />
    </UnitTest>
    <UnitTest name="TempleApi.Tests.PoojaBookingServiceTests.UpdateBookingStatusAsync_ShouldThrow_WhenBookingNotFound" storage="d:\prasanth\personal\source\temple\temple-management-app\temple-api\tests\bin\debug\net8.0\templeapi.tests.dll" id="d37eb175-377b-3461-71b0-08f5797bd193">
      <Execution id="e3442723-b57a-4d51-987f-72dab6719224" />
      <TestMethod codeBase="D:\prasanth\Personal\source\temple\temple-management-app\temple-api\Tests\bin\Debug\net8.0\TempleApi.Tests.dll" adapterTypeName="executor://xunit/VsTestRunner2/netcoreapp" className="TempleApi.Tests.PoojaBookingServiceTests" name="UpdateBookingStatusAsync_ShouldThrow_WhenBookingNotFound" />
    </UnitTest>
    <UnitTest name="TempleApi.Tests.AuthenticationIntegrationTests.GetPermissions_ShouldReturnUserPermissions_WithValidAuth" storage="d:\prasanth\personal\source\temple\temple-management-app\temple-api\tests\bin\debug\net8.0\templeapi.tests.dll" id="79802dd2-d825-cdbd-2271-f75874229944">
      <Execution id="828853fd-9667-4a23-be26-5840f7f1ed5f" />
      <TestMethod codeBase="D:\prasanth\Personal\source\temple\temple-management-app\temple-api\Tests\bin\Debug\net8.0\TempleApi.Tests.dll" adapterTypeName="executor://xunit/VsTestRunner2/netcoreapp" className="TempleApi.Tests.AuthenticationIntegrationTests" name="GetPermissions_ShouldReturnUserPermissions_WithValidAuth" />
    </UnitTest>
    <UnitTest name="TempleApi.Tests.TempleServiceTests.GetTempleByIdAsync_ShouldReturnNull_WhenTempleDoesNotExist" storage="d:\prasanth\personal\source\temple\temple-management-app\temple-api\tests\bin\debug\net8.0\templeapi.tests.dll" id="c93aca7a-3ed9-4956-e74e-5d0bd23295d1">
      <Execution id="476f5405-f01d-47d6-8db1-9536ae7d9574" />
      <TestMethod codeBase="D:\prasanth\Personal\source\temple\temple-management-app\temple-api\Tests\bin\Debug\net8.0\TempleApi.Tests.dll" adapterTypeName="executor://xunit/VsTestRunner2/netcoreapp" className="TempleApi.Tests.TempleServiceTests" name="GetTempleByIdAsync_ShouldReturnNull_WhenTempleDoesNotExist" />
    </UnitTest>
    <UnitTest name="TempleApi.Tests.PoojaServiceTests.DeletePoojaAsync_ShouldDeactivatePooja_WhenPoojaExists" storage="d:\prasanth\personal\source\temple\temple-management-app\temple-api\tests\bin\debug\net8.0\templeapi.tests.dll" id="b1c812f8-3f84-d854-8bfe-0e4e8246f94e">
      <Execution id="27e27b08-7d5f-40ab-8da7-00eac7d76561" />
      <TestMethod codeBase="D:\prasanth\Personal\source\temple\temple-management-app\temple-api\Tests\bin\Debug\net8.0\TempleApi.Tests.dll" adapterTypeName="executor://xunit/VsTestRunner2/netcoreapp" className="TempleApi.Tests.PoojaServiceTests" name="DeletePoojaAsync_ShouldDeactivatePooja_WhenPoojaExists" />
    </UnitTest>
    <UnitTest name="TempleApi.Tests.TempleServiceTests.SearchTemplesAsync_ShouldMatchByNameCityStateOrDeity" storage="d:\prasanth\personal\source\temple\temple-management-app\temple-api\tests\bin\debug\net8.0\templeapi.tests.dll" id="df765f66-d36d-b0b6-ad9f-10de509646e9">
      <Execution id="0caa6d7c-70c1-427e-a95a-ca6833a3e187" />
      <TestMethod codeBase="D:\prasanth\Personal\source\temple\temple-management-app\temple-api\Tests\bin\Debug\net8.0\TempleApi.Tests.dll" adapterTypeName="executor://xunit/VsTestRunner2/netcoreapp" className="TempleApi.Tests.TempleServiceTests" name="SearchTemplesAsync_ShouldMatchByNameCityStateOrDeity" />
    </UnitTest>
    <UnitTest name="TempleApi.Tests.AuthenticationFeatureTests.GetUserById_ShouldReturn_NakshatraAndDOB" storage="d:\prasanth\personal\source\temple\temple-management-app\temple-api\tests\bin\debug\net8.0\templeapi.tests.dll" id="be33b2a8-11c7-7f0b-aa8f-b2c67952b1fb">
      <Execution id="8b577e33-4300-496d-9c44-06316ea6b8de" />
      <TestMethod codeBase="D:\prasanth\Personal\source\temple\temple-management-app\temple-api\Tests\bin\Debug\net8.0\TempleApi.Tests.dll" adapterTypeName="executor://xunit/VsTestRunner2/netcoreapp" className="TempleApi.Tests.AuthenticationFeatureTests" name="GetUserById_ShouldReturn_NakshatraAndDOB" />
    </UnitTest>
    <UnitTest name="TempleApi.Tests.ProductServiceTests.CreateProductAsync_ShouldCreateProduct_WhenValidData" storage="d:\prasanth\personal\source\temple\temple-management-app\temple-api\tests\bin\debug\net8.0\templeapi.tests.dll" id="a1956043-14b8-17b3-e11b-b8ef9f1a3b34">
      <Execution id="39b46666-7de0-4a2b-a874-c3cba168f875" />
      <TestMethod codeBase="D:\prasanth\Personal\source\temple\temple-management-app\temple-api\Tests\bin\Debug\net8.0\TempleApi.Tests.dll" adapterTypeName="executor://xunit/VsTestRunner2/netcoreapp" className="TempleApi.Tests.ProductServiceTests" name="CreateProductAsync_ShouldCreateProduct_WhenValidData" />
    </UnitTest>
    <UnitTest name="TempleApi.Tests.DevoteeServiceTests.GetDevoteesByTempleAsync_ShouldFilterByTemple" storage="d:\prasanth\personal\source\temple\temple-management-app\temple-api\tests\bin\debug\net8.0\templeapi.tests.dll" id="51e26de4-799d-5318-c52a-e1fe0053da02">
      <Execution id="047ab849-c901-4455-b001-7a7910b625e7" />
      <TestMethod codeBase="D:\prasanth\Personal\source\temple\temple-management-app\temple-api\Tests\bin\Debug\net8.0\TempleApi.Tests.dll" adapterTypeName="executor://xunit/VsTestRunner2/netcoreapp" className="TempleApi.Tests.DevoteeServiceTests" name="GetDevoteesByTempleAsync_ShouldFilterByTemple" />
    </UnitTest>
    <UnitTest name="TempleApi.Tests.VoucherServiceTests.GetVouchersByExpenseAsync_ShouldReturnVouchers_ForExpense" storage="d:\prasanth\personal\source\temple\temple-management-app\temple-api\tests\bin\debug\net8.0\templeapi.tests.dll" id="9649d126-05c8-f4e5-6d24-0582adbb34a1">
      <Execution id="bd6f41b1-15ec-4b6a-bf84-8863608f8293" />
      <TestMethod codeBase="D:\prasanth\Personal\source\temple\temple-management-app\temple-api\Tests\bin\Debug\net8.0\TempleApi.Tests.dll" adapterTypeName="executor://xunit/VsTestRunner2/netcoreapp" className="TempleApi.Tests.VoucherServiceTests" name="GetVouchersByExpenseAsync_ShouldReturnVouchers_ForExpense" />
    </UnitTest>
    <UnitTest name="TempleApi.Tests.SaleServiceTests.CreateSaleAsync_ShouldThrowException_WhenStaffNotFound" storage="d:\prasanth\personal\source\temple\temple-management-app\temple-api\tests\bin\debug\net8.0\templeapi.tests.dll" id="c617c58e-32b2-9b1c-00f9-31c5f63d5df8">
      <Execution id="7b237c1a-0e8f-45f5-8f8e-1fc952cbab76" />
      <TestMethod codeBase="D:\prasanth\Personal\source\temple\temple-management-app\temple-api\Tests\bin\Debug\net8.0\TempleApi.Tests.dll" adapterTypeName="executor://xunit/VsTestRunner2/netcoreapp" className="TempleApi.Tests.SaleServiceTests" name="CreateSaleAsync_ShouldThrowException_WhenStaffNotFound" />
    </UnitTest>
    <UnitTest name="TempleApi.Tests.EventServiceTests.DeleteEventAsync_ShouldSoftDelete" storage="d:\prasanth\personal\source\temple\temple-management-app\temple-api\tests\bin\debug\net8.0\templeapi.tests.dll" id="a81d37b1-33da-aaf6-655d-52bf7617fbac">
      <Execution id="058ef6e3-7531-492f-a748-d484bb025038" />
      <TestMethod codeBase="D:\prasanth\Personal\source\temple\temple-management-app\temple-api\Tests\bin\Debug\net8.0\TempleApi.Tests.dll" adapterTypeName="executor://xunit/VsTestRunner2/netcoreapp" className="TempleApi.Tests.EventServiceTests" name="DeleteEventAsync_ShouldSoftDelete" />
    </UnitTest>
    <UnitTest name="TempleApi.Tests.CategoryServiceTests.CreateCategoryAsync_ShouldValidate_SortOrderNonNegative" storage="d:\prasanth\personal\source\temple\temple-management-app\temple-api\tests\bin\debug\net8.0\templeapi.tests.dll" id="d20bb350-cca3-bb21-b73a-f6b4af2aac6a">
      <Execution id="50f28df0-fe52-40ee-b5de-819ca708912f" />
      <TestMethod codeBase="D:\prasanth\Personal\source\temple\temple-management-app\temple-api\Tests\bin\Debug\net8.0\TempleApi.Tests.dll" adapterTypeName="executor://xunit/VsTestRunner2/netcoreapp" className="TempleApi.Tests.CategoryServiceTests" name="CreateCategoryAsync_ShouldValidate_SortOrderNonNegative" />
    </UnitTest>
    <UnitTest name="TempleApi.Tests.AuthenticationIntegrationTests.Login_ShouldReturn401_WithoutCredentials" storage="d:\prasanth\personal\source\temple\temple-management-app\temple-api\tests\bin\debug\net8.0\templeapi.tests.dll" id="2167bcfa-8005-6cd2-aaa6-9ef4adabd9a8">
      <Execution id="f4571e27-3655-42b3-974a-e1b6579c81d4" />
      <TestMethod codeBase="D:\prasanth\Personal\source\temple\temple-management-app\temple-api\Tests\bin\Debug\net8.0\TempleApi.Tests.dll" adapterTypeName="executor://xunit/VsTestRunner2/netcoreapp" className="TempleApi.Tests.AuthenticationIntegrationTests" name="Login_ShouldReturn401_WithoutCredentials" />
    </UnitTest>
    <UnitTest name="TempleApi.Tests.SaleServiceTests.GetSalesByDateRangeAsync_ShouldReturnSalesInDateRange" storage="d:\prasanth\personal\source\temple\temple-management-app\temple-api\tests\bin\debug\net8.0\templeapi.tests.dll" id="32d4041d-f61d-2f52-b209-51bc68ca1477">
      <Execution id="ce692ede-d0ea-4794-a735-b3f4b7b3c8c5" />
      <TestMethod codeBase="D:\prasanth\Personal\source\temple\temple-management-app\temple-api\Tests\bin\Debug\net8.0\TempleApi.Tests.dll" adapterTypeName="executor://xunit/VsTestRunner2/netcoreapp" className="TempleApi.Tests.SaleServiceTests" name="GetSalesByDateRangeAsync_ShouldReturnSalesInDateRange" />
    </UnitTest>
    <UnitTest name="TempleApi.Tests.TempleServiceTests.CreateTempleAsync_ShouldSetDefaults_WhenOptionalFieldsMissing" storage="d:\prasanth\personal\source\temple\temple-management-app\temple-api\tests\bin\debug\net8.0\templeapi.tests.dll" id="a4978765-145c-e655-9d5e-9b1a51a04371">
      <Execution id="f603f9ba-f774-4e1e-87c1-62b00e5f4a09" />
      <TestMethod codeBase="D:\prasanth\Personal\source\temple\temple-management-app\temple-api\Tests\bin\Debug\net8.0\TempleApi.Tests.dll" adapterTypeName="executor://xunit/VsTestRunner2/netcoreapp" className="TempleApi.Tests.TempleServiceTests" name="CreateTempleAsync_ShouldSetDefaults_WhenOptionalFieldsMissing" />
    </UnitTest>
    <UnitTest name="TempleApi.Tests.ProductServiceTests.UpdateProductQuantityAsync_ShouldReturnFalse_WhenProductDoesNotExist" storage="d:\prasanth\personal\source\temple\temple-management-app\temple-api\tests\bin\debug\net8.0\templeapi.tests.dll" id="2fc9b8cf-307a-ae11-7258-fc052f000dd0">
      <Execution id="e5504b30-52f4-46da-9948-642ec4559312" />
      <TestMethod codeBase="D:\prasanth\Personal\source\temple\temple-management-app\temple-api\Tests\bin\Debug\net8.0\TempleApi.Tests.dll" adapterTypeName="executor://xunit/VsTestRunner2/netcoreapp" className="TempleApi.Tests.ProductServiceTests" name="UpdateProductQuantityAsync_ShouldReturnFalse_WhenProductDoesNotExist" />
    </UnitTest>
    <UnitTest name="TempleApi.Tests.SaleServiceTests.GetSaleByIdAsync_ShouldReturnNull_WhenSaleDoesNotExist" storage="d:\prasanth\personal\source\temple\temple-management-app\temple-api\tests\bin\debug\net8.0\templeapi.tests.dll" id="a5fa6dda-3007-743e-6db4-7847e58c59d9">
      <Execution id="5676e738-9265-416a-8ce6-90fe8cc0c512" />
      <TestMethod codeBase="D:\prasanth\Personal\source\temple\temple-management-app\temple-api\Tests\bin\Debug\net8.0\TempleApi.Tests.dll" adapterTypeName="executor://xunit/VsTestRunner2/netcoreapp" className="TempleApi.Tests.SaleServiceTests" name="GetSaleByIdAsync_ShouldReturnNull_WhenSaleDoesNotExist" />
    </UnitTest>
    <UnitTest name="TempleApi.Tests.UserManagementFeatureTests.UpdateUser_ShouldClear_NakshatraAndDOB_WhenNull" storage="d:\prasanth\personal\source\temple\temple-management-app\temple-api\tests\bin\debug\net8.0\templeapi.tests.dll" id="af3d53e6-f8d8-f6b9-1571-a054bf07be27">
      <Execution id="de5cdf44-b6bc-4341-ba09-dbd580ae0f59" />
      <TestMethod codeBase="D:\prasanth\Personal\source\temple\temple-management-app\temple-api\Tests\bin\Debug\net8.0\TempleApi.Tests.dll" adapterTypeName="executor://xunit/VsTestRunner2/netcoreapp" className="TempleApi.Tests.UserManagementFeatureTests" name="UpdateUser_ShouldClear_NakshatraAndDOB_WhenNull" />
    </UnitTest>
    <UnitTest name="TempleApi.Tests.CategoryServiceTests.CreateCategoryAsync_ShouldValidate_NameRequired(name: &quot; &quot;)" storage="d:\prasanth\personal\source\temple\temple-management-app\temple-api\tests\bin\debug\net8.0\templeapi.tests.dll" id="01df420f-349f-9099-4398-40539a526051">
      <Execution id="4dc17f95-093a-42ed-b749-c5dab3f5da93" />
      <TestMethod codeBase="D:\prasanth\Personal\source\temple\temple-management-app\temple-api\Tests\bin\Debug\net8.0\TempleApi.Tests.dll" adapterTypeName="executor://xunit/VsTestRunner2/netcoreapp" className="TempleApi.Tests.CategoryServiceTests" name="CreateCategoryAsync_ShouldValidate_NameRequired" />
    </UnitTest>
    <UnitTest name="TempleApi.Tests.RoleServiceTests.CreateRoleAsync_ShouldAddRole" storage="d:\prasanth\personal\source\temple\temple-management-app\temple-api\tests\bin\debug\net8.0\templeapi.tests.dll" id="9faa2a64-62f2-5086-c7f5-c6f834c52712">
      <Execution id="97716481-0d56-461e-8968-1875b6dfa0e9" />
      <TestMethod codeBase="D:\prasanth\Personal\source\temple\temple-management-app\temple-api\Tests\bin\Debug\net8.0\TempleApi.Tests.dll" adapterTypeName="executor://xunit/VsTestRunner2/netcoreapp" className="TempleApi.Tests.RoleServiceTests" name="CreateRoleAsync_ShouldAddRole" />
    </UnitTest>
    <UnitTest name="TempleApi.Tests.ProductServiceTests.CheckProductAvailabilityAsync_ShouldReturnTrue_WhenProductHasEnoughQuantity" storage="d:\prasanth\personal\source\temple\temple-management-app\temple-api\tests\bin\debug\net8.0\templeapi.tests.dll" id="7c29086b-559c-cd42-5577-408a9afe0b47">
      <Execution id="45da92cf-7f82-41c5-9cb0-ac9021b86c51" />
      <TestMethod codeBase="D:\prasanth\Personal\source\temple\temple-management-app\temple-api\Tests\bin\Debug\net8.0\TempleApi.Tests.dll" adapterTypeName="executor://xunit/VsTestRunner2/netcoreapp" className="TempleApi.Tests.ProductServiceTests" name="CheckProductAvailabilityAsync_ShouldReturnTrue_WhenProductHasEnoughQuantity" />
    </UnitTest>
    <UnitTest name="TempleApi.Tests.AuthenticationTests.BasicAuthenticationHandler_ShouldAuthenticate_WithEmail" storage="d:\prasanth\personal\source\temple\temple-management-app\temple-api\tests\bin\debug\net8.0\templeapi.tests.dll" id="c3eff8c0-032f-e47c-f64c-6712d4e4a96e">
      <Execution id="a7d22fd5-0a17-44b9-9c63-289e4cb45c3a" />
      <TestMethod codeBase="D:\prasanth\Personal\source\temple\temple-management-app\temple-api\Tests\bin\Debug\net8.0\TempleApi.Tests.dll" adapterTypeName="executor://xunit/VsTestRunner2/netcoreapp" className="TempleApi.Tests.AuthenticationTests" name="BasicAuthenticationHandler_ShouldAuthenticate_WithEmail" />
    </UnitTest>
    <UnitTest name="TempleApi.Tests.AuthenticationTests.AuthService_RegisterAsync_ShouldCreateNewUser" storage="d:\prasanth\personal\source\temple\temple-management-app\temple-api\tests\bin\debug\net8.0\templeapi.tests.dll" id="a54395f3-905e-91ba-9cdb-aaccc9fd36c0">
      <Execution id="78e0e92e-c094-4b2f-8d7e-d9cb1d68b853" />
      <TestMethod codeBase="D:\prasanth\Personal\source\temple\temple-management-app\temple-api\Tests\bin\Debug\net8.0\TempleApi.Tests.dll" adapterTypeName="executor://xunit/VsTestRunner2/netcoreapp" className="TempleApi.Tests.AuthenticationTests" name="AuthService_RegisterAsync_ShouldCreateNewUser" />
    </UnitTest>
    <UnitTest name="TempleApi.Tests.AuthServiceVerificationTests.VerifyAsync_ShouldReturnFalse_WhenCodeInvalid" storage="d:\prasanth\personal\source\temple\temple-management-app\temple-api\tests\bin\debug\net8.0\templeapi.tests.dll" id="e6935054-f31e-01e4-a5e6-b6c9b26f8032">
      <Execution id="41cf4a54-28ac-45ff-abdc-2fafa56de804" />
      <TestMethod codeBase="D:\prasanth\Personal\source\temple\temple-management-app\temple-api\Tests\bin\Debug\net8.0\TempleApi.Tests.dll" adapterTypeName="executor://xunit/VsTestRunner2/netcoreapp" className="TempleApi.Tests.AuthServiceVerificationTests" name="VerifyAsync_ShouldReturnFalse_WhenCodeInvalid" />
    </UnitTest>
    <UnitTest name="TempleApi.Tests.UserServiceTests.ValidateUserCredentialsAsync_ShouldReturnFalse_WhenCredentialsAreInvalid" storage="d:\prasanth\personal\source\temple\temple-management-app\temple-api\tests\bin\debug\net8.0\templeapi.tests.dll" id="1570ae63-9996-976c-f701-72e2709e43b9">
      <Execution id="05e1ce4a-19a2-4f51-b598-fb49071c3a0b" />
      <TestMethod codeBase="D:\prasanth\Personal\source\temple\temple-management-app\temple-api\Tests\bin\Debug\net8.0\TempleApi.Tests.dll" adapterTypeName="executor://xunit/VsTestRunner2/netcoreapp" className="TempleApi.Tests.UserServiceTests" name="ValidateUserCredentialsAsync_ShouldReturnFalse_WhenCredentialsAreInvalid" />
    </UnitTest>
    <UnitTest name="TempleApi.Tests.AuthenticationFeatureTests.Verify_ShouldActivateUser" storage="d:\prasanth\personal\source\temple\temple-management-app\temple-api\tests\bin\debug\net8.0\templeapi.tests.dll" id="6e3b1f2b-6cc9-6f2a-6420-acff5733bd98">
      <Execution id="71028795-09a0-468f-8218-87b6e15f62cf" />
      <TestMethod codeBase="D:\prasanth\Personal\source\temple\temple-management-app\temple-api\Tests\bin\Debug\net8.0\TempleApi.Tests.dll" adapterTypeName="executor://xunit/VsTestRunner2/netcoreapp" className="TempleApi.Tests.AuthenticationFeatureTests" name="Verify_ShouldActivateUser" />
    </UnitTest>
    <UnitTest name="TempleApi.Tests.AuthenticationIntegrationTests.Login_ShouldReturnSuccess_WithValidCredentials" storage="d:\prasanth\personal\source\temple\temple-management-app\temple-api\tests\bin\debug\net8.0\templeapi.tests.dll" id="0e691113-2244-76bc-81de-413a8aaa277e">
      <Execution id="fa2fdd6e-8af2-4048-86ca-27ce8d448810" />
      <TestMethod codeBase="D:\prasanth\Personal\source\temple\temple-management-app\temple-api\Tests\bin\Debug\net8.0\TempleApi.Tests.dll" adapterTypeName="executor://xunit/VsTestRunner2/netcoreapp" className="TempleApi.Tests.AuthenticationIntegrationTests" name="Login_ShouldReturnSuccess_WithValidCredentials" />
    </UnitTest>
    <UnitTest name="TempleApi.Tests.DevoteeServiceTests.CreateDevoteeAsync_ShouldCreateDevotee_WhenValidData" storage="d:\prasanth\personal\source\temple\temple-management-app\temple-api\tests\bin\debug\net8.0\templeapi.tests.dll" id="8b4ba6eb-90ac-dcb7-8673-8ba9bf169f19">
      <Execution id="7ddde60e-76b3-4af8-a28e-7979115ef226" />
      <TestMethod codeBase="D:\prasanth\Personal\source\temple\temple-management-app\temple-api\Tests\bin\Debug\net8.0\TempleApi.Tests.dll" adapterTypeName="executor://xunit/VsTestRunner2/netcoreapp" className="TempleApi.Tests.DevoteeServiceTests" name="CreateDevoteeAsync_ShouldCreateDevotee_WhenValidData" />
    </UnitTest>
    <UnitTest name="TempleApi.Tests.UserServiceTests.UpdateUserAsync_ShouldThrowException_WhenUserDoesNotExist" storage="d:\prasanth\personal\source\temple\temple-management-app\temple-api\tests\bin\debug\net8.0\templeapi.tests.dll" id="bf706f12-9014-deaa-f07e-148a649d2b42">
      <Execution id="835eb2ee-39f0-4048-baa0-671481c4bc1f" />
      <TestMethod codeBase="D:\prasanth\Personal\source\temple\temple-management-app\temple-api\Tests\bin\Debug\net8.0\TempleApi.Tests.dll" adapterTypeName="executor://xunit/VsTestRunner2/netcoreapp" className="TempleApi.Tests.UserServiceTests" name="UpdateUserAsync_ShouldThrowException_WhenUserDoesNotExist" />
    </UnitTest>
    <UnitTest name="TempleApi.Tests.AuthenticationTests.AuthService_RegisterAsync_ShouldHandleNullOptionalFields" storage="d:\prasanth\personal\source\temple\temple-management-app\temple-api\tests\bin\debug\net8.0\templeapi.tests.dll" id="b1bc0a56-2028-9c0a-17d9-245b2fce2b4b">
      <Execution id="6b36a809-bf15-48b6-b0ac-fc41a7f5286e" />
      <TestMethod codeBase="D:\prasanth\Personal\source\temple\temple-management-app\temple-api\Tests\bin\Debug\net8.0\TempleApi.Tests.dll" adapterTypeName="executor://xunit/VsTestRunner2/netcoreapp" className="TempleApi.Tests.AuthenticationTests" name="AuthService_RegisterAsync_ShouldHandleNullOptionalFields" />
    </UnitTest>
    <UnitTest name="TempleApi.Tests.TempleServiceTests.DeleteTempleAsync_ShouldReturnFalse_WhenNotFound" storage="d:\prasanth\personal\source\temple\temple-management-app\temple-api\tests\bin\debug\net8.0\templeapi.tests.dll" id="c4ac6931-e843-1030-3143-fc0def200171">
      <Execution id="c965d9a0-6e89-410a-812a-889427bcc7cf" />
      <TestMethod codeBase="D:\prasanth\Personal\source\temple\temple-management-app\temple-api\Tests\bin\Debug\net8.0\TempleApi.Tests.dll" adapterTypeName="executor://xunit/VsTestRunner2/netcoreapp" className="TempleApi.Tests.TempleServiceTests" name="DeleteTempleAsync_ShouldReturnFalse_WhenNotFound" />
    </UnitTest>
    <UnitTest name="TempleApi.Tests.EventServiceTests.CreateEventAsync_ShouldCreateEvent_WhenValidData" storage="d:\prasanth\personal\source\temple\temple-management-app\temple-api\tests\bin\debug\net8.0\templeapi.tests.dll" id="c3a8a851-aa64-43bc-f86d-c88f64d14e1b">
      <Execution id="b1fedc78-0d27-4dd1-bb59-ff9575be9552" />
      <TestMethod codeBase="D:\prasanth\Personal\source\temple\temple-management-app\temple-api\Tests\bin\Debug\net8.0\TempleApi.Tests.dll" adapterTypeName="executor://xunit/VsTestRunner2/netcoreapp" className="TempleApi.Tests.EventServiceTests" name="CreateEventAsync_ShouldCreateEvent_WhenValidData" />
    </UnitTest>
    <UnitTest name="TempleApi.Tests.ExpenseServiceTests.CreateExpenseAsync_ShouldCreateExpense_WhenValidData" storage="d:\prasanth\personal\source\temple\temple-management-app\temple-api\tests\bin\debug\net8.0\templeapi.tests.dll" id="96b51f8e-6fda-905f-9ab7-16cff7914612">
      <Execution id="86b24405-a4d3-4097-8fb8-d437ee5f6c03" />
      <TestMethod codeBase="D:\prasanth\Personal\source\temple\temple-management-app\temple-api\Tests\bin\Debug\net8.0\TempleApi.Tests.dll" adapterTypeName="executor://xunit/VsTestRunner2/netcoreapp" className="TempleApi.Tests.ExpenseServiceTests" name="CreateExpenseAsync_ShouldCreateExpense_WhenValidData" />
    </UnitTest>
    <UnitTest name="TempleApi.Tests.UserManagementFeatureTests.CreateUser_ShouldAccept_VariousNakshatrasAndDates(nakshatra: &quot;Krittika&quot;, dateTimeStr: &quot;1992-07-10 08:15:00&quot;)" storage="d:\prasanth\personal\source\temple\temple-management-app\temple-api\tests\bin\debug\net8.0\templeapi.tests.dll" id="11bbe710-a08d-98f1-1ac2-9a6397cf3416">
      <Execution id="26508ae9-d01c-41f2-b468-124022d9f10a" />
      <TestMethod codeBase="D:\prasanth\Personal\source\temple\temple-management-app\temple-api\Tests\bin\Debug\net8.0\TempleApi.Tests.dll" adapterTypeName="executor://xunit/VsTestRunner2/netcoreapp" className="TempleApi.Tests.UserManagementFeatureTests" name="CreateUser_ShouldAccept_VariousNakshatrasAndDates" />
    </UnitTest>
    <UnitTest name="TempleApi.Tests.CategoryServiceTests.UpdateCategoryAsync_ShouldUpdateFields_WhenExists" storage="d:\prasanth\personal\source\temple\temple-management-app\temple-api\tests\bin\debug\net8.0\templeapi.tests.dll" id="04e17875-89c2-e4d8-522d-a9ef5fb0feea">
      <Execution id="feb743fd-6d0f-4b07-9bfa-c8ac2b84776f" />
      <TestMethod codeBase="D:\prasanth\Personal\source\temple\temple-management-app\temple-api\Tests\bin\Debug\net8.0\TempleApi.Tests.dll" adapterTypeName="executor://xunit/VsTestRunner2/netcoreapp" className="TempleApi.Tests.CategoryServiceTests" name="UpdateCategoryAsync_ShouldUpdateFields_WhenExists" />
    </UnitTest>
    <UnitTest name="TempleApi.Tests.UserServiceTests.GetUserByEmailAsync_ShouldReturnUser_WhenUserExists" storage="d:\prasanth\personal\source\temple\temple-management-app\temple-api\tests\bin\debug\net8.0\templeapi.tests.dll" id="9e9c93aa-0b28-8aa5-bf61-ab8defc05ea5">
      <Execution id="a44d891c-5db4-4ba9-a4cd-af92139119f8" />
      <TestMethod codeBase="D:\prasanth\Personal\source\temple\temple-management-app\temple-api\Tests\bin\Debug\net8.0\TempleApi.Tests.dll" adapterTypeName="executor://xunit/VsTestRunner2/netcoreapp" className="TempleApi.Tests.UserServiceTests" name="GetUserByEmailAsync_ShouldReturnUser_WhenUserExists" />
    </UnitTest>
    <UnitTest name="TempleApi.Tests.SaleServiceTests.UpdateSaleAsync_ShouldUpdateSale_WhenSaleExists" storage="d:\prasanth\personal\source\temple\temple-management-app\temple-api\tests\bin\debug\net8.0\templeapi.tests.dll" id="1d726efb-0c3d-f957-98b1-acaff535bf90">
      <Execution id="407e36f0-f384-45ec-9706-e3116f916cf2" />
      <TestMethod codeBase="D:\prasanth\Personal\source\temple\temple-management-app\temple-api\Tests\bin\Debug\net8.0\TempleApi.Tests.dll" adapterTypeName="executor://xunit/VsTestRunner2/netcoreapp" className="TempleApi.Tests.SaleServiceTests" name="UpdateSaleAsync_ShouldUpdateSale_WhenSaleExists" />
    </UnitTest>
    <UnitTest name="TempleApi.Tests.AuthenticationIntegrationTests.ProtectedEndpoint_ShouldReturn401_WithoutAuth" storage="d:\prasanth\personal\source\temple\temple-management-app\temple-api\tests\bin\debug\net8.0\templeapi.tests.dll" id="7d918a12-8678-6263-f425-7314b603134d">
      <Execution id="471f1df5-a985-4c55-880b-059bf2e21237" />
      <TestMethod codeBase="D:\prasanth\Personal\source\temple\temple-management-app\temple-api\Tests\bin\Debug\net8.0\TempleApi.Tests.dll" adapterTypeName="executor://xunit/VsTestRunner2/netcoreapp" className="TempleApi.Tests.AuthenticationIntegrationTests" name="ProtectedEndpoint_ShouldReturn401_WithoutAuth" />
    </UnitTest>
    <UnitTest name="TempleApi.Tests.PoojaBookingServiceTests.CreateBookingAsync_ShouldThrowException_WhenCustomerDoesNotExist" storage="d:\prasanth\personal\source\temple\temple-management-app\temple-api\tests\bin\debug\net8.0\templeapi.tests.dll" id="4afced7b-7914-d191-9fea-f9ba5ed1b596">
      <Execution id="6789329b-2feb-4b66-a9e6-76a38c274583" />
      <TestMethod codeBase="D:\prasanth\Personal\source\temple\temple-management-app\temple-api\Tests\bin\Debug\net8.0\TempleApi.Tests.dll" adapterTypeName="executor://xunit/VsTestRunner2/netcoreapp" className="TempleApi.Tests.PoojaBookingServiceTests" name="CreateBookingAsync_ShouldThrowException_WhenCustomerDoesNotExist" />
    </UnitTest>
    <UnitTest name="TempleApi.Tests.EventExpenseServiceTests.UpdateEventExpenseAsync_ShouldUpdateItem_WhenExists" storage="d:\prasanth\personal\source\temple\temple-management-app\temple-api\tests\bin\debug\net8.0\templeapi.tests.dll" id="25753285-070a-7233-72a9-a5c4cd56f5a3">
      <Execution id="0f9a6941-9ea4-4c72-842e-94a298ef45b6" />
      <TestMethod codeBase="D:\prasanth\Personal\source\temple\temple-management-app\temple-api\Tests\bin\Debug\net8.0\TempleApi.Tests.dll" adapterTypeName="executor://xunit/VsTestRunner2/netcoreapp" className="TempleApi.Tests.EventExpenseServiceTests" name="UpdateEventExpenseAsync_ShouldUpdateItem_WhenExists" />
    </UnitTest>
    <UnitTest name="TempleApi.Tests.CategoryServiceTests.CreateCategoryAsync_ShouldValidate_DescriptionMaxLength" storage="d:\prasanth\personal\source\temple\temple-management-app\temple-api\tests\bin\debug\net8.0\templeapi.tests.dll" id="92630f08-d19b-ebba-ffa7-340a1b14080a">
      <Execution id="6fbaa13c-6040-47c0-8d53-650bd6d6fcb2" />
      <TestMethod codeBase="D:\prasanth\Personal\source\temple\temple-management-app\temple-api\Tests\bin\Debug\net8.0\TempleApi.Tests.dll" adapterTypeName="executor://xunit/VsTestRunner2/netcoreapp" className="TempleApi.Tests.CategoryServiceTests" name="CreateCategoryAsync_ShouldValidate_DescriptionMaxLength" />
    </UnitTest>
    <UnitTest name="TempleApi.Tests.DonationServiceTests.CreateDonationAsync_ShouldCreateDonation_WithDevotee" storage="d:\prasanth\personal\source\temple\temple-management-app\temple-api\tests\bin\debug\net8.0\templeapi.tests.dll" id="22a7481a-2dae-ce35-46e7-dadee6f6e9e3">
      <Execution id="9cc38af5-e9e7-44c8-b2a4-3db1a7655b12" />
      <TestMethod codeBase="D:\prasanth\Personal\source\temple\temple-management-app\temple-api\Tests\bin\Debug\net8.0\TempleApi.Tests.dll" adapterTypeName="executor://xunit/VsTestRunner2/netcoreapp" className="TempleApi.Tests.DonationServiceTests" name="CreateDonationAsync_ShouldCreateDonation_WithDevotee" />
    </UnitTest>
    <UnitTest name="TempleApi.Tests.PoojaServiceTests.GetAllPoojasAsync_ShouldReturnAllActivePoojas" storage="d:\prasanth\personal\source\temple\temple-management-app\temple-api\tests\bin\debug\net8.0\templeapi.tests.dll" id="bb7b95e7-c990-da68-6188-6cb2636cbb57">
      <Execution id="fa6c7247-2fa3-4153-a4f0-fe2f48ed447a" />
      <TestMethod codeBase="D:\prasanth\Personal\source\temple\temple-management-app\temple-api\Tests\bin\Debug\net8.0\TempleApi.Tests.dll" adapterTypeName="executor://xunit/VsTestRunner2/netcoreapp" className="TempleApi.Tests.PoojaServiceTests" name="GetAllPoojasAsync_ShouldReturnAllActivePoojas" />
    </UnitTest>
    <UnitTest name="TempleApi.Tests.SaleServiceTests.DeleteSaleAsync_ShouldDeleteSaleAndRestoreInventory_WhenSaleExists" storage="d:\prasanth\personal\source\temple\temple-management-app\temple-api\tests\bin\debug\net8.0\templeapi.tests.dll" id="cd22b392-def2-c198-4b3f-0dbf22e6813f">
      <Execution id="b20d4731-b4c8-49fb-85a0-8e557060587f" />
      <TestMethod codeBase="D:\prasanth\Personal\source\temple\temple-management-app\temple-api\Tests\bin\Debug\net8.0\TempleApi.Tests.dll" adapterTypeName="executor://xunit/VsTestRunner2/netcoreapp" className="TempleApi.Tests.SaleServiceTests" name="DeleteSaleAsync_ShouldDeleteSaleAndRestoreInventory_WhenSaleExists" />
    </UnitTest>
    <UnitTest name="TempleApi.Tests.PoojaBookingServiceTests.AssignStaffToBookingAsync_ShouldThrow_WhenBookingNotFound" storage="d:\prasanth\personal\source\temple\temple-management-app\temple-api\tests\bin\debug\net8.0\templeapi.tests.dll" id="d023fb5f-0bb6-cf66-973e-616cfac03ce5">
      <Execution id="5397d3c9-525d-4d53-a04d-dcbb55a33cb7" />
      <TestMethod codeBase="D:\prasanth\Personal\source\temple\temple-management-app\temple-api\Tests\bin\Debug\net8.0\TempleApi.Tests.dll" adapterTypeName="executor://xunit/VsTestRunner2/netcoreapp" className="TempleApi.Tests.PoojaBookingServiceTests" name="AssignStaffToBookingAsync_ShouldThrow_WhenBookingNotFound" />
    </UnitTest>
    <UnitTest name="TempleApi.Tests.PoojaBookingServiceTests.UpdateBookingStatusAsync_ShouldUpdateStatus_WhenBookingExists" storage="d:\prasanth\personal\source\temple\temple-management-app\temple-api\tests\bin\debug\net8.0\templeapi.tests.dll" id="ae81c800-d6cb-608d-21e3-3a9ee3e86204">
      <Execution id="5f693bc1-c4da-4e96-84da-82460a279e1c" />
      <TestMethod codeBase="D:\prasanth\Personal\source\temple\temple-management-app\temple-api\Tests\bin\Debug\net8.0\TempleApi.Tests.dll" adapterTypeName="executor://xunit/VsTestRunner2/netcoreapp" className="TempleApi.Tests.PoojaBookingServiceTests" name="UpdateBookingStatusAsync_ShouldUpdateStatus_WhenBookingExists" />
    </UnitTest>
    <UnitTest name="TempleApi.Tests.AuthenticationIntegrationTests.ProtectedEndpoint_ShouldReturn200_WithValidAuth" storage="d:\prasanth\personal\source\temple\temple-management-app\temple-api\tests\bin\debug\net8.0\templeapi.tests.dll" id="99446548-ee83-2247-3f07-c86440f51871">
      <Execution id="038bf797-f57a-428b-a96c-c00d33d56fbb" />
      <TestMethod codeBase="D:\prasanth\Personal\source\temple\temple-management-app\temple-api\Tests\bin\Debug\net8.0\TempleApi.Tests.dll" adapterTypeName="executor://xunit/VsTestRunner2/netcoreapp" className="TempleApi.Tests.AuthenticationIntegrationTests" name="ProtectedEndpoint_ShouldReturn200_WithValidAuth" />
    </UnitTest>
    <UnitTest name="TempleApi.Tests.UserManagementFeatureTests.GetAllUsers_ShouldReturn_UsersWithNakshatraAndDOB" storage="d:\prasanth\personal\source\temple\temple-management-app\temple-api\tests\bin\debug\net8.0\templeapi.tests.dll" id="fed2732f-218e-b28e-391b-9293e51d433c">
      <Execution id="e1c8cccb-42aa-4b17-a7d1-a1d0f5ea7208" />
      <TestMethod codeBase="D:\prasanth\Personal\source\temple\temple-management-app\temple-api\Tests\bin\Debug\net8.0\TempleApi.Tests.dll" adapterTypeName="executor://xunit/VsTestRunner2/netcoreapp" className="TempleApi.Tests.UserManagementFeatureTests" name="GetAllUsers_ShouldReturn_UsersWithNakshatraAndDOB" />
    </UnitTest>
    <UnitTest name="TempleApi.Tests.PoojaBookingServiceTests.AssignStaffToBookingAsync_ShouldAssignStaff_WhenValidData" storage="d:\prasanth\personal\source\temple\temple-management-app\temple-api\tests\bin\debug\net8.0\templeapi.tests.dll" id="930d998f-051a-6d7f-4dcd-2ab6649e8df1">
      <Execution id="c2302fe7-499b-4c5c-9eba-c2740ef1a085" />
      <TestMethod codeBase="D:\prasanth\Personal\source\temple\temple-management-app\temple-api\Tests\bin\Debug\net8.0\TempleApi.Tests.dll" adapterTypeName="executor://xunit/VsTestRunner2/netcoreapp" className="TempleApi.Tests.PoojaBookingServiceTests" name="AssignStaffToBookingAsync_ShouldAssignStaff_WhenValidData" />
    </UnitTest>
    <UnitTest name="TempleApi.Tests.ProductServiceTests.CreateProductAsync_ShouldCreateInactiveProduct_WhenStatusIsInactive" storage="d:\prasanth\personal\source\temple\temple-management-app\temple-api\tests\bin\debug\net8.0\templeapi.tests.dll" id="0cb870eb-52e9-0ac4-540f-a726af3b0d96">
      <Execution id="fe55334d-f4cf-4e41-bdaf-b6e1cd2dbf46" />
      <TestMethod codeBase="D:\prasanth\Personal\source\temple\temple-management-app\temple-api\Tests\bin\Debug\net8.0\TempleApi.Tests.dll" adapterTypeName="executor://xunit/VsTestRunner2/netcoreapp" className="TempleApi.Tests.ProductServiceTests" name="CreateProductAsync_ShouldCreateInactiveProduct_WhenStatusIsInactive" />
    </UnitTest>
    <UnitTest name="TempleApi.Tests.DonationServiceTests.GetAllDonationsAsync_ShouldReturnOnlyActive" storage="d:\prasanth\personal\source\temple\temple-management-app\temple-api\tests\bin\debug\net8.0\templeapi.tests.dll" id="5a00aed5-5f5b-198f-72a6-30da962e4f03">
      <Execution id="55ef2d59-d4d2-4bba-bbae-ea62f4553fe2" />
      <TestMethod codeBase="D:\prasanth\Personal\source\temple\temple-management-app\temple-api\Tests\bin\Debug\net8.0\TempleApi.Tests.dll" adapterTypeName="executor://xunit/VsTestRunner2/netcoreapp" className="TempleApi.Tests.DonationServiceTests" name="GetAllDonationsAsync_ShouldReturnOnlyActive" />
    </UnitTest>
    <UnitTest name="TempleApi.Tests.TempleServiceTests.DeleteTempleAsync_ShouldSoftDelete_WhenExists" storage="d:\prasanth\personal\source\temple\temple-management-app\temple-api\tests\bin\debug\net8.0\templeapi.tests.dll" id="da26529d-6b14-1094-1525-1380a0cec028">
      <Execution id="9a14ada4-257d-4e35-b8ae-3e2e402b61e1" />
      <TestMethod codeBase="D:\prasanth\Personal\source\temple\temple-management-app\temple-api\Tests\bin\Debug\net8.0\TempleApi.Tests.dll" adapterTypeName="executor://xunit/VsTestRunner2/netcoreapp" className="TempleApi.Tests.TempleServiceTests" name="DeleteTempleAsync_ShouldSoftDelete_WhenExists" />
    </UnitTest>
    <UnitTest name="TempleApi.Tests.CategoryServiceTests.GetAllCategoriesAsync_ShouldReturnAll" storage="d:\prasanth\personal\source\temple\temple-management-app\temple-api\tests\bin\debug\net8.0\templeapi.tests.dll" id="adad3db3-bf20-54c2-30e3-60997b180e7d">
      <Execution id="4f0de52a-e271-4c4a-afa5-34b400e24a3f" />
      <TestMethod codeBase="D:\prasanth\Personal\source\temple\temple-management-app\temple-api\Tests\bin\Debug\net8.0\TempleApi.Tests.dll" adapterTypeName="executor://xunit/VsTestRunner2/netcoreapp" className="TempleApi.Tests.CategoryServiceTests" name="GetAllCategoriesAsync_ShouldReturnAll" />
    </UnitTest>
    <UnitTest name="TempleApi.Tests.ProductServiceTests.DeleteProductAsync_ShouldDeactivateProduct_WhenProductExists" storage="d:\prasanth\personal\source\temple\temple-management-app\temple-api\tests\bin\debug\net8.0\templeapi.tests.dll" id="22736036-7d7c-195a-d3f4-cd1371b4a768">
      <Execution id="199b4316-b225-4aa1-8b85-c1f3744e47c0" />
      <TestMethod codeBase="D:\prasanth\Personal\source\temple\temple-management-app\temple-api\Tests\bin\Debug\net8.0\TempleApi.Tests.dll" adapterTypeName="executor://xunit/VsTestRunner2/netcoreapp" className="TempleApi.Tests.ProductServiceTests" name="DeleteProductAsync_ShouldDeactivateProduct_WhenProductExists" />
    </UnitTest>
    <UnitTest name="TempleApi.Tests.SortingTests.GetAllTemplesAsync_ReturnsTemplesInDescendingOrder" storage="d:\prasanth\personal\source\temple\temple-management-app\temple-api\tests\bin\debug\net8.0\templeapi.tests.dll" id="d60e46da-1c0f-99d0-7a25-41b6afdcae2b">
      <Execution id="16361c2e-ace8-4731-b23c-1b3588384ad6" />
      <TestMethod codeBase="D:\prasanth\Personal\source\temple\temple-management-app\temple-api\Tests\bin\Debug\net8.0\TempleApi.Tests.dll" adapterTypeName="executor://xunit/VsTestRunner2/netcoreapp" className="TempleApi.Tests.SortingTests" name="GetAllTemplesAsync_ReturnsTemplesInDescendingOrder" />
    </UnitTest>
    <UnitTest name="TempleApi.Tests.AuthenticationFeatureTests.BasicAuth_ShouldFail_ForUnverifiedUser" storage="d:\prasanth\personal\source\temple\temple-management-app\temple-api\tests\bin\debug\net8.0\templeapi.tests.dll" id="ac61143e-fd31-efbe-f66e-11454538cc39">
      <Execution id="9cb085b9-b714-4e16-aa3e-50721d242ca7" />
      <TestMethod codeBase="D:\prasanth\Personal\source\temple\temple-management-app\temple-api\Tests\bin\Debug\net8.0\TempleApi.Tests.dll" adapterTypeName="executor://xunit/VsTestRunner2/netcoreapp" className="TempleApi.Tests.AuthenticationFeatureTests" name="BasicAuth_ShouldFail_ForUnverifiedUser" />
    </UnitTest>
    <UnitTest name="TempleApi.Tests.CategoryServiceTests.UpdateCategoryAsync_ShouldReturnNull_WhenNotFound" storage="d:\prasanth\personal\source\temple\temple-management-app\temple-api\tests\bin\debug\net8.0\templeapi.tests.dll" id="f21dd84f-97c2-fd18-c852-9555dbd45a19">
      <Execution id="3038744f-e69d-4223-a375-686d5ad613cb" />
      <TestMethod codeBase="D:\prasanth\Personal\source\temple\temple-management-app\temple-api\Tests\bin\Debug\net8.0\TempleApi.Tests.dll" adapterTypeName="executor://xunit/VsTestRunner2/netcoreapp" className="TempleApi.Tests.CategoryServiceTests" name="UpdateCategoryAsync_ShouldReturnNull_WhenNotFound" />
    </UnitTest>
    <UnitTest name="TempleApi.Tests.PoojaServiceTests.UpdatePoojaAsync_ShouldUpdatePooja_WhenPoojaExists" storage="d:\prasanth\personal\source\temple\temple-management-app\temple-api\tests\bin\debug\net8.0\templeapi.tests.dll" id="11d0f0fe-0328-5d66-c3dd-14ae6bf3f580">
      <Execution id="c03f62a2-96ba-4161-a2b3-4bb39ad5cc92" />
      <TestMethod codeBase="D:\prasanth\Personal\source\temple\temple-management-app\temple-api\Tests\bin\Debug\net8.0\TempleApi.Tests.dll" adapterTypeName="executor://xunit/VsTestRunner2/netcoreapp" className="TempleApi.Tests.PoojaServiceTests" name="UpdatePoojaAsync_ShouldUpdatePooja_WhenPoojaExists" />
    </UnitTest>
    <UnitTest name="TempleApi.Tests.EventServiceTests.UpdateEventAsync_ShouldUpdate_WhenExists" storage="d:\prasanth\personal\source\temple\temple-management-app\temple-api\tests\bin\debug\net8.0\templeapi.tests.dll" id="a3f50b73-feae-f100-6a3e-8fb3e2082e76">
      <Execution id="aaff8bf8-7dd3-4d81-a31a-347f964f8df4" />
      <TestMethod codeBase="D:\prasanth\Personal\source\temple\temple-management-app\temple-api\Tests\bin\Debug\net8.0\TempleApi.Tests.dll" adapterTypeName="executor://xunit/VsTestRunner2/netcoreapp" className="TempleApi.Tests.EventServiceTests" name="UpdateEventAsync_ShouldUpdate_WhenExists" />
    </UnitTest>
    <UnitTest name="TempleApi.Tests.DevoteeServiceTests.UpdateDevoteeAsync_ShouldReturnNull_WhenNotFound" storage="d:\prasanth\personal\source\temple\temple-management-app\temple-api\tests\bin\debug\net8.0\templeapi.tests.dll" id="682fa3f3-e182-671d-79d5-05d94f5b5703">
      <Execution id="4910eb0a-699f-4a3b-9044-a69d5231ed03" />
      <TestMethod codeBase="D:\prasanth\Personal\source\temple\temple-management-app\temple-api\Tests\bin\Debug\net8.0\TempleApi.Tests.dll" adapterTypeName="executor://xunit/VsTestRunner2/netcoreapp" className="TempleApi.Tests.DevoteeServiceTests" name="UpdateDevoteeAsync_ShouldReturnNull_WhenNotFound" />
    </UnitTest>
    <UnitTest name="TempleApi.Tests.TempleServiceTests.CreateTempleAsync_ShouldCreateTemple_WhenValidData" storage="d:\prasanth\personal\source\temple\temple-management-app\temple-api\tests\bin\debug\net8.0\templeapi.tests.dll" id="3d9c6260-16c9-3761-df38-8050b9e4e31f">
      <Execution id="bea19309-5bc3-48b9-9f2a-c81828a80e9d" />
      <TestMethod codeBase="D:\prasanth\Personal\source\temple\temple-management-app\temple-api\Tests\bin\Debug\net8.0\TempleApi.Tests.dll" adapterTypeName="executor://xunit/VsTestRunner2/netcoreapp" className="TempleApi.Tests.TempleServiceTests" name="CreateTempleAsync_ShouldCreateTemple_WhenValidData" />
    </UnitTest>
    <UnitTest name="TempleApi.Tests.DevoteeServiceTests.DeleteDevoteeAsync_ShouldSoftDelete_WhenExists" storage="d:\prasanth\personal\source\temple\temple-management-app\temple-api\tests\bin\debug\net8.0\templeapi.tests.dll" id="9855382c-ec59-a4a0-f115-78276d25db46">
      <Execution id="4863cebd-e2b2-4974-b511-19764a32071c" />
      <TestMethod codeBase="D:\prasanth\Personal\source\temple\temple-management-app\temple-api\Tests\bin\Debug\net8.0\TempleApi.Tests.dll" adapterTypeName="executor://xunit/VsTestRunner2/netcoreapp" className="TempleApi.Tests.DevoteeServiceTests" name="DeleteDevoteeAsync_ShouldSoftDelete_WhenExists" />
    </UnitTest>
    <UnitTest name="TempleApi.Tests.RepositorySortingTests.GetPagedAsync_ReturnsPagedResultsInDescendingOrder" storage="d:\prasanth\personal\source\temple\temple-management-app\temple-api\tests\bin\debug\net8.0\templeapi.tests.dll" id="3d4ae942-6b07-eda7-bbcd-f77204b9e973">
      <Execution id="5d057b04-c323-4a82-9f61-48b72d4f603a" />
      <TestMethod codeBase="D:\prasanth\Personal\source\temple\temple-management-app\temple-api\Tests\bin\Debug\net8.0\TempleApi.Tests.dll" adapterTypeName="executor://xunit/VsTestRunner2/netcoreapp" className="TempleApi.Tests.RepositorySortingTests" name="GetPagedAsync_ReturnsPagedResultsInDescendingOrder" />
    </UnitTest>
    <UnitTest name="TempleApi.Tests.PoojaBookingServiceTests.GetBookingsByCustomerAsync_ShouldReturnCustomerBookings" storage="d:\prasanth\personal\source\temple\temple-management-app\temple-api\tests\bin\debug\net8.0\templeapi.tests.dll" id="1be3bdb9-8354-acdd-844a-d85dff435254">
      <Execution id="da30f412-5498-4295-bf13-1d295baa488a" />
      <TestMethod codeBase="D:\prasanth\Personal\source\temple\temple-management-app\temple-api\Tests\bin\Debug\net8.0\TempleApi.Tests.dll" adapterTypeName="executor://xunit/VsTestRunner2/netcoreapp" className="TempleApi.Tests.PoojaBookingServiceTests" name="GetBookingsByCustomerAsync_ShouldReturnCustomerBookings" />
    </UnitTest>
    <UnitTest name="TempleApi.Tests.EventServiceTests.GetEventsByTempleAsync_ShouldFilterByTemple" storage="d:\prasanth\personal\source\temple\temple-management-app\temple-api\tests\bin\debug\net8.0\templeapi.tests.dll" id="6cea4941-1f53-506d-ba59-c0ed5d596e4f">
      <Execution id="2d43c9e6-a568-4376-b639-d480c6e8e3db" />
      <TestMethod codeBase="D:\prasanth\Personal\source\temple\temple-management-app\temple-api\Tests\bin\Debug\net8.0\TempleApi.Tests.dll" adapterTypeName="executor://xunit/VsTestRunner2/netcoreapp" className="TempleApi.Tests.EventServiceTests" name="GetEventsByTempleAsync_ShouldFilterByTemple" />
    </UnitTest>
    <UnitTest name="TempleApi.Tests.UserServiceTests.ValidateUserCredentialsAsync_ShouldReturnFalse_WhenUserDoesNotExist" storage="d:\prasanth\personal\source\temple\temple-management-app\temple-api\tests\bin\debug\net8.0\templeapi.tests.dll" id="df46bfed-05ca-d6b8-5bd5-67a193e5adde">
      <Execution id="4c2678b5-7eee-40b3-963e-c8b564a2715a" />
      <TestMethod codeBase="D:\prasanth\Personal\source\temple\temple-management-app\temple-api\Tests\bin\Debug\net8.0\TempleApi.Tests.dll" adapterTypeName="executor://xunit/VsTestRunner2/netcoreapp" className="TempleApi.Tests.UserServiceTests" name="ValidateUserCredentialsAsync_ShouldReturnFalse_WhenUserDoesNotExist" />
    </UnitTest>
    <UnitTest name="TempleApi.Tests.PoojaBookingServiceTests.DeleteBookingAsync_ShouldDeactivateBooking_WhenBookingExists" storage="d:\prasanth\personal\source\temple\temple-management-app\temple-api\tests\bin\debug\net8.0\templeapi.tests.dll" id="d81b7279-93bf-d67f-51a0-a629cb3493ad">
      <Execution id="d92392af-c397-4824-a498-987f8f4b2026" />
      <TestMethod codeBase="D:\prasanth\Personal\source\temple\temple-management-app\temple-api\Tests\bin\Debug\net8.0\TempleApi.Tests.dll" adapterTypeName="executor://xunit/VsTestRunner2/netcoreapp" className="TempleApi.Tests.PoojaBookingServiceTests" name="DeleteBookingAsync_ShouldDeactivateBooking_WhenBookingExists" />
    </UnitTest>
    <UnitTest name="TempleApi.Tests.RepositorySortingTests.GetPagedAsync_WithPredicate_ReturnsFilteredPagedResultsInDescendingOrder" storage="d:\prasanth\personal\source\temple\temple-management-app\temple-api\tests\bin\debug\net8.0\templeapi.tests.dll" id="7f19d318-33b6-fd01-8520-a54dd5b3f5af">
      <Execution id="aaa45cca-f4f9-404f-af3e-3220247ed987" />
      <TestMethod codeBase="D:\prasanth\Personal\source\temple\temple-management-app\temple-api\Tests\bin\Debug\net8.0\TempleApi.Tests.dll" adapterTypeName="executor://xunit/VsTestRunner2/netcoreapp" className="TempleApi.Tests.RepositorySortingTests" name="GetPagedAsync_WithPredicate_ReturnsFilteredPagedResultsInDescendingOrder" />
    </UnitTest>
    <UnitTest name="TempleApi.Tests.VoucherServiceTests.GetVouchersByEventAsync_ShouldReturnVouchers_ForEvent" storage="d:\prasanth\personal\source\temple\temple-management-app\temple-api\tests\bin\debug\net8.0\templeapi.tests.dll" id="61479b2f-f36c-54ca-2bb6-66e0a75f1c76">
      <Execution id="0f41d925-bf43-44c6-94ea-5bdd76dc5554" />
      <TestMethod codeBase="D:\prasanth\Personal\source\temple\temple-management-app\temple-api\Tests\bin\Debug\net8.0\TempleApi.Tests.dll" adapterTypeName="executor://xunit/VsTestRunner2/netcoreapp" className="TempleApi.Tests.VoucherServiceTests" name="GetVouchersByEventAsync_ShouldReturnVouchers_ForEvent" />
    </UnitTest>
    <UnitTest name="TempleApi.Tests.CategoryServiceTests.ToggleCategoryStatusAsync_ShouldToggle" storage="d:\prasanth\personal\source\temple\temple-management-app\temple-api\tests\bin\debug\net8.0\templeapi.tests.dll" id="22fb72e1-788e-aa75-c632-5eeb0eac858a">
      <Execution id="90e78a8e-22e3-4da5-bdac-d5a58b552281" />
      <TestMethod codeBase="D:\prasanth\Personal\source\temple\temple-management-app\temple-api\Tests\bin\Debug\net8.0\TempleApi.Tests.dll" adapterTypeName="executor://xunit/VsTestRunner2/netcoreapp" className="TempleApi.Tests.CategoryServiceTests" name="ToggleCategoryStatusAsync_ShouldToggle" />
    </UnitTest>
    <UnitTest name="TempleApi.Tests.SortingTests.GetAllEventTypesAsync_ReturnsEventTypesInDescendingOrder" storage="d:\prasanth\personal\source\temple\temple-management-app\temple-api\tests\bin\debug\net8.0\templeapi.tests.dll" id="0458ab75-f031-59dc-f4e1-8b7aa96e5c50">
      <Execution id="c370dc51-e85c-4d04-8496-865b287d29d8" />
      <TestMethod codeBase="D:\prasanth\Personal\source\temple\temple-management-app\temple-api\Tests\bin\Debug\net8.0\TempleApi.Tests.dll" adapterTypeName="executor://xunit/VsTestRunner2/netcoreapp" className="TempleApi.Tests.SortingTests" name="GetAllEventTypesAsync_ReturnsEventTypesInDescendingOrder" />
    </UnitTest>
    <UnitTest name="TempleApi.Tests.UserManagementFeatureTests.CreateUser_ShouldHandleNull_NakshatraAndDOB" storage="d:\prasanth\personal\source\temple\temple-management-app\temple-api\tests\bin\debug\net8.0\templeapi.tests.dll" id="f4c06a7b-6f31-9351-cfad-54d0a6ec0aa7">
      <Execution id="bd1ef5ec-df40-4458-972a-f31fb3646966" />
      <TestMethod codeBase="D:\prasanth\Personal\source\temple\temple-management-app\temple-api\Tests\bin\Debug\net8.0\TempleApi.Tests.dll" adapterTypeName="executor://xunit/VsTestRunner2/netcoreapp" className="TempleApi.Tests.UserManagementFeatureTests" name="CreateUser_ShouldHandleNull_NakshatraAndDOB" />
    </UnitTest>
    <UnitTest name="TempleApi.Tests.PoojaBookingServiceTests.CreateBookingAsync_ShouldCreateBooking_WhenValidData" storage="d:\prasanth\personal\source\temple\temple-management-app\temple-api\tests\bin\debug\net8.0\templeapi.tests.dll" id="98d2d5e2-b3ae-7ca0-525f-0a1f09d0fd5d">
      <Execution id="66ca3bb5-7d48-4fc8-98a8-ccad8496ed91" />
      <TestMethod codeBase="D:\prasanth\Personal\source\temple\temple-management-app\temple-api\Tests\bin\Debug\net8.0\TempleApi.Tests.dll" adapterTypeName="executor://xunit/VsTestRunner2/netcoreapp" className="TempleApi.Tests.PoojaBookingServiceTests" name="CreateBookingAsync_ShouldCreateBooking_WhenValidData" />
    </UnitTest>
    <UnitTest name="TempleApi.Tests.AuthenticationTests.BasicAuthenticationHandler_ShouldFail_WithInactiveUser" storage="d:\prasanth\personal\source\temple\temple-management-app\temple-api\tests\bin\debug\net8.0\templeapi.tests.dll" id="ab7eb18f-f922-865f-51c6-1538529536e5">
      <Execution id="8e9e093f-480d-4afb-8196-0cb6674808e8" />
      <TestMethod codeBase="D:\prasanth\Personal\source\temple\temple-management-app\temple-api\Tests\bin\Debug\net8.0\TempleApi.Tests.dll" adapterTypeName="executor://xunit/VsTestRunner2/netcoreapp" className="TempleApi.Tests.AuthenticationTests" name="BasicAuthenticationHandler_ShouldFail_WithInactiveUser" />
    </UnitTest>
    <UnitTest name="TempleApi.Tests.EventExpenseServiceTests.GetEventExpenseByIdAsync_ShouldReturnItem_WhenExists" storage="d:\prasanth\personal\source\temple\temple-management-app\temple-api\tests\bin\debug\net8.0\templeapi.tests.dll" id="3d4f0d9e-dc9a-1f4e-08b2-88da545dbc9a">
      <Execution id="e7c067ba-e5b2-47b0-ab8a-47e2badd38ea" />
      <TestMethod codeBase="D:\prasanth\Personal\source\temple\temple-management-app\temple-api\Tests\bin\Debug\net8.0\TempleApi.Tests.dll" adapterTypeName="executor://xunit/VsTestRunner2/netcoreapp" className="TempleApi.Tests.EventExpenseServiceTests" name="GetEventExpenseByIdAsync_ShouldReturnItem_WhenExists" />
    </UnitTest>
    <UnitTest name="TempleApi.Tests.PoojaServiceTests.GetPoojaByIdAsync_ShouldReturnNull_WhenPoojaDoesNotExist" storage="d:\prasanth\personal\source\temple\temple-management-app\temple-api\tests\bin\debug\net8.0\templeapi.tests.dll" id="c558154f-7a17-0aaa-62d8-c3634079f843">
      <Execution id="9472ca7a-5c76-45db-8e06-cbe4f6d98d5a" />
      <TestMethod codeBase="D:\prasanth\Personal\source\temple\temple-management-app\temple-api\Tests\bin\Debug\net8.0\TempleApi.Tests.dll" adapterTypeName="executor://xunit/VsTestRunner2/netcoreapp" className="TempleApi.Tests.PoojaServiceTests" name="GetPoojaByIdAsync_ShouldReturnNull_WhenPoojaDoesNotExist" />
    </UnitTest>
    <UnitTest name="TempleApi.Tests.AuthenticationTests.BasicAuthenticationHandler_ShouldFail_WithInvalidPassword" storage="d:\prasanth\personal\source\temple\temple-management-app\temple-api\tests\bin\debug\net8.0\templeapi.tests.dll" id="2f34b363-3e86-f793-5054-d67cc174d976">
      <Execution id="8ebba1e6-fc60-481f-be41-aa702982e464" />
      <TestMethod codeBase="D:\prasanth\Personal\source\temple\temple-management-app\temple-api\Tests\bin\Debug\net8.0\TempleApi.Tests.dll" adapterTypeName="executor://xunit/VsTestRunner2/netcoreapp" className="TempleApi.Tests.AuthenticationTests" name="BasicAuthenticationHandler_ShouldFail_WithInvalidPassword" />
    </UnitTest>
    <UnitTest name="TempleApi.Tests.TempleServiceTests.UpdateTempleAsync_ShouldReturnNull_WhenNotFound" storage="d:\prasanth\personal\source\temple\temple-management-app\temple-api\tests\bin\debug\net8.0\templeapi.tests.dll" id="91b87b7e-3904-e3f6-94cc-1afc4d71b3f3">
      <Execution id="df627abb-1b8a-4761-b097-f0b1056d1572" />
      <TestMethod codeBase="D:\prasanth\Personal\source\temple\temple-management-app\temple-api\Tests\bin\Debug\net8.0\TempleApi.Tests.dll" adapterTypeName="executor://xunit/VsTestRunner2/netcoreapp" className="TempleApi.Tests.TempleServiceTests" name="UpdateTempleAsync_ShouldReturnNull_WhenNotFound" />
    </UnitTest>
    <UnitTest name="TempleApi.Tests.ProductServiceTests.SearchProductsAsync_ShouldReturnMatchingProducts_WhenSearchTermMatches" storage="d:\prasanth\personal\source\temple\temple-management-app\temple-api\tests\bin\debug\net8.0\templeapi.tests.dll" id="ff23f0d0-29ef-d617-957b-433885c49cd1">
      <Execution id="43cb1a0b-8ed8-405a-8465-08ff0084f139" />
      <TestMethod codeBase="D:\prasanth\Personal\source\temple\temple-management-app\temple-api\Tests\bin\Debug\net8.0\TempleApi.Tests.dll" adapterTypeName="executor://xunit/VsTestRunner2/netcoreapp" className="TempleApi.Tests.ProductServiceTests" name="SearchProductsAsync_ShouldReturnMatchingProducts_WhenSearchTermMatches" />
    </UnitTest>
    <UnitTest name="TempleApi.Tests.UserServiceTests.CreateUserAsync_ShouldThrowException_WhenEmailExists" storage="d:\prasanth\personal\source\temple\temple-management-app\temple-api\tests\bin\debug\net8.0\templeapi.tests.dll" id="dc060bdc-7ea0-2fdd-52a1-7c7f23e58b1d">
      <Execution id="96fe3ab2-bf12-41e0-b720-037258746d4c" />
      <TestMethod codeBase="D:\prasanth\Personal\source\temple\temple-management-app\temple-api\Tests\bin\Debug\net8.0\TempleApi.Tests.dll" adapterTypeName="executor://xunit/VsTestRunner2/netcoreapp" className="TempleApi.Tests.UserServiceTests" name="CreateUserAsync_ShouldThrowException_WhenEmailExists" />
    </UnitTest>
    <UnitTest name="TempleApi.Tests.PoojaBookingServiceTests.GetBookingsByDateRangeAsync_ShouldReturnWithinRange" storage="d:\prasanth\personal\source\temple\temple-management-app\temple-api\tests\bin\debug\net8.0\templeapi.tests.dll" id="362be764-c6d6-316c-0303-ac1b4b90b0c7">
      <Execution id="0fb7cacd-caf5-46e4-9720-88cf40e0a4ad" />
      <TestMethod codeBase="D:\prasanth\Personal\source\temple\temple-management-app\temple-api\Tests\bin\Debug\net8.0\TempleApi.Tests.dll" adapterTypeName="executor://xunit/VsTestRunner2/netcoreapp" className="TempleApi.Tests.PoojaBookingServiceTests" name="GetBookingsByDateRangeAsync_ShouldReturnWithinRange" />
    </UnitTest>
    <UnitTest name="TempleApi.Tests.EventServiceTests.GetAllEventsAsync_ShouldReturnOnlyActive" storage="d:\prasanth\personal\source\temple\temple-management-app\temple-api\tests\bin\debug\net8.0\templeapi.tests.dll" id="214196df-bff0-806a-bff6-8d9fe379ee5e">
      <Execution id="19347a51-8a9e-429b-8be9-15401f56e3ca" />
      <TestMethod codeBase="D:\prasanth\Personal\source\temple\temple-management-app\temple-api\Tests\bin\Debug\net8.0\TempleApi.Tests.dll" adapterTypeName="executor://xunit/VsTestRunner2/netcoreapp" className="TempleApi.Tests.EventServiceTests" name="GetAllEventsAsync_ShouldReturnOnlyActive" />
    </UnitTest>
    <UnitTest name="TempleApi.Tests.PoojaBookingServiceTests.CreateBookingAsync_ShouldThrowException_WhenPoojaDoesNotExist" storage="d:\prasanth\personal\source\temple\temple-management-app\temple-api\tests\bin\debug\net8.0\templeapi.tests.dll" id="414abe47-36ea-a71b-002c-2c46996a2a95">
      <Execution id="6a741090-01da-448d-bdb2-bbe6c1724f0f" />
      <TestMethod codeBase="D:\prasanth\Personal\source\temple\temple-management-app\temple-api\Tests\bin\Debug\net8.0\TempleApi.Tests.dll" adapterTypeName="executor://xunit/VsTestRunner2/netcoreapp" className="TempleApi.Tests.PoojaBookingServiceTests" name="CreateBookingAsync_ShouldThrowException_WhenPoojaDoesNotExist" />
    </UnitTest>
    <UnitTest name="TempleApi.Tests.UserServiceTests.GetUserByEmailAsync_ShouldReturnNull_WhenUserDoesNotExist" storage="d:\prasanth\personal\source\temple\temple-management-app\temple-api\tests\bin\debug\net8.0\templeapi.tests.dll" id="381a6e3a-5a0d-2059-7f7c-ca876cb7ca03">
      <Execution id="206eaf50-445f-46e9-8e8b-9abe61bc6068" />
      <TestMethod codeBase="D:\prasanth\Personal\source\temple\temple-management-app\temple-api\Tests\bin\Debug\net8.0\TempleApi.Tests.dll" adapterTypeName="executor://xunit/VsTestRunner2/netcoreapp" className="TempleApi.Tests.UserServiceTests" name="GetUserByEmailAsync_ShouldReturnNull_WhenUserDoesNotExist" />
    </UnitTest>
    <UnitTest name="TempleApi.Tests.CategoryServiceTests.CreateCategoryAsync_ShouldValidate_NameMaxLength" storage="d:\prasanth\personal\source\temple\temple-management-app\temple-api\tests\bin\debug\net8.0\templeapi.tests.dll" id="59db7bdf-1eb9-f627-44d4-ec79f036613d">
      <Execution id="3475ebea-b5fb-4436-8ea9-d9e440c9cd95" />
      <TestMethod codeBase="D:\prasanth\Personal\source\temple\temple-management-app\temple-api\Tests\bin\Debug\net8.0\TempleApi.Tests.dll" adapterTypeName="executor://xunit/VsTestRunner2/netcoreapp" className="TempleApi.Tests.CategoryServiceTests" name="CreateCategoryAsync_ShouldValidate_NameMaxLength" />
    </UnitTest>
    <UnitTest name="TempleApi.Tests.SortingTests.SearchTemplesAsync_ReturnsResultsInDescendingOrder" storage="d:\prasanth\personal\source\temple\temple-management-app\temple-api\tests\bin\debug\net8.0\templeapi.tests.dll" id="20809f28-9cf3-3437-524f-fa0d1d9d2e5b">
      <Execution id="0d1ab35c-31e4-4540-8c1c-0db1330eb89e" />
      <TestMethod codeBase="D:\prasanth\Personal\source\temple\temple-management-app\temple-api\Tests\bin\Debug\net8.0\TempleApi.Tests.dll" adapterTypeName="executor://xunit/VsTestRunner2/netcoreapp" className="TempleApi.Tests.SortingTests" name="SearchTemplesAsync_ReturnsResultsInDescendingOrder" />
    </UnitTest>
    <UnitTest name="TempleApi.Tests.PoojaBookingServiceTests.GetBookingByIdAsync_ShouldReturnBooking_WhenBookingExists" storage="d:\prasanth\personal\source\temple\temple-management-app\temple-api\tests\bin\debug\net8.0\templeapi.tests.dll" id="ab19c925-15ca-f154-dc9a-b4480cd66190">
      <Execution id="b67ce4a7-0d59-41dc-bb64-438c186197f6" />
      <TestMethod codeBase="D:\prasanth\Personal\source\temple\temple-management-app\temple-api\Tests\bin\Debug\net8.0\TempleApi.Tests.dll" adapterTypeName="executor://xunit/VsTestRunner2/netcoreapp" className="TempleApi.Tests.PoojaBookingServiceTests" name="GetBookingByIdAsync_ShouldReturnBooking_WhenBookingExists" />
    </UnitTest>
    <UnitTest name="TempleApi.Tests.ProductServiceTests.GetProductsByCategoryAsync_ShouldReturnProductsInCategory" storage="d:\prasanth\personal\source\temple\temple-management-app\temple-api\tests\bin\debug\net8.0\templeapi.tests.dll" id="dfef669b-6257-dd1a-4c07-1588814b5491">
      <Execution id="695545cf-1887-420b-b0f5-cb1202284349" />
      <TestMethod codeBase="D:\prasanth\Personal\source\temple\temple-management-app\temple-api\Tests\bin\Debug\net8.0\TempleApi.Tests.dll" adapterTypeName="executor://xunit/VsTestRunner2/netcoreapp" className="TempleApi.Tests.ProductServiceTests" name="GetProductsByCategoryAsync_ShouldReturnProductsInCategory" />
    </UnitTest>
    <UnitTest name="TempleApi.Tests.UserServiceTests.GetUserByIdAsync_ShouldReturnUser_WhenUserExists" storage="d:\prasanth\personal\source\temple\temple-management-app\temple-api\tests\bin\debug\net8.0\templeapi.tests.dll" id="d500a7de-874f-ae68-1211-06aa66b001f7">
      <Execution id="eec303e8-5151-44df-b5d3-a181fb8f7821" />
      <TestMethod codeBase="D:\prasanth\Personal\source\temple\temple-management-app\temple-api\Tests\bin\Debug\net8.0\TempleApi.Tests.dll" adapterTypeName="executor://xunit/VsTestRunner2/netcoreapp" className="TempleApi.Tests.UserServiceTests" name="GetUserByIdAsync_ShouldReturnUser_WhenUserExists" />
    </UnitTest>
    <UnitTest name="TempleApi.Tests.RoleServiceTests.GetAllRolesAsync_ShouldReturnAllRoles" storage="d:\prasanth\personal\source\temple\temple-management-app\temple-api\tests\bin\debug\net8.0\templeapi.tests.dll" id="8c23965d-a7d4-681e-ae4e-a19d50cd74bc">
      <Execution id="fe86416f-c626-497d-97f3-330fdd2fc692" />
      <TestMethod codeBase="D:\prasanth\Personal\source\temple\temple-management-app\temple-api\Tests\bin\Debug\net8.0\TempleApi.Tests.dll" adapterTypeName="executor://xunit/VsTestRunner2/netcoreapp" className="TempleApi.Tests.RoleServiceTests" name="GetAllRolesAsync_ShouldReturnAllRoles" />
    </UnitTest>
    <UnitTest name="TempleApi.Tests.DonationServiceTests.GetDonationsByTempleAsync_ShouldFilterByTemple" storage="d:\prasanth\personal\source\temple\temple-management-app\temple-api\tests\bin\debug\net8.0\templeapi.tests.dll" id="71c71e0c-5ff5-04a0-568b-2ccc59f4f1d7">
      <Execution id="b5f951a7-e5cb-4960-a1a1-24869edf7eb1" />
      <TestMethod codeBase="D:\prasanth\Personal\source\temple\temple-management-app\temple-api\Tests\bin\Debug\net8.0\TempleApi.Tests.dll" adapterTypeName="executor://xunit/VsTestRunner2/netcoreapp" className="TempleApi.Tests.DonationServiceTests" name="GetDonationsByTempleAsync_ShouldFilterByTemple" />
    </UnitTest>
    <UnitTest name="TempleApi.Tests.ProductServiceTests.DeleteProductAsync_ShouldReturnFalse_WhenProductDoesNotExist" storage="d:\prasanth\personal\source\temple\temple-management-app\temple-api\tests\bin\debug\net8.0\templeapi.tests.dll" id="c082b9fc-9abf-1fc3-cc55-a76e34ae5818">
      <Execution id="92f70f5b-a6fd-4f06-b430-ec3a6398fa05" />
      <TestMethod codeBase="D:\prasanth\Personal\source\temple\temple-management-app\temple-api\Tests\bin\Debug\net8.0\TempleApi.Tests.dll" adapterTypeName="executor://xunit/VsTestRunner2/netcoreapp" className="TempleApi.Tests.ProductServiceTests" name="DeleteProductAsync_ShouldReturnFalse_WhenProductDoesNotExist" />
    </UnitTest>
    <UnitTest name="TempleApi.Tests.ProductServiceTests.UpdateProductStatusAsync_ShouldReturnFalse_WhenProductDoesNotExist" storage="d:\prasanth\personal\source\temple\temple-management-app\temple-api\tests\bin\debug\net8.0\templeapi.tests.dll" id="a1f9439d-3f9c-a585-9b8c-2210f24e909b">
      <Execution id="9bf860b9-5cde-464c-8156-4f94917d3c7c" />
      <TestMethod codeBase="D:\prasanth\Personal\source\temple\temple-management-app\temple-api\Tests\bin\Debug\net8.0\TempleApi.Tests.dll" adapterTypeName="executor://xunit/VsTestRunner2/netcoreapp" className="TempleApi.Tests.ProductServiceTests" name="UpdateProductStatusAsync_ShouldReturnFalse_WhenProductDoesNotExist" />
    </UnitTest>
    <UnitTest name="TempleApi.Tests.AuthenticationIntegrationTests.Verify_ShouldFail_WithInvalidCode" storage="d:\prasanth\personal\source\temple\temple-management-app\temple-api\tests\bin\debug\net8.0\templeapi.tests.dll" id="ec4b38e8-1925-ab8e-9601-be8b2abe5512">
      <Execution id="1a55e56c-3b1f-4402-8b42-c37d1aa72571" />
      <TestMethod codeBase="D:\prasanth\Personal\source\temple\temple-management-app\temple-api\Tests\bin\Debug\net8.0\TempleApi.Tests.dll" adapterTypeName="executor://xunit/VsTestRunner2/netcoreapp" className="TempleApi.Tests.AuthenticationIntegrationTests" name="Verify_ShouldFail_WithInvalidCode" />
    </UnitTest>
    <UnitTest name="TempleApi.Tests.DevoteeServiceTests.GetDevoteeByIdAsync_ShouldReturnNull_WhenNotFound" storage="d:\prasanth\personal\source\temple\temple-management-app\temple-api\tests\bin\debug\net8.0\templeapi.tests.dll" id="91e355de-5779-d964-23b1-71a866fe4279">
      <Execution id="bfbbecad-02b8-4029-879c-e6ccbdd1449d" />
      <TestMethod codeBase="D:\prasanth\Personal\source\temple\temple-management-app\temple-api\Tests\bin\Debug\net8.0\TempleApi.Tests.dll" adapterTypeName="executor://xunit/VsTestRunner2/netcoreapp" className="TempleApi.Tests.DevoteeServiceTests" name="GetDevoteeByIdAsync_ShouldReturnNull_WhenNotFound" />
    </UnitTest>
    <UnitTest name="TempleApi.Tests.UserManagementFeatureTests.CreateUser_ShouldAccept_VariousNakshatrasAndDates(nakshatra: &quot;Ashwini&quot;, dateTimeStr: &quot;1990-05-15 10:30:00&quot;)" storage="d:\prasanth\personal\source\temple\temple-management-app\temple-api\tests\bin\debug\net8.0\templeapi.tests.dll" id="b469c357-73b3-9d74-4709-d33f3022f580">
      <Execution id="247576d2-a79e-45f3-b4fb-afeb4fd4b2f2" />
      <TestMethod codeBase="D:\prasanth\Personal\source\temple\temple-management-app\temple-api\Tests\bin\Debug\net8.0\TempleApi.Tests.dll" adapterTypeName="executor://xunit/VsTestRunner2/netcoreapp" className="TempleApi.Tests.UserManagementFeatureTests" name="CreateUser_ShouldAccept_VariousNakshatrasAndDates" />
    </UnitTest>
    <UnitTest name="TempleApi.Tests.UserServiceTests.CreateUserAsync_ShouldCreateUser_WhenValidData" storage="d:\prasanth\personal\source\temple\temple-management-app\temple-api\tests\bin\debug\net8.0\templeapi.tests.dll" id="b50e2f02-31d9-2c6f-d4db-f265c3056800">
      <Execution id="02374cd4-c68d-40c9-9633-0d3e5096ba85" />
      <TestMethod codeBase="D:\prasanth\Personal\source\temple\temple-management-app\temple-api\Tests\bin\Debug\net8.0\TempleApi.Tests.dll" adapterTypeName="executor://xunit/VsTestRunner2/netcoreapp" className="TempleApi.Tests.UserServiceTests" name="CreateUserAsync_ShouldCreateUser_WhenValidData" />
    </UnitTest>
    <UnitTest name="TempleApi.Tests.AuthenticationIntegrationTests.Login_ShouldReturn401_WithInvalidCredentials" storage="d:\prasanth\personal\source\temple\temple-management-app\temple-api\tests\bin\debug\net8.0\templeapi.tests.dll" id="16b659ef-9486-dc17-d3f6-b16705a03065">
      <Execution id="f74de4cb-6f95-4ed7-8dfa-8c31fb1bf401" />
      <TestMethod codeBase="D:\prasanth\Personal\source\temple\temple-management-app\temple-api\Tests\bin\Debug\net8.0\TempleApi.Tests.dll" adapterTypeName="executor://xunit/VsTestRunner2/netcoreapp" className="TempleApi.Tests.AuthenticationIntegrationTests" name="Login_ShouldReturn401_WithInvalidCredentials" />
    </UnitTest>
    <UnitTest name="TempleApi.Tests.AuthenticationIntegrationTests.UsersMe_Put_ShouldReturnUnauthorizedWithoutAuth" storage="d:\prasanth\personal\source\temple\temple-management-app\temple-api\tests\bin\debug\net8.0\templeapi.tests.dll" id="f9b280a3-2f9f-caae-df14-ece674749b67">
      <Execution id="ca2e99cc-3366-4ba5-bffa-1b254f502e9c" />
      <TestMethod codeBase="D:\prasanth\Personal\source\temple\temple-management-app\temple-api\Tests\bin\Debug\net8.0\TempleApi.Tests.dll" adapterTypeName="executor://xunit/VsTestRunner2/netcoreapp" className="TempleApi.Tests.AuthenticationIntegrationTests" name="UsersMe_Put_ShouldReturnUnauthorizedWithoutAuth" />
    </UnitTest>
    <UnitTest name="TempleApi.Tests.UserServiceTests.GetUserByIdAsync_ShouldReturnNull_WhenUserDoesNotExist" storage="d:\prasanth\personal\source\temple\temple-management-app\temple-api\tests\bin\debug\net8.0\templeapi.tests.dll" id="0b117344-855f-0872-496a-9bec1ee1ffc6">
      <Execution id="75489f97-e2a9-4337-a61a-427ef2f18c6f" />
      <TestMethod codeBase="D:\prasanth\Personal\source\temple\temple-management-app\temple-api\Tests\bin\Debug\net8.0\TempleApi.Tests.dll" adapterTypeName="executor://xunit/VsTestRunner2/netcoreapp" className="TempleApi.Tests.UserServiceTests" name="GetUserByIdAsync_ShouldReturnNull_WhenUserDoesNotExist" />
    </UnitTest>
    <UnitTest name="TempleApi.Tests.ProductServiceTests.CheckProductAvailabilityAsync_ShouldReturnFalse_WhenProductIsInactive" storage="d:\prasanth\personal\source\temple\temple-management-app\temple-api\tests\bin\debug\net8.0\templeapi.tests.dll" id="c759a6db-b36b-c529-dd5d-087380a41a37">
      <Execution id="17292f69-174f-4e2e-a8f1-9d85920a57bd" />
      <TestMethod codeBase="D:\prasanth\Personal\source\temple\temple-management-app\temple-api\Tests\bin\Debug\net8.0\TempleApi.Tests.dll" adapterTypeName="executor://xunit/VsTestRunner2/netcoreapp" className="TempleApi.Tests.ProductServiceTests" name="CheckProductAvailabilityAsync_ShouldReturnFalse_WhenProductIsInactive" />
    </UnitTest>
    <UnitTest name="TempleApi.Tests.SaleServiceTests.CreateSaleAsync_ShouldThrowException_WhenProductNotAvailable" storage="d:\prasanth\personal\source\temple\temple-management-app\temple-api\tests\bin\debug\net8.0\templeapi.tests.dll" id="e76015ad-4560-f322-0bb5-8daef7b0124f">
      <Execution id="027c13c7-9bd7-4672-9b9b-eb8daa18e6b6" />
      <TestMethod codeBase="D:\prasanth\Personal\source\temple\temple-management-app\temple-api\Tests\bin\Debug\net8.0\TempleApi.Tests.dll" adapterTypeName="executor://xunit/VsTestRunner2/netcoreapp" className="TempleApi.Tests.SaleServiceTests" name="CreateSaleAsync_ShouldThrowException_WhenProductNotAvailable" />
    </UnitTest>
    <UnitTest name="TempleApi.Tests.DonationServiceTests.UpdateDonationStatusAsync_ShouldUpdateStatus_WhenExists" storage="d:\prasanth\personal\source\temple\temple-management-app\temple-api\tests\bin\debug\net8.0\templeapi.tests.dll" id="180d2e31-adff-5530-fc77-2e16c477b01c">
      <Execution id="fc7688d2-f728-4b58-a956-aa2979b4b877" />
      <TestMethod codeBase="D:\prasanth\Personal\source\temple\temple-management-app\temple-api\Tests\bin\Debug\net8.0\TempleApi.Tests.dll" adapterTypeName="executor://xunit/VsTestRunner2/netcoreapp" className="TempleApi.Tests.DonationServiceTests" name="UpdateDonationStatusAsync_ShouldUpdateStatus_WhenExists" />
    </UnitTest>
    <UnitTest name="TempleApi.Tests.ExpenseServiceTests.GetExpenseByIdAsync_ShouldReturnNull_WhenNotExists" storage="d:\prasanth\personal\source\temple\temple-management-app\temple-api\tests\bin\debug\net8.0\templeapi.tests.dll" id="da77dfd7-e200-033f-55fb-728d790e83b6">
      <Execution id="009fa185-904a-44da-8dd8-6e1da73e52c1" />
      <TestMethod codeBase="D:\prasanth\Personal\source\temple\temple-management-app\temple-api\Tests\bin\Debug\net8.0\TempleApi.Tests.dll" adapterTypeName="executor://xunit/VsTestRunner2/netcoreapp" className="TempleApi.Tests.ExpenseServiceTests" name="GetExpenseByIdAsync_ShouldReturnNull_WhenNotExists" />
    </UnitTest>
    <UnitTest name="TempleApi.Tests.SaleServiceTests.UpdateSaleStatusAsync_ShouldUpdateStatus_WhenSaleExists" storage="d:\prasanth\personal\source\temple\temple-management-app\temple-api\tests\bin\debug\net8.0\templeapi.tests.dll" id="aa64a45c-bb78-59c6-2e6c-415ecde97f7d">
      <Execution id="106ffb0b-cd8f-41ea-a3b3-3aaea084acbb" />
      <TestMethod codeBase="D:\prasanth\Personal\source\temple\temple-management-app\temple-api\Tests\bin\Debug\net8.0\TempleApi.Tests.dll" adapterTypeName="executor://xunit/VsTestRunner2/netcoreapp" className="TempleApi.Tests.SaleServiceTests" name="UpdateSaleStatusAsync_ShouldUpdateStatus_WhenSaleExists" />
    </UnitTest>
    <UnitTest name="TempleApi.Tests.RepositorySortingTests.FindAsync_WithIncludes_ReturnsFilteredResultsInDescendingOrder" storage="d:\prasanth\personal\source\temple\temple-management-app\temple-api\tests\bin\debug\net8.0\templeapi.tests.dll" id="90d77bc9-d4d8-fd48-8997-69b4cedf0c29">
      <Execution id="6db636eb-a847-4071-8aa3-79dc77d11ab0" />
      <TestMethod codeBase="D:\prasanth\Personal\source\temple\temple-management-app\temple-api\Tests\bin\Debug\net8.0\TempleApi.Tests.dll" adapterTypeName="executor://xunit/VsTestRunner2/netcoreapp" className="TempleApi.Tests.RepositorySortingTests" name="FindAsync_WithIncludes_ReturnsFilteredResultsInDescendingOrder" />
    </UnitTest>
    <UnitTest name="TempleApi.Tests.SaleServiceTests.SearchSalesAsync_ShouldReturnMatchingSales" storage="d:\prasanth\personal\source\temple\temple-management-app\temple-api\tests\bin\debug\net8.0\templeapi.tests.dll" id="9144a1ad-c2cc-135c-af0e-923f7cc47503">
      <Execution id="98098926-2250-4ca6-9067-095dfd70a37e" />
      <TestMethod codeBase="D:\prasanth\Personal\source\temple\temple-management-app\temple-api\Tests\bin\Debug\net8.0\TempleApi.Tests.dll" adapterTypeName="executor://xunit/VsTestRunner2/netcoreapp" className="TempleApi.Tests.SaleServiceTests" name="SearchSalesAsync_ShouldReturnMatchingSales" />
    </UnitTest>
    <UnitTest name="TempleApi.Tests.AuthenticationTests.AuthService_LoginAsync_ShouldFail_WithInvalidPassword" storage="d:\prasanth\personal\source\temple\temple-management-app\temple-api\tests\bin\debug\net8.0\templeapi.tests.dll" id="e6e92570-4600-2e4e-0393-6cdabc635eb5">
      <Execution id="50558905-582f-40c4-841b-c4fb37d4cf19" />
      <TestMethod codeBase="D:\prasanth\Personal\source\temple\temple-management-app\temple-api\Tests\bin\Debug\net8.0\TempleApi.Tests.dll" adapterTypeName="executor://xunit/VsTestRunner2/netcoreapp" className="TempleApi.Tests.AuthenticationTests" name="AuthService_LoginAsync_ShouldFail_WithInvalidPassword" />
    </UnitTest>
    <UnitTest name="TempleApi.Tests.UserServiceTests.DeleteUserAsync_ShouldReturnFalse_WhenUserDoesNotExist" storage="d:\prasanth\personal\source\temple\temple-management-app\temple-api\tests\bin\debug\net8.0\templeapi.tests.dll" id="3b999dc2-65bc-7e70-80ea-6f8ab5d7ec81">
      <Execution id="b94db658-9ced-431b-b622-e1f7f17fc16f" />
      <TestMethod codeBase="D:\prasanth\Personal\source\temple\temple-management-app\temple-api\Tests\bin\Debug\net8.0\TempleApi.Tests.dll" adapterTypeName="executor://xunit/VsTestRunner2/netcoreapp" className="TempleApi.Tests.UserServiceTests" name="DeleteUserAsync_ShouldReturnFalse_WhenUserDoesNotExist" />
    </UnitTest>
    <UnitTest name="TempleApi.Tests.UserManagementFeatureTests.CreateUser_ShouldAccept_VariousNakshatrasAndDates(nakshatra: &quot;Rohini&quot;, dateTimeStr: &quot;1988-12-25 06:30:00&quot;)" storage="d:\prasanth\personal\source\temple\temple-management-app\temple-api\tests\bin\debug\net8.0\templeapi.tests.dll" id="48a76050-590b-40fe-fb58-b193cd67e960">
      <Execution id="0f3f00c6-aca3-421c-9d4e-b4fabd75a942" />
      <TestMethod codeBase="D:\prasanth\Personal\source\temple\temple-management-app\temple-api\Tests\bin\Debug\net8.0\TempleApi.Tests.dll" adapterTypeName="executor://xunit/VsTestRunner2/netcoreapp" className="TempleApi.Tests.UserManagementFeatureTests" name="CreateUser_ShouldAccept_VariousNakshatrasAndDates" />
    </UnitTest>
    <UnitTest name="TempleApi.Tests.TempleServiceTests.GetAllTemplesAsync_ShouldReturnOnlyActiveTemples" storage="d:\prasanth\personal\source\temple\temple-management-app\temple-api\tests\bin\debug\net8.0\templeapi.tests.dll" id="f1af5e52-711f-1ff0-9426-c1461d5da4a6">
      <Execution id="38926b80-3e23-4322-b023-559cec8c0a27" />
      <TestMethod codeBase="D:\prasanth\Personal\source\temple\temple-management-app\temple-api\Tests\bin\Debug\net8.0\TempleApi.Tests.dll" adapterTypeName="executor://xunit/VsTestRunner2/netcoreapp" className="TempleApi.Tests.TempleServiceTests" name="GetAllTemplesAsync_ShouldReturnOnlyActiveTemples" />
    </UnitTest>
    <UnitTest name="TempleApi.Tests.UserServiceTests.UpdateUserAsync_ShouldUpdateUser_WhenUserExists" storage="d:\prasanth\personal\source\temple\temple-management-app\temple-api\tests\bin\debug\net8.0\templeapi.tests.dll" id="c161e88d-2707-06ce-604b-4e4cb99c5c69">
      <Execution id="63707558-1241-43de-b0dd-e1704d373b42" />
      <TestMethod codeBase="D:\prasanth\Personal\source\temple\temple-management-app\temple-api\Tests\bin\Debug\net8.0\TempleApi.Tests.dll" adapterTypeName="executor://xunit/VsTestRunner2/netcoreapp" className="TempleApi.Tests.UserServiceTests" name="UpdateUserAsync_ShouldUpdateUser_WhenUserExists" />
    </UnitTest>
  </TestDefinitions>
  <TestEntries>
    <TestEntry testId="a54395f3-905e-91ba-9cdb-aaccc9fd36c0" executionId="78e0e92e-c094-4b2f-8d7e-d9cb1d68b853" testListId="8c84fa94-04c1-424b-9868-57a2d4851a1d" />
    <TestEntry testId="0458ab75-f031-59dc-f4e1-8b7aa96e5c50" executionId="c370dc51-e85c-4d04-8496-865b287d29d8" testListId="8c84fa94-04c1-424b-9868-57a2d4851a1d" />
    <TestEntry testId="47706686-622c-d66c-f351-f46f051ca0e5" executionId="50f852fb-ac50-4706-b727-6d7249024a38" testListId="8c84fa94-04c1-424b-9868-57a2d4851a1d" />
    <TestEntry testId="2fc9b8cf-307a-ae11-7258-fc052f000dd0" executionId="e5504b30-52f4-46da-9948-642ec4559312" testListId="8c84fa94-04c1-424b-9868-57a2d4851a1d" />
    <TestEntry testId="e9243436-a77c-5f70-06d2-2ea09368e07c" executionId="7fa5002b-bb54-413a-bdda-5c4345b65efa" testListId="8c84fa94-04c1-424b-9868-57a2d4851a1d" />
    <TestEntry testId="f4c06a7b-6f31-9351-cfad-54d0a6ec0aa7" executionId="bd1ef5ec-df40-4458-972a-f31fb3646966" testListId="8c84fa94-04c1-424b-9868-57a2d4851a1d" />
    <TestEntry testId="77c72d7a-0209-9328-e487-74ad1654263f" executionId="85cbd4bf-8678-4a7f-b475-ef896586c671" testListId="8c84fa94-04c1-424b-9868-57a2d4851a1d" />
    <TestEntry testId="1d726efb-0c3d-f957-98b1-acaff535bf90" executionId="407e36f0-f384-45ec-9706-e3116f916cf2" testListId="8c84fa94-04c1-424b-9868-57a2d4851a1d" />
    <TestEntry testId="c09e937d-82c5-bb22-0b37-d79848ec9599" executionId="fc7c0400-2fb9-4df9-8041-04f73558138f" testListId="8c84fa94-04c1-424b-9868-57a2d4851a1d" />
    <TestEntry testId="e6935054-f31e-01e4-a5e6-b6c9b26f8032" executionId="41cf4a54-28ac-45ff-abdc-2fafa56de804" testListId="8c84fa94-04c1-424b-9868-57a2d4851a1d" />
    <TestEntry testId="3984a37d-4858-e111-6dbe-58c3630ca63c" executionId="8b1852c3-c90b-4cbb-895c-0f68389edf5a" testListId="8c84fa94-04c1-424b-9868-57a2d4851a1d" />
    <TestEntry testId="1f2d3a91-c279-a791-0bf9-4b95c4aa0b49" executionId="80fad5a4-1a87-4483-b343-d3f43e7fde31" testListId="8c84fa94-04c1-424b-9868-57a2d4851a1d" />
    <TestEntry testId="35178701-d963-0669-66bd-7ce317876cc7" executionId="d095fe7c-3f26-40d7-804a-47b49e3e6aac" testListId="8c84fa94-04c1-424b-9868-57a2d4851a1d" />
    <TestEntry testId="b50e2f02-31d9-2c6f-d4db-f265c3056800" executionId="02374cd4-c68d-40c9-9633-0d3e5096ba85" testListId="8c84fa94-04c1-424b-9868-57a2d4851a1d" />
    <TestEntry testId="9144a1ad-c2cc-135c-af0e-923f7cc47503" executionId="98098926-2250-4ca6-9067-095dfd70a37e" testListId="8c84fa94-04c1-424b-9868-57a2d4851a1d" />
    <TestEntry testId="3d9c6260-16c9-3761-df38-8050b9e4e31f" executionId="bea19309-5bc3-48b9-9f2a-c81828a80e9d" testListId="8c84fa94-04c1-424b-9868-57a2d4851a1d" />
    <TestEntry testId="22736036-7d7c-195a-d3f4-cd1371b4a768" executionId="199b4316-b225-4aa1-8b85-c1f3744e47c0" testListId="8c84fa94-04c1-424b-9868-57a2d4851a1d" />
    <TestEntry testId="61479b2f-f36c-54ca-2bb6-66e0a75f1c76" executionId="0f41d925-bf43-44c6-94ea-5bdd76dc5554" testListId="8c84fa94-04c1-424b-9868-57a2d4851a1d" />
    <TestEntry testId="1570ae63-9996-976c-f701-72e2709e43b9" executionId="05e1ce4a-19a2-4f51-b598-fb49071c3a0b" testListId="8c84fa94-04c1-424b-9868-57a2d4851a1d" />
    <TestEntry testId="b469c357-73b3-9d74-4709-d33f3022f580" executionId="247576d2-a79e-45f3-b4fb-afeb4fd4b2f2" testListId="8c84fa94-04c1-424b-9868-57a2d4851a1d" />
    <TestEntry testId="4698dc09-e29f-4c31-faa4-3ceea7adb52d" executionId="3e740fa9-30b5-47ef-8e48-0b60ac268959" testListId="8c84fa94-04c1-424b-9868-57a2d4851a1d" />
    <TestEntry testId="e4283c56-de9f-578a-0c4b-320206079df3" executionId="fece3102-a794-4db2-990b-224e2931c3ec" testListId="8c84fa94-04c1-424b-9868-57a2d4851a1d" />
    <TestEntry testId="c4af5b66-4154-9ce8-3194-c392f5b74e3c" executionId="28070338-ba22-48e1-98c7-b5e03485e232" testListId="8c84fa94-04c1-424b-9868-57a2d4851a1d" />
    <TestEntry testId="2167bcfa-8005-6cd2-aaa6-9ef4adabd9a8" executionId="f4571e27-3655-42b3-974a-e1b6579c81d4" testListId="8c84fa94-04c1-424b-9868-57a2d4851a1d" />
    <TestEntry testId="3da075bc-02e5-c197-facb-b91da5e36527" executionId="a9dc0e28-12fa-4664-8d55-de603d8fe0fc" testListId="8c84fa94-04c1-424b-9868-57a2d4851a1d" />
    <TestEntry testId="d2235795-d055-4484-4cc8-2f3fe800c45a" executionId="bd7b0e64-791c-4bea-b532-86b1abe2d9a4" testListId="8c84fa94-04c1-424b-9868-57a2d4851a1d" />
    <TestEntry testId="dc060bdc-7ea0-2fdd-52a1-7c7f23e58b1d" executionId="96fe3ab2-bf12-41e0-b720-037258746d4c" testListId="8c84fa94-04c1-424b-9868-57a2d4851a1d" />
    <TestEntry testId="11d0f0fe-0328-5d66-c3dd-14ae6bf3f580" executionId="c03f62a2-96ba-4161-a2b3-4bb39ad5cc92" testListId="8c84fa94-04c1-424b-9868-57a2d4851a1d" />
    <TestEntry testId="0d2dd6a9-cdda-6a30-8812-16d9d9726bb1" executionId="3dc00f1b-10df-469c-9375-bbbbca726d69" testListId="8c84fa94-04c1-424b-9868-57a2d4851a1d" />
    <TestEntry testId="3952722e-733b-7ed5-be94-ffb4ae81bee0" executionId="93c1a937-d6d0-4f21-a27a-2e25ea33739b" testListId="8c84fa94-04c1-424b-9868-57a2d4851a1d" />
    <TestEntry testId="0b117344-855f-0872-496a-9bec1ee1ffc6" executionId="75489f97-e2a9-4337-a61a-427ef2f18c6f" testListId="8c84fa94-04c1-424b-9868-57a2d4851a1d" />
    <TestEntry testId="2f34b363-3e86-f793-5054-d67cc174d976" executionId="8ebba1e6-fc60-481f-be41-aa702982e464" testListId="8c84fa94-04c1-424b-9868-57a2d4851a1d" />
    <TestEntry testId="094dc1bd-429a-8876-53c2-245bd7671a4c" executionId="a64d0bff-400e-4641-af8b-db1c441bf234" testListId="8c84fa94-04c1-424b-9868-57a2d4851a1d" />
    <TestEntry testId="3b999dc2-65bc-7e70-80ea-6f8ab5d7ec81" executionId="b94db658-9ced-431b-b622-e1f7f17fc16f" testListId="8c84fa94-04c1-424b-9868-57a2d4851a1d" />
    <TestEntry testId="a338127a-f430-e81e-e53e-6c5e94542f3c" executionId="0308e68f-1892-4884-959f-a73c8dc2574e" testListId="8c84fa94-04c1-424b-9868-57a2d4851a1d" />
    <TestEntry testId="362be764-c6d6-316c-0303-ac1b4b90b0c7" executionId="0fb7cacd-caf5-46e4-9720-88cf40e0a4ad" testListId="8c84fa94-04c1-424b-9868-57a2d4851a1d" />
    <TestEntry testId="c75b9336-1aa7-9e47-875a-f4e400489d36" executionId="34ce8a13-d493-4796-84be-3cf5b3a5fade" testListId="8c84fa94-04c1-424b-9868-57a2d4851a1d" />
    <TestEntry testId="d500a7de-874f-ae68-1211-06aa66b001f7" executionId="eec303e8-5151-44df-b5d3-a181fb8f7821" testListId="8c84fa94-04c1-424b-9868-57a2d4851a1d" />
    <TestEntry testId="24c1007d-9938-3b49-36f6-c7459a6ed99f" executionId="9b0ed18d-94bd-41fd-a229-7870a654838c" testListId="8c84fa94-04c1-424b-9868-57a2d4851a1d" />
    <TestEntry testId="480e9a5e-2bf3-af7c-8997-e20360e84543" executionId="ca1d5c45-ed43-40d7-bfa8-bf0d4c54470e" testListId="8c84fa94-04c1-424b-9868-57a2d4851a1d" />
    <TestEntry testId="22fb72e1-788e-aa75-c632-5eeb0eac858a" executionId="90e78a8e-22e3-4da5-bdac-d5a58b552281" testListId="8c84fa94-04c1-424b-9868-57a2d4851a1d" />
    <TestEntry testId="b26eee93-4d8c-cd01-d35c-d1143e66bb56" executionId="b3cab9e4-8d91-4c25-b167-39aa79fcb3ca" testListId="8c84fa94-04c1-424b-9868-57a2d4851a1d" />
    <TestEntry testId="bf706f12-9014-deaa-f07e-148a649d2b42" executionId="835eb2ee-39f0-4048-baa0-671481c4bc1f" testListId="8c84fa94-04c1-424b-9868-57a2d4851a1d" />
    <TestEntry testId="e36f5a7f-c183-f164-0426-1e05666ff512" executionId="ac8650cf-c068-4cdf-a66d-070566fe001e" testListId="8c84fa94-04c1-424b-9868-57a2d4851a1d" />
    <TestEntry testId="ee4cb1f2-1835-9ad5-7791-b30e25ab4aaa" executionId="0c182e8e-6ba2-4b4e-90e9-dd78c62367b0" testListId="8c84fa94-04c1-424b-9868-57a2d4851a1d" />
    <TestEntry testId="be33b2a8-11c7-7f0b-aa8f-b2c67952b1fb" executionId="8b577e33-4300-496d-9c44-06316ea6b8de" testListId="8c84fa94-04c1-424b-9868-57a2d4851a1d" />
    <TestEntry testId="69eb3baf-31fc-0590-7d8b-3256ee9cdcfd" executionId="c7bf28f5-7ceb-4e82-847d-c4a0e1894aee" testListId="8c84fa94-04c1-424b-9868-57a2d4851a1d" />
    <TestEntry testId="9faa2a64-62f2-5086-c7f5-c6f834c52712" executionId="97716481-0d56-461e-8968-1875b6dfa0e9" testListId="8c84fa94-04c1-424b-9868-57a2d4851a1d" />
    <TestEntry testId="27618b1e-f361-09ad-ba2a-99516e9fcec8" executionId="a0ac7a2e-5496-425c-af05-c2a40ed2fc05" testListId="8c84fa94-04c1-424b-9868-57a2d4851a1d" />
    <TestEntry testId="a1a67ca8-d6c9-3f95-e223-223850e04a90" executionId="a00aebfd-b2ee-4485-a62c-32413f78c4f6" testListId="8c84fa94-04c1-424b-9868-57a2d4851a1d" />
    <TestEntry testId="a81d37b1-33da-aaf6-655d-52bf7617fbac" executionId="058ef6e3-7531-492f-a748-d484bb025038" testListId="8c84fa94-04c1-424b-9868-57a2d4851a1d" />
    <TestEntry testId="4b862328-a70a-e50a-75a9-b2fac7978b7e" executionId="ee1ec7b1-3d3e-4c05-ac32-698c47a25550" testListId="8c84fa94-04c1-424b-9868-57a2d4851a1d" />
    <TestEntry testId="7d918a12-8678-6263-f425-7314b603134d" executionId="471f1df5-a985-4c55-880b-059bf2e21237" testListId="8c84fa94-04c1-424b-9868-57a2d4851a1d" />
    <TestEntry testId="9466a05f-08b2-99bd-957c-624888e16dd1" executionId="74bd9cae-4f41-44c1-bb42-eacdca8b937c" testListId="8c84fa94-04c1-424b-9868-57a2d4851a1d" />
    <TestEntry testId="588f923c-f5b2-6203-a441-f8f10f017f82" executionId="b05f0c7a-008a-43c3-ab5d-0d7823a8c14f" testListId="8c84fa94-04c1-424b-9868-57a2d4851a1d" />
    <TestEntry testId="8f92ab9b-8de4-cce0-035e-6b142097d0ce" executionId="7a8d16cf-5279-42cb-a1b2-b2e5cffcedd6" testListId="8c84fa94-04c1-424b-9868-57a2d4851a1d" />
    <TestEntry testId="c617c58e-32b2-9b1c-00f9-31c5f63d5df8" executionId="7b237c1a-0e8f-45f5-8f8e-1fc952cbab76" testListId="8c84fa94-04c1-424b-9868-57a2d4851a1d" />
    <TestEntry testId="fed2732f-218e-b28e-391b-9293e51d433c" executionId="e1c8cccb-42aa-4b17-a7d1-a1d0f5ea7208" testListId="8c84fa94-04c1-424b-9868-57a2d4851a1d" />
    <TestEntry testId="3d4f0d9e-dc9a-1f4e-08b2-88da545dbc9a" executionId="e7c067ba-e5b2-47b0-ab8a-47e2badd38ea" testListId="8c84fa94-04c1-424b-9868-57a2d4851a1d" />
    <TestEntry testId="f7dd0744-33e2-6490-3aa4-ab03e52e373c" executionId="f5de7c1c-5ddc-4676-9877-2551638c1d0d" testListId="8c84fa94-04c1-424b-9868-57a2d4851a1d" />
    <TestEntry testId="b1a83a25-cf01-1634-cc57-23bb07a6b79d" executionId="f607db71-cfc5-4c2f-a461-3864bd10bc3f" testListId="8c84fa94-04c1-424b-9868-57a2d4851a1d" />
    <TestEntry testId="be9e8e27-d066-8971-4999-fdebb760fd44" executionId="5431b208-c855-4e6d-b522-ae7b2e955367" testListId="8c84fa94-04c1-424b-9868-57a2d4851a1d" />
    <TestEntry testId="b3554229-9d35-65bf-8bb1-b6a89ee0126e" executionId="0bd29afb-0eb9-4818-98a4-54cb9e4179a6" testListId="8c84fa94-04c1-424b-9868-57a2d4851a1d" />
    <TestEntry testId="2f096ac3-43b8-4a1c-4d0a-447d6dd81057" executionId="563ba7ff-3348-4d26-819e-56425581408b" testListId="8c84fa94-04c1-424b-9868-57a2d4851a1d" />
    <TestEntry testId="cd22b392-def2-c198-4b3f-0dbf22e6813f" executionId="b20d4731-b4c8-49fb-85a0-8e557060587f" testListId="8c84fa94-04c1-424b-9868-57a2d4851a1d" />
    <TestEntry testId="c558154f-7a17-0aaa-62d8-c3634079f843" executionId="9472ca7a-5c76-45db-8e06-cbe4f6d98d5a" testListId="8c84fa94-04c1-424b-9868-57a2d4851a1d" />
    <TestEntry testId="92630f08-d19b-ebba-ffa7-340a1b14080a" executionId="6fbaa13c-6040-47c0-8d53-650bd6d6fcb2" testListId="8c84fa94-04c1-424b-9868-57a2d4851a1d" />
    <TestEntry testId="c759a6db-b36b-c529-dd5d-087380a41a37" executionId="17292f69-174f-4e2e-a8f1-9d85920a57bd" testListId="8c84fa94-04c1-424b-9868-57a2d4851a1d" />
    <TestEntry testId="b1c812f8-3f84-d854-8bfe-0e4e8246f94e" executionId="27e27b08-7d5f-40ab-8da7-00eac7d76561" testListId="8c84fa94-04c1-424b-9868-57a2d4851a1d" />
    <TestEntry testId="c4ac6931-e843-1030-3143-fc0def200171" executionId="c965d9a0-6e89-410a-812a-889427bcc7cf" testListId="8c84fa94-04c1-424b-9868-57a2d4851a1d" />
    <TestEntry testId="af8b8168-a37c-3800-679f-c562b5178824" executionId="13f36837-3b2f-4a2b-90d7-606cb8d4d6b8" testListId="8c84fa94-04c1-424b-9868-57a2d4851a1d" />
    <TestEntry testId="c3ea3489-98da-e412-c7e5-f68c3951beb7" executionId="7571145f-5252-4ead-b331-2ccc7c042616" testListId="8c84fa94-04c1-424b-9868-57a2d4851a1d" />
    <TestEntry testId="5f328188-82d4-9f08-039e-aa91bb77e231" executionId="164791c0-1ca2-4753-8d12-ad95cfc6adaa" testListId="8c84fa94-04c1-424b-9868-57a2d4851a1d" />
    <TestEntry testId="d023fb5f-0bb6-cf66-973e-616cfac03ce5" executionId="5397d3c9-525d-4d53-a04d-dcbb55a33cb7" testListId="8c84fa94-04c1-424b-9868-57a2d4851a1d" />
    <TestEntry testId="352c82e1-fd73-6ea6-4c15-ce4482eee7be" executionId="00ad5d65-af7b-4a97-997a-32fb41b3d18a" testListId="8c84fa94-04c1-424b-9868-57a2d4851a1d" />
    <TestEntry testId="0cb870eb-52e9-0ac4-540f-a726af3b0d96" executionId="fe55334d-f4cf-4e41-bdaf-b6e1cd2dbf46" testListId="8c84fa94-04c1-424b-9868-57a2d4851a1d" />
    <TestEntry testId="b1bc0a56-2028-9c0a-17d9-245b2fce2b4b" executionId="6b36a809-bf15-48b6-b0ac-fc41a7f5286e" testListId="8c84fa94-04c1-424b-9868-57a2d4851a1d" />
    <TestEntry testId="180d2e31-adff-5530-fc77-2e16c477b01c" executionId="fc7688d2-f728-4b58-a956-aa2979b4b877" testListId="8c84fa94-04c1-424b-9868-57a2d4851a1d" />
    <TestEntry testId="5c7725c4-5cf3-ee33-7cdd-4a31a718ae5f" executionId="d2a86f89-e49c-4524-913a-53ff348bcdd0" testListId="8c84fa94-04c1-424b-9868-57a2d4851a1d" />
    <TestEntry testId="91e355de-5779-d964-23b1-71a866fe4279" executionId="bfbbecad-02b8-4029-879c-e6ccbdd1449d" testListId="8c84fa94-04c1-424b-9868-57a2d4851a1d" />
    <TestEntry testId="c93aca7a-3ed9-4956-e74e-5d0bd23295d1" executionId="476f5405-f01d-47d6-8db1-9536ae7d9574" testListId="8c84fa94-04c1-424b-9868-57a2d4851a1d" />
    <TestEntry testId="381a6e3a-5a0d-2059-7f7c-ca876cb7ca03" executionId="206eaf50-445f-46e9-8e8b-9abe61bc6068" testListId="8c84fa94-04c1-424b-9868-57a2d4851a1d" />
    <TestEntry testId="b025220a-46ad-8c20-46df-17ea443acfdb" executionId="fe2621ae-9b4b-4d6e-b518-7b8c6edb355a" testListId="8c84fa94-04c1-424b-9868-57a2d4851a1d" />
    <TestEntry testId="1a8857a6-51a1-b070-393d-9735c211d32c" executionId="ac40bfa0-5460-455f-a147-a192a06ed02a" testListId="8c84fa94-04c1-424b-9868-57a2d4851a1d" />
    <TestEntry testId="20809f28-9cf3-3437-524f-fa0d1d9d2e5b" executionId="0d1ab35c-31e4-4540-8c1c-0db1330eb89e" testListId="8c84fa94-04c1-424b-9868-57a2d4851a1d" />
    <TestEntry testId="79802dd2-d825-cdbd-2271-f75874229944" executionId="828853fd-9667-4a23-be26-5840f7f1ed5f" testListId="8c84fa94-04c1-424b-9868-57a2d4851a1d" />
    <TestEntry testId="82ce313c-f1e0-c2db-606d-2888a88e6cee" executionId="55730ff1-4677-46a7-9866-c65cd282e84d" testListId="8c84fa94-04c1-424b-9868-57a2d4851a1d" />
    <TestEntry testId="d20bb350-cca3-bb21-b73a-f6b4af2aac6a" executionId="50f28df0-fe52-40ee-b5de-819ca708912f" testListId="8c84fa94-04c1-424b-9868-57a2d4851a1d" />
    <TestEntry testId="e01ab663-f8f3-514b-a616-06e6f0f0d251" executionId="fbb495ee-e599-4522-8741-2d10c206bccd" testListId="8c84fa94-04c1-424b-9868-57a2d4851a1d" />
    <TestEntry testId="4c3eb3c5-4896-64ea-2f8f-fee82287c95d" executionId="e410e6e1-efec-4e7f-9ee7-5271a3af0f36" testListId="8c84fa94-04c1-424b-9868-57a2d4851a1d" />
    <TestEntry testId="91b87b7e-3904-e3f6-94cc-1afc4d71b3f3" executionId="df627abb-1b8a-4761-b097-f0b1056d1572" testListId="8c84fa94-04c1-424b-9868-57a2d4851a1d" />
    <TestEntry testId="1372f59a-5854-811b-17e0-28fa95f4366d" executionId="fea02d8f-542f-47c7-8fcb-6757b48f682a" testListId="8c84fa94-04c1-424b-9868-57a2d4851a1d" />
    <TestEntry testId="e76015ad-4560-f322-0bb5-8daef7b0124f" executionId="027c13c7-9bd7-4672-9b9b-eb8daa18e6b6" testListId="8c84fa94-04c1-424b-9868-57a2d4851a1d" />
    <TestEntry testId="c3eff8c0-032f-e47c-f64c-6712d4e4a96e" executionId="a7d22fd5-0a17-44b9-9c63-289e4cb45c3a" testListId="8c84fa94-04c1-424b-9868-57a2d4851a1d" />
    <TestEntry testId="7c29086b-559c-cd42-5577-408a9afe0b47" executionId="45da92cf-7f82-41c5-9cb0-ac9021b86c51" testListId="8c84fa94-04c1-424b-9868-57a2d4851a1d" />
    <TestEntry testId="2fbd0562-8a53-f615-e1ab-6f7174f59fff" executionId="2996b116-989f-4d73-8473-4823ce74ac62" testListId="8c84fa94-04c1-424b-9868-57a2d4851a1d" />
    <TestEntry testId="f7302d4d-e862-46e0-7497-e5e2c430e743" executionId="0b427413-6e69-42cd-8995-97212b6af205" testListId="8c84fa94-04c1-424b-9868-57a2d4851a1d" />
    <TestEntry testId="900b65c5-4711-ff3f-0810-d7e45ef37999" executionId="39ec3ab7-e330-4068-8ad2-0d16edff7252" testListId="8c84fa94-04c1-424b-9868-57a2d4851a1d" />
    <TestEntry testId="d81b7279-93bf-d67f-51a0-a629cb3493ad" executionId="d92392af-c397-4824-a498-987f8f4b2026" testListId="8c84fa94-04c1-424b-9868-57a2d4851a1d" />
    <TestEntry testId="63863f5b-4178-0069-8865-1e7f3a9bc85f" executionId="2b7f362b-cc9b-4de0-8292-4be84568c782" testListId="8c84fa94-04c1-424b-9868-57a2d4851a1d" />
    <TestEntry testId="dd151a23-2f73-bd6a-29f0-a2e88eb55652" executionId="26c5070f-480b-482d-825f-bcd2fde19385" testListId="8c84fa94-04c1-424b-9868-57a2d4851a1d" />
    <TestEntry testId="3d4c171f-0e84-2082-e391-55f1c7c5a6bb" executionId="51284ed5-b9ef-44b7-8c8c-64d1d60d4407" testListId="8c84fa94-04c1-424b-9868-57a2d4851a1d" />
    <TestEntry testId="4afced7b-7914-d191-9fea-f9ba5ed1b596" executionId="6789329b-2feb-4b66-a9e6-76a38c274583" testListId="8c84fa94-04c1-424b-9868-57a2d4851a1d" />
    <TestEntry testId="68861163-2e52-ed9f-c2fd-e97261c6923d" executionId="f668c817-ee19-408a-b159-2f6f2f72e3d4" testListId="8c84fa94-04c1-424b-9868-57a2d4851a1d" />
    <TestEntry testId="1cfb9b11-15ef-a42f-0471-9113184838cf" executionId="b462310e-c0f5-461e-9bfc-de6d2cd7490b" testListId="8c84fa94-04c1-424b-9868-57a2d4851a1d" />
    <TestEntry testId="af3d53e6-f8d8-f6b9-1571-a054bf07be27" executionId="de5cdf44-b6bc-4341-ba09-dbd580ae0f59" testListId="8c84fa94-04c1-424b-9868-57a2d4851a1d" />
    <TestEntry testId="601f5f0d-9451-8057-8b2d-cd1fcf2f20fc" executionId="bcba5785-7cc7-4a74-bb25-f68c5b543171" testListId="8c84fa94-04c1-424b-9868-57a2d4851a1d" />
    <TestEntry testId="87f6752c-a0fd-bb45-9516-aaba68c313e6" executionId="f355d79b-b461-46b4-ba6d-3a5b8128590a" testListId="8c84fa94-04c1-424b-9868-57a2d4851a1d" />
    <TestEntry testId="f39849e2-1039-89b1-4b6e-d6550cb4eed8" executionId="030b3284-b22f-45ff-88ad-562b6302f8f8" testListId="8c84fa94-04c1-424b-9868-57a2d4851a1d" />
    <TestEntry testId="6e3b1f2b-6cc9-6f2a-6420-acff5733bd98" executionId="71028795-09a0-468f-8218-87b6e15f62cf" testListId="8c84fa94-04c1-424b-9868-57a2d4851a1d" />
    <TestEntry testId="97e857d1-6a95-830e-33e5-8c725f66fb5d" executionId="c1311d0d-4a89-46c3-b542-9e74006edc71" testListId="8c84fa94-04c1-424b-9868-57a2d4851a1d" />
    <TestEntry testId="5a00aed5-5f5b-198f-72a6-30da962e4f03" executionId="55ef2d59-d4d2-4bba-bbae-ea62f4553fe2" testListId="8c84fa94-04c1-424b-9868-57a2d4851a1d" />
    <TestEntry testId="09fa646b-09d4-211f-b1bd-5a4970599727" executionId="54d3c911-b4cd-48c7-946e-a97e188467f6" testListId="8c84fa94-04c1-424b-9868-57a2d4851a1d" />
    <TestEntry testId="98d2d5e2-b3ae-7ca0-525f-0a1f09d0fd5d" executionId="66ca3bb5-7d48-4fc8-98a8-ccad8496ed91" testListId="8c84fa94-04c1-424b-9868-57a2d4851a1d" />
    <TestEntry testId="f9b280a3-2f9f-caae-df14-ece674749b67" executionId="ca2e99cc-3366-4ba5-bffa-1b254f502e9c" testListId="8c84fa94-04c1-424b-9868-57a2d4851a1d" />
    <TestEntry testId="8c16369b-46c5-be12-df14-66acfa9f232d" executionId="a04b28c5-a39a-46d6-8d89-bb79b3172f01" testListId="8c84fa94-04c1-424b-9868-57a2d4851a1d" />
    <TestEntry testId="425149a8-98da-7b70-a19b-a437dbb73a55" executionId="b1907f6e-bfa6-4951-b1ef-a20f90eca573" testListId="8c84fa94-04c1-424b-9868-57a2d4851a1d" />
    <TestEntry testId="11bbe710-a08d-98f1-1ac2-9a6397cf3416" executionId="26508ae9-d01c-41f2-b468-124022d9f10a" testListId="8c84fa94-04c1-424b-9868-57a2d4851a1d" />
    <TestEntry testId="e1dbd725-1762-e032-fe7a-2aa2996b82f4" executionId="d3f2f9b6-a05e-4c0a-a70d-53953ce9d87c" testListId="8c84fa94-04c1-424b-9868-57a2d4851a1d" />
    <TestEntry testId="f1af5e52-711f-1ff0-9426-c1461d5da4a6" executionId="38926b80-3e23-4322-b023-559cec8c0a27" testListId="8c84fa94-04c1-424b-9868-57a2d4851a1d" />
    <TestEntry testId="930d998f-051a-6d7f-4dcd-2ab6649e8df1" executionId="c2302fe7-499b-4c5c-9eba-c2740ef1a085" testListId="8c84fa94-04c1-424b-9868-57a2d4851a1d" />
    <TestEntry testId="132d23d0-f432-7a14-6faf-ff3d5003284b" executionId="eab29327-35a6-444e-91ac-e5e98c21b38a" testListId="8c84fa94-04c1-424b-9868-57a2d4851a1d" />
    <TestEntry testId="8c23965d-a7d4-681e-ae4e-a19d50cd74bc" executionId="fe86416f-c626-497d-97f3-330fdd2fc692" testListId="8c84fa94-04c1-424b-9868-57a2d4851a1d" />
    <TestEntry testId="96b51f8e-6fda-905f-9ab7-16cff7914612" executionId="86b24405-a4d3-4097-8fb8-d437ee5f6c03" testListId="8c84fa94-04c1-424b-9868-57a2d4851a1d" />
    <TestEntry testId="3d4ae942-6b07-eda7-bbcd-f77204b9e973" executionId="5d057b04-c323-4a82-9f61-48b72d4f603a" testListId="8c84fa94-04c1-424b-9868-57a2d4851a1d" />
    <TestEntry testId="25753285-070a-7233-72a9-a5c4cd56f5a3" executionId="0f9a6941-9ea4-4c72-842e-94a298ef45b6" testListId="8c84fa94-04c1-424b-9868-57a2d4851a1d" />
    <TestEntry testId="7ca996aa-9f2c-be78-a538-1ab52476a360" executionId="2088adad-a850-4ae7-8f56-db4969efbabe" testListId="8c84fa94-04c1-424b-9868-57a2d4851a1d" />
    <TestEntry testId="9e9c93aa-0b28-8aa5-bf61-ab8defc05ea5" executionId="a44d891c-5db4-4ba9-a4cd-af92139119f8" testListId="8c84fa94-04c1-424b-9868-57a2d4851a1d" />
    <TestEntry testId="8fbcdd41-4230-99ed-d2eb-916b9d2de109" executionId="0065ac8b-1da4-4954-b53a-e94613d9bc03" testListId="8c84fa94-04c1-424b-9868-57a2d4851a1d" />
    <TestEntry testId="da26529d-6b14-1094-1525-1380a0cec028" executionId="9a14ada4-257d-4e35-b8ae-3e2e402b61e1" testListId="8c84fa94-04c1-424b-9868-57a2d4851a1d" />
    <TestEntry testId="f21dd84f-97c2-fd18-c852-9555dbd45a19" executionId="3038744f-e69d-4223-a375-686d5ad613cb" testListId="8c84fa94-04c1-424b-9868-57a2d4851a1d" />
    <TestEntry testId="6af39dee-e40a-9b12-55da-b05c5a9e0442" executionId="2ff764ec-dfbc-4df7-ad73-6453c2b4f47d" testListId="8c84fa94-04c1-424b-9868-57a2d4851a1d" />
    <TestEntry testId="135f042c-a116-80c0-4f4c-c2b2d82e56c4" executionId="d0341dbf-708a-4e69-95dc-908c4c69b0e4" testListId="8c84fa94-04c1-424b-9868-57a2d4851a1d" />
    <TestEntry testId="a1956043-14b8-17b3-e11b-b8ef9f1a3b34" executionId="39b46666-7de0-4a2b-a874-c3cba168f875" testListId="8c84fa94-04c1-424b-9868-57a2d4851a1d" />
    <TestEntry testId="59db7bdf-1eb9-f627-44d4-ec79f036613d" executionId="3475ebea-b5fb-4436-8ea9-d9e440c9cd95" testListId="8c84fa94-04c1-424b-9868-57a2d4851a1d" />
    <TestEntry testId="02fba3fa-db3d-9da5-7b74-a0529a8a0759" executionId="17461248-9a94-4ef7-a894-c454abcdc7b9" testListId="8c84fa94-04c1-424b-9868-57a2d4851a1d" />
    <TestEntry testId="90d77bc9-d4d8-fd48-8997-69b4cedf0c29" executionId="6db636eb-a847-4071-8aa3-79dc77d11ab0" testListId="8c84fa94-04c1-424b-9868-57a2d4851a1d" />
    <TestEntry testId="db7821e1-4448-775e-689a-b80f22f264aa" executionId="0dc985b3-2259-4fa6-8f37-d0a8a592555a" testListId="8c84fa94-04c1-424b-9868-57a2d4851a1d" />
    <TestEntry testId="71c71e0c-5ff5-04a0-568b-2ccc59f4f1d7" executionId="b5f951a7-e5cb-4960-a1a1-24869edf7eb1" testListId="8c84fa94-04c1-424b-9868-57a2d4851a1d" />
    <TestEntry testId="df0f1e33-b625-dcf8-f806-f4b4ec6337a6" executionId="f8158995-9a05-4089-ad59-703bc1e28407" testListId="8c84fa94-04c1-424b-9868-57a2d4851a1d" />
    <TestEntry testId="2e093dac-ecba-e6a1-e5aa-52afcfb276ec" executionId="951bca9d-6b75-4838-960b-9c802145e2ba" testListId="8c84fa94-04c1-424b-9868-57a2d4851a1d" />
    <TestEntry testId="9855382c-ec59-a4a0-f115-78276d25db46" executionId="4863cebd-e2b2-4974-b511-19764a32071c" testListId="8c84fa94-04c1-424b-9868-57a2d4851a1d" />
    <TestEntry testId="c3a8a851-aa64-43bc-f86d-c88f64d14e1b" executionId="b1fedc78-0d27-4dd1-bb59-ff9575be9552" testListId="8c84fa94-04c1-424b-9868-57a2d4851a1d" />
    <TestEntry testId="8a191434-911b-e3f1-d0b7-4cb291881834" executionId="8c5e1d2f-828b-47b3-9649-8b4404c49cf3" testListId="8c84fa94-04c1-424b-9868-57a2d4851a1d" />
    <TestEntry testId="ec4b38e8-1925-ab8e-9601-be8b2abe5512" executionId="1a55e56c-3b1f-4402-8b42-c37d1aa72571" testListId="8c84fa94-04c1-424b-9868-57a2d4851a1d" />
    <TestEntry testId="682fa3f3-e182-671d-79d5-05d94f5b5703" executionId="4910eb0a-699f-4a3b-9044-a69d5231ed03" testListId="8c84fa94-04c1-424b-9868-57a2d4851a1d" />
    <TestEntry testId="a4978765-145c-e655-9d5e-9b1a51a04371" executionId="f603f9ba-f774-4e1e-87c1-62b00e5f4a09" testListId="8c84fa94-04c1-424b-9868-57a2d4851a1d" />
    <TestEntry testId="ae81c800-d6cb-608d-21e3-3a9ee3e86204" executionId="5f693bc1-c4da-4e96-84da-82460a279e1c" testListId="8c84fa94-04c1-424b-9868-57a2d4851a1d" />
    <TestEntry testId="6f138f98-21db-f16a-111e-d542eb8428b0" executionId="6409bbfe-fc8c-431e-b43e-2f1760031de3" testListId="8c84fa94-04c1-424b-9868-57a2d4851a1d" />
    <TestEntry testId="ab19c925-15ca-f154-dc9a-b4480cd66190" executionId="b67ce4a7-0d59-41dc-bb64-438c186197f6" testListId="8c84fa94-04c1-424b-9868-57a2d4851a1d" />
    <TestEntry testId="48a76050-590b-40fe-fb58-b193cd67e960" executionId="0f3f00c6-aca3-421c-9d4e-b4fabd75a942" testListId="8c84fa94-04c1-424b-9868-57a2d4851a1d" />
    <TestEntry testId="32d4041d-f61d-2f52-b209-51bc68ca1477" executionId="ce692ede-d0ea-4794-a735-b3f4b7b3c8c5" testListId="8c84fa94-04c1-424b-9868-57a2d4851a1d" />
    <TestEntry testId="a83f9b94-33e9-2320-8644-6412ade3fc71" executionId="0fc989de-8420-4609-9751-f1bd4d01cc6a" testListId="8c84fa94-04c1-424b-9868-57a2d4851a1d" />
    <TestEntry testId="76892cf8-9342-f9ba-10f2-23157b912af8" executionId="241f9037-c601-4e2d-b4a4-ec8710b96ff2" testListId="8c84fa94-04c1-424b-9868-57a2d4851a1d" />
    <TestEntry testId="038d0718-fd75-41ad-142b-c24fe6756cdd" executionId="3215ca75-b169-4e2e-ad80-a957c85e8cca" testListId="8c84fa94-04c1-424b-9868-57a2d4851a1d" />
    <TestEntry testId="01df420f-349f-9099-4398-40539a526051" executionId="4dc17f95-093a-42ed-b749-c5dab3f5da93" testListId="8c84fa94-04c1-424b-9868-57a2d4851a1d" />
    <TestEntry testId="d5e7b889-010a-b0b6-8716-737e962d1878" executionId="a061f987-92d6-47e5-8e1a-60f01bde4e6e" testListId="8c84fa94-04c1-424b-9868-57a2d4851a1d" />
    <TestEntry testId="c082b9fc-9abf-1fc3-cc55-a76e34ae5818" executionId="92f70f5b-a6fd-4f06-b430-ec3a6398fa05" testListId="8c84fa94-04c1-424b-9868-57a2d4851a1d" />
    <TestEntry testId="22a7481a-2dae-ce35-46e7-dadee6f6e9e3" executionId="9cc38af5-e9e7-44c8-b2a4-3db1a7655b12" testListId="8c84fa94-04c1-424b-9868-57a2d4851a1d" />
    <TestEntry testId="8b4ba6eb-90ac-dcb7-8673-8ba9bf169f19" executionId="7ddde60e-76b3-4af8-a28e-7979115ef226" testListId="8c84fa94-04c1-424b-9868-57a2d4851a1d" />
    <TestEntry testId="10d6be56-4fb1-4377-e818-0f09889a5b5d" executionId="446e6641-1323-47b1-bec4-06e5f0317f4e" testListId="8c84fa94-04c1-424b-9868-57a2d4851a1d" />
    <TestEntry testId="ab7eb18f-f922-865f-51c6-1538529536e5" executionId="8e9e093f-480d-4afb-8196-0cb6674808e8" testListId="8c84fa94-04c1-424b-9868-57a2d4851a1d" />
    <TestEntry testId="5f4440a7-4842-4c67-6142-52d01848c848" executionId="d8af6bc0-49b3-4208-9822-7c503eeede35" testListId="8c84fa94-04c1-424b-9868-57a2d4851a1d" />
    <TestEntry testId="73a7baf4-1a0e-2dcc-5577-76a21e2be4c0" executionId="5464e7ab-2f35-4517-a4fe-0472146ffc1f" testListId="8c84fa94-04c1-424b-9868-57a2d4851a1d" />
    <TestEntry testId="6cea4941-1f53-506d-ba59-c0ed5d596e4f" executionId="2d43c9e6-a568-4376-b639-d480c6e8e3db" testListId="8c84fa94-04c1-424b-9868-57a2d4851a1d" />
    <TestEntry testId="df765f66-d36d-b0b6-ad9f-10de509646e9" executionId="0caa6d7c-70c1-427e-a95a-ca6833a3e187" testListId="8c84fa94-04c1-424b-9868-57a2d4851a1d" />
    <TestEntry testId="93e2bb0a-7f12-efbc-9dfb-b06cb2a434bf" executionId="e9a7cba4-6734-4c21-9af9-0eef6a9ab5e7" testListId="8c84fa94-04c1-424b-9868-57a2d4851a1d" />
    <TestEntry testId="51e26de4-799d-5318-c52a-e1fe0053da02" executionId="047ab849-c901-4455-b001-7a7910b625e7" testListId="8c84fa94-04c1-424b-9868-57a2d4851a1d" />
    <TestEntry testId="adad3db3-bf20-54c2-30e3-60997b180e7d" executionId="4f0de52a-e271-4c4a-afa5-34b400e24a3f" testListId="8c84fa94-04c1-424b-9868-57a2d4851a1d" />
    <TestEntry testId="b7b288c5-9680-c74b-18a3-3e7a2df84c34" executionId="a9d81c5b-42a1-4173-aa37-068d5c6eff47" testListId="8c84fa94-04c1-424b-9868-57a2d4851a1d" />
    <TestEntry testId="7f19d318-33b6-fd01-8520-a54dd5b3f5af" executionId="aaa45cca-f4f9-404f-af3e-3220247ed987" testListId="8c84fa94-04c1-424b-9868-57a2d4851a1d" />
    <TestEntry testId="aa64a45c-bb78-59c6-2e6c-415ecde97f7d" executionId="106ffb0b-cd8f-41ea-a3b3-3aaea084acbb" testListId="8c84fa94-04c1-424b-9868-57a2d4851a1d" />
    <TestEntry testId="c161e88d-2707-06ce-604b-4e4cb99c5c69" executionId="63707558-1241-43de-b0dd-e1704d373b42" testListId="8c84fa94-04c1-424b-9868-57a2d4851a1d" />
    <TestEntry testId="89b33323-d2a6-fed8-85fa-6fd2ad8dd3ab" executionId="cabfc417-0f2b-43cb-b9b5-849658dcf49d" testListId="8c84fa94-04c1-424b-9868-57a2d4851a1d" />
    <TestEntry testId="358cb6e1-f12e-3c59-2d79-f9dca53114c8" executionId="2085d22e-b2d5-4079-82cb-c5d6c93c7897" testListId="8c84fa94-04c1-424b-9868-57a2d4851a1d" />
    <TestEntry testId="f133ec8b-9dc9-8e92-1f23-c8cef1764494" executionId="a4189b64-9e4d-455e-8b37-1e4d81693273" testListId="8c84fa94-04c1-424b-9868-57a2d4851a1d" />
    <TestEntry testId="0e691113-2244-76bc-81de-413a8aaa277e" executionId="fa2fdd6e-8af2-4048-86ca-27ce8d448810" testListId="8c84fa94-04c1-424b-9868-57a2d4851a1d" />
    <TestEntry testId="ffb6e91c-a9a0-b28f-1785-60675ee50efb" executionId="227aadc0-8ac8-425d-8756-223976e8c1c7" testListId="8c84fa94-04c1-424b-9868-57a2d4851a1d" />
    <TestEntry testId="681528a8-b20c-3cae-b038-dee7ca544f46" executionId="e06fe554-c06c-4775-8092-f985fd670f7f" testListId="8c84fa94-04c1-424b-9868-57a2d4851a1d" />
    <TestEntry testId="67cf14de-32ad-e68d-2294-898480003f75" executionId="52b4bc75-d875-4c65-bbbd-d74eee25713b" testListId="8c84fa94-04c1-424b-9868-57a2d4851a1d" />
    <TestEntry testId="ff23f0d0-29ef-d617-957b-433885c49cd1" executionId="43cb1a0b-8ed8-405a-8465-08ff0084f139" testListId="8c84fa94-04c1-424b-9868-57a2d4851a1d" />
    <TestEntry testId="04e17875-89c2-e4d8-522d-a9ef5fb0feea" executionId="feb743fd-6d0f-4b07-9bfa-c8ac2b84776f" testListId="8c84fa94-04c1-424b-9868-57a2d4851a1d" />
    <TestEntry testId="ac61143e-fd31-efbe-f66e-11454538cc39" executionId="9cb085b9-b714-4e16-aa3e-50721d242ca7" testListId="8c84fa94-04c1-424b-9868-57a2d4851a1d" />
    <TestEntry testId="cd84865a-5158-8e61-e904-f9eafd81cfcd" executionId="f3cee641-68ea-455c-9d09-d5d25546dc30" testListId="8c84fa94-04c1-424b-9868-57a2d4851a1d" />
    <TestEntry testId="f7261ab1-596e-1514-86de-38231e90ae76" executionId="2116c559-5fec-4b06-bcda-6be7eb6fb84b" testListId="8c84fa94-04c1-424b-9868-57a2d4851a1d" />
    <TestEntry testId="38720946-3ce6-efa5-cae0-dbc4529fbd9d" executionId="d291f448-2992-41e4-b675-6cd3755bba61" testListId="8c84fa94-04c1-424b-9868-57a2d4851a1d" />
    <TestEntry testId="86d9d5b2-f87c-b63f-84b8-3cdbc97a27c4" executionId="8bbd74da-ede2-499f-b1c5-7aa6bee5422d" testListId="8c84fa94-04c1-424b-9868-57a2d4851a1d" />
    <TestEntry testId="a5fa6dda-3007-743e-6db4-7847e58c59d9" executionId="5676e738-9265-416a-8ce6-90fe8cc0c512" testListId="8c84fa94-04c1-424b-9868-57a2d4851a1d" />
    <TestEntry testId="dfef669b-6257-dd1a-4c07-1588814b5491" executionId="695545cf-1887-420b-b0f5-cb1202284349" testListId="8c84fa94-04c1-424b-9868-57a2d4851a1d" />
    <TestEntry testId="a728fea7-d914-1714-14c5-f344943999eb" executionId="3d72922c-38bf-4504-b279-e0d14942d380" testListId="8c84fa94-04c1-424b-9868-57a2d4851a1d" />
    <TestEntry testId="38dd4e3c-2c52-dbff-d6a1-b5df0ea81e6b" executionId="1f5fe74b-43a0-484a-bec6-c56795a55256" testListId="8c84fa94-04c1-424b-9868-57a2d4851a1d" />
    <TestEntry testId="a1f9439d-3f9c-a585-9b8c-2210f24e909b" executionId="9bf860b9-5cde-464c-8156-4f94917d3c7c" testListId="8c84fa94-04c1-424b-9868-57a2d4851a1d" />
    <TestEntry testId="d37eb175-377b-3461-71b0-08f5797bd193" executionId="e3442723-b57a-4d51-987f-72dab6719224" testListId="8c84fa94-04c1-424b-9868-57a2d4851a1d" />
    <TestEntry testId="04fc2fc0-05d3-7b1b-4dad-f97ba0b2aca7" executionId="d789c41c-109e-4ebf-bcc3-84d74222a110" testListId="8c84fa94-04c1-424b-9868-57a2d4851a1d" />
    <TestEntry testId="07f85d1f-80e4-3eb5-45a1-8e9063a4edd7" executionId="e1f4b8f4-e3ae-4046-b547-5d41750336b9" testListId="8c84fa94-04c1-424b-9868-57a2d4851a1d" />
    <TestEntry testId="6d4eb708-4a12-d9d0-72ae-4ce0e9476a61" executionId="d6a6ef91-22c8-43c6-b1c6-8836ab7fc996" testListId="8c84fa94-04c1-424b-9868-57a2d4851a1d" />
    <TestEntry testId="ffc51072-149a-0c77-a0d3-d777e7d03129" executionId="f00e5013-f73e-40e2-88a9-cffd52fbcc29" testListId="8c84fa94-04c1-424b-9868-57a2d4851a1d" />
    <TestEntry testId="fe79593b-e98a-16c2-43c3-2f9ccf1bdc7d" executionId="7e5e8968-ae32-4530-adda-c7058ee9bb6a" testListId="8c84fa94-04c1-424b-9868-57a2d4851a1d" />
    <TestEntry testId="bb7b95e7-c990-da68-6188-6cb2636cbb57" executionId="fa6c7247-2fa3-4153-a4f0-fe2f48ed447a" testListId="8c84fa94-04c1-424b-9868-57a2d4851a1d" />
    <TestEntry testId="414abe47-36ea-a71b-002c-2c46996a2a95" executionId="6a741090-01da-448d-bdb2-bbe6c1724f0f" testListId="8c84fa94-04c1-424b-9868-57a2d4851a1d" />
    <TestEntry testId="a3f50b73-feae-f100-6a3e-8fb3e2082e76" executionId="aaff8bf8-7dd3-4d81-a31a-347f964f8df4" testListId="8c84fa94-04c1-424b-9868-57a2d4851a1d" />
    <TestEntry testId="1be3bdb9-8354-acdd-844a-d85dff435254" executionId="da30f412-5498-4295-bf13-1d295baa488a" testListId="8c84fa94-04c1-424b-9868-57a2d4851a1d" />
    <TestEntry testId="df46bfed-05ca-d6b8-5bd5-67a193e5adde" executionId="4c2678b5-7eee-40b3-963e-c8b564a2715a" testListId="8c84fa94-04c1-424b-9868-57a2d4851a1d" />
    <TestEntry testId="913f0165-ef10-9c15-00e1-9552f669ef65" executionId="411ad183-b24d-440d-ac2e-f58b4c85ce7e" testListId="8c84fa94-04c1-424b-9868-57a2d4851a1d" />
    <TestEntry testId="99446548-ee83-2247-3f07-c86440f51871" executionId="038bf797-f57a-428b-a96c-c00d33d56fbb" testListId="8c84fa94-04c1-424b-9868-57a2d4851a1d" />
    <TestEntry testId="d60e46da-1c0f-99d0-7a25-41b6afdcae2b" executionId="16361c2e-ace8-4731-b23c-1b3588384ad6" testListId="8c84fa94-04c1-424b-9868-57a2d4851a1d" />
    <TestEntry testId="9649d126-05c8-f4e5-6d24-0582adbb34a1" executionId="bd6f41b1-15ec-4b6a-bf84-8863608f8293" testListId="8c84fa94-04c1-424b-9868-57a2d4851a1d" />
    <TestEntry testId="e6e92570-4600-2e4e-0393-6cdabc635eb5" executionId="50558905-582f-40c4-841b-c4fb37d4cf19" testListId="8c84fa94-04c1-424b-9868-57a2d4851a1d" />
    <TestEntry testId="6699cda2-32f7-4294-0ddc-96b210350b3b" executionId="7d592e8f-acab-4b1c-acff-2c5b82a9c129" testListId="8c84fa94-04c1-424b-9868-57a2d4851a1d" />
    <TestEntry testId="214196df-bff0-806a-bff6-8d9fe379ee5e" executionId="19347a51-8a9e-429b-8be9-15401f56e3ca" testListId="8c84fa94-04c1-424b-9868-57a2d4851a1d" />
    <TestEntry testId="73245d49-507d-4f11-267c-105bd83d3c2d" executionId="d23eab3a-3d14-450f-8b43-490d2980b13f" testListId="8c84fa94-04c1-424b-9868-57a2d4851a1d" />
    <TestEntry testId="da77dfd7-e200-033f-55fb-728d790e83b6" executionId="009fa185-904a-44da-8dd8-6e1da73e52c1" testListId="8c84fa94-04c1-424b-9868-57a2d4851a1d" />
    <TestEntry testId="16b659ef-9486-dc17-d3f6-b16705a03065" executionId="f74de4cb-6f95-4ed7-8dfa-8c31fb1bf401" testListId="8c84fa94-04c1-424b-9868-57a2d4851a1d" />
    <TestEntry testId="b0ab6224-21d1-142d-a535-52a62a391074" executionId="495566c0-e150-4319-88b9-db6184938d02" testListId="8c84fa94-04c1-424b-9868-57a2d4851a1d" />
    <TestEntry testId="a0a6044e-518d-4fe3-24fd-09b59f75fd7b" executionId="d207b38b-512d-41ab-b4b0-1cb850a39fbc" testListId="8c84fa94-04c1-424b-9868-57a2d4851a1d" />
  </TestEntries>
  <TestLists>
    <TestList name="Results Not in a List" id="8c84fa94-04c1-424b-9868-57a2d4851a1d" />
    <TestList name="All Loaded Results" id="19431567-8539-422a-85d7-44ee4e166bda" />
  </TestLists>
  <ResultSummary outcome="Failed">
    <Counters total="215" executed="215" passed="205" failed="10" error="0" timeout="0" aborted="0" inconclusive="0" passedButRunAborted="0" notRunnable="0" notExecuted="0" disconnected="0" warning="0" completed="0" inProgress="0" pending="0" />
    <Output>
      <StdOut>[xUnit.net 00:00:00.00] xUnit.net VSTest Adapter v2.5.7+8f2703126a (64-bit .NET 8.0.20)&#xD;
[xUnit.net 00:00:00.38]   Discovering: TempleApi.Tests&#xD;
[xUnit.net 00:00:00.60]   Discovered:  TempleApi.Tests&#xD;
[xUnit.net 00:00:00.62]   Starting:    TempleApi.Tests&#xD;
[13:15:17 INF] Saved 0 entities to in-memory store.&#xD;
[13:15:17 INF] Saved 3 entities to in-memory store.&#xD;
[13:15:17 INF] Saved 3 entities to in-memory store.&#xD;
[13:15:17 INF] Ensuring database exists for provider: SQLite&#xD;
[13:15:17 INF] Saved 0 entities to in-memory store.&#xD;
[13:15:17 INF] Database ensured successfully&#xD;
[13:15:17 INF] Saved 2 entities to in-memory store.&#xD;
[13:15:17 INF] Saved 84 entities to in-memory store.&#xD;
[13:15:17 INF] Saved 104 entities to in-memory store.&#xD;
[13:15:17 INF] Saved 1 entities to in-memory store.&#xD;
[13:15:17 INF] Saved 1 entities to in-memory store.&#xD;
[13:15:17 INF] Saved 8 entities to in-memory store.&#xD;
[13:15:17 INF] Saved 1 entities to in-memory store.&#xD;
[13:15:17 INF] Saved 8 entities to in-memory store.&#xD;
[13:15:17 INF] Initial data seeded successfully&#xD;
[13:15:18 INF] No action descriptors found. This may indicate an incorrectly configured application or missing application parts. To learn more, visit https://aka.ms/aspnet/mvc/app-parts&#xD;
[13:15:18 INF] User profile is available. Using 'C:\Users\prasanth.tg\AppData\Local\ASP.NET\DataProtection-Keys' as key repository and Windows DPAPI to encrypt keys at rest.&#xD;
[13:15:20 INF] Now listening on: http://localhost:5051&#xD;
[13:15:20 INF] Request starting HTTP/1.1 GET http://localhost/api/auth/me - null null&#xD;
[13:15:21 INF] BasicAuthentication was not authenticated. Failure message: Invalid username or password.&#xD;
[13:15:21 INF] Authorization failed. These requirements were not met:&#xD;
DenyAnonymousAuthorizationRequirement: Requires an authenticated user.&#xD;
[13:15:21 INF] AuthenticationScheme: BasicAuthentication was challenged.&#xD;
[13:15:21 INF] Request finished HTTP/1.1 GET http://localhost/api/auth/me - 401 null null 1070.2926ms&#xD;
[xUnit.net 00:00:09.86]       Expected response.StatusCode to be HttpStatusCode.OK {value: 200}, but found HttpStatusCode.Unauthorized {value: 401}.&#xD;
[xUnit.net 00:00:09.86]       Stack Trace:&#xD;
[xUnit.net 00:00:09.86]            at FluentAssertions.Execution.XUnit2TestFramework.Throw(String message)&#xD;
[xUnit.net 00:00:09.87]            at FluentAssertions.Execution.TestFrameworkProvider.Throw(String message)&#xD;
[xUnit.net 00:00:09.87]            at FluentAssertions.Execution.DefaultAssertionStrategy.HandleFailure(String message)&#xD;
[xUnit.net 00:00:09.87]            at FluentAssertions.Execution.AssertionScope.FailWith(Func`1 failReasonFunc)&#xD;
[xUnit.net 00:00:09.87]            at FluentAssertions.Execution.AssertionScope.FailWith(Func`1 failReasonFunc)&#xD;
[xUnit.net 00:00:09.87]            at FluentAssertions.Execution.AssertionScope.FailWith(String message, Object[] args)&#xD;
[xUnit.net 00:00:09.87]            at FluentAssertions.Primitives.EnumAssertions`2.Be(TEnum expected, String because, Object[] becauseArgs)&#xD;
[xUnit.net 00:00:09.87]         D:\prasanth\Personal\source\temple\temple-management-app\temple-api\Tests\AuthenticationIntegrationTests.cs(177,0): at TempleApi.Tests.AuthenticationIntegrationTests.GetMe_ShouldReturnUserInfo_WithValidAuth()&#xD;
[xUnit.net 00:00:09.87]         --- End of stack trace from previous location ---&#xD;
[13:15:21 INF] Saved 0 entities to in-memory store.&#xD;
[13:15:21 INF] Saved 3 entities to in-memory store.&#xD;
[13:15:21 INF] Saved 3 entities to in-memory store.&#xD;
[13:15:21 INF] Ensuring database exists for provider: SQLite&#xD;
[13:15:21 INF] Saved 0 entities to in-memory store.&#xD;
[13:15:21 INF] Database ensured successfully&#xD;
[13:15:21 INF] Saved 2 entities to in-memory store.&#xD;
[13:15:21 INF] Saved 84 entities to in-memory store.&#xD;
[13:15:21 INF] Saved 104 entities to in-memory store.&#xD;
[13:15:21 INF] Saved 1 entities to in-memory store.&#xD;
[13:15:21 INF] Saved 1 entities to in-memory store.&#xD;
[13:15:21 INF] Saved 8 entities to in-memory store.&#xD;
[13:15:21 INF] Saved 1 entities to in-memory store.&#xD;
[13:15:21 INF] Saved 8 entities to in-memory store.&#xD;
[13:15:21 INF] Initial data seeded successfully&#xD;
[13:15:21 INF] No action descriptors found. This may indicate an incorrectly configured application or missing application parts. To learn more, visit https://aka.ms/aspnet/mvc/app-parts&#xD;
[13:15:21 INF] User profile is available. Using 'C:\Users\prasanth.tg\AppData\Local\ASP.NET\DataProtection-Keys' as key repository and Windows DPAPI to encrypt keys at rest.&#xD;
[13:15:22 INF] Now listening on: http://localhost:5051&#xD;
[13:15:22 INF] Request starting HTTP/1.1 GET http://localhost/api/users - null null&#xD;
[13:15:23 INF] Authorization failed. These requirements were not met:&#xD;
DenyAnonymousAuthorizationRequirement: Requires an authenticated user.&#xD;
[13:15:23 INF] AuthenticationScheme: BasicAuthentication was challenged.&#xD;
[13:15:23 INF] Request finished HTTP/1.1 GET http://localhost/api/users - 401 null null 611.0442ms&#xD;
[13:15:23 INF] Saved 0 entities to in-memory store.&#xD;
[13:15:23 INF] Saved 3 entities to in-memory store.&#xD;
[13:15:23 INF] Saved 3 entities to in-memory store.&#xD;
[13:15:23 INF] Ensuring database exists for provider: SQLite&#xD;
[13:15:23 INF] Saved 0 entities to in-memory store.&#xD;
[13:15:23 INF] Database ensured successfully&#xD;
[13:15:23 INF] Saved 2 entities to in-memory store.&#xD;
[13:15:23 INF] Saved 84 entities to in-memory store.&#xD;
[13:15:23 INF] Saved 104 entities to in-memory store.&#xD;
[13:15:23 INF] Saved 1 entities to in-memory store.&#xD;
[13:15:23 INF] Saved 1 entities to in-memory store.&#xD;
[13:15:23 INF] Saved 8 entities to in-memory store.&#xD;
[13:15:23 INF] Saved 1 entities to in-memory store.&#xD;
[13:15:23 INF] Saved 8 entities to in-memory store.&#xD;
[13:15:23 INF] Initial data seeded successfully&#xD;
[13:15:23 INF] No action descriptors found. This may indicate an incorrectly configured application or missing application parts. To learn more, visit https://aka.ms/aspnet/mvc/app-parts&#xD;
[13:15:23 INF] User profile is available. Using 'C:\Users\prasanth.tg\AppData\Local\ASP.NET\DataProtection-Keys' as key repository and Windows DPAPI to encrypt keys at rest.&#xD;
[13:15:24 INF] Now listening on: http://localhost:5051&#xD;
[13:15:24 INF] Request starting HTTP/1.1 POST http://localhost/api/auth/login - null null&#xD;
[13:15:24 INF] Executing endpoint 'HTTP: POST /api/auth/login'&#xD;
[13:15:24 INF] Setting HTTP status code 401.&#xD;
[13:15:24 INF] Executed endpoint 'HTTP: POST /api/auth/login'&#xD;
[13:15:24 INF] Request finished HTTP/1.1 POST http://localhost/api/auth/login - 401 null null 457.9709ms&#xD;
[13:15:24 INF] Saved 0 entities to in-memory store.&#xD;
[13:15:24 INF] Saved 3 entities to in-memory store.&#xD;
[13:15:24 INF] Saved 3 entities to in-memory store.&#xD;
[13:15:24 INF] Ensuring database exists for provider: SQLite&#xD;
[13:15:24 INF] Saved 0 entities to in-memory store.&#xD;
[13:15:24 INF] Database ensured successfully&#xD;
[13:15:24 INF] Saved 2 entities to in-memory store.&#xD;
[13:15:24 INF] Saved 84 entities to in-memory store.&#xD;
[13:15:24 INF] Saved 104 entities to in-memory store.&#xD;
[13:15:24 INF] Saved 1 entities to in-memory store.&#xD;
[13:15:24 INF] Saved 1 entities to in-memory store.&#xD;
[13:15:24 INF] Saved 8 entities to in-memory store.&#xD;
[13:15:24 INF] Saved 1 entities to in-memory store.&#xD;
[13:15:24 INF] Saved 8 entities to in-memory store.&#xD;
[13:15:24 INF] Initial data seeded successfully&#xD;
[13:15:24 INF] No action descriptors found. This may indicate an incorrectly configured application or missing application parts. To learn more, visit https://aka.ms/aspnet/mvc/app-parts&#xD;
[13:15:24 INF] User profile is available. Using 'C:\Users\prasanth.tg\AppData\Local\ASP.NET\DataProtection-Keys' as key repository and Windows DPAPI to encrypt keys at rest.&#xD;
[13:15:25 INF] Now listening on: http://localhost:5051&#xD;
[13:15:25 INF] Request starting HTTP/1.1 POST http://localhost/api/auth/register - application/json; charset=utf-8 227&#xD;
[13:15:26 INF] Executing endpoint 'HTTP: POST /api/auth/register'&#xD;
[13:15:26 INF] Saved 1 entities to in-memory store.&#xD;
[13:15:30 INF] Setting HTTP status code 200.&#xD;
[13:15:30 INF] Writing value of type 'AuthResponse' as Json.&#xD;
[13:15:30 INF] Executed endpoint 'HTTP: POST /api/auth/register'&#xD;
[13:15:30 INF] Request finished HTTP/1.1 POST http://localhost/api/auth/register - 200 null application/json; charset=utf-8 5654.2375ms&#xD;
[13:15:30 INF] Saved 0 entities to in-memory store.&#xD;
[13:15:30 INF] Saved 3 entities to in-memory store.&#xD;
[13:15:30 INF] Saved 3 entities to in-memory store.&#xD;
[13:15:30 INF] Ensuring database exists for provider: SQLite&#xD;
[13:15:30 INF] Saved 0 entities to in-memory store.&#xD;
[13:15:30 INF] Database ensured successfully&#xD;
[13:15:30 INF] Saved 2 entities to in-memory store.&#xD;
[13:15:31 INF] Saved 84 entities to in-memory store.&#xD;
[13:15:31 INF] Saved 104 entities to in-memory store.&#xD;
[13:15:31 INF] Saved 1 entities to in-memory store.&#xD;
[13:15:31 INF] Saved 1 entities to in-memory store.&#xD;
[13:15:31 INF] Saved 8 entities to in-memory store.&#xD;
[13:15:31 INF] Saved 1 entities to in-memory store.&#xD;
[13:15:31 INF] Saved 8 entities to in-memory store.&#xD;
[13:15:31 INF] Initial data seeded successfully&#xD;
[13:15:31 INF] No action descriptors found. This may indicate an incorrectly configured application or missing application parts. To learn more, visit https://aka.ms/aspnet/mvc/app-parts&#xD;
[13:15:31 INF] User profile is available. Using 'C:\Users\prasanth.tg\AppData\Local\ASP.NET\DataProtection-Keys' as key repository and Windows DPAPI to encrypt keys at rest.&#xD;
[13:15:31 INF] Now listening on: http://localhost:5051&#xD;
[13:15:31 INF] Request starting HTTP/1.1 PUT http://localhost/api/users/me - application/json; charset=utf-8 163&#xD;
[13:15:32 INF] BasicAuthentication was not authenticated. Failure message: Invalid username or password.&#xD;
[13:15:32 INF] Authorization failed. These requirements were not met:&#xD;
DenyAnonymousAuthorizationRequirement: Requires an authenticated user.&#xD;
[13:15:32 INF] AuthenticationScheme: BasicAuthentication was challenged.&#xD;
[13:15:32 INF] Request finished HTTP/1.1 PUT http://localhost/api/users/me - 401 null null 776.4235ms&#xD;
[xUnit.net 00:00:20.93]       Expected response.StatusCode to be HttpStatusCode.OK {value: 200}, but found HttpStatusCode.Unauthorized {value: 401}.&#xD;
[xUnit.net 00:00:20.93]       Stack Trace:&#xD;
[xUnit.net 00:00:20.93]            at FluentAssertions.Execution.XUnit2TestFramework.Throw(String message)&#xD;
[xUnit.net 00:00:20.93]            at FluentAssertions.Execution.TestFrameworkProvider.Throw(String message)&#xD;
[xUnit.net 00:00:20.93]            at FluentAssertions.Execution.DefaultAssertionStrategy.HandleFailure(String message)&#xD;
[xUnit.net 00:00:20.93]            at FluentAssertions.Execution.AssertionScope.FailWith(Func`1 failReasonFunc)&#xD;
[xUnit.net 00:00:20.93]            at FluentAssertions.Execution.AssertionScope.FailWith(Func`1 failReasonFunc)&#xD;
[xUnit.net 00:00:20.93]            at FluentAssertions.Execution.AssertionScope.FailWith(String message, Object[] args)&#xD;
[xUnit.net 00:00:20.93]            at FluentAssertions.Primitives.EnumAssertions`2.Be(TEnum expected, String because, Object[] becauseArgs)&#xD;
[xUnit.net 00:00:20.93]         D:\prasanth\Personal\source\temple\temple-management-app\temple-api\Tests\AuthenticationIntegrationTests.cs(453,0): at TempleApi.Tests.AuthenticationIntegrationTests.UsersMe_Put_ShouldUpdatePassword()&#xD;
[xUnit.net 00:00:20.93]         --- End of stack trace from previous location ---&#xD;
[13:15:32 INF] Saved 0 entities to in-memory store.&#xD;
[13:15:32 INF] Saved 3 entities to in-memory store.&#xD;
[13:15:32 INF] Saved 3 entities to in-memory store.&#xD;
[13:15:32 INF] Ensuring database exists for provider: SQLite&#xD;
[13:15:32 INF] Saved 0 entities to in-memory store.&#xD;
[13:15:32 INF] Database ensured successfully&#xD;
[13:15:32 INF] Saved 2 entities to in-memory store.&#xD;
[13:15:32 INF] Saved 84 entities to in-memory store.&#xD;
[13:15:32 INF] Saved 104 entities to in-memory store.&#xD;
[13:15:32 INF] Saved 1 entities to in-memory store.&#xD;
[13:15:32 INF] Saved 1 entities to in-memory store.&#xD;
[13:15:32 INF] Saved 8 entities to in-memory store.&#xD;
[13:15:32 INF] Saved 1 entities to in-memory store.&#xD;
[13:15:32 INF] Saved 8 entities to in-memory store.&#xD;
[13:15:32 INF] Initial data seeded successfully&#xD;
[13:15:32 INF] No action descriptors found. This may indicate an incorrectly configured application or missing application parts. To learn more, visit https://aka.ms/aspnet/mvc/app-parts&#xD;
[13:15:32 INF] User profile is available. Using 'C:\Users\prasanth.tg\AppData\Local\ASP.NET\DataProtection-Keys' as key repository and Windows DPAPI to encrypt keys at rest.&#xD;
[13:15:33 INF] Now listening on: http://localhost:5051&#xD;
[13:15:33 INF] Request starting HTTP/1.1 GET http://localhost/api/auth/verify?code=invalid-code - null null&#xD;
[13:15:33 INF] Executing endpoint 'HTTP: GET /api/auth/verify'&#xD;
[13:15:33 INF] Setting HTTP status code 400.&#xD;
[13:15:33 INF] Writing value of type 'String' as Json.&#xD;
[13:15:33 INF] Executed endpoint 'HTTP: GET /api/auth/verify'&#xD;
[13:15:33 INF] Request finished HTTP/1.1 GET http://localhost/api/auth/verify?code=invalid-code - 400 null application/json; charset=utf-8 403.2911ms&#xD;
[13:15:33 INF] Saved 0 entities to in-memory store.&#xD;
[13:15:33 INF] Saved 3 entities to in-memory store.&#xD;
[13:15:33 INF] Saved 3 entities to in-memory store.&#xD;
[13:15:33 INF] Ensuring database exists for provider: SQLite&#xD;
[13:15:33 INF] Saved 0 entities to in-memory store.&#xD;
[13:15:33 INF] Database ensured successfully&#xD;
[13:15:33 INF] Saved 2 entities to in-memory store.&#xD;
[13:15:33 INF] Saved 84 entities to in-memory store.&#xD;
[13:15:33 INF] Saved 104 entities to in-memory store.&#xD;
[13:15:33 INF] Saved 1 entities to in-memory store.&#xD;
[13:15:33 INF] Saved 1 entities to in-memory store.&#xD;
[13:15:33 INF] Saved 8 entities to in-memory store.&#xD;
[13:15:33 INF] Saved 1 entities to in-memory store.&#xD;
[13:15:33 INF] Saved 8 entities to in-memory store.&#xD;
[13:15:33 INF] Initial data seeded successfully&#xD;
[13:15:33 INF] No action descriptors found. This may indicate an incorrectly configured application or missing application parts. To learn more, visit https://aka.ms/aspnet/mvc/app-parts&#xD;
[13:15:33 INF] User profile is available. Using 'C:\Users\prasanth.tg\AppData\Local\ASP.NET\DataProtection-Keys' as key repository and Windows DPAPI to encrypt keys at rest.&#xD;
[13:15:34 INF] Now listening on: http://localhost:5051&#xD;
[13:15:34 INF] Request starting HTTP/1.1 GET http://localhost/api/users/me - null null&#xD;
[13:15:35 INF] Authorization failed. These requirements were not met:&#xD;
DenyAnonymousAuthorizationRequirement: Requires an authenticated user.&#xD;
[13:15:35 INF] AuthenticationScheme: BasicAuthentication was challenged.&#xD;
[13:15:35 INF] Request finished HTTP/1.1 GET http://localhost/api/users/me - 401 null null 551.1942ms&#xD;
[13:15:35 INF] Saved 0 entities to in-memory store.&#xD;
[13:15:35 INF] Saved 3 entities to in-memory store.&#xD;
[13:15:35 INF] Saved 3 entities to in-memory store.&#xD;
[13:15:35 INF] Ensuring database exists for provider: SQLite&#xD;
[13:15:35 INF] Saved 0 entities to in-memory store.&#xD;
[13:15:35 INF] Database ensured successfully&#xD;
[13:15:35 INF] Saved 2 entities to in-memory store.&#xD;
[13:15:35 INF] Saved 84 entities to in-memory store.&#xD;
[13:15:35 INF] Saved 104 entities to in-memory store.&#xD;
[13:15:35 INF] Saved 1 entities to in-memory store.&#xD;
[13:15:35 INF] Saved 1 entities to in-memory store.&#xD;
[13:15:35 INF] Saved 8 entities to in-memory store.&#xD;
[13:15:35 INF] Saved 1 entities to in-memory store.&#xD;
[13:15:35 INF] Saved 8 entities to in-memory store.&#xD;
[13:15:35 INF] Initial data seeded successfully&#xD;
[13:15:35 INF] No action descriptors found. This may indicate an incorrectly configured application or missing application parts. To learn more, visit https://aka.ms/aspnet/mvc/app-parts&#xD;
[13:15:35 INF] User profile is available. Using 'C:\Users\prasanth.tg\AppData\Local\ASP.NET\DataProtection-Keys' as key repository and Windows DPAPI to encrypt keys at rest.&#xD;
[13:15:35 INF] Now listening on: http://localhost:5051&#xD;
[13:15:35 INF] Request starting HTTP/1.1 POST http://localhost/api/auth/login - null null&#xD;
[13:15:36 INF] BasicAuthentication was not authenticated. Failure message: Invalid username or password.&#xD;
[13:15:36 INF] Executing endpoint 'HTTP: POST /api/auth/login'&#xD;
[13:15:36 INF] Setting HTTP status code 401.&#xD;
[13:15:36 INF] Executed endpoint 'HTTP: POST /api/auth/login'&#xD;
[13:15:36 INF] Request finished HTTP/1.1 POST http://localhost/api/auth/login - 401 null null 564.75ms&#xD;
[xUnit.net 00:00:24.66]       Expected response.StatusCode to be HttpStatusCode.OK {value: 200}, but found HttpStatusCode.Unauthorized {value: 401}.&#xD;
[xUnit.net 00:00:24.66]       Stack Trace:&#xD;
[xUnit.net 00:00:24.66]            at FluentAssertions.Execution.XUnit2TestFramework.Throw(String message)&#xD;
[xUnit.net 00:00:24.66]            at FluentAssertions.Execution.TestFrameworkProvider.Throw(String message)&#xD;
[xUnit.net 00:00:24.66]            at FluentAssertions.Execution.DefaultAssertionStrategy.HandleFailure(String message)&#xD;
[xUnit.net 00:00:24.66]            at FluentAssertions.Execution.AssertionScope.FailWith(Func`1 failReasonFunc)&#xD;
[xUnit.net 00:00:24.66]            at FluentAssertions.Execution.AssertionScope.FailWith(Func`1 failReasonFunc)&#xD;
[xUnit.net 00:00:24.66]            at FluentAssertions.Execution.AssertionScope.FailWith(String message, Object[] args)&#xD;
[xUnit.net 00:00:24.66]            at FluentAssertions.Primitives.EnumAssertions`2.Be(TEnum expected, String because, Object[] becauseArgs)&#xD;
[xUnit.net 00:00:24.67]         D:\prasanth\Personal\source\temple\temple-management-app\temple-api\Tests\AuthenticationIntegrationTests.cs(128,0): at TempleApi.Tests.AuthenticationIntegrationTests.Login_ShouldReturnSuccess_WithValidCredentials()&#xD;
[xUnit.net 00:00:24.67]         --- End of stack trace from previous location ---&#xD;
[13:15:36 INF] Saved 0 entities to in-memory store.&#xD;
[13:15:36 INF] Saved 3 entities to in-memory store.&#xD;
[13:15:36 INF] Saved 3 entities to in-memory store.&#xD;
[13:15:36 INF] Ensuring database exists for provider: SQLite&#xD;
[13:15:36 INF] Saved 0 entities to in-memory store.&#xD;
[13:15:36 INF] Database ensured successfully&#xD;
[13:15:36 INF] Saved 2 entities to in-memory store.&#xD;
[13:15:36 INF] Saved 84 entities to in-memory store.&#xD;
[13:15:36 INF] Saved 104 entities to in-memory store.&#xD;
[13:15:36 INF] Saved 1 entities to in-memory store.&#xD;
[13:15:36 INF] Saved 1 entities to in-memory store.&#xD;
[13:15:36 INF] Saved 8 entities to in-memory store.&#xD;
[13:15:36 INF] Saved 1 entities to in-memory store.&#xD;
[13:15:36 INF] Saved 8 entities to in-memory store.&#xD;
[13:15:36 INF] Initial data seeded successfully&#xD;
[13:15:36 INF] No action descriptors found. This may indicate an incorrectly configured application or missing application parts. To learn more, visit https://aka.ms/aspnet/mvc/app-parts&#xD;
[13:15:36 INF] User profile is available. Using 'C:\Users\prasanth.tg\AppData\Local\ASP.NET\DataProtection-Keys' as key repository and Windows DPAPI to encrypt keys at rest.&#xD;
[13:15:37 INF] Now listening on: http://localhost:5051&#xD;
[13:15:37 INF] Request starting HTTP/1.1 GET http://localhost/api/auth/me - null null&#xD;
[13:15:37 INF] Authorization failed. These requirements were not met:&#xD;
DenyAnonymousAuthorizationRequirement: Requires an authenticated user.&#xD;
[13:15:37 INF] AuthenticationScheme: BasicAuthentication was challenged.&#xD;
[13:15:37 INF] Request finished HTTP/1.1 GET http://localhost/api/auth/me - 401 null null 406.2806ms&#xD;
[13:15:37 INF] Saved 0 entities to in-memory store.&#xD;
[13:15:37 INF] Saved 3 entities to in-memory store.&#xD;
[13:15:37 INF] Saved 3 entities to in-memory store.&#xD;
[13:15:37 INF] Ensuring database exists for provider: SQLite&#xD;
[13:15:37 INF] Saved 0 entities to in-memory store.&#xD;
[13:15:37 INF] Database ensured successfully&#xD;
[13:15:37 INF] Saved 2 entities to in-memory store.&#xD;
[13:15:37 INF] Saved 84 entities to in-memory store.&#xD;
[13:15:37 INF] Saved 104 entities to in-memory store.&#xD;
[13:15:37 INF] Saved 1 entities to in-memory store.&#xD;
[13:15:37 INF] Saved 1 entities to in-memory store.&#xD;
[13:15:37 INF] Saved 8 entities to in-memory store.&#xD;
[13:15:37 INF] Saved 1 entities to in-memory store.&#xD;
[13:15:37 INF] Saved 8 entities to in-memory store.&#xD;
[13:15:37 INF] Initial data seeded successfully&#xD;
[13:15:37 INF] No action descriptors found. This may indicate an incorrectly configured application or missing application parts. To learn more, visit https://aka.ms/aspnet/mvc/app-parts&#xD;
[13:15:37 INF] User profile is available. Using 'C:\Users\prasanth.tg\AppData\Local\ASP.NET\DataProtection-Keys' as key repository and Windows DPAPI to encrypt keys at rest.&#xD;
[13:15:38 INF] Now listening on: http://localhost:5051&#xD;
[13:15:38 INF] Request starting HTTP/1.1 PUT http://localhost/api/users/me - application/json; charset=utf-8 140&#xD;
[13:15:39 INF] Authorization failed. These requirements were not met:&#xD;
DenyAnonymousAuthorizationRequirement: Requires an authenticated user.&#xD;
[13:15:39 INF] AuthenticationScheme: BasicAuthentication was challenged.&#xD;
[13:15:39 INF] Request finished HTTP/1.1 PUT http://localhost/api/users/me - 401 null null 706.878ms&#xD;
[13:15:39 INF] Saved 0 entities to in-memory store.&#xD;
[13:15:39 INF] Saved 3 entities to in-memory store.&#xD;
[13:15:39 INF] Saved 3 entities to in-memory store.&#xD;
[13:15:39 INF] Ensuring database exists for provider: SQLite&#xD;
[13:15:39 INF] Saved 0 entities to in-memory store.&#xD;
[13:15:39 INF] Database ensured successfully&#xD;
[13:15:39 INF] Saved 2 entities to in-memory store.&#xD;
[13:15:39 INF] Saved 84 entities to in-memory store.&#xD;
[13:15:39 INF] Saved 104 entities to in-memory store.&#xD;
[13:15:39 INF] Saved 1 entities to in-memory store.&#xD;
[13:15:39 INF] Saved 1 entities to in-memory store.&#xD;
[13:15:39 INF] Saved 8 entities to in-memory store.&#xD;
[13:15:39 INF] Saved 1 entities to in-memory store.&#xD;
[13:15:39 INF] Saved 8 entities to in-memory store.&#xD;
[13:15:39 INF] Initial data seeded successfully&#xD;
[13:15:39 INF] No action descriptors found. This may indicate an incorrectly configured application or missing application parts. To learn more, visit https://aka.ms/aspnet/mvc/app-parts&#xD;
[13:15:39 INF] User profile is available. Using 'C:\Users\prasanth.tg\AppData\Local\ASP.NET\DataProtection-Keys' as key repository and Windows DPAPI to encrypt keys at rest.&#xD;
[13:15:39 INF] Now listening on: http://localhost:5051&#xD;
[13:15:39 INF] Request starting HTTP/1.1 PUT http://localhost/api/users/me - application/json; charset=utf-8 185&#xD;
[13:15:40 INF] BasicAuthentication was not authenticated. Failure message: Invalid username or password.&#xD;
[13:15:40 INF] Authorization failed. These requirements were not met:&#xD;
DenyAnonymousAuthorizationRequirement: Requires an authenticated user.&#xD;
[13:15:40 INF] AuthenticationScheme: BasicAuthentication was challenged.&#xD;
[13:15:40 INF] Request finished HTTP/1.1 PUT http://localhost/api/users/me - 401 null null 376.2218ms&#xD;
[xUnit.net 00:00:28.27]       Expected response.StatusCode to be HttpStatusCode.OK {value: 200}, but found HttpStatusCode.Unauthorized {value: 401}.&#xD;
[xUnit.net 00:00:28.27]       Stack Trace:&#xD;
[xUnit.net 00:00:28.28]            at FluentAssertions.Execution.XUnit2TestFramework.Throw(String message)&#xD;
[xUnit.net 00:00:28.28]            at FluentAssertions.Execution.TestFrameworkProvider.Throw(String message)&#xD;
[xUnit.net 00:00:28.28]            at FluentAssertions.Execution.DefaultAssertionStrategy.HandleFailure(String message)&#xD;
[xUnit.net 00:00:28.28]            at FluentAssertions.Execution.AssertionScope.FailWith(Func`1 failReasonFunc)&#xD;
[xUnit.net 00:00:28.28]            at FluentAssertions.Execution.AssertionScope.FailWith(Func`1 failReasonFunc)&#xD;
[xUnit.net 00:00:28.28]            at FluentAssertions.Execution.AssertionScope.FailWith(String message, Object[] args)&#xD;
[xUnit.net 00:00:28.28]            at FluentAssertions.Primitives.EnumAssertions`2.Be(TEnum expected, String because, Object[] becauseArgs)&#xD;
[xUnit.net 00:00:28.28]         D:\prasanth\Personal\source\temple\temple-management-app\temple-api\Tests\AuthenticationIntegrationTests.cs(428,0): at TempleApi.Tests.AuthenticationIntegrationTests.UsersMe_Put_ShouldUpdateProfile()&#xD;
[xUnit.net 00:00:28.28]         --- End of stack trace from previous location ---&#xD;
[13:15:40 INF] Saved 0 entities to in-memory store.&#xD;
[13:15:40 INF] Saved 3 entities to in-memory store.&#xD;
[13:15:40 INF] Saved 3 entities to in-memory store.&#xD;
[13:15:40 INF] Ensuring database exists for provider: SQLite&#xD;
[13:15:40 INF] Saved 0 entities to in-memory store.&#xD;
[13:15:40 INF] Database ensured successfully&#xD;
[13:15:40 INF] Saved 2 entities to in-memory store.&#xD;
[13:15:40 INF] Saved 84 entities to in-memory store.&#xD;
[13:15:40 INF] Saved 104 entities to in-memory store.&#xD;
[13:15:40 INF] Saved 1 entities to in-memory store.&#xD;
[13:15:40 INF] Saved 1 entities to in-memory store.&#xD;
[13:15:40 INF] Saved 8 entities to in-memory store.&#xD;
[13:15:40 INF] Saved 1 entities to in-memory store.&#xD;
[13:15:40 INF] Saved 8 entities to in-memory store.&#xD;
[13:15:40 INF] Initial data seeded successfully&#xD;
[13:15:40 INF] No action descriptors found. This may indicate an incorrectly configured application or missing application parts. To learn more, visit https://aka.ms/aspnet/mvc/app-parts&#xD;
[13:15:40 INF] User profile is available. Using 'C:\Users\prasanth.tg\AppData\Local\ASP.NET\DataProtection-Keys' as key repository and Windows DPAPI to encrypt keys at rest.&#xD;
[13:15:40 INF] Now listening on: http://localhost:5051&#xD;
[13:15:40 INF] Request starting HTTP/1.1 POST http://localhost/api/auth/register - application/json; charset=utf-8 204&#xD;
[13:15:41 INF] Executing endpoint 'HTTP: POST /api/auth/register'&#xD;
[13:15:41 INF] Saved 1 entities to in-memory store.&#xD;
[13:15:45 INF] Setting HTTP status code 200.&#xD;
[13:15:45 INF] Writing value of type 'AuthResponse' as Json.&#xD;
[13:15:45 INF] Executed endpoint 'HTTP: POST /api/auth/register'&#xD;
[13:15:45 INF] Request finished HTTP/1.1 POST http://localhost/api/auth/register - 200 null application/json; charset=utf-8 4506.3802ms&#xD;
[xUnit.net 00:00:33.28]       Expected response.StatusCode to be HttpStatusCode.BadRequest {value: 400}, but found HttpStatusCode.OK {value: 200}.&#xD;
[xUnit.net 00:00:33.28]       Stack Trace:&#xD;
[xUnit.net 00:00:33.28]            at FluentAssertions.Execution.XUnit2TestFramework.Throw(String message)&#xD;
[xUnit.net 00:00:33.28]            at FluentAssertions.Execution.TestFrameworkProvider.Throw(String message)&#xD;
[xUnit.net 00:00:33.28]            at FluentAssertions.Execution.DefaultAssertionStrategy.HandleFailure(String message)&#xD;
[xUnit.net 00:00:33.28]            at FluentAssertions.Execution.AssertionScope.FailWith(Func`1 failReasonFunc)&#xD;
[xUnit.net 00:00:33.28]            at FluentAssertions.Execution.AssertionScope.FailWith(Func`1 failReasonFunc)&#xD;
[xUnit.net 00:00:33.28]            at FluentAssertions.Execution.AssertionScope.FailWith(String message, Object[] args)&#xD;
[xUnit.net 00:00:33.28]            at FluentAssertions.Primitives.EnumAssertions`2.Be(TEnum expected, String because, Object[] becauseArgs)&#xD;
[xUnit.net 00:00:33.29]         D:\prasanth\Personal\source\temple\temple-management-app\temple-api\Tests\AuthenticationIntegrationTests.cs(301,0): at TempleApi.Tests.AuthenticationIntegrationTests.Register_ShouldFail_WithDuplicateEmail()&#xD;
[xUnit.net 00:00:33.29]         --- End of stack trace from previous location ---&#xD;
[13:15:45 INF] Saved 0 entities to in-memory store.&#xD;
[13:15:45 INF] Saved 3 entities to in-memory store.&#xD;
[13:15:45 INF] Saved 3 entities to in-memory store.&#xD;
[13:15:45 INF] Ensuring database exists for provider: SQLite&#xD;
[13:15:45 INF] Saved 0 entities to in-memory store.&#xD;
[13:15:45 INF] Database ensured successfully&#xD;
[13:15:45 INF] Saved 2 entities to in-memory store.&#xD;
[13:15:45 INF] Saved 84 entities to in-memory store.&#xD;
[13:15:45 INF] Saved 104 entities to in-memory store.&#xD;
[13:15:45 INF] Saved 1 entities to in-memory store.&#xD;
[13:15:45 INF] Saved 1 entities to in-memory store.&#xD;
[13:15:45 INF] Saved 8 entities to in-memory store.&#xD;
[13:15:45 INF] Saved 1 entities to in-memory store.&#xD;
[13:15:45 INF] Saved 8 entities to in-memory store.&#xD;
[13:15:45 INF] Initial data seeded successfully&#xD;
[13:15:45 INF] No action descriptors found. This may indicate an incorrectly configured application or missing application parts. To learn more, visit https://aka.ms/aspnet/mvc/app-parts&#xD;
[13:15:45 INF] User profile is available. Using 'C:\Users\prasanth.tg\AppData\Local\ASP.NET\DataProtection-Keys' as key repository and Windows DPAPI to encrypt keys at rest.&#xD;
[13:15:45 INF] Now listening on: http://localhost:5051&#xD;
[13:15:45 INF] Request starting HTTP/1.1 GET http://localhost/api/users - null null&#xD;
[13:15:46 INF] BasicAuthentication was not authenticated. Failure message: Invalid username or password.&#xD;
[13:15:46 INF] Authorization failed. These requirements were not met:&#xD;
DenyAnonymousAuthorizationRequirement: Requires an authenticated user.&#xD;
[13:15:46 INF] AuthenticationScheme: BasicAuthentication was challenged.&#xD;
[13:15:46 INF] Request finished HTTP/1.1 GET http://localhost/api/users - 401 null null 487.7386ms&#xD;
[xUnit.net 00:00:34.47]       Expected response.StatusCode to be HttpStatusCode.OK {value: 200}, but found HttpStatusCode.Unauthorized {value: 401}.&#xD;
[xUnit.net 00:00:34.47]       Stack Trace:&#xD;
[xUnit.net 00:00:34.47]            at FluentAssertions.Execution.XUnit2TestFramework.Throw(String message)&#xD;
[xUnit.net 00:00:34.47]            at FluentAssertions.Execution.TestFrameworkProvider.Throw(String message)&#xD;
[xUnit.net 00:00:34.47]            at FluentAssertions.Execution.DefaultAssertionStrategy.HandleFailure(String message)&#xD;
[xUnit.net 00:00:34.47]            at FluentAssertions.Execution.AssertionScope.FailWith(Func`1 failReasonFunc)&#xD;
[xUnit.net 00:00:34.47]            at FluentAssertions.Execution.AssertionScope.FailWith(Func`1 failReasonFunc)&#xD;
[xUnit.net 00:00:34.47]            at FluentAssertions.Execution.AssertionScope.FailWith(String message, Object[] args)&#xD;
[xUnit.net 00:00:34.47]            at FluentAssertions.Primitives.EnumAssertions`2.Be(TEnum expected, String because, Object[] becauseArgs)&#xD;
[xUnit.net 00:00:34.47]         D:\prasanth\Personal\source\temple\temple-management-app\temple-api\Tests\AuthenticationIntegrationTests.cs(391,0): at TempleApi.Tests.AuthenticationIntegrationTests.ProtectedEndpoint_ShouldReturn200_WithValidAuth()&#xD;
[xUnit.net 00:00:34.47]         --- End of stack trace from previous location ---&#xD;
[13:15:46 INF] Saved 0 entities to in-memory store.&#xD;
[13:15:46 INF] Saved 3 entities to in-memory store.&#xD;
[13:15:46 INF] Saved 3 entities to in-memory store.&#xD;
[13:15:46 INF] Ensuring database exists for provider: SQLite&#xD;
[13:15:46 INF] Saved 0 entities to in-memory store.&#xD;
[13:15:46 INF] Database ensured successfully&#xD;
[13:15:46 INF] Saved 2 entities to in-memory store.&#xD;
[13:15:46 INF] Saved 84 entities to in-memory store.&#xD;
[13:15:46 INF] Saved 104 entities to in-memory store.&#xD;
[13:15:46 INF] Saved 1 entities to in-memory store.&#xD;
[13:15:46 INF] Saved 1 entities to in-memory store.&#xD;
[13:15:46 INF] Saved 8 entities to in-memory store.&#xD;
[13:15:46 INF] Saved 1 entities to in-memory store.&#xD;
[13:15:46 INF] Saved 8 entities to in-memory store.&#xD;
[13:15:46 INF] Initial data seeded successfully&#xD;
[13:15:46 INF] No action descriptors found. This may indicate an incorrectly configured application or missing application parts. To learn more, visit https://aka.ms/aspnet/mvc/app-parts&#xD;
[13:15:46 INF] User profile is available. Using 'C:\Users\prasanth.tg\AppData\Local\ASP.NET\DataProtection-Keys' as key repository and Windows DPAPI to encrypt keys at rest.&#xD;
[13:15:46 INF] Now listening on: http://localhost:5051&#xD;
[13:15:46 INF] Request starting HTTP/1.1 GET http://localhost/api/users/me - null null&#xD;
[13:15:47 INF] BasicAuthentication was not authenticated. Failure message: Invalid username or password.&#xD;
[13:15:47 INF] Authorization failed. These requirements were not met:&#xD;
DenyAnonymousAuthorizationRequirement: Requires an authenticated user.&#xD;
[13:15:47 INF] AuthenticationScheme: BasicAuthentication was challenged.&#xD;
[13:15:47 INF] Request finished HTTP/1.1 GET http://localhost/api/users/me - 401 null null 445.4473ms&#xD;
[xUnit.net 00:00:35.53]       Expected response.StatusCode to be HttpStatusCode.OK {value: 200}, but found HttpStatusCode.Unauthorized {value: 401}.&#xD;
[xUnit.net 00:00:35.53]       Stack Trace:&#xD;
[xUnit.net 00:00:35.53]            at FluentAssertions.Execution.XUnit2TestFramework.Throw(String message)&#xD;
[xUnit.net 00:00:35.53]            at FluentAssertions.Execution.TestFrameworkProvider.Throw(String message)&#xD;
[xUnit.net 00:00:35.53]            at FluentAssertions.Execution.DefaultAssertionStrategy.HandleFailure(String message)&#xD;
[xUnit.net 00:00:35.53]            at FluentAssertions.Execution.AssertionScope.FailWith(Func`1 failReasonFunc)&#xD;
[xUnit.net 00:00:35.53]            at FluentAssertions.Execution.AssertionScope.FailWith(Func`1 failReasonFunc)&#xD;
[xUnit.net 00:00:35.53]            at FluentAssertions.Execution.AssertionScope.FailWith(String message, Object[] args)&#xD;
[xUnit.net 00:00:35.53]            at FluentAssertions.Primitives.EnumAssertions`2.Be(TEnum expected, String because, Object[] becauseArgs)&#xD;
[xUnit.net 00:00:35.53]         D:\prasanth\Personal\source\temple\temple-management-app\temple-api\Tests\AuthenticationIntegrationTests.cs(402,0): at TempleApi.Tests.AuthenticationIntegrationTests.UsersMe_Get_ShouldReturnCurrentUser()&#xD;
[xUnit.net 00:00:35.53]         --- End of stack trace from previous location ---&#xD;
[13:15:47 INF] Saved 0 entities to in-memory store.&#xD;
[13:15:47 INF] Saved 3 entities to in-memory store.&#xD;
[13:15:47 INF] Saved 3 entities to in-memory store.&#xD;
[13:15:47 INF] Ensuring database exists for provider: SQLite&#xD;
[13:15:47 INF] Saved 0 entities to in-memory store.&#xD;
[13:15:47 INF] Database ensured successfully&#xD;
[13:15:47 INF] Saved 2 entities to in-memory store.&#xD;
[13:15:47 INF] Saved 84 entities to in-memory store.&#xD;
[13:15:47 INF] Saved 104 entities to in-memory store.&#xD;
[13:15:47 INF] Saved 1 entities to in-memory store.&#xD;
[13:15:47 INF] Saved 1 entities to in-memory store.&#xD;
[13:15:47 INF] Saved 8 entities to in-memory store.&#xD;
[13:15:47 INF] Saved 1 entities to in-memory store.&#xD;
[13:15:47 INF] Saved 8 entities to in-memory store.&#xD;
[13:15:47 INF] Initial data seeded successfully&#xD;
[13:15:47 INF] No action descriptors found. This may indicate an incorrectly configured application or missing application parts. To learn more, visit https://aka.ms/aspnet/mvc/app-parts&#xD;
[13:15:47 INF] User profile is available. Using 'C:\Users\prasanth.tg\AppData\Local\ASP.NET\DataProtection-Keys' as key repository and Windows DPAPI to encrypt keys at rest.&#xD;
[13:15:48 INF] Now listening on: http://localhost:5051&#xD;
[13:15:48 INF] Request starting HTTP/1.1 POST http://localhost/api/auth/login - null null&#xD;
[13:15:48 INF] BasicAuthentication was not authenticated. Failure message: Invalid username or password.&#xD;
[13:15:48 INF] Executing endpoint 'HTTP: POST /api/auth/login'&#xD;
[13:15:48 INF] Setting HTTP status code 401.&#xD;
[13:15:48 INF] Executed endpoint 'HTTP: POST /api/auth/login'&#xD;
[13:15:48 INF] Request finished HTTP/1.1 POST http://localhost/api/auth/login - 401 null null 598.4564ms&#xD;
[13:15:48 INF] Saved 0 entities to in-memory store.&#xD;
[13:15:48 INF] Saved 3 entities to in-memory store.&#xD;
[13:15:48 INF] Saved 3 entities to in-memory store.&#xD;
[13:15:48 INF] Ensuring database exists for provider: SQLite&#xD;
[13:15:48 INF] Saved 0 entities to in-memory store.&#xD;
[13:15:48 INF] Database ensured successfully&#xD;
[13:15:48 INF] Saved 2 entities to in-memory store.&#xD;
[13:15:48 INF] Saved 84 entities to in-memory store.&#xD;
[13:15:48 INF] Saved 104 entities to in-memory store.&#xD;
[13:15:48 INF] Saved 1 entities to in-memory store.&#xD;
[13:15:48 INF] Saved 1 entities to in-memory store.&#xD;
[13:15:48 INF] Saved 8 entities to in-memory store.&#xD;
[13:15:48 INF] Saved 1 entities to in-memory store.&#xD;
[13:15:48 INF] Saved 8 entities to in-memory store.&#xD;
[13:15:48 INF] Initial data seeded successfully&#xD;
[13:15:48 INF] No action descriptors found. This may indicate an incorrectly configured application or missing application parts. To learn more, visit https://aka.ms/aspnet/mvc/app-parts&#xD;
[13:15:48 INF] User profile is available. Using 'C:\Users\prasanth.tg\AppData\Local\ASP.NET\DataProtection-Keys' as key repository and Windows DPAPI to encrypt keys at rest.&#xD;
[13:15:49 INF] Now listening on: http://localhost:5051&#xD;
[13:15:49 INF] Request starting HTTP/1.1 GET http://localhost/api/auth/roles - null null&#xD;
[13:15:49 INF] BasicAuthentication was not authenticated. Failure message: Invalid username or password.&#xD;
[13:15:49 INF] Authorization failed. These requirements were not met:&#xD;
DenyAnonymousAuthorizationRequirement: Requires an authenticated user.&#xD;
[13:15:49 INF] AuthenticationScheme: BasicAuthentication was challenged.&#xD;
[13:15:49 INF] Request finished HTTP/1.1 GET http://localhost/api/auth/roles - 401 null null 536.4139ms&#xD;
[xUnit.net 00:00:38.16]       Expected response.StatusCode to be HttpStatusCode.OK {value: 200}, but found HttpStatusCode.Unauthorized {value: 401}.&#xD;
[xUnit.net 00:00:38.16]       Stack Trace:&#xD;
[xUnit.net 00:00:38.16]            at FluentAssertions.Execution.XUnit2TestFramework.Throw(String message)&#xD;
[xUnit.net 00:00:38.16]            at FluentAssertions.Execution.TestFrameworkProvider.Throw(String message)&#xD;
[xUnit.net 00:00:38.16]            at FluentAssertions.Execution.DefaultAssertionStrategy.HandleFailure(String message)&#xD;
[xUnit.net 00:00:38.16]            at FluentAssertions.Execution.AssertionScope.FailWith(Func`1 failReasonFunc)&#xD;
[xUnit.net 00:00:38.16]            at FluentAssertions.Execution.AssertionScope.FailWith(Func`1 failReasonFunc)&#xD;
[xUnit.net 00:00:38.16]            at FluentAssertions.Execution.AssertionScope.FailWith(String message, Object[] args)&#xD;
[xUnit.net 00:00:38.16]            at FluentAssertions.Primitives.EnumAssertions`2.Be(TEnum expected, String because, Object[] becauseArgs)&#xD;
[xUnit.net 00:00:38.16]         D:\prasanth\Personal\source\temple\temple-management-app\temple-api\Tests\AuthenticationIntegrationTests.cs(208,0): at TempleApi.Tests.AuthenticationIntegrationTests.GetRoles_ShouldReturnUserRoles_WithValidAuth()&#xD;
[xUnit.net 00:00:38.16]         --- End of stack trace from previous location ---&#xD;
[13:15:50 INF] Saved 0 entities to in-memory store.&#xD;
[13:15:50 INF] Saved 3 entities to in-memory store.&#xD;
[13:15:50 INF] Saved 3 entities to in-memory store.&#xD;
[13:15:50 INF] Ensuring database exists for provider: SQLite&#xD;
[13:15:50 INF] Saved 0 entities to in-memory store.&#xD;
[13:15:50 INF] Database ensured successfully&#xD;
[13:15:50 INF] Saved 2 entities to in-memory store.&#xD;
[13:15:50 INF] Saved 84 entities to in-memory store.&#xD;
[13:15:50 INF] Saved 104 entities to in-memory store.&#xD;
[13:15:50 INF] Saved 1 entities to in-memory store.&#xD;
[13:15:50 INF] Saved 1 entities to in-memory store.&#xD;
[13:15:50 INF] Saved 8 entities to in-memory store.&#xD;
[13:15:50 INF] Saved 1 entities to in-memory store.&#xD;
[13:15:50 INF] Saved 8 entities to in-memory store.&#xD;
[13:15:50 INF] Initial data seeded successfully&#xD;
[13:15:50 INF] No action descriptors found. This may indicate an incorrectly configured application or missing application parts. To learn more, visit https://aka.ms/aspnet/mvc/app-parts&#xD;
[13:15:50 INF] User profile is available. Using 'C:\Users\prasanth.tg\AppData\Local\ASP.NET\DataProtection-Keys' as key repository and Windows DPAPI to encrypt keys at rest.&#xD;
[13:15:50 INF] Now listening on: http://localhost:5051&#xD;
[13:15:50 INF] Saved 1 entities to in-memory store.&#xD;
[13:15:50 INF] Request starting HTTP/1.1 GET http://localhost/api/auth/verify?code=test-verification-code - null null&#xD;
[13:15:51 INF] Executing endpoint 'HTTP: GET /api/auth/verify'&#xD;
[13:15:51 INF] Setting HTTP status code 400.&#xD;
[13:15:51 INF] Writing value of type 'String' as Json.&#xD;
[13:15:51 INF] Executed endpoint 'HTTP: GET /api/auth/verify'&#xD;
[13:15:51 INF] Request finished HTTP/1.1 GET http://localhost/api/auth/verify?code=test-verification-code - 400 null application/json; charset=utf-8 716.7479ms&#xD;
[xUnit.net 00:00:39.73]       Expected response.StatusCode to be HttpStatusCode.OK {value: 200}, but found HttpStatusCode.BadRequest {value: 400}.&#xD;
[xUnit.net 00:00:39.73]       Stack Trace:&#xD;
[xUnit.net 00:00:39.73]            at FluentAssertions.Execution.XUnit2TestFramework.Throw(String message)&#xD;
[xUnit.net 00:00:39.73]            at FluentAssertions.Execution.TestFrameworkProvider.Throw(String message)&#xD;
[xUnit.net 00:00:39.73]            at FluentAssertions.Execution.DefaultAssertionStrategy.HandleFailure(String message)&#xD;
[xUnit.net 00:00:39.73]            at FluentAssertions.Execution.AssertionScope.FailWith(Func`1 failReasonFunc)&#xD;
[xUnit.net 00:00:39.73]            at FluentAssertions.Execution.AssertionScope.FailWith(Func`1 failReasonFunc)&#xD;
[xUnit.net 00:00:39.73]            at FluentAssertions.Execution.AssertionScope.FailWith(String message, Object[] args)&#xD;
[xUnit.net 00:00:39.74]            at FluentAssertions.Primitives.EnumAssertions`2.Be(TEnum expected, String because, Object[] becauseArgs)&#xD;
[xUnit.net 00:00:39.74]         D:\prasanth\Personal\source\temple\temple-management-app\temple-api\Tests\AuthenticationIntegrationTests.cs(339,0): at TempleApi.Tests.AuthenticationIntegrationTests.Verify_ShouldActivateUser_WithValidCode()&#xD;
[xUnit.net 00:00:39.74]         --- End of stack trace from previous location ---&#xD;
[13:15:51 INF] Saved 0 entities to in-memory store.&#xD;
[13:15:51 INF] Saved 3 entities to in-memory store.&#xD;
[13:15:51 INF] Saved 3 entities to in-memory store.&#xD;
[13:15:51 INF] Ensuring database exists for provider: SQLite&#xD;
[13:15:51 INF] Saved 0 entities to in-memory store.&#xD;
[13:15:51 INF] Database ensured successfully&#xD;
[13:15:51 INF] Saved 2 entities to in-memory store.&#xD;
[13:15:51 INF] Saved 84 entities to in-memory store.&#xD;
[13:15:51 INF] Saved 104 entities to in-memory store.&#xD;
[13:15:51 INF] Saved 1 entities to in-memory store.&#xD;
[13:15:51 INF] Saved 1 entities to in-memory store.&#xD;
[13:15:51 INF] Saved 8 entities to in-memory store.&#xD;
[13:15:51 INF] Saved 1 entities to in-memory store.&#xD;
[13:15:51 INF] Saved 8 entities to in-memory store.&#xD;
[13:15:51 INF] Initial data seeded successfully&#xD;
[13:15:51 INF] No action descriptors found. This may indicate an incorrectly configured application or missing application parts. To learn more, visit https://aka.ms/aspnet/mvc/app-parts&#xD;
[13:15:51 INF] User profile is available. Using 'C:\Users\prasanth.tg\AppData\Local\ASP.NET\DataProtection-Keys' as key repository and Windows DPAPI to encrypt keys at rest.&#xD;
[13:15:52 INF] Now listening on: http://localhost:5051&#xD;
[13:15:52 INF] Request starting HTTP/1.1 POST http://localhost/api/auth/register - application/json; charset=utf-8 212&#xD;
[13:15:52 INF] Executing endpoint 'HTTP: POST /api/auth/register'&#xD;
[13:15:53 INF] Setting HTTP status code 400.&#xD;
[13:15:53 INF] Writing value of type 'AuthResponse' as Json.&#xD;
[13:15:53 INF] Executed endpoint 'HTTP: POST /api/auth/register'&#xD;
[13:15:53 INF] Request finished HTTP/1.1 POST http://localhost/api/auth/register - 400 null application/json; charset=utf-8 676.6384ms&#xD;
[13:15:53 INF] Saved 0 entities to in-memory store.&#xD;
[13:15:53 INF] Saved 3 entities to in-memory store.&#xD;
[13:15:53 INF] Saved 3 entities to in-memory store.&#xD;
[13:15:53 INF] Ensuring database exists for provider: SQLite&#xD;
[13:15:53 INF] Saved 0 entities to in-memory store.&#xD;
[13:15:53 INF] Database ensured successfully&#xD;
[13:15:53 INF] Saved 2 entities to in-memory store.&#xD;
[13:15:53 INF] Saved 84 entities to in-memory store.&#xD;
[13:15:53 INF] Saved 104 entities to in-memory store.&#xD;
[13:15:53 INF] Saved 1 entities to in-memory store.&#xD;
[13:15:53 INF] Saved 1 entities to in-memory store.&#xD;
[13:15:53 INF] Saved 8 entities to in-memory store.&#xD;
[13:15:53 INF] Saved 1 entities to in-memory store.&#xD;
[13:15:53 INF] Saved 8 entities to in-memory store.&#xD;
[13:15:53 INF] Initial data seeded successfully&#xD;
[13:15:53 INF] No action descriptors found. This may indicate an incorrectly configured application or missing application parts. To learn more, visit https://aka.ms/aspnet/mvc/app-parts&#xD;
[13:15:53 INF] User profile is available. Using 'C:\Users\prasanth.tg\AppData\Local\ASP.NET\DataProtection-Keys' as key repository and Windows DPAPI to encrypt keys at rest.&#xD;
[13:15:53 INF] Now listening on: http://localhost:5051&#xD;
[13:15:53 INF] Request starting HTTP/1.1 GET http://localhost/api/auth/permissions - null null&#xD;
[13:15:54 INF] BasicAuthentication was not authenticated. Failure message: Invalid username or password.&#xD;
[13:15:54 INF] Authorization failed. These requirements were not met:&#xD;
DenyAnonymousAuthorizationRequirement: Requires an authenticated user.&#xD;
[13:15:54 INF] AuthenticationScheme: BasicAuthentication was challenged.&#xD;
[13:15:54 INF] Request finished HTTP/1.1 GET http://localhost/api/auth/permissions - 401 null null 420.424ms&#xD;
[xUnit.net 00:00:42.26]       Expected response.StatusCode to be HttpStatusCode.OK {value: 200}, but found HttpStatusCode.Unauthorized {value: 401}.&#xD;
[xUnit.net 00:00:42.26]       Stack Trace:&#xD;
[xUnit.net 00:00:42.26]            at FluentAssertions.Execution.XUnit2TestFramework.Throw(String message)&#xD;
[xUnit.net 00:00:42.26]            at FluentAssertions.Execution.TestFrameworkProvider.Throw(String message)&#xD;
[xUnit.net 00:00:42.26]            at FluentAssertions.Execution.DefaultAssertionStrategy.HandleFailure(String message)&#xD;
[xUnit.net 00:00:42.26]            at FluentAssertions.Execution.AssertionScope.FailWith(Func`1 failReasonFunc)&#xD;
[xUnit.net 00:00:42.26]            at FluentAssertions.Execution.AssertionScope.FailWith(Func`1 failReasonFunc)&#xD;
[xUnit.net 00:00:42.26]            at FluentAssertions.Execution.AssertionScope.FailWith(String message, Object[] args)&#xD;
[xUnit.net 00:00:42.26]            at FluentAssertions.Primitives.EnumAssertions`2.Be(TEnum expected, String because, Object[] becauseArgs)&#xD;
[xUnit.net 00:00:42.27]         D:\prasanth\Personal\source\temple\temple-management-app\temple-api\Tests\AuthenticationIntegrationTests.cs(226,0): at TempleApi.Tests.AuthenticationIntegrationTests.GetPermissions_ShouldReturnUserPermissions_WithValidAuth()&#xD;
[xUnit.net 00:00:42.27]         --- End of stack trace from previous location ---&#xD;
[xUnit.net 00:00:42.29]   Finished:    TempleApi.Tests&#xD;
</StdOut>
    </Output>
    <RunInfos>
      <RunInfo computerName="PIC4100" outcome="Error" timestamp="2025-09-27T13:15:21.6723302+05:30">
        <Text>[xUnit.net 00:00:09.86]     TempleApi.Tests.AuthenticationIntegrationTests.GetMe_ShouldReturnUserInfo_WithValidAuth [FAIL]</Text>
      </RunInfo>
      <RunInfo computerName="PIC4100" outcome="Error" timestamp="2025-09-27T13:15:32.7435519+05:30">
        <Text>[xUnit.net 00:00:20.93]     TempleApi.Tests.AuthenticationIntegrationTests.UsersMe_Put_ShouldUpdatePassword [FAIL]</Text>
      </RunInfo>
      <RunInfo computerName="PIC4100" outcome="Error" timestamp="2025-09-27T13:15:36.4764195+05:30">
        <Text>[xUnit.net 00:00:24.66]     TempleApi.Tests.AuthenticationIntegrationTests.Login_ShouldReturnSuccess_WithValidCredentials [FAIL]</Text>
      </RunInfo>
      <RunInfo computerName="PIC4100" outcome="Error" timestamp="2025-09-27T13:15:40.0877882+05:30">
        <Text>[xUnit.net 00:00:28.27]     TempleApi.Tests.AuthenticationIntegrationTests.UsersMe_Put_ShouldUpdateProfile [FAIL]</Text>
      </RunInfo>
      <RunInfo computerName="PIC4100" outcome="Error" timestamp="2025-09-27T13:15:45.0988115+05:30">
        <Text>[xUnit.net 00:00:33.28]     TempleApi.Tests.AuthenticationIntegrationTests.Register_ShouldFail_WithDuplicateEmail [FAIL]</Text>
      </RunInfo>
      <RunInfo computerName="PIC4100" outcome="Error" timestamp="2025-09-27T13:15:46.2817097+05:30">
        <Text>[xUnit.net 00:00:34.47]     TempleApi.Tests.AuthenticationIntegrationTests.ProtectedEndpoint_ShouldReturn200_WithValidAuth [FAIL]</Text>
      </RunInfo>
      <RunInfo computerName="PIC4100" outcome="Error" timestamp="2025-09-27T13:15:47.3477776+05:30">
        <Text>[xUnit.net 00:00:35.53]     TempleApi.Tests.AuthenticationIntegrationTests.UsersMe_Get_ShouldReturnCurrentUser [FAIL]</Text>
      </RunInfo>
      <RunInfo computerName="PIC4100" outcome="Error" timestamp="2025-09-27T13:15:49.9724843+05:30">
        <Text>[xUnit.net 00:00:38.15]     TempleApi.Tests.AuthenticationIntegrationTests.GetRoles_ShouldReturnUserRoles_WithValidAuth [FAIL]</Text>
      </RunInfo>
      <RunInfo computerName="PIC4100" outcome="Error" timestamp="2025-09-27T13:15:51.5474515+05:30">
        <Text>[xUnit.net 00:00:39.73]     TempleApi.Tests.AuthenticationIntegrationTests.Verify_ShouldActivateUser_WithValidCode [FAIL]</Text>
      </RunInfo>
      <RunInfo computerName="PIC4100" outcome="Error" timestamp="2025-09-27T13:15:54.0775820+05:30">
        <Text>[xUnit.net 00:00:42.26]     TempleApi.Tests.AuthenticationIntegrationTests.GetPermissions_ShouldReturnUserPermissions_WithValidAuth [FAIL]</Text>
      </RunInfo>
    </RunInfos>
  </ResultSummary>
</TestRun>